Run artifact capture enabled: /home/ball-e/ball-e/python_scripts/run_logs/20260304_103830
Hailo inference started.
RealSense D455 started (color + depth).
Pico messenger: /dev/ttyACM0
Main loop running. Use Ctrl+C to stop.
POV video recording: /home/ball-e/ball-e/python_scripts/run_logs/20260304_103830/pov_annotated.mp4
[detect] dist=0.00m (geom) target_ball=red ball carrying=None target_bucket=None msg=0.00, 0.22, 0, 0, 0
[detect] dist=0.00m (geom) target_ball=red ball carrying=None target_bucket=None msg=0.00, 0.00, 0, 0, 0
[detect] dist=0.00m (geom) target_ball=red ball carrying=None target_bucket=None msg=0.00, 0.00, 0, 0, 0
[detect] dist=0.00m (geom) target_ball=red ball carrying=None target_bucket=None msg=0.00, 0.00, 0, 0, 0
[detect] dist=0.00m (geom) target_ball=red ball carrying=None target_bucket=None msg=0.00, 0.00, 0, 0, 0
[detect] dist=0.00m (geom) target_ball=red ball carrying=None target_bucket=None msg=0.00, 0.00, 0, 0, 0
[detect] dist=0.00m (geom) target_ball=red ball carrying=None target_bucket=None msg=0.00, 0.00, 0, 0, 0
[detect] dist=0.00m (geom) target_ball=red ball carrying=None target_bucket=None msg=0.00, 0.00, 0, 0, 0
[detect] dist=0.00m (geom) target_ball=red ball carrying=None target_bucket=None msg=0.00, 0.00, 0, 0, 0
[detect] dist=0.00m (geom) target_ball=red ball carrying=None target_bucket=None msg=0.00, 0.00, 0, 0, 0
[detect] dist=0.00m (geom) target_ball=red ball carrying=None target_bucket=None msg=0.00, 0.00, 0, 0, 0
[detect] dist=0.00m (geom) target_ball=red ball carrying=None target_bucket=None msg=0.00, 0.00, 0, 0, 0
[detect] dist=0.00m (geom) target_ball=red ball carrying=None target_bucket=None msg=0.00, 0.00, 0, 0, 0
[detect] dist=0.00m (geom) target_ball=red ball carrying=None target_bucket=None msg=0.00, 0.00, 0, 0, 0
[detect] dist=0.00m (geom) target_ball=red ball carrying=None target_bucket=None msg=0.00, 0.00, 0, 0, 0
[detect] dist=0.00m (geom) target_ball=red ball carrying=None target_bucket=None msg=0.00, 0.00, 0, 0, 0
[detect] dist=0.00m (geom) target_ball=red ball carrying=None target_bucket=None msg=0.00, 0.00, 0, 0, 0
[detect] dist=0.00m (geom) target_ball=red ball carrying=None target_bucket=None msg=0.00, 0.00, 0, 0, 0
[detect] dist=0.00m (geom) target_ball=red ball carrying=None target_bucket=None msg=0.00, 0.00, 0, 0, 0
[detect] dist=0.00m (geom) target_ball=red ball carrying=None target_bucket=None msg=0.00, 0.00, 0, 0, 0
[detect] dist=0.00m (geom) target_ball=red ball carrying=None target_bucket=None msg=0.00, 0.00, 0, 0, 0
[detect] dist=0.00m (geom) target_ball=red ball carrying=None target_bucket=None msg=0.00, 0.00, 0, 0, 0
[detect] dist=12.86m (geom) target_ball=red ball carrying=None target_bucket=None msg=-0.23, -0.49, 0, 0, 0
[detect] dist=12.71m (geom) target_ball=red ball carrying=None target_bucket=None msg=-0.23, -0.49, 0, 0, 0
[detect] dist=12.79m (geom) target_ball=red ball carrying=None target_bucket=None msg=-0.23, -0.49, 0, 0, 0
[detect] dist=12.81m (geom) target_ball=red ball carrying=None target_bucket=None msg=-0.23, -0.50, 0, 0, 0
[detect] dist=12.83m (geom) target_ball=red ball carrying=None target_bucket=None msg=-0.23, -0.50, 0, 0, 0
[detect] dist=5.29m (depth) target_ball=red ball carrying=None target_bucket=None msg=-0.12, -0.49, 0, 0, 0
[detect] dist=13.22m (geom) target_ball=red ball carrying=None target_bucket=None msg=-0.23, -0.48, 0, 0, 0
[detect] dist=13.08m (geom) target_ball=red ball carrying=None target_bucket=None msg=-0.23, -0.48, 0, 0, 0
[detect] dist=13.28m (geom) target_ball=red ball carrying=None target_bucket=None msg=-0.23, -0.46, 0, 0, 0
[detect] dist=12.44m (geom) target_ball=red ball carrying=None target_bucket=None msg=-0.23, -0.45, 0, 0, 0
[detect] dist=2.20m (depth) target_ball=red ball carrying=None target_bucket=None msg=-0.12, -0.44, 0, 0, 0
[detect] dist=2.24m (depth) target_ball=red ball carrying=None target_bucket=None msg=-0.12, -0.42, 0, 0, 0
[detect] dist=2.24m (depth) target_ball=red ball carrying=None target_bucket=None msg=-0.12, -0.40, 0, 0, 0
[detect] dist=2.26m (depth) target_ball=red ball carrying=None target_bucket=None msg=-0.12, -0.39, 0, 0, 0
[detect] dist=2.26m (depth) target_ball=red ball carrying=None target_bucket=None msg=-0.12, -0.37, 0, 0, 0
[detect] dist=2.26m (depth) target_ball=red ball carrying=None target_bucket=None msg=-0.12, -0.35, 0, 0, 0
[detect] dist=2.27m (depth) target_ball=red ball carrying=None target_bucket=None msg=-0.12, -0.34, 0, 0, 0
[detect] dist=2.27m (depth) target_ball=red ball carrying=None target_bucket=None msg=-0.12, -0.32, 0, 0, 0
[detect] dist=2.27m (depth) target_ball=red ball carrying=None target_bucket=None msg=-0.12, -0.30, 0, 0, 0
[detect] dist=2.29m (depth) target_ball=red ball carrying=None target_bucket=None msg=-0.12, -0.29, 0, 0, 0
[detect] dist=2.29m (depth) target_ball=red ball carrying=None target_bucket=None msg=-0.12, -0.28, 0, 0, 0
[detect] dist=2.28m (depth) target_ball=red ball carrying=None target_bucket=None msg=-0.12, -0.26, 0, 0, 0
[detect] dist=2.28m (depth) target_ball=red ball carrying=None target_bucket=None msg=-0.18, -0.25, 0, 0, 0
[detect] dist=2.28m (depth) target_ball=red ball carrying=None target_bucket=None msg=0.00, 0.00, 0, 0, 0
[detect] dist=2.28m (depth) target_ball=red ball carrying=None target_bucket=None msg=0.00, 0.00, 0, 0, 0
[detect] dist=2.28m (depth) target_ball=red ball carrying=None target_bucket=None msg=0.00, 0.00, 0, 0, 0
[detect] dist=2.28m (depth) target_ball=red ball carrying=None target_bucket=None msg=0.00, 0.00, 0, 0, 0
[detect] dist=2.28m (depth) target_ball=red ball carrying=None target_bucket=None msg=0.00, 0.00, 0, 0, 0
[detect] dist=2.28m (depth) target_ball=red ball carrying=None target_bucket=None msg=-0.18, -0.20, 0, 0, 0
[detect] dist=2.29m (depth) target_ball=red ball carrying=None target_bucket=None msg=-0.18, -0.20, 0, 0, 0
[detect] dist=2.28m (depth) target_ball=red ball carrying=None target_bucket=None msg=-0.18, -0.20, 0, 0, 0
[detect] dist=2.28m (depth) target_ball=red ball carrying=None target_bucket=None msg=0.00, 0.00, 0, 0, 0
[detect] dist=2.28m (depth) target_ball=red ball carrying=None target_bucket=None msg=0.00, 0.00, 0, 0, 0
[detect] dist=2.29m (depth) target_ball=red ball carrying=None target_bucket=None msg=-0.18, -0.20, 0, 0, 0
[detect] dist=2.29m (depth) target_ball=red ball carrying=None target_bucket=None msg=-0.18, -0.19, 0, 0, 0
[detect] dist=2.29m (depth) target_ball=red ball carrying=None target_bucket=None msg=-0.18, -0.19, 0, 0, 0
[detect] dist=2.29m (depth) target_ball=red ball carrying=None target_bucket=None msg=0.00, 0.00, 0, 0, 0
[detect] dist=2.29m (depth) target_ball=red ball carrying=None target_bucket=None msg=0.00, 0.00, 0, 0, 0
[detect] dist=2.29m (depth) target_ball=red ball carrying=None target_bucket=None msg=0.00, 0.00, 0, 0, 0
[detect] dist=2.29m (depth) target_ball=red ball carrying=None target_bucket=None msg=0.00, 0.00, 0, 0, 0
[detect] dist=2.29m (depth) target_ball=red ball carrying=None target_bucket=None msg=0.00, 0.00, 0, 0, 0
[detect] dist=2.29m (depth) target_ball=red ball carrying=None target_bucket=None msg=0.00, 0.00, 0, 0, 0
[detect] dist=2.29m (depth) target_ball=red ball carrying=None target_bucket=None msg=-0.18, -0.17, 0, 0, 0
[detect] dist=2.29m (depth) target_ball=red ball carrying=None target_bucket=None msg=-0.18, -0.18, 0, 0, 0
[detect] dist=2.30m (depth) target_ball=red ball carrying=None target_bucket=None msg=-0.18, -0.18, 0, 0, 0
[detect] dist=2.28m (depth) target_ball=red ball carrying=None target_bucket=None msg=-0.18, -0.18, 0, 0, 0
[detect] dist=2.29m (depth) target_ball=red ball carrying=None target_bucket=None msg=-0.18, -0.18, 0, 0, 0
[detect] dist=2.29m (depth) target_ball=red ball carrying=None target_bucket=None msg=0.00, 0.00, 0, 0, 0
[detect] dist=2.29m (depth) target_ball=red ball carrying=None target_bucket=None msg=0.00, 0.00, 0, 0, 0
[detect] dist=2.29m (depth) target_ball=red ball carrying=None target_bucket=None msg=0.00, 0.00, 0, 0, 0
[detect] dist=2.29m (depth) target_ball=red ball carrying=None target_bucket=None msg=0.00, 0.00, 0, 0, 0
[detect] dist=2.29m (depth) target_ball=red ball carrying=None target_bucket=None msg=0.00, 0.00, 0, 0, 0
[detect] dist=2.29m (depth) target_ball=red ball carrying=None target_bucket=None msg=0.00, 0.00, 0, 0, 0
[detect] dist=2.29m (depth) target_ball=red ball carrying=None target_bucket=None msg=0.00, 0.00, 0, 0, 0
[detect] dist=2.29m (depth) target_ball=red ball carrying=None target_bucket=None msg=0.00, 0.00, 0, 0, 0
[detect] dist=2.29m (depth) target_ball=red ball carrying=None target_bucket=None msg=0.00, 0.00, 0, 0, 0
[detect] dist=2.29m (depth) target_ball=red ball carrying=None target_bucket=None msg=0.00, 0.00, 0, 0, 0
[detect] dist=2.29m (depth) target_ball=red ball carrying=None target_bucket=None msg=0.00, 0.00, 0, 0, 0
[detect] dist=2.29m (depth) target_ball=red ball carrying=None target_bucket=None msg=0.00, 0.00, 0, 0, 0
[detect] dist=2.29m (depth) target_ball=red ball carrying=None target_bucket=None msg=0.00, 0.00, 0, 0, 0
[detect] dist=2.29m (depth) target_ball=red ball carrying=None target_bucket=None msg=0.00, 0.00, 0, 0, 0
[detect] dist=2.29m (depth) target_ball=red ball carrying=None target_bucket=None msg=0.00, 0.00, 0, 0, 0
[detect] dist=2.29m (depth) target_ball=red ball carrying=None target_bucket=None msg=0.00, 0.00, 0, 0, 0
[detect] dist=2.29m (depth) target_ball=red ball carrying=None target_bucket=None msg=0.00, 0.00, 0, 0, 0
[detect] dist=2.29m (depth) target_ball=red ball carrying=None target_bucket=None msg=0.00, 0.00, 0, 0, 0
[detect] dist=2.26m (depth) target_ball=red ball carrying=None target_bucket=None msg=-0.18, -0.10, 0, 0, 0
[detect] dist=2.27m (depth) target_ball=red ball carrying=None target_bucket=None msg=-0.18, -0.10, 0, 0, 0
[detect] dist=2.27m (depth) target_ball=red ball carrying=None target_bucket=None msg=0.00, 0.00, 0, 0, 0
[detect] dist=2.27m (depth) target_ball=red ball carrying=None target_bucket=None msg=0.00, 0.00, 0, 0, 0
[detect] dist=2.24m (depth) target_ball=red ball carrying=None target_bucket=None msg=-0.18, -0.09, 0, 0, 0
[detect] dist=2.26m (depth) target_ball=red ball carrying=None target_bucket=None msg=-0.18, -0.09, 0, 0, 0
[detect] dist=2.26m (depth) target_ball=red ball carrying=None target_bucket=None msg=-0.18, -0.09, 0, 0, 0
[detect] dist=2.26m (depth) target_ball=red ball carrying=None target_bucket=None msg=-0.18, -0.09, 0, 0, 0
[detect] dist=2.26m (depth) target_ball=red ball carrying=None target_bucket=None msg=-0.18, -0.09, 0, 0, 0
[detect] dist=2.26m (depth) target_ball=red ball carrying=None target_bucket=None msg=-0.18, -0.08, 0, 0, 0
[detect] dist=2.26m (depth) target_ball=red ball carrying=None target_bucket=None msg=-0.18, -0.08, 0, 0, 0
[detect] dist=2.26m (depth) target_ball=red ball carrying=None target_bucket=None msg=-0.18, -0.07, 0, 0, 0
[detect] dist=2.25m (depth) target_ball=red ball carrying=None target_bucket=None msg=-0.18, -0.07, 0, 0, 0
[detect] dist=2.25m (depth) target_ball=red ball carrying=None target_bucket=None msg=0.00, 0.00, 0, 0, 0
[detect] dist=2.25m (depth) target_ball=red ball carrying=None target_bucket=None msg=0.00, 0.00, 0, 0, 0
[detect] dist=2.20m (depth) target_ball=red ball carrying=None target_bucket=None msg=-0.18, 0.00, 0, 0, 0
[detect] dist=2.21m (depth) target_ball=red ball carrying=None target_bucket=None msg=-0.18, 0.00, 0, 0, 0
[detect] dist=2.19m (depth) target_ball=red ball carrying=None target_bucket=None msg=-0.18, 0.00, 0, 0, 0
[detect] dist=2.19m (depth) target_ball=red ball carrying=None target_bucket=None msg=-0.18, 0.00, 0, 0, 0
[detect] dist=2.18m (depth) target_ball=red ball carrying=None target_bucket=None msg=-0.18, 0.00, 0, 0, 0
[detect] dist=2.17m (depth) target_ball=red ball carrying=None target_bucket=None msg=-0.18, 0.00, 0, 0, 0
[detect] dist=2.18m (depth) target_ball=red ball carrying=None target_bucket=None msg=-0.18, 0.00, 0, 0, 0
[detect] dist=2.17m (depth) target_ball=red ball carrying=None target_bucket=None msg=-0.18, 0.00, 0, 0, 0
[detect] dist=2.16m (depth) target_ball=red ball carrying=None target_bucket=None msg=-0.18, 0.00, 0, 0, 0
[detect] dist=2.17m (depth) target_ball=red ball carrying=None target_bucket=None msg=-0.18, 0.00, 0, 0, 0
[detect] dist=2.16m (depth) target_ball=red ball carrying=None target_bucket=None msg=-0.18, 0.00, 0, 0, 0
[detect] dist=2.16m (depth) target_ball=red ball carrying=None target_bucket=None msg=-0.18, 0.00, 0, 0, 0
[detect] dist=2.14m (depth) target_ball=red ball carrying=None target_bucket=None msg=-0.18, 0.00, 0, 0, 0
[detect] dist=2.14m (depth) target_ball=red ball carrying=None target_bucket=None msg=-0.18, 0.00, 0, 0, 0
[detect] dist=2.13m (depth) target_ball=red ball carrying=None target_bucket=None msg=-0.18, 0.00, 0, 0, 0
[detect] dist=2.13m (depth) target_ball=red ball carrying=None target_bucket=None msg=-0.18, 0.00, 0, 0, 0
[detect] dist=2.12m (depth) target_ball=red ball carrying=None target_bucket=None msg=-0.18, 0.00, 0, 0, 0
[detect] dist=2.12m (depth) target_ball=red ball carrying=None target_bucket=None msg=-0.18, 0.00, 0, 0, 0
[detect] dist=2.10m (depth) target_ball=red ball carrying=None target_bucket=None msg=-0.18, 0.00, 0, 0, 0
[detect] dist=2.12m (depth) target_ball=red ball carrying=None target_bucket=None msg=-0.18, 0.00, 0, 0, 0
[detect] dist=2.09m (depth) target_ball=red ball carrying=None target_bucket=None msg=-0.18, 0.00, 0, 0, 0
[detect] dist=2.10m (depth) target_ball=red ball carrying=None target_bucket=None msg=-0.18, 0.00, 0, 0, 0
[detect] dist=2.07m (depth) target_ball=red ball carrying=None target_bucket=None msg=-0.18, 0.00, 0, 0, 0
[detect] dist=2.09m (depth) target_ball=red ball carrying=None target_bucket=None msg=-0.18, 0.00, 0, 0, 0
[detect] dist=2.06m (depth) target_ball=red ball carrying=None target_bucket=None msg=-0.18, 0.00, 0, 0, 0
[detect] dist=2.06m (depth) target_ball=red ball carrying=None target_bucket=None msg=-0.18, 0.00, 0, 0, 0
[detect] dist=2.04m (depth) target_ball=red ball carrying=None target_bucket=None msg=-0.18, 0.00, 0, 0, 0
[detect] dist=2.04m (depth) target_ball=red ball carrying=None target_bucket=None msg=-0.18, 0.00, 0, 0, 0
[detect] dist=2.04m (depth) target_ball=red ball carrying=None target_bucket=None msg=-0.18, 0.00, 0, 0, 0
[detect] dist=2.04m (depth) target_ball=red ball carrying=None target_bucket=None msg=-0.18, 0.00, 0, 0, 0
[detect] dist=2.03m (depth) target_ball=red ball carrying=None target_bucket=None msg=-0.18, 0.00, 0, 0, 0
[detect] dist=2.02m (depth) target_ball=red ball carrying=None target_bucket=None msg=-0.18, 0.00, 0, 0, 0
[detect] dist=2.01m (depth) target_ball=red ball carrying=None target_bucket=None msg=-0.18, 0.00, 0, 0, 0
[detect] dist=2.01m (depth) target_ball=red ball carrying=None target_bucket=None msg=-0.18, 0.00, 0, 0, 0
[detect] dist=2.01m (depth) target_ball=red ball carrying=None target_bucket=None msg=-0.18, 0.00, 0, 0, 0
[detect] dist=2.00m (depth) target_ball=red ball carrying=None target_bucket=None msg=-0.18, 0.00, 0, 0, 0
[detect] dist=2.00m (depth) target_ball=red ball carrying=None target_bucket=None msg=-0.18, 0.00, 0, 0, 0
[detect] dist=1.98m (depth) target_ball=red ball carrying=None target_bucket=None msg=-0.18, 0.00, 0, 0, 0
[detect] dist=1.98m (depth) target_ball=red ball carrying=None target_bucket=None msg=-0.18, 0.00, 0, 0, 0
[detect] dist=1.98m (depth) target_ball=red ball carrying=None target_bucket=None msg=-0.18, 0.00, 0, 0, 0
[detect] dist=1.96m (depth) target_ball=red ball carrying=None target_bucket=None msg=-0.18, 0.00, 0, 0, 0
[detect] dist=1.96m (depth) target_ball=red ball carrying=None target_bucket=None msg=-0.18, 0.00, 0, 0, 0
[detect] dist=1.94m (depth) target_ball=red ball carrying=None target_bucket=None msg=-0.18, 0.00, 0, 0, 0
[detect] dist=1.94m (depth) target_ball=red ball carrying=None target_bucket=None msg=-0.18, 0.00, 0, 0, 0
[detect] dist=1.93m (depth) target_ball=red ball carrying=None target_bucket=None msg=-0.18, 0.00, 0, 0, 0
[detect] dist=1.93m (depth) target_ball=red ball carrying=None target_bucket=None msg=-0.18, 0.00, 0, 0, 0
[detect] dist=1.92m (depth) target_ball=red ball carrying=None target_bucket=None msg=-0.18, 0.00, 0, 0, 0
[detect] dist=1.92m (depth) target_ball=red ball carrying=None target_bucket=None msg=-0.18, 0.00, 0, 0, 0
[detect] dist=1.92m (depth) target_ball=red ball carrying=None target_bucket=None msg=-0.18, 0.00, 0, 0, 0
[detect] dist=1.90m (depth) target_ball=red ball carrying=None target_bucket=None msg=-0.18, 0.00, 0, 0, 0
[detect] dist=1.91m (depth) target_ball=red ball carrying=None target_bucket=None msg=-0.18, 0.00, 0, 0, 0
[detect] dist=1.89m (depth) target_ball=red ball carrying=None target_bucket=None msg=-0.18, 0.00, 0, 0, 0
[detect] dist=1.89m (depth) target_ball=red ball carrying=None target_bucket=None msg=-0.18, 0.00, 0, 0, 0
[detect] dist=1.89m (depth) target_ball=red ball carrying=None target_bucket=None msg=-0.18, 0.00, 0, 0, 0
[detect] dist=1.87m (depth) target_ball=red ball carrying=None target_bucket=None msg=-0.18, 0.00, 0, 0, 0
[detect] dist=1.87m (depth) target_ball=red ball carrying=None target_bucket=None msg=-0.18, 0.00, 0, 0, 0
[detect] dist=1.85m (depth) target_ball=red ball carrying=None target_bucket=None msg=-0.18, 0.00, 0, 0, 0
[detect] dist=1.85m (depth) target_ball=red ball carrying=None target_bucket=None msg=-0.18, 0.00, 0, 0, 0
[detect] dist=1.84m (depth) target_ball=red ball carrying=None target_bucket=None msg=-0.18, 0.00, 0, 0, 0
[detect] dist=1.84m (depth) target_ball=red ball carrying=None target_bucket=None msg=-0.18, 0.00, 0, 0, 0
[detect] dist=1.82m (depth) target_ball=red ball carrying=None target_bucket=None msg=-0.18, 0.00, 0, 0, 0
[detect] dist=1.82m (depth) target_ball=red ball carrying=None target_bucket=None msg=-0.18, 0.00, 0, 0, 0
[detect] dist=1.82m (depth) target_ball=red ball carrying=None target_bucket=None msg=-0.18, 0.00, 0, 0, 0
[detect] dist=1.82m (depth) target_ball=red ball carrying=None target_bucket=None msg=-0.18, 0.00, 0, 0, 0
[detect] dist=1.80m (depth) target_ball=red ball carrying=None target_bucket=None msg=-0.18, 0.00, 0, 0, 0
[detect] dist=1.80m (depth) target_ball=red ball carrying=None target_bucket=None msg=-0.18, 0.00, 0, 0, 0
[detect] dist=1.79m (depth) target_ball=red ball carrying=None target_bucket=None msg=-0.18, 0.00, 0, 0, 0
[detect] dist=1.79m (depth) target_ball=red ball carrying=None target_bucket=None msg=-0.18, 0.00, 0, 0, 0
[detect] dist=1.78m (depth) target_ball=red ball carrying=None target_bucket=None msg=-0.18, 0.00, 0, 0, 0
[detect] dist=1.77m (depth) target_ball=red ball carrying=None target_bucket=None msg=-0.18, 0.00, 0, 0, 0
[detect] dist=1.76m (depth) target_ball=red ball carrying=None target_bucket=None msg=-0.18, 0.00, 0, 0, 0
[detect] dist=1.76m (depth) target_ball=red ball carrying=None target_bucket=None msg=-0.18, 0.00, 0, 0, 0
[detect] dist=1.75m (depth) target_ball=red ball carrying=None target_bucket=None msg=-0.18, 0.00, 0, 0, 0
[detect] dist=1.75m (depth) target_ball=red ball carrying=None target_bucket=None msg=-0.18, 0.00, 0, 0, 0
[detect] dist=1.74m (depth) target_ball=red ball carrying=None target_bucket=None msg=-0.18, 0.00, 0, 0, 0
[detect] dist=1.74m (depth) target_ball=red ball carrying=None target_bucket=None msg=-0.18, 0.00, 0, 0, 0
[detect] dist=1.74m (depth) target_ball=red ball carrying=None target_bucket=None msg=-0.18, 0.00, 0, 0, 0
[detect] dist=1.73m (depth) target_ball=red ball carrying=None target_bucket=None msg=-0.18, 0.00, 0, 0, 0
[detect] dist=1.72m (depth) target_ball=red ball carrying=None target_bucket=None msg=-0.18, 0.00, 0, 0, 0
[detect] dist=1.71m (depth) target_ball=red ball carrying=None target_bucket=None msg=-0.18, 0.00, 0, 0, 0
[detect] dist=1.70m (depth) target_ball=red ball carrying=None target_bucket=None msg=-0.18, 0.00, 0, 0, 0
[detect] dist=1.69m (depth) target_ball=red ball carrying=None target_bucket=None msg=-0.18, 0.00, 0, 0, 0
[detect] dist=1.69m (depth) target_ball=red ball carrying=None target_bucket=None msg=-0.18, 0.00, 0, 0, 0
[detect] dist=1.68m (depth) target_ball=red ball carrying=None target_bucket=None msg=-0.18, 0.00, 0, 0, 0
[detect] dist=1.67m (depth) target_ball=red ball carrying=None target_bucket=None msg=-0.18, 0.00, 0, 0, 0
[detect] dist=1.67m (depth) target_ball=red ball carrying=None target_bucket=None msg=-0.18, 0.00, 0, 0, 0
[detect] dist=1.67m (depth) target_ball=red ball carrying=None target_bucket=None msg=-0.18, -0.05, 0, 0, 0
[detect] dist=1.66m (depth) target_ball=red ball carrying=None target_bucket=None msg=-0.18, 0.00, 0, 0, 0
[detect] dist=1.65m (depth) target_ball=red ball carrying=None target_bucket=None msg=-0.18, 0.00, 0, 0, 0
[detect] dist=1.65m (depth) target_ball=red ball carrying=None target_bucket=None msg=-0.18, 0.00, 0, 0, 0
[detect] dist=1.65m (depth) target_ball=red ball carrying=None target_bucket=None msg=-0.18, 0.00, 0, 0, 0
[detect] dist=1.64m (depth) target_ball=red ball carrying=None target_bucket=None msg=-0.18, 0.00, 0, 0, 0
[detect] dist=1.62m (depth) target_ball=red ball carrying=None target_bucket=None msg=-0.18, 0.00, 0, 0, 0
[detect] dist=1.62m (depth) target_ball=red ball carrying=None target_bucket=None msg=-0.18, 0.00, 0, 0, 0
[detect] dist=1.60m (depth) target_ball=red ball carrying=None target_bucket=None msg=-0.18, 0.00, 0, 0, 0
[detect] dist=1.61m (depth) target_ball=red ball carrying=None target_bucket=None msg=-0.18, 0.00, 0, 0, 0
[detect] dist=1.60m (depth) target_ball=red ball carrying=None target_bucket=None msg=-0.18, 0.00, 0, 0, 0
[detect] dist=1.60m (depth) target_ball=red ball carrying=None target_bucket=None msg=-0.18, 0.00, 0, 0, 0
[detect] dist=1.59m (depth) target_ball=red ball carrying=None target_bucket=None msg=-0.18, 0.00, 0, 0, 0
[detect] dist=1.59m (depth) target_ball=red ball carrying=None target_bucket=None msg=-0.18, 0.00, 0, 0, 0
[detect] dist=1.58m (depth) target_ball=red ball carrying=None target_bucket=None msg=-0.18, 0.00, 0, 0, 0
[detect] dist=1.57m (depth) target_ball=red ball carrying=None target_bucket=None msg=-0.18, 0.00, 0, 0, 0
[detect] dist=1.56m (depth) target_ball=red ball carrying=None target_bucket=None msg=-0.18, 0.00, 0, 0, 0
[detect] dist=1.56m (depth) target_ball=red ball carrying=None target_bucket=None msg=-0.18, 0.00, 0, 0, 0
[detect] dist=1.55m (depth) target_ball=red ball carrying=None target_bucket=None msg=-0.18, 0.00, 0, 0, 0
[detect] dist=1.54m (depth) target_ball=red ball carrying=None target_bucket=None msg=-0.18, 0.00, 0, 0, 0
[detect] dist=1.53m (depth) target_ball=red ball carrying=None target_bucket=None msg=-0.18, 0.00, 0, 0, 0
[detect] dist=1.53m (depth) target_ball=red ball carrying=None target_bucket=None msg=-0.18, 0.00, 0, 0, 0
[detect] dist=1.53m (depth) target_ball=red ball carrying=None target_bucket=None msg=-0.18, 0.00, 0, 0, 0
[detect] dist=1.52m (depth) target_ball=red ball carrying=None target_bucket=None msg=-0.18, 0.00, 0, 0, 0
[detect] dist=1.52m (depth) target_ball=red ball carrying=None target_bucket=None msg=-0.18, 0.00, 0, 0, 0
[detect] dist=1.51m (depth) target_ball=red ball carrying=None target_bucket=None msg=-0.18, 0.00, 0, 0, 0
[detect] dist=1.50m (depth) target_ball=red ball carrying=None target_bucket=None msg=-0.18, 0.00, 0, 0, 0
[detect] dist=1.49m (depth) target_ball=red ball carrying=None target_bucket=None msg=-0.18, 0.00, 0, 0, 0
[detect] dist=1.49m (depth) target_ball=red ball carrying=None target_bucket=None msg=-0.18, 0.00, 0, 0, 0
[detect] dist=1.48m (depth) target_ball=red ball carrying=None target_bucket=None msg=-0.18, 0.00, 0, 0, 0
[detect] dist=1.47m (depth) target_ball=red ball carrying=None target_bucket=None msg=-0.18, 0.00, 0, 0, 0
[detect] dist=1.47m (depth) target_ball=red ball carrying=None target_bucket=None msg=-0.18, 0.00, 0, 0, 0
[detect] dist=1.46m (depth) target_ball=red ball carrying=None target_bucket=None msg=-0.18, 0.00, 0, 0, 0
[detect] dist=1.46m (depth) target_ball=red ball carrying=None target_bucket=None msg=-0.18, 0.00, 0, 0, 0
[detect] dist=1.45m (depth) target_ball=red ball carrying=None target_bucket=None msg=-0.18, 0.00, 0, 0, 0
[detect] dist=1.44m (depth) target_ball=red ball carrying=None target_bucket=None msg=-0.18, 0.00, 0, 0, 0
[detect] dist=1.44m (depth) target_ball=red ball carrying=None target_bucket=None msg=-0.18, -0.05, 0, 0, 0
[detect] dist=1.43m (depth) target_ball=red ball carrying=None target_bucket=None msg=-0.18, 0.00, 0, 0, 0
[detect] dist=1.43m (depth) target_ball=red ball carrying=None target_bucket=None msg=-0.18, -0.05, 0, 0, 0
[detect] dist=1.42m (depth) target_ball=red ball carrying=None target_bucket=None msg=-0.18, 0.00, 0, 0, 0
[detect] dist=1.41m (depth) target_ball=red ball carrying=None target_bucket=None msg=-0.18, -0.05, 0, 0, 0
[detect] dist=1.41m (depth) target_ball=red ball carrying=None target_bucket=None msg=-0.18, -0.05, 0, 0, 0
[detect] dist=1.40m (depth) target_ball=red ball carrying=None target_bucket=None msg=-0.18, -0.05, 0, 0, 0
[detect] dist=1.40m (depth) target_ball=red ball carrying=None target_bucket=None msg=-0.10, -0.05, 0, 0, 0
[detect] dist=1.39m (depth) target_ball=red ball carrying=None target_bucket=None msg=-0.10, -0.05, 0, 0, 0
[detect] dist=1.39m (depth) target_ball=red ball carrying=None target_bucket=None msg=-0.10, -0.05, 0, 0, 0
[detect] dist=1.38m (depth) target_ball=red ball carrying=None target_bucket=None msg=-0.10, 0.00, 0, 0, 0
[detect] dist=1.37m (depth) target_ball=red ball carrying=None target_bucket=None msg=-0.10, 0.00, 0, 0, 0
[detect] dist=1.37m (depth) target_ball=red ball carrying=None target_bucket=None msg=-0.10, -0.05, 0, 0, 0
[detect] dist=1.36m (depth) target_ball=red ball carrying=None target_bucket=None msg=-0.10, 0.00, 0, 0, 0
[detect] dist=1.36m (depth) target_ball=red ball carrying=None target_bucket=None msg=-0.10, 0.00, 0, 0, 0
[detect] dist=1.36m (depth) target_ball=red ball carrying=None target_bucket=None msg=-0.10, 0.00, 0, 0, 0
[detect] dist=1.36m (depth) target_ball=red ball carrying=None target_bucket=None msg=-0.10, 0.00, 0, 0, 0
[detect] dist=1.35m (depth) target_ball=red ball carrying=None target_bucket=None msg=-0.10, 0.00, 0, 0, 0
[detect] dist=1.34m (depth) target_ball=red ball carrying=None target_bucket=None msg=-0.10, 0.00, 0, 0, 0
[detect] dist=1.34m (depth) target_ball=red ball carrying=None target_bucket=None msg=-0.10, 0.00, 0, 0, 0
[detect] dist=1.34m (depth) target_ball=red ball carrying=None target_bucket=None msg=-0.10, 0.00, 0, 0, 0
[detect] dist=1.33m (depth) target_ball=red ball carrying=None target_bucket=None msg=-0.10, 0.00, 0, 0, 0
[detect] dist=1.33m (depth) target_ball=red ball carrying=None target_bucket=None msg=-0.10, 0.00, 0, 0, 0
[detect] dist=1.32m (depth) target_ball=red ball carrying=None target_bucket=None msg=-0.10, 0.00, 0, 0, 0
[detect] dist=1.32m (depth) target_ball=red ball carrying=None target_bucket=None msg=-0.10, 0.00, 0, 0, 0
[detect] dist=1.32m (depth) target_ball=red ball carrying=None target_bucket=None msg=-0.10, 0.00, 0, 0, 0
[detect] dist=1.32m (depth) target_ball=red ball carrying=None target_bucket=None msg=-0.10, 0.00, 0, 0, 0
[detect] dist=1.31m (depth) target_ball=red ball carrying=None target_bucket=None msg=-0.10, 0.00, 0, 0, 0
[detect] dist=1.31m (depth) target_ball=red ball carrying=None target_bucket=None msg=-0.10, 0.00, 0, 0, 0
[detect] dist=1.31m (depth) target_ball=red ball carrying=None target_bucket=None msg=-0.10, 0.00, 0, 0, 0
[detect] dist=1.31m (depth) target_ball=red ball carrying=None target_bucket=None msg=-0.10, 0.00, 0, 0, 0
[detect] dist=1.30m (depth) target_ball=red ball carrying=None target_bucket=None msg=-0.10, 0.00, 0, 0, 0
[detect] dist=1.30m (depth) target_ball=red ball carrying=None target_bucket=None msg=-0.10, 0.00, 0, 0, 0
[detect] dist=1.29m (depth) target_ball=red ball carrying=None target_bucket=None msg=-0.10, 0.00, 0, 0, 0
[detect] dist=1.30m (depth) target_ball=red ball carrying=None target_bucket=None msg=-0.10, 0.00, 0, 0, 0
[detect] dist=1.29m (depth) target_ball=red ball carrying=None target_bucket=None msg=-0.10, 0.00, 0, 0, 0
[detect] dist=1.28m (depth) target_ball=red ball carrying=None target_bucket=None msg=-0.10, 0.00, 0, 0, 0
[detect] dist=1.27m (depth) target_ball=red ball carrying=None target_bucket=None msg=-0.10, 0.00, 0, 0, 0
[detect] dist=1.27m (depth) target_ball=red ball carrying=None target_bucket=None msg=-0.10, -0.05, 0, 0, 0
[detect] dist=1.27m (depth) target_ball=red ball carrying=None target_bucket=None msg=-0.10, 0.00, 0, 0, 0
[detect] dist=1.27m (depth) target_ball=red ball carrying=None target_bucket=None msg=-0.10, -0.05, 0, 0, 0
[detect] dist=1.27m (depth) target_ball=red ball carrying=None target_bucket=None msg=-0.10, 0.00, 0, 0, 0
[detect] dist=1.26m (depth) target_ball=red ball carrying=None target_bucket=None msg=-0.10, -0.05, 0, 0, 0
[detect] dist=1.26m (depth) target_ball=red ball carrying=None target_bucket=None msg=-0.10, 0.00, 0, 0, 0
[detect] dist=1.25m (depth) target_ball=red ball carrying=None target_bucket=None msg=-0.10, 0.00, 0, 0, 0
[detect] dist=1.25m (depth) target_ball=red ball carrying=None target_bucket=None msg=-0.10, 0.00, 0, 0, 0
[detect] dist=1.25m (depth) target_ball=red ball carrying=None target_bucket=None msg=-0.10, 0.00, 0, 0, 0
[detect] dist=1.24m (depth) target_ball=red ball carrying=None target_bucket=None msg=-0.10, 0.00, 0, 0, 0
[detect] dist=1.24m (depth) target_ball=red ball carrying=None target_bucket=None msg=-0.10, 0.00, 0, 0, 0
[detect] dist=1.23m (depth) target_ball=red ball carrying=None target_bucket=None msg=-0.10, 0.00, 0, 0, 0
[detect] dist=1.23m (depth) target_ball=red ball carrying=None target_bucket=None msg=-0.10, 0.00, 0, 0, 0
[detect] dist=1.23m (depth) target_ball=red ball carrying=None target_bucket=None msg=-0.10, 0.00, 0, 0, 0
[detect] dist=1.22m (depth) target_ball=red ball carrying=None target_bucket=None msg=-0.10, 0.00, 0, 0, 0
[detect] dist=1.22m (depth) target_ball=red ball carrying=None target_bucket=None msg=-0.10, 0.00, 0, 0, 0
[detect] dist=1.22m (depth) target_ball=red ball carrying=None target_bucket=None msg=-0.10, 0.00, 0, 0, 0
[detect] dist=1.22m (depth) target_ball=red ball carrying=None target_bucket=None msg=-0.10, 0.00, 0, 0, 0
[detect] dist=1.21m (depth) target_ball=red ball carrying=None target_bucket=None msg=-0.10, 0.00, 0, 0, 0
[detect] dist=1.21m (depth) target_ball=red ball carrying=None target_bucket=None msg=-0.10, 0.00, 0, 0, 0
[detect] dist=1.20m (depth) target_ball=red ball carrying=None target_bucket=None msg=-0.10, 0.00, 0, 0, 0
[detect] dist=1.20m (depth) target_ball=red ball carrying=None target_bucket=None msg=-0.10, 0.00, 0, 0, 0
[detect] dist=1.20m (depth) target_ball=red ball carrying=None target_bucket=None msg=-0.10, 0.00, 0, 0, 0
[detect] dist=1.19m (depth) target_ball=red ball carrying=None target_bucket=None msg=-0.10, 0.00, 0, 0, 0
[detect] dist=1.19m (depth) target_ball=red ball carrying=None target_bucket=None msg=-0.10, 0.00, 0, 0, 0
[detect] dist=1.19m (depth) target_ball=red ball carrying=None target_bucket=None msg=-0.10, 0.00, 0, 0, 0
[detect] dist=1.18m (depth) target_ball=red ball carrying=None target_bucket=None msg=-0.10, 0.00, 0, 0, 0
[detect] dist=1.18m (depth) target_ball=red ball carrying=None target_bucket=None msg=-0.10, 0.00, 0, 0, 0
[detect] dist=1.18m (depth) target_ball=red ball carrying=None target_bucket=None msg=-0.10, 0.00, 0, 0, 0
[detect] dist=1.17m (depth) target_ball=red ball carrying=None target_bucket=None msg=-0.10, 0.00, 0, 0, 0
[detect] dist=1.17m (depth) target_ball=red ball carrying=None target_bucket=None msg=-0.10, 0.00, 0, 0, 0
[detect] dist=1.17m (depth) target_ball=red ball carrying=None target_bucket=None msg=-0.10, 0.00, 0, 0, 0
[detect] dist=1.16m (depth) target_ball=red ball carrying=None target_bucket=None msg=-0.10, 0.00, 0, 0, 0
[detect] dist=1.16m (depth) target_ball=red ball carrying=None target_bucket=None msg=-0.10, 0.00, 0, 0, 0
[detect] dist=1.16m (depth) target_ball=red ball carrying=None target_bucket=None msg=-0.10, 0.00, 0, 0, 0
[detect] dist=1.15m (depth) target_ball=red ball carrying=None target_bucket=None msg=-0.10, 0.00, 0, 0, 0
[detect] dist=1.15m (depth) target_ball=red ball carrying=None target_bucket=None msg=-0.10, 0.00, 0, 0, 0
[detect] dist=1.15m (depth) target_ball=red ball carrying=None target_bucket=None msg=-0.10, 0.00, 0, 0, 0
[detect] dist=1.14m (depth) target_ball=red ball carrying=None target_bucket=None msg=-0.10, 0.00, 0, 0, 0
[detect] dist=1.14m (depth) target_ball=red ball carrying=None target_bucket=None msg=-0.10, 0.00, 0, 0, 0
[detect] dist=1.14m (depth) target_ball=red ball carrying=None target_bucket=None msg=-0.10, 0.00, 0, 0, 0
[detect] dist=1.13m (depth) target_ball=red ball carrying=None target_bucket=None msg=-0.10, 0.00, 0, 0, 0
[detect] dist=1.13m (depth) target_ball=red ball carrying=None target_bucket=None msg=-0.10, 0.00, 0, 0, 0
[detect] dist=1.12m (depth) target_ball=red ball carrying=None target_bucket=None msg=-0.10, 0.00, 0, 0, 0
[detect] dist=1.12m (depth) target_ball=red ball carrying=None target_bucket=None msg=-0.10, 0.00, 0, 0, 0
[detect] dist=1.12m (depth) target_ball=red ball carrying=None target_bucket=None msg=-0.10, 0.00, 0, 0, 0
[detect] dist=1.12m (depth) target_ball=red ball carrying=None target_bucket=None msg=-0.10, 0.00, 0, 0, 0
[detect] dist=1.12m (depth) target_ball=red ball carrying=None target_bucket=None msg=-0.10, 0.00, 0, 0, 0
[detect] dist=1.11m (depth) target_ball=red ball carrying=None target_bucket=None msg=-0.10, 0.00, 0, 0, 0
[detect] dist=1.11m (depth) target_ball=red ball carrying=None target_bucket=None msg=-0.10, 0.00, 0, 0, 0
[detect] dist=1.10m (depth) target_ball=red ball carrying=None target_bucket=None msg=-0.10, 0.00, 0, 0, 0
[detect] dist=1.10m (depth) target_ball=red ball carrying=None target_bucket=None msg=-0.10, 0.00, 0, 0, 0
[detect] dist=1.09m (depth) target_ball=red ball carrying=None target_bucket=None msg=-0.10, 0.00, 0, 0, 0
[detect] dist=1.09m (depth) target_ball=red ball carrying=None target_bucket=None msg=-0.10, 0.00, 0, 0, 0
[detect] dist=1.09m (depth) target_ball=red ball carrying=None target_bucket=None msg=-0.10, 0.00, 0, 0, 0
[detect] dist=1.09m (depth) target_ball=red ball carrying=None target_bucket=None msg=-0.10, 0.00, 0, 0, 0
[detect] dist=1.08m (depth) target_ball=red ball carrying=None target_bucket=None msg=-0.10, 0.00, 0, 0, 0
[detect] dist=1.08m (depth) target_ball=red ball carrying=None target_bucket=None msg=-0.10, 0.00, 0, 0, 0
[detect] dist=1.08m (depth) target_ball=red ball carrying=None target_bucket=None msg=-0.10, 0.00, 0, 0, 0
[detect] dist=1.07m (depth) target_ball=red ball carrying=None target_bucket=None msg=-0.10, 0.00, 0, 0, 0
[detect] dist=1.07m (depth) target_ball=red ball carrying=None target_bucket=None msg=-0.10, -0.05, 0, 0, 0
[detect] dist=1.07m (depth) target_ball=red ball carrying=None target_bucket=None msg=-0.10, 0.00, 0, 0, 0
[detect] dist=1.06m (depth) target_ball=red ball carrying=None target_bucket=None msg=-0.10, 0.00, 0, 0, 0
[detect] dist=1.06m (depth) target_ball=red ball carrying=None target_bucket=None msg=-0.10, -0.05, 0, 0, 0
[detect] dist=1.06m (depth) target_ball=red ball carrying=None target_bucket=None msg=-0.10, 0.00, 0, 0, 0
[detect] dist=1.05m (depth) target_ball=red ball carrying=None target_bucket=None msg=-0.10, 0.00, 0, 0, 0
[detect] dist=1.05m (depth) target_ball=red ball carrying=None target_bucket=None msg=-0.10, -0.05, 0, 0, 0
[detect] dist=1.05m (depth) target_ball=red ball carrying=None target_bucket=None msg=-0.10, 0.00, 0, 0, 0
[detect] dist=1.05m (depth) target_ball=red ball carrying=None target_bucket=None msg=-0.10, 0.00, 0, 0, 0
[detect] dist=1.04m (depth) target_ball=red ball carrying=None target_bucket=None msg=-0.10, 0.00, 0, 0, 0
[detect] dist=1.04m (depth) target_ball=red ball carrying=None target_bucket=None msg=-0.10, 0.00, 0, 0, 0
[detect] dist=1.03m (depth) target_ball=red ball carrying=None target_bucket=None msg=-0.10, -0.05, 0, 0, 0
[detect] dist=1.03m (depth) target_ball=red ball carrying=None target_bucket=None msg=-0.10, -0.05, 0, 0, 0
[detect] dist=1.03m (depth) target_ball=red ball carrying=None target_bucket=None msg=-0.10, -0.05, 0, 0, 0
[detect] dist=1.02m (depth) target_ball=red ball carrying=None target_bucket=None msg=-0.10, -0.05, 0, 0, 0
[detect] dist=1.02m (depth) target_ball=red ball carrying=None target_bucket=None msg=-0.10, 0.00, 0, 0, 0
[detect] dist=1.02m (depth) target_ball=red ball carrying=None target_bucket=None msg=-0.10, 0.00, 0, 0, 0
[detect] dist=1.01m (depth) target_ball=red ball carrying=None target_bucket=None msg=-0.10, 0.00, 0, 0, 0
[detect] dist=1.01m (depth) target_ball=red ball carrying=None target_bucket=None msg=-0.10, 0.00, 0, 0, 0
[detect] dist=1.01m (depth) target_ball=red ball carrying=None target_bucket=None msg=-0.10, 0.00, 0, 0, 0
[detect] dist=1.00m (depth) target_ball=red ball carrying=None target_bucket=None msg=-0.10, 0.00, 0, 0, 0
[detect] dist=1.00m (depth) target_ball=red ball carrying=None target_bucket=None msg=-0.10, 0.00, 0, 0, 0
[detect] dist=1.00m (depth) target_ball=red ball carrying=None target_bucket=None msg=-0.10, 0.00, 0, 0, 0
[detect] dist=0.99m (depth) target_ball=red ball carrying=None target_bucket=None msg=-0.10, 0.00, 0, 0, 0
[detect] dist=0.99m (depth) target_ball=red ball carrying=None target_bucket=None msg=-0.10, 0.00, 0, 0, 0
[detect] dist=0.99m (depth) target_ball=red ball carrying=None target_bucket=None msg=-0.10, 0.00, 0, 0, 0
[detect] dist=0.98m (depth) target_ball=red ball carrying=None target_bucket=None msg=-0.10, 0.00, 0, 0, 0
[detect] dist=0.98m (depth) target_ball=red ball carrying=None target_bucket=None msg=-0.10, 0.00, 0, 0, 0
[detect] dist=0.98m (depth) target_ball=red ball carrying=None target_bucket=None msg=-0.10, 0.00, 0, 0, 0
[detect] dist=0.97m (depth) target_ball=red ball carrying=None target_bucket=None msg=-0.10, 0.00, 0, 0, 0
[detect] dist=0.97m (depth) target_ball=red ball carrying=None target_bucket=None msg=-0.10, 0.00, 0, 0, 0
[detect] dist=0.97m (depth) target_ball=red ball carrying=None target_bucket=None msg=-0.10, -0.05, 0, 0, 0
[detect] dist=0.97m (depth) target_ball=red ball carrying=None target_bucket=None msg=-0.10, 0.00, 0, 0, 0
[detect] dist=0.96m (depth) target_ball=red ball carrying=None target_bucket=None msg=-0.10, -0.05, 0, 0, 0
[detect] dist=0.96m (depth) target_ball=red ball carrying=None target_bucket=None msg=-0.10, -0.05, 0, 0, 0
[detect] dist=0.95m (depth) target_ball=red ball carrying=None target_bucket=None msg=-0.10, -0.05, 0, 0, 0
[detect] dist=0.95m (depth) target_ball=red ball carrying=None target_bucket=None msg=-0.10, 0.00, 0, 0, 0
[detect] dist=0.95m (depth) target_ball=red ball carrying=None target_bucket=None msg=-0.10, 0.00, 0, 0, 0
[detect] dist=0.94m (depth) target_ball=red ball carrying=None target_bucket=None msg=-0.10, 0.00, 0, 0, 0
[detect] dist=0.94m (depth) target_ball=red ball carrying=None target_bucket=None msg=-0.10, 0.00, 0, 0, 0
[detect] dist=0.94m (depth) target_ball=red ball carrying=None target_bucket=None msg=-0.10, 0.00, 0, 0, 0
[detect] dist=0.93m (depth) target_ball=red ball carrying=None target_bucket=None msg=-0.10, 0.00, 0, 0, 0
[detect] dist=0.93m (depth) target_ball=red ball carrying=None target_bucket=None msg=-0.10, 0.00, 0, 0, 0
[detect] dist=0.92m (depth) target_ball=red ball carrying=None target_bucket=None msg=-0.10, 0.00, 0, 0, 0
[detect] dist=0.92m (depth) target_ball=red ball carrying=None target_bucket=None msg=-0.10, 0.00, 0, 0, 0
[detect] dist=0.92m (depth) target_ball=red ball carrying=None target_bucket=None msg=-0.10, 0.00, 0, 0, 0
[detect] dist=0.92m (depth) target_ball=red ball carrying=None target_bucket=None msg=-0.10, 0.00, 0, 0, 0
[detect] dist=0.91m (depth) target_ball=red ball carrying=None target_bucket=None msg=-0.10, 0.00, 0, 0, 0
[detect] dist=0.91m (depth) target_ball=red ball carrying=None target_bucket=None msg=-0.10, 0.00, 0, 0, 0
[detect] dist=0.90m (depth) target_ball=red ball carrying=None target_bucket=None msg=-0.10, 0.00, 0, 0, 0
[detect] dist=0.90m (depth) target_ball=red ball carrying=None target_bucket=None msg=-0.10, 0.00, 0, 0, 0
[detect] dist=0.90m (depth) target_ball=red ball carrying=None target_bucket=None msg=-0.10, 0.00, 0, 0, 0
[detect] dist=0.90m (depth) target_ball=red ball carrying=None target_bucket=None msg=-0.10, 0.00, 0, 0, 0
[detect] dist=0.89m (depth) target_ball=red ball carrying=None target_bucket=None msg=-0.10, 0.00, 0, 0, 0
[detect] dist=0.88m (depth) target_ball=red ball carrying=None target_bucket=None msg=-0.10, 0.00, 0, 0, 0
[detect] dist=0.89m (depth) target_ball=red ball carrying=None target_bucket=None msg=-0.10, 0.00, 0, 0, 0
[detect] dist=0.88m (depth) target_ball=red ball carrying=None target_bucket=None msg=-0.10, 0.00, 0, 0, 0
[detect] dist=0.88m (depth) target_ball=red ball carrying=None target_bucket=None msg=-0.10, 0.00, 0, 0, 0
[detect] dist=0.87m (depth) target_ball=red ball carrying=None target_bucket=None msg=-0.10, 0.00, 0, 0, 0
[detect] dist=0.87m (depth) target_ball=red ball carrying=None target_bucket=None msg=-0.10, 0.00, 0, 0, 0
[detect] dist=0.86m (depth) target_ball=red ball carrying=None target_bucket=None msg=-0.10, 0.00, 0, 0, 0
[detect] dist=0.86m (depth) target_ball=red ball carrying=None target_bucket=None msg=-0.10, 0.00, 0, 0, 0
[detect] dist=0.86m (depth) target_ball=red ball carrying=None target_bucket=None msg=-0.10, 0.00, 0, 0, 0
[detect] dist=0.86m (depth) target_ball=red ball carrying=None target_bucket=None msg=-0.10, 0.00, 0, 0, 0
[detect] dist=0.85m (depth) target_ball=red ball carrying=None target_bucket=None msg=-0.10, 0.00, 0, 0, 0
[detect] dist=0.85m (depth) target_ball=red ball carrying=None target_bucket=None msg=-0.10, -0.05, 0, 0, 0
[detect] dist=0.84m (depth) target_ball=red ball carrying=None target_bucket=None msg=-0.10, -0.05, 0, 0, 0
[detect] dist=0.84m (depth) target_ball=red ball carrying=None target_bucket=None msg=-0.10, -0.05, 0, 0, 0
[detect] dist=0.84m (depth) target_ball=red ball carrying=None target_bucket=None msg=-0.10, -0.05, 0, 0, 0
[detect] dist=0.84m (depth) target_ball=red ball carrying=None target_bucket=None msg=-0.10, -0.05, 0, 0, 0
[detect] dist=0.83m (depth) target_ball=red ball carrying=None target_bucket=None msg=-0.10, -0.05, 0, 0, 0
[detect] dist=0.82m (depth) target_ball=red ball carrying=None target_bucket=None msg=-0.10, 0.00, 0, 0, 0
[detect] dist=0.82m (depth) target_ball=red ball carrying=None target_bucket=None msg=-0.10, -0.05, 0, 0, 0
[detect] dist=0.82m (depth) target_ball=red ball carrying=None target_bucket=None msg=-0.10, -0.05, 0, 0, 0
[detect] dist=0.82m (depth) target_ball=red ball carrying=None target_bucket=None msg=-0.10, 0.00, 0, 0, 0
[detect] dist=0.81m (depth) target_ball=red ball carrying=None target_bucket=None msg=-0.10, 0.00, 0, 0, 0
[detect] dist=0.81m (depth) target_ball=red ball carrying=None target_bucket=None msg=-0.10, 0.00, 0, 0, 0
[detect] dist=0.80m (depth) target_ball=red ball carrying=None target_bucket=None msg=-0.10, 0.00, 0, 0, 0
[detect] dist=0.80m (depth) target_ball=red ball carrying=None target_bucket=None msg=-0.10, 0.00, 0, 0, 0
[detect] dist=0.80m (depth) target_ball=red ball carrying=None target_bucket=None msg=-0.10, 0.00, 0, 0, 0
[detect] dist=0.79m (depth) target_ball=red ball carrying=None target_bucket=None msg=-0.10, 0.00, 0, 0, 0
[detect] dist=0.79m (depth) target_ball=red ball carrying=None target_bucket=None msg=-0.10, 0.00, 0, 0, 0
[detect] dist=0.79m (depth) target_ball=red ball carrying=None target_bucket=None msg=-0.10, 0.00, 0, 0, 0
[detect] dist=0.78m (depth) target_ball=red ball carrying=None target_bucket=None msg=-0.10, 0.00, 0, 0, 0
[detect] dist=0.78m (depth) target_ball=red ball carrying=None target_bucket=None msg=-0.10, 0.00, 0, 0, 0
[detect] dist=0.78m (depth) target_ball=red ball carrying=None target_bucket=None msg=-0.10, 0.00, 0, 0, 0
[detect] dist=0.77m (depth) target_ball=red ball carrying=None target_bucket=None msg=-0.10, 0.00, 0, 0, 0
[detect] dist=0.77m (depth) target_ball=red ball carrying=None target_bucket=None msg=-0.10, 0.00, 0, 0, 0
[detect] dist=0.77m (depth) target_ball=red ball carrying=None target_bucket=None msg=-0.10, 0.00, 0, 0, 0
[detect] dist=0.76m (depth) target_ball=red ball carrying=None target_bucket=None msg=-0.10, 0.00, 0, 0, 0
[detect] dist=0.76m (depth) target_ball=red ball carrying=None target_bucket=None msg=-0.10, 0.00, 0, 0, 0
[detect] dist=0.76m (depth) target_ball=red ball carrying=None target_bucket=None msg=-0.10, 0.00, 0, 0, 0
[detect] dist=0.75m (depth) target_ball=red ball carrying=None target_bucket=None msg=-0.10, 0.00, 0, 0, 0
[detect] dist=0.75m (depth) target_ball=red ball carrying=None target_bucket=None msg=-0.10, 0.00, 0, 0, 0
[detect] dist=0.75m (depth) target_ball=red ball carrying=None target_bucket=None msg=-0.10, 0.00, 0, 0, 0
[detect] dist=0.75m (depth) target_ball=red ball carrying=None target_bucket=None msg=-0.10, 0.00, 0, 0, 0
[detect] dist=0.74m (depth) target_ball=red ball carrying=None target_bucket=None msg=-0.10, 0.00, 0, 0, 0
[detect] dist=0.74m (depth) target_ball=red ball carrying=None target_bucket=None msg=-0.10, 0.00, 0, 0, 0
[detect] dist=0.73m (depth) target_ball=red ball carrying=None target_bucket=None msg=-0.10, 0.00, 0, 0, 0
[detect] dist=0.73m (depth) target_ball=red ball carrying=None target_bucket=None msg=-0.10, 0.00, 0, 0, 0
[detect] dist=0.73m (depth) target_ball=red ball carrying=None target_bucket=None msg=-0.10, 0.00, 0, 0, 0
[detect] dist=0.72m (depth) target_ball=red ball carrying=None target_bucket=None msg=-0.10, 0.00, 0, 0, 0
[detect] dist=0.72m (depth) target_ball=red ball carrying=None target_bucket=None msg=-0.10, 0.00, 0, 0, 0
[detect] dist=0.72m (depth) target_ball=red ball carrying=None target_bucket=None msg=-0.10, 0.00, 0, 0, 0
[detect] dist=0.71m (depth) target_ball=red ball carrying=None target_bucket=None msg=-0.10, 0.00, 0, 0, 0
[detect] dist=0.71m (depth) target_ball=red ball carrying=None target_bucket=None msg=-0.10, 0.00, 0, 0, 0
[detect] dist=0.70m (depth) target_ball=red ball carrying=None target_bucket=None msg=-0.10, 0.00, 0, 0, 0
[detect] dist=0.70m (depth) target_ball=red ball carrying=None target_bucket=None msg=-0.10, 0.00, 0, 0, 0
[detect] dist=0.70m (depth) target_ball=red ball carrying=None target_bucket=None msg=-0.10, 0.00, 0, 0, 0
[detect] dist=0.70m (depth) target_ball=red ball carrying=None target_bucket=None msg=-0.10, 0.00, 0, 0, 0
[detect] dist=0.69m (depth) target_ball=red ball carrying=None target_bucket=None msg=-0.10, 0.00, 0, 0, 0
[detect] dist=0.69m (depth) target_ball=red ball carrying=None target_bucket=None msg=-0.10, 0.00, 0, 0, 0
[detect] dist=0.69m (depth) target_ball=red ball carrying=None target_bucket=None msg=-0.10, 0.00, 0, 0, 0
[detect] dist=0.68m (depth) target_ball=red ball carrying=None target_bucket=None msg=-0.10, 0.00, 0, 0, 0
[detect] dist=0.68m (depth) target_ball=red ball carrying=None target_bucket=None msg=-0.10, 0.00, 0, 0, 0
[detect] dist=0.68m (depth) target_ball=red ball carrying=None target_bucket=None msg=-0.10, -0.05, 0, 0, 0
[detect] dist=0.67m (depth) target_ball=red ball carrying=None target_bucket=None msg=-0.10, 0.00, 0, 0, 0
[detect] dist=0.67m (depth) target_ball=red ball carrying=None target_bucket=None msg=-0.10, 0.00, 0, 0, 0
[detect] dist=0.67m (depth) target_ball=red ball carrying=None target_bucket=None msg=-0.10, -0.05, 0, 0, 0
[detect] dist=0.66m (depth) target_ball=red ball carrying=None target_bucket=None msg=-0.10, -0.05, 0, 0, 0
[detect] dist=0.66m (depth) target_ball=red ball carrying=None target_bucket=None msg=-0.10, -0.05, 0, 0, 0
[detect] dist=0.66m (depth) target_ball=red ball carrying=None target_bucket=None msg=-0.10, -0.05, 0, 0, 0
[detect] dist=0.65m (depth) target_ball=red ball carrying=None target_bucket=None msg=-0.10, -0.05, 0, 0, 0
[detect] dist=0.65m (depth) target_ball=red ball carrying=None target_bucket=None msg=0.00, -0.05, 0, 0, 0
[detect] dist=0.65m (depth) target_ball=red ball carrying=None target_bucket=None msg=0.00, -0.05, 0, 0, 0
[detect_bucket] dist=0.64m (depth) target_ball=red ball carrying=red target_bucket=red msg=0.00, 0.00, 0, 0, 0
[detect_bucket] dist=0.64m (depth) target_ball=red ball carrying=red target_bucket=red msg=0.00, 0.00, 0, 0, 0
[detect_bucket] dist=2.45m (depth) target_ball=red ball carrying=red target_bucket=red msg=-0.14, 0.00, 0, 0, 0
[detect_bucket] dist=2.47m (depth) target_ball=red ball carrying=red target_bucket=red msg=-0.14, 0.00, 0, 0, 0
[detect_bucket] dist=2.47m (depth) target_ball=red ball carrying=red target_bucket=red msg=0.00, 0.00, 0, 0, 0
[detect_bucket] dist=2.47m (depth) target_ball=red ball carrying=red target_bucket=red msg=0.00, 0.00, 0, 0, 0
[detect_bucket] dist=2.47m (depth) target_ball=red ball carrying=red target_bucket=red msg=0.00, 0.00, 0, 0, 0
[detect_bucket] dist=2.47m (depth) target_ball=red ball carrying=red target_bucket=red msg=0.00, 0.00, 0, 0, 0
[detect_bucket] dist=2.47m (depth) target_ball=red ball carrying=red target_bucket=red msg=0.00, 0.00, 0, 0, 0
[detect_bucket] dist=2.47m (depth) target_ball=red ball carrying=red target_bucket=red msg=0.00, 0.00, 0, 0, 0
[detect_bucket] dist=2.26m (depth) target_ball=red ball carrying=red target_bucket=red msg=-0.14, 0.07, 0, 0, 0
[detect_bucket] dist=2.26m (depth) target_ball=red ball carrying=red target_bucket=red msg=0.00, 0.00, 0, 0, 0
[detect_bucket] dist=2.26m (depth) target_ball=red ball carrying=red target_bucket=red msg=0.00, 0.00, 0, 0, 0
[detect_bucket] dist=2.26m (depth) target_ball=red ball carrying=red target_bucket=red msg=0.00, 0.00, 0, 0, 0
[detect_bucket] dist=2.26m (depth) target_ball=red ball carrying=red target_bucket=red msg=0.00, 0.00, 0, 0, 0
[detect_bucket] dist=2.26m (depth) target_ball=red ball carrying=red target_bucket=red msg=0.00, 0.00, 0, 0, 0
[detect_bucket] dist=2.26m (depth) target_ball=red ball carrying=red target_bucket=red msg=0.00, 0.00, 0, 0, 0
[detect_bucket] dist=2.26m (depth) target_ball=red ball carrying=red target_bucket=red msg=0.00, 0.00, 0, 0, 0
[detect_bucket] dist=2.26m (depth) target_ball=red ball carrying=red target_bucket=red msg=0.00, 0.00, 0, 0, 0
[detect_bucket] dist=2.26m (depth) target_ball=red ball carrying=red target_bucket=red msg=0.00, 0.00, 0, 0, 0
[detect_bucket] dist=2.26m (depth) target_ball=red ball carrying=red target_bucket=red msg=0.00, 0.00, 0, 0, 0
[detect_bucket] dist=2.26m (depth) target_ball=red ball carrying=red target_bucket=red msg=0.00, 0.00, 0, 0, 0
[detect_bucket] dist=2.26m (depth) target_ball=red ball carrying=red target_bucket=red msg=0.00, 0.00, 0, 0, 0
[detect_bucket] dist=2.26m (depth) target_ball=red ball carrying=red target_bucket=red msg=0.00, 0.00, 0, 0, 0
[detect_bucket] dist=2.26m (depth) target_ball=red ball carrying=red target_bucket=red msg=0.00, 0.00, 0, 0, 0
[detect_bucket] dist=2.26m (depth) target_ball=red ball carrying=red target_bucket=red msg=0.00, 0.00, 0, 0, 0
[detect_bucket] dist=2.26m (depth) target_ball=red ball carrying=red target_bucket=red msg=0.00, 0.00, 0, 0, 0
[detect_bucket] dist=2.26m (depth) target_ball=red ball carrying=red target_bucket=red msg=0.00, 0.00, 0, 0, 0
[detect_bucket] dist=11.41m (geom) target_ball=red ball carrying=red target_bucket=red msg=-0.23, -0.48, 0, 0, 0
[detect_bucket] dist=11.41m (geom) target_ball=red ball carrying=red target_bucket=red msg=0.00, 0.00, 0, 0, 0
[detect_bucket] dist=11.41m (geom) target_ball=red ball carrying=red target_bucket=red msg=0.00, 0.00, 0, 0, 0
[detect_bucket] dist=11.41m (geom) target_ball=red ball carrying=red target_bucket=red msg=0.00, 0.00, 0, 0, 0
[detect_bucket] dist=11.41m (geom) target_ball=red ball carrying=red target_bucket=red msg=0.00, 0.00, 0, 0, 0
[detect_bucket] dist=11.41m (geom) target_ball=red ball carrying=red target_bucket=red msg=0.00, 0.00, 0, 0, 0
[detect_bucket] dist=11.61m (geom) target_ball=red ball carrying=red target_bucket=red msg=-0.23, -0.49, 0, 0, 0
[detect_bucket] dist=11.59m (geom) target_ball=red ball carrying=red target_bucket=red msg=-0.23, -0.49, 0, 0, 0
[detect_bucket] dist=11.40m (geom) target_ball=red ball carrying=red target_bucket=red msg=-0.23, -0.49, 0, 0, 0
[detect_bucket] dist=11.54m (geom) target_ball=red ball carrying=red target_bucket=red msg=-0.23, -0.49, 0, 0, 0
[detect_bucket] dist=11.53m (geom) target_ball=red ball carrying=red target_bucket=red msg=-0.23, -0.49, 0, 0, 0
[detect_bucket] dist=11.50m (geom) target_ball=red ball carrying=red target_bucket=red msg=-0.23, -0.49, 0, 0, 0
[detect_bucket] dist=11.60m (geom) target_ball=red ball carrying=red target_bucket=red msg=-0.23, -0.50, 0, 0, 0
[detect_bucket] dist=11.53m (geom) target_ball=red ball carrying=red target_bucket=red msg=-0.23, -0.49, 0, 0, 0
[detect_bucket] dist=11.50m (geom) target_ball=red ball carrying=red target_bucket=red msg=-0.23, -0.48, 0, 0, 0
[detect_bucket] dist=11.50m (geom) target_ball=red ball carrying=red target_bucket=red msg=0.00, 0.00, 0, 0, 0
[detect_bucket] dist=11.50m (geom) target_ball=red ball carrying=red target_bucket=red msg=0.00, 0.00, 0, 0, 0
[detect_bucket] dist=11.50m (geom) target_ball=red ball carrying=red target_bucket=red msg=0.00, 0.00, 0, 0, 0
[detect_bucket] dist=11.50m (geom) target_ball=red ball carrying=red target_bucket=red msg=0.00, 0.00, 0, 0, 0
[detect_bucket] dist=11.50m (geom) target_ball=red ball carrying=red target_bucket=red msg=0.00, 0.00, 0, 0, 0
[detect_bucket] dist=2.03m (depth) target_ball=red ball carrying=red target_bucket=red msg=-0.09, -0.35, 0, 0, 0
[detect_bucket] dist=2.03m (depth) target_ball=red ball carrying=red target_bucket=red msg=0.00, 0.00, 0, 0, 0
[detect_bucket] dist=2.03m (depth) target_ball=red ball carrying=red target_bucket=red msg=0.00, 0.00, 0, 0, 0
[detect_bucket] dist=2.04m (depth) target_ball=red ball carrying=red target_bucket=red msg=-0.09, -0.33, 0, 0, 0
[detect_bucket] dist=2.04m (depth) target_ball=red ball carrying=red target_bucket=red msg=0.00, 0.00, 0, 0, 0
[detect_bucket] dist=2.04m (depth) target_ball=red ball carrying=red target_bucket=red msg=0.00, 0.00, 0, 0, 0
[detect_bucket] dist=2.04m (depth) target_ball=red ball carrying=red target_bucket=red msg=0.00, 0.00, 0, 0, 0
[detect_bucket] dist=2.04m (depth) target_ball=red ball carrying=red target_bucket=red msg=0.00, 0.00, 0, 0, 0
[detect_bucket] dist=2.04m (depth) target_ball=red ball carrying=red target_bucket=red msg=0.00, 0.00, 0, 0, 0
[detect_bucket] dist=2.04m (depth) target_ball=red ball carrying=red target_bucket=red msg=0.00, 0.00, 0, 0, 0
[detect_bucket] dist=2.04m (depth) target_ball=red ball carrying=red target_bucket=red msg=-0.09, -0.33, 0, 0, 0
[detect_bucket] dist=2.04m (depth) target_ball=red ball carrying=red target_bucket=red msg=-0.09, -0.33, 0, 0, 0
[detect_bucket] dist=2.04m (depth) target_ball=red ball carrying=red target_bucket=red msg=0.00, 0.00, 0, 0, 0
[detect_bucket] dist=2.04m (depth) target_ball=red ball carrying=red target_bucket=red msg=0.00, 0.00, 0, 0, 0
[detect_bucket] dist=2.06m (depth) target_ball=red ball carrying=red target_bucket=red msg=-0.09, -0.31, 0, 0, 0
[detect_bucket] dist=2.06m (depth) target_ball=red ball carrying=red target_bucket=red msg=0.00, 0.00, 0, 0, 0
[detect_bucket] dist=2.06m (depth) target_ball=red ball carrying=red target_bucket=red msg=0.00, 0.00, 0, 0, 0
[detect_bucket] dist=2.06m (depth) target_ball=red ball carrying=red target_bucket=red msg=0.00, 0.00, 0, 0, 0
[detect_bucket] dist=2.06m (depth) target_ball=red ball carrying=red target_bucket=red msg=0.00, 0.00, 0, 0, 0
[detect_bucket] dist=2.06m (depth) target_ball=red ball carrying=red target_bucket=red msg=0.00, 0.00, 0, 0, 0
[detect_bucket] dist=2.06m (depth) target_ball=red ball carrying=red target_bucket=red msg=0.00, 0.00, 0, 0, 0
[detect_bucket] dist=2.06m (depth) target_ball=red ball carrying=red target_bucket=red msg=0.00, 0.00, 0, 0, 0
[detect_bucket] dist=2.06m (depth) target_ball=red ball carrying=red target_bucket=red msg=0.00, 0.00, 0, 0, 0
[detect_bucket] dist=2.02m (depth) target_ball=red ball carrying=red target_bucket=red msg=-0.14, 0.00, 0, 0, 0
[detect_bucket] dist=2.02m (depth) target_ball=red ball carrying=red target_bucket=red msg=-0.14, 0.00, 0, 0, 0
[detect_bucket] dist=2.02m (depth) target_ball=red ball carrying=red target_bucket=red msg=-0.14, 0.00, 0, 0, 0
[detect_bucket] dist=2.02m (depth) target_ball=red ball carrying=red target_bucket=red msg=0.00, 0.00, 0, 0, 0
[detect_bucket] dist=2.02m (depth) target_ball=red ball carrying=red target_bucket=red msg=0.00, 0.00, 0, 0, 0
[detect_bucket] dist=2.02m (depth) target_ball=red ball carrying=red target_bucket=red msg=0.00, 0.00, 0, 0, 0
[detect_bucket] dist=2.02m (depth) target_ball=red ball carrying=red target_bucket=red msg=0.00, 0.00, 0, 0, 0
[detect_bucket] dist=2.02m (depth) target_ball=red ball carrying=red target_bucket=red msg=0.00, 0.00, 0, 0, 0
[detect_bucket] dist=2.02m (depth) target_ball=red ball carrying=red target_bucket=red msg=0.00, 0.00, 0, 0, 0
[detect_bucket] dist=2.01m (depth) target_ball=red ball carrying=red target_bucket=red msg=-0.14, 0.00, 0, 0, 0
[detect_bucket] dist=2.01m (depth) target_ball=red ball carrying=red target_bucket=red msg=0.00, 0.00, 0, 0, 0
[detect_bucket] dist=2.01m (depth) target_ball=red ball carrying=red target_bucket=red msg=0.00, 0.00, 0, 0, 0
[detect_bucket] dist=2.00m (depth) target_ball=red ball carrying=red target_bucket=red msg=-0.14, 0.00, 0, 0, 0
[detect_bucket] dist=2.01m (depth) target_ball=red ball carrying=red target_bucket=red msg=-0.14, -0.05, 0, 0, 0
[detect_bucket] dist=2.00m (depth) target_ball=red ball carrying=red target_bucket=red msg=-0.14, 0.00, 0, 0, 0
[detect_bucket] dist=2.00m (depth) target_ball=red ball carrying=red target_bucket=red msg=-0.14, -0.05, 0, 0, 0
[detect_bucket] dist=2.00m (depth) target_ball=red ball carrying=red target_bucket=red msg=-0.14, 0.00, 0, 0, 0
[detect_bucket] dist=2.00m (depth) target_ball=red ball carrying=red target_bucket=red msg=0.00, 0.00, 0, 0, 0
[detect_bucket] dist=2.00m (depth) target_ball=red ball carrying=red target_bucket=red msg=0.00, 0.00, 0, 0, 0
[detect_bucket] dist=2.00m (depth) target_ball=red ball carrying=red target_bucket=red msg=0.00, 0.00, 0, 0, 0
[detect_bucket] dist=2.00m (depth) target_ball=red ball carrying=red target_bucket=red msg=0.00, 0.00, 0, 0, 0
[detect_bucket] dist=2.00m (depth) target_ball=red ball carrying=red target_bucket=red msg=0.00, 0.00, 0, 0, 0
[detect_bucket] dist=2.00m (depth) target_ball=red ball carrying=red target_bucket=red msg=0.00, 0.00, 0, 0, 0
[detect_bucket] dist=2.00m (depth) target_ball=red ball carrying=red target_bucket=red msg=0.00, 0.00, 0, 0, 0
[detect_bucket] dist=2.00m (depth) target_ball=red ball carrying=red target_bucket=red msg=0.00, 0.00, 0, 0, 0
[detect_bucket] dist=2.00m (depth) target_ball=red ball carrying=red target_bucket=red msg=0.00, 0.00, 0, 0, 0
[detect_bucket] dist=2.00m (depth) target_ball=red ball carrying=red target_bucket=red msg=0.00, 0.00, 0, 0, 0
[detect_bucket] dist=2.00m (depth) target_ball=red ball carrying=red target_bucket=red msg=0.00, 0.00, 0, 0, 0
[detect_bucket] dist=2.00m (depth) target_ball=red ball carrying=red target_bucket=red msg=0.00, 0.00, 0, 0, 0
[detect_bucket] dist=2.00m (depth) target_ball=red ball carrying=red target_bucket=red msg=0.00, 0.00, 0, 0, 0
[detect_bucket] dist=2.00m (depth) target_ball=red ball carrying=red target_bucket=red msg=0.00, 0.00, 0, 0, 0
[detect_bucket] dist=2.00m (depth) target_ball=red ball carrying=red target_bucket=red msg=0.00, 0.00, 0, 0, 0
[detect_bucket] dist=2.00m (depth) target_ball=red ball carrying=red target_bucket=red msg=0.00, 0.00, 0, 0, 0
[detect_bucket] dist=2.00m (depth) target_ball=red ball carrying=red target_bucket=red msg=0.00, 0.00, 0, 0, 0
[detect_bucket] dist=2.00m (depth) target_ball=red ball carrying=red target_bucket=red msg=0.00, 0.00, 0, 0, 0
[detect_bucket] dist=2.00m (depth) target_ball=red ball carrying=red target_bucket=red msg=0.00, 0.00, 0, 0, 0
[detect_bucket] dist=2.00m (depth) target_ball=red ball carrying=red target_bucket=red msg=0.00, 0.00, 0, 0, 0
[detect_bucket] dist=2.00m (depth) target_ball=red ball carrying=red target_bucket=red msg=0.00, 0.00, 0, 0, 0
[detect_bucket] dist=2.00m (depth) target_ball=red ball carrying=red target_bucket=red msg=0.00, 0.00, 0, 0, 0
[detect_bucket] dist=2.00m (depth) target_ball=red ball carrying=red target_bucket=red msg=0.00, 0.00, 0, 0, 0
[detect_bucket] dist=2.00m (depth) target_ball=red ball carrying=red target_bucket=red msg=0.00, 0.00, 0, 0, 0
[detect_bucket] dist=1.54m (depth) target_ball=red ball carrying=red target_bucket=red msg=-0.09, 0.41, 0, 0, 0
[detect_bucket] dist=1.54m (depth) target_ball=red ball carrying=red target_bucket=red msg=0.00, 0.00, 0, 0, 0
[detect_bucket] dist=1.54m (depth) target_ball=red ball carrying=red target_bucket=red msg=0.00, 0.00, 0, 0, 0
[detect_bucket] dist=1.54m (depth) target_ball=red ball carrying=red target_bucket=red msg=-0.09, 0.40, 0, 0, 0
[detect_bucket] dist=1.52m (depth) target_ball=red ball carrying=red target_bucket=red msg=-0.09, 0.39, 0, 0, 0
[detect_bucket] dist=1.52m (depth) target_ball=red ball carrying=red target_bucket=red msg=0.00, 0.00, 0, 0, 0
[detect_bucket] dist=1.52m (depth) target_ball=red ball carrying=red target_bucket=red msg=0.00, 0.00, 0, 0, 0
[detect_bucket] dist=1.52m (depth) target_ball=red ball carrying=red target_bucket=red msg=0.00, 0.00, 0, 0, 0
[detect_bucket] dist=1.52m (depth) target_ball=red ball carrying=red target_bucket=red msg=0.00, 0.00, 0, 0, 0
[detect_bucket] dist=1.57m (depth) target_ball=red ball carrying=red target_bucket=red msg=-0.09, 0.30, 0, 0, 0
[detect_bucket] dist=1.57m (depth) target_ball=red ball carrying=red target_bucket=red msg=0.00, 0.00, 0, 0, 0
[detect_bucket] dist=1.57m (depth) target_ball=red ball carrying=red target_bucket=red msg=0.00, 0.00, 0, 0, 0
[detect_bucket] dist=1.57m (depth) target_ball=red ball carrying=red target_bucket=red msg=-0.09, 0.29, 0, 0, 0
[detect_bucket] dist=1.57m (depth) target_ball=red ball carrying=red target_bucket=red msg=0.00, 0.00, 0, 0, 0
[detect_bucket] dist=1.57m (depth) target_ball=red ball carrying=red target_bucket=red msg=0.00, 0.00, 0, 0, 0
[detect_bucket] dist=1.56m (depth) target_ball=red ball carrying=red target_bucket=red msg=-0.09, 0.28, 0, 0, 0
[detect_bucket] dist=1.57m (depth) target_ball=red ball carrying=red target_bucket=red msg=-0.09, 0.28, 0, 0, 0
[detect_bucket] dist=1.58m (depth) target_ball=red ball carrying=red target_bucket=red msg=-0.09, 0.28, 0, 0, 0
[detect_bucket] dist=1.58m (depth) target_ball=red ball carrying=red target_bucket=red msg=-0.09, 0.28, 0, 0, 0
[detect_bucket] dist=1.58m (depth) target_ball=red ball carrying=red target_bucket=red msg=-0.09, 0.28, 0, 0, 0
[detect_bucket] dist=1.58m (depth) target_ball=red ball carrying=red target_bucket=red msg=0.00, 0.00, 0, 0, 0
[detect_bucket] dist=1.58m (depth) target_ball=red ball carrying=red target_bucket=red msg=0.00, 0.00, 0, 0, 0
[detect_bucket] dist=1.58m (depth) target_ball=red ball carrying=red target_bucket=red msg=0.00, 0.00, 0, 0, 0
[detect_bucket] dist=1.58m (depth) target_ball=red ball carrying=red target_bucket=red msg=0.00, 0.00, 0, 0, 0
[detect_bucket] dist=1.59m (depth) target_ball=red ball carrying=red target_bucket=red msg=-0.14, 0.21, 0, 0, 0
[detect_bucket] dist=1.59m (depth) target_ball=red ball carrying=red target_bucket=red msg=-0.14, 0.21, 0, 0, 0
[detect_bucket] dist=1.59m (depth) target_ball=red ball carrying=red target_bucket=red msg=0.00, 0.00, 0, 0, 0
[detect_bucket] dist=1.59m (depth) target_ball=red ball carrying=red target_bucket=red msg=0.00, 0.00, 0, 0, 0
[detect_bucket] dist=1.59m (depth) target_ball=red ball carrying=red target_bucket=red msg=0.00, 0.00, 0, 0, 0
[detect_bucket] dist=1.59m (depth) target_ball=red ball carrying=red target_bucket=red msg=-0.14, 0.20, 0, 0, 0
[detect_bucket] dist=1.60m (depth) target_ball=red ball carrying=red target_bucket=red msg=-0.14, 0.20, 0, 0, 0
[detect_bucket] dist=1.60m (depth) target_ball=red ball carrying=red target_bucket=red msg=0.00, 0.00, 0, 0, 0
[detect_bucket] dist=1.60m (depth) target_ball=red ball carrying=red target_bucket=red msg=0.00, 0.00, 0, 0, 0
[detect_bucket] dist=1.60m (depth) target_ball=red ball carrying=red target_bucket=red msg=0.00, 0.00, 0, 0, 0
[detect_bucket] dist=1.60m (depth) target_ball=red ball carrying=red target_bucket=red msg=0.00, 0.00, 0, 0, 0
[detect_bucket] dist=1.60m (depth) target_ball=red ball carrying=red target_bucket=red msg=0.00, 0.00, 0, 0, 0
[detect_bucket] dist=1.60m (depth) target_ball=red ball carrying=red target_bucket=red msg=0.00, 0.00, 0, 0, 0
[detect_bucket] dist=1.60m (depth) target_ball=red ball carrying=red target_bucket=red msg=0.00, 0.00, 0, 0, 0
[detect_bucket] dist=1.60m (depth) target_ball=red ball carrying=red target_bucket=red msg=0.00, 0.00, 0, 0, 0
[detect_bucket] dist=1.60m (depth) target_ball=red ball carrying=red target_bucket=red msg=-0.14, 0.18, 0, 0, 0
[detect_bucket] dist=1.60m (depth) target_ball=red ball carrying=red target_bucket=red msg=0.00, 0.00, 0, 0, 0
[detect_bucket] dist=1.60m (depth) target_ball=red ball carrying=red target_bucket=red msg=0.00, 0.00, 0, 0, 0
[detect_bucket] dist=1.59m (depth) target_ball=red ball carrying=red target_bucket=red msg=-0.14, 0.18, 0, 0, 0
[detect_bucket] dist=1.59m (depth) target_ball=red ball carrying=red target_bucket=red msg=0.00, 0.00, 0, 0, 0
[detect_bucket] dist=1.59m (depth) target_ball=red ball carrying=red target_bucket=red msg=0.00, 0.00, 0, 0, 0
[detect_bucket] dist=1.59m (depth) target_ball=red ball carrying=red target_bucket=red msg=0.00, 0.00, 0, 0, 0
[detect_bucket] dist=1.59m (depth) target_ball=red ball carrying=red target_bucket=red msg=0.00, 0.00, 0, 0, 0
[detect_bucket] dist=1.59m (depth) target_ball=red ball carrying=red target_bucket=red msg=0.00, 0.00, 0, 0, 0
[detect_bucket] dist=1.59m (depth) target_ball=red ball carrying=red target_bucket=red msg=0.00, 0.00, 0, 0, 0
[detect_bucket] dist=1.59m (depth) target_ball=red ball carrying=red target_bucket=red msg=0.00, 0.00, 0, 0, 0
[detect_bucket] dist=1.59m (depth) target_ball=red ball carrying=red target_bucket=red msg=0.00, 0.00, 0, 0, 0
[detect_bucket] dist=1.59m (depth) target_ball=red ball carrying=red target_bucket=red msg=0.00, 0.00, 0, 0, 0
[detect_bucket] dist=1.59m (depth) target_ball=red ball carrying=red target_bucket=red msg=0.00, 0.00, 0, 0, 0
[detect_bucket] dist=1.59m (depth) target_ball=red ball carrying=red target_bucket=red msg=0.00, 0.00, 0, 0, 0
[detect_bucket] dist=1.59m (depth) target_ball=red ball carrying=red target_bucket=red msg=0.00, 0.00, 0, 0, 0
[detect_bucket] dist=1.59m (depth) target_ball=red ball carrying=red target_bucket=red msg=0.00, 0.00, 0, 0, 0
[detect_bucket] dist=1.59m (depth) target_ball=red ball carrying=red target_bucket=red msg=0.00, 0.00, 0, 0, 0
[detect_bucket] dist=1.59m (depth) target_ball=red ball carrying=red target_bucket=red msg=0.00, 0.00, 0, 0, 0
[detect_bucket] dist=1.59m (depth) target_ball=red ball carrying=red target_bucket=red msg=0.00, 0.00, 0, 0, 0
[detect_bucket] dist=1.22m (depth) target_ball=red ball carrying=red target_bucket=red msg=-0.05, -0.34, 0, 0, 0
[detect_bucket] dist=1.19m (depth) target_ball=red ball carrying=red target_bucket=red msg=-0.05, -0.33, 0, 0, 0
[detect_bucket] dist=1.17m (depth) target_ball=red ball carrying=red target_bucket=red msg=-0.05, -0.33, 0, 0, 0
[detect_bucket] dist=1.14m (depth) target_ball=red ball carrying=red target_bucket=red msg=-0.05, -0.33, 0, 0, 0
[detect_bucket] dist=1.08m (depth) target_ball=red ball carrying=red target_bucket=red msg=-0.05, -0.33, 0, 0, 0
[detect_bucket] dist=1.08m (depth) target_ball=red ball carrying=red target_bucket=red msg=-0.05, -0.32, 0, 0, 0
[detect_bucket] dist=1.05m (depth) target_ball=red ball carrying=red target_bucket=red msg=-0.05, -0.30, 0, 0, 0
[detect_bucket] dist=1.04m (depth) target_ball=red ball carrying=red target_bucket=red msg=-0.05, -0.28, 0, 0, 0
[detect_bucket] dist=1.02m (depth) target_ball=red ball carrying=red target_bucket=red msg=-0.05, -0.27, 0, 0, 0
[detect_bucket] dist=1.00m (depth) target_ball=red ball carrying=red target_bucket=red msg=-0.08, -0.25, 0, 0, 0
[detect_bucket] dist=0.99m (depth) target_ball=red ball carrying=red target_bucket=red msg=-0.08, -0.24, 0, 0, 0
[detect_bucket] dist=0.97m (depth) target_ball=red ball carrying=red target_bucket=red msg=-0.08, -0.23, 0, 0, 0
[detect_bucket] dist=0.97m (depth) target_ball=red ball carrying=red target_bucket=red msg=-0.08, -0.21, 0, 0, 0
[detect_bucket] dist=0.97m (depth) target_ball=red ball carrying=red target_bucket=red msg=-0.08, -0.20, 0, 0, 0
[detect_bucket] dist=0.98m (depth) target_ball=red ball carrying=red target_bucket=red msg=-0.08, -0.18, 0, 0, 0
[detect_bucket] dist=0.98m (depth) target_ball=red ball carrying=red target_bucket=red msg=-0.08, -0.17, 0, 0, 0
[detect_bucket] dist=0.97m (depth) target_ball=red ball carrying=red target_bucket=red msg=-0.08, -0.17, 0, 0, 0
[detect_bucket] dist=0.97m (depth) target_ball=red ball carrying=red target_bucket=red msg=-0.08, -0.16, 0, 0, 0
[detect_bucket] dist=0.97m (depth) target_ball=red ball carrying=red target_bucket=red msg=-0.08, -0.16, 0, 0, 0
[detect_bucket] dist=0.97m (depth) target_ball=red ball carrying=red target_bucket=red msg=-0.08, -0.15, 0, 0, 0
[detect_bucket] dist=0.95m (depth) target_ball=red ball carrying=red target_bucket=red msg=-0.08, -0.15, 0, 0, 0
[detect_bucket] dist=0.95m (depth) target_ball=red ball carrying=red target_bucket=red msg=0.00, 0.00, 0, 0, 0
[detect_bucket] dist=0.95m (depth) target_ball=red ball carrying=red target_bucket=red msg=0.00, 0.00, 0, 0, 0
[detect_bucket] dist=0.96m (depth) target_ball=red ball carrying=red target_bucket=red msg=-0.08, -0.12, 0, 0, 0
[detect_bucket] dist=0.97m (depth) target_ball=red ball carrying=red target_bucket=red msg=-0.08, -0.11, 0, 0, 0
[detect_bucket] dist=0.97m (depth) target_ball=red ball carrying=red target_bucket=red msg=-0.08, -0.10, 0, 0, 0
[detect_bucket] dist=0.96m (depth) target_ball=red ball carrying=red target_bucket=red msg=-0.08, -0.10, 0, 0, 0
[detect_bucket] dist=0.95m (depth) target_ball=red ball carrying=red target_bucket=red msg=-0.08, -0.10, 0, 0, 0
[detect_bucket] dist=0.95m (depth) target_ball=red ball carrying=red target_bucket=red msg=-0.08, -0.09, 0, 0, 0
[detect_bucket] dist=0.96m (depth) target_ball=red ball carrying=red target_bucket=red msg=-0.08, -0.09, 0, 0, 0
[detect_bucket] dist=0.96m (depth) target_ball=red ball carrying=red target_bucket=red msg=-0.08, -0.09, 0, 0, 0
[detect_bucket] dist=0.95m (depth) target_ball=red ball carrying=red target_bucket=red msg=-0.08, -0.08, 0, 0, 0
[detect_bucket] dist=0.95m (depth) target_ball=red ball carrying=red target_bucket=red msg=-0.08, -0.08, 0, 0, 0
[detect_bucket] dist=0.95m (depth) target_ball=red ball carrying=red target_bucket=red msg=-0.08, -0.08, 0, 0, 0
[detect_bucket] dist=0.95m (depth) target_ball=red ball carrying=red target_bucket=red msg=-0.08, -0.08, 0, 0, 0
[detect_bucket] dist=0.95m (depth) target_ball=red ball carrying=red target_bucket=red msg=-0.08, -0.07, 0, 0, 0
[detect_bucket] dist=0.94m (depth) target_ball=red ball carrying=red target_bucket=red msg=-0.08, -0.07, 0, 0, 0
[detect_bucket] dist=0.93m (depth) target_ball=red ball carrying=red target_bucket=red msg=-0.08, -0.07, 0, 0, 0
[detect_bucket] dist=0.92m (depth) target_ball=red ball carrying=red target_bucket=red msg=-0.08, -0.07, 0, 0, 0
[detect_bucket] dist=0.92m (depth) target_ball=red ball carrying=red target_bucket=red msg=-0.08, -0.07, 0, 0, 0
[detect_bucket] dist=0.92m (depth) target_ball=red ball carrying=red target_bucket=red msg=-0.08, -0.06, 0, 0, 0
[detect_bucket] dist=0.92m (depth) target_ball=red ball carrying=red target_bucket=red msg=-0.08, -0.06, 0, 0, 0
[detect_bucket] dist=0.93m (depth) target_ball=red ball carrying=red target_bucket=red msg=-0.08, -0.06, 0, 0, 0
[detect_bucket] dist=0.92m (depth) target_ball=red ball carrying=red target_bucket=red msg=-0.08, -0.05, 0, 0, 0
[detect_bucket] dist=0.92m (depth) target_ball=red ball carrying=red target_bucket=red msg=-0.08, -0.06, 0, 0, 0
[detect_bucket] dist=0.91m (depth) target_ball=red ball carrying=red target_bucket=red msg=-0.08, -0.05, 0, 0, 0
[detect_bucket] dist=0.90m (depth) target_ball=red ball carrying=red target_bucket=red msg=-0.08, -0.05, 0, 0, 0
[detect_bucket] dist=0.90m (depth) target_ball=red ball carrying=red target_bucket=red msg=-0.08, -0.05, 0, 0, 0
[detect_bucket] dist=0.90m (depth) target_ball=red ball carrying=red target_bucket=red msg=-0.08, 0.00, 0, 0, 0
[detect_bucket] dist=0.91m (depth) target_ball=red ball carrying=red target_bucket=red msg=-0.08, 0.00, 0, 0, 0
[detect_bucket] dist=0.90m (depth) target_ball=red ball carrying=red target_bucket=red msg=-0.08, 0.00, 0, 0, 0
[detect_bucket] dist=0.88m (depth) target_ball=red ball carrying=red target_bucket=red msg=-0.08, 0.00, 0, 0, 0
[detect_bucket] dist=0.88m (depth) target_ball=red ball carrying=red target_bucket=red msg=-0.08, 0.00, 0, 0, 0
[detect_bucket] dist=0.88m (depth) target_ball=red ball carrying=red target_bucket=red msg=-0.08, 0.00, 0, 0, 0
[detect_bucket] dist=0.87m (depth) target_ball=red ball carrying=red target_bucket=red msg=-0.08, 0.00, 0, 0, 0
[detect_bucket] dist=0.88m (depth) target_ball=red ball carrying=red target_bucket=red msg=-0.08, 0.00, 0, 0, 0
[detect_bucket] dist=0.87m (depth) target_ball=red ball carrying=red target_bucket=red msg=-0.08, 0.00, 0, 0, 0
[detect_bucket] dist=0.87m (depth) target_ball=red ball carrying=red target_bucket=red msg=-0.08, 0.00, 0, 0, 0
[detect_bucket] dist=0.86m (depth) target_ball=red ball carrying=red target_bucket=red msg=-0.08, 0.00, 0, 0, 0
[detect_bucket] dist=0.86m (depth) target_ball=red ball carrying=red target_bucket=red msg=-0.08, 0.00, 0, 0, 0
[detect_bucket] dist=0.86m (depth) target_ball=red ball carrying=red target_bucket=red msg=-0.08, 0.00, 0, 0, 0
[detect_bucket] dist=0.86m (depth) target_ball=red ball carrying=red target_bucket=red msg=-0.08, 0.00, 0, 0, 0
[detect_bucket] dist=0.85m (depth) target_ball=red ball carrying=red target_bucket=red msg=-0.08, 0.00, 0, 0, 0
[detect_bucket] dist=0.85m (depth) target_ball=red ball carrying=red target_bucket=red msg=-0.08, 0.00, 0, 0, 0
[detect_bucket] dist=0.84m (depth) target_ball=red ball carrying=red target_bucket=red msg=-0.08, 0.00, 0, 0, 0
[detect_bucket] dist=0.85m (depth) target_ball=red ball carrying=red target_bucket=red msg=-0.08, 0.00, 0, 0, 0
[detect_bucket] dist=0.84m (depth) target_ball=red ball carrying=red target_bucket=red msg=-0.08, 0.00, 0, 0, 0
[detect_bucket] dist=0.84m (depth) target_ball=red ball carrying=red target_bucket=red msg=-0.08, 0.00, 0, 0, 0
[detect_bucket] dist=0.84m (depth) target_ball=red ball carrying=red target_bucket=red msg=-0.08, 0.00, 0, 0, 0
[detect_bucket] dist=0.83m (depth) target_ball=red ball carrying=red target_bucket=red msg=-0.08, 0.00, 0, 0, 0
[detect_bucket] dist=0.83m (depth) target_ball=red ball carrying=red target_bucket=red msg=-0.08, 0.00, 0, 0, 0
[detect_bucket] dist=0.82m (depth) target_ball=red ball carrying=red target_bucket=red msg=-0.08, 0.00, 0, 0, 0
[detect_bucket] dist=0.82m (depth) target_ball=red ball carrying=red target_bucket=red msg=-0.08, 0.00, 0, 0, 0
[detect_bucket] dist=0.82m (depth) target_ball=red ball carrying=red target_bucket=red msg=-0.08, 0.00, 0, 0, 0
[detect_bucket] dist=0.82m (depth) target_ball=red ball carrying=red target_bucket=red msg=-0.08, 0.00, 0, 0, 0
[detect_bucket] dist=0.82m (depth) target_ball=red ball carrying=red target_bucket=red msg=-0.08, 0.00, 0, 0, 0
[detect_bucket] dist=0.82m (depth) target_ball=red ball carrying=red target_bucket=red msg=-0.08, 0.00, 0, 0, 0
[detect_bucket] dist=0.82m (depth) target_ball=red ball carrying=red target_bucket=red msg=-0.08, 0.00, 0, 0, 0
[detect_bucket] dist=0.81m (depth) target_ball=red ball carrying=red target_bucket=red msg=-0.08, 0.00, 0, 0, 0
[detect_bucket] dist=0.81m (depth) target_ball=red ball carrying=red target_bucket=red msg=-0.08, 0.00, 0, 0, 0
[detect_bucket] dist=0.82m (depth) target_ball=red ball carrying=red target_bucket=red msg=-0.08, 0.00, 0, 0, 0
[detect_bucket] dist=0.81m (depth) target_ball=red ball carrying=red target_bucket=red msg=-0.08, 0.00, 0, 0, 0
[detect_bucket] dist=0.81m (depth) target_ball=red ball carrying=red target_bucket=red msg=-0.08, 0.00, 0, 0, 0
[detect_bucket] dist=0.81m (depth) target_ball=red ball carrying=red target_bucket=red msg=-0.08, 0.00, 0, 0, 0
[detect_bucket] dist=0.81m (depth) target_ball=red ball carrying=red target_bucket=red msg=-0.08, 0.00, 0, 0, 0
[detect_bucket] dist=0.79m (depth) target_ball=red ball carrying=red target_bucket=red msg=-0.08, 0.00, 0, 0, 0
[detect_bucket] dist=0.80m (depth) target_ball=red ball carrying=red target_bucket=red msg=-0.08, 0.00, 0, 0, 0
[detect_bucket] dist=0.79m (depth) target_ball=red ball carrying=red target_bucket=red msg=-0.08, 0.00, 0, 0, 0
[detect_bucket] dist=0.79m (depth) target_ball=red ball carrying=red target_bucket=red msg=-0.08, 0.00, 0, 0, 0
[detect_bucket] dist=0.78m (depth) target_ball=red ball carrying=red target_bucket=red msg=-0.08, 0.00, 0, 0, 0
[detect_bucket] dist=0.78m (depth) target_ball=red ball carrying=red target_bucket=red msg=-0.08, 0.00, 0, 0, 0
[detect_bucket] dist=0.78m (depth) target_ball=red ball carrying=red target_bucket=red msg=-0.08, 0.00, 0, 0, 0
[detect_bucket] dist=0.77m (depth) target_ball=red ball carrying=red target_bucket=red msg=-0.08, 0.00, 0, 0, 0
[detect_bucket] dist=0.77m (depth) target_ball=red ball carrying=red target_bucket=red msg=-0.08, 0.00, 0, 0, 0
[detect_bucket] dist=0.76m (depth) target_ball=red ball carrying=red target_bucket=red msg=-0.08, 0.00, 0, 0, 0
[detect_bucket] dist=0.76m (depth) target_ball=red ball carrying=red target_bucket=red msg=-0.08, 0.00, 0, 0, 0
[detect_bucket] dist=0.76m (depth) target_ball=red ball carrying=red target_bucket=red msg=-0.08, 0.00, 0, 0, 0
[detect_bucket] dist=0.75m (depth) target_ball=red ball carrying=red target_bucket=red msg=-0.08, 0.00, 0, 0, 0
[detect_bucket] dist=0.75m (depth) target_ball=red ball carrying=red target_bucket=red msg=-0.08, 0.00, 0, 0, 0
[detect_bucket] dist=0.75m (depth) target_ball=red ball carrying=red target_bucket=red msg=-0.08, 0.00, 0, 0, 0
[detect_bucket] dist=0.74m (depth) target_ball=red ball carrying=red target_bucket=red msg=-0.08, 0.00, 0, 0, 0
[detect_bucket] dist=0.75m (depth) target_ball=red ball carrying=red target_bucket=red msg=-0.08, 0.00, 0, 0, 0
[detect_bucket] dist=0.74m (depth) target_ball=red ball carrying=red target_bucket=red msg=-0.08, 0.00, 0, 0, 0
[detect_bucket] dist=0.74m (depth) target_ball=red ball carrying=red target_bucket=red msg=-0.08, 0.00, 0, 0, 0
[detect_bucket] dist=0.73m (depth) target_ball=red ball carrying=red target_bucket=red msg=-0.08, 0.00, 0, 0, 0
[detect_bucket] dist=0.73m (depth) target_ball=red ball carrying=red target_bucket=red msg=-0.08, 0.00, 0, 0, 0
[detect_bucket] dist=0.73m (depth) target_ball=red ball carrying=red target_bucket=red msg=-0.08, 0.00, 0, 0, 0
[detect_bucket] dist=0.73m (depth) target_ball=red ball carrying=red target_bucket=red msg=-0.08, 0.00, 0, 0, 0
[detect_bucket] dist=0.72m (depth) target_ball=red ball carrying=red target_bucket=red msg=-0.08, 0.00, 0, 0, 0
[detect_bucket] dist=0.72m (depth) target_ball=red ball carrying=red target_bucket=red msg=-0.08, 0.00, 0, 0, 0
[detect_bucket] dist=0.71m (depth) target_ball=red ball carrying=red target_bucket=red msg=-0.08, 0.00, 0, 0, 0
[detect_bucket] dist=0.71m (depth) target_ball=red ball carrying=red target_bucket=red msg=-0.08, 0.00, 0, 0, 0
[detect_bucket] dist=0.71m (depth) target_ball=red ball carrying=red target_bucket=red msg=-0.08, 0.00, 0, 0, 0
[detect_bucket] dist=0.70m (depth) target_ball=red ball carrying=red target_bucket=red msg=-0.08, 0.00, 0, 0, 0
[detect_bucket] dist=0.70m (depth) target_ball=red ball carrying=red target_bucket=red msg=-0.08, 0.00, 0, 0, 0
[detect_bucket] dist=0.70m (depth) target_ball=red ball carrying=red target_bucket=red msg=-0.08, 0.00, 0, 0, 0
[detect_bucket] dist=0.69m (depth) target_ball=red ball carrying=red target_bucket=red msg=-0.08, 0.00, 0, 0, 0
[detect_bucket] dist=0.69m (depth) target_ball=red ball carrying=red target_bucket=red msg=-0.08, 0.00, 0, 0, 0
[detect_bucket] dist=0.69m (depth) target_ball=red ball carrying=red target_bucket=red msg=-0.08, 0.00, 0, 0, 0
[detect_bucket] dist=0.69m (depth) target_ball=red ball carrying=red target_bucket=red msg=-0.08, 0.00, 0, 0, 0
[detect_bucket] dist=0.68m (depth) target_ball=red ball carrying=red target_bucket=red msg=-0.08, 0.00, 0, 0, 0
[detect_bucket] dist=0.68m (depth) target_ball=red ball carrying=red target_bucket=red msg=-0.08, 0.00, 0, 0, 0
[detect_bucket] dist=0.68m (depth) target_ball=red ball carrying=red target_bucket=red msg=-0.08, 0.00, 0, 0, 0
[detect_bucket] dist=0.68m (depth) target_ball=red ball carrying=red target_bucket=red msg=-0.08, 0.00, 0, 0, 0
[detect_bucket] dist=0.67m (depth) target_ball=red ball carrying=red target_bucket=red msg=-0.08, 0.00, 0, 0, 0
[detect_bucket] dist=0.66m (depth) target_ball=red ball carrying=red target_bucket=red msg=-0.08, 0.00, 0, 0, 0
[detect_bucket] dist=0.66m (depth) target_ball=red ball carrying=red target_bucket=red msg=-0.08, 0.00, 0, 0, 0
[detect_bucket] dist=0.66m (depth) target_ball=red ball carrying=red target_bucket=red msg=-0.08, 0.00, 0, 0, 0
[detect_bucket] dist=0.66m (depth) target_ball=red ball carrying=red target_bucket=red msg=-0.08, 0.00, 0, 0, 0
[detect_bucket] dist=0.65m (depth) target_ball=red ball carrying=red target_bucket=red msg=-0.08, 0.00, 0, 0, 0
[detect_bucket] dist=0.65m (depth) target_ball=red ball carrying=red target_bucket=red msg=-0.08, 0.00, 0, 0, 0
[detect_bucket] dist=0.66m (depth) target_ball=red ball carrying=red target_bucket=red msg=-0.08, 0.00, 0, 0, 0
[detect_bucket] dist=0.65m (depth) target_ball=red ball carrying=red target_bucket=red msg=-0.08, 0.00, 0, 0, 0
[detect_bucket] dist=0.65m (depth) target_ball=red ball carrying=red target_bucket=red msg=-0.08, 0.00, 0, 0, 0
[detect_bucket] dist=0.65m (depth) target_ball=red ball carrying=red target_bucket=red msg=-0.08, 0.00, 0, 0, 0
[detect_bucket] dist=0.65m (depth) target_ball=red ball carrying=red target_bucket=red msg=-0.08, 0.00, 0, 0, 0
[detect_bucket] dist=0.64m (depth) target_ball=red ball carrying=red target_bucket=red msg=-0.08, 0.00, 0, 0, 0
[detect_bucket] dist=0.64m (depth) target_ball=red ball carrying=red target_bucket=red msg=-0.08, 0.00, 0, 0, 0
[detect_bucket] dist=0.64m (depth) target_ball=red ball carrying=red target_bucket=red msg=-0.08, 0.00, 0, 0, 0
[detect_bucket] dist=0.63m (depth) target_ball=red ball carrying=red target_bucket=red msg=-0.08, 0.00, 0, 0, 0
[detect_bucket] dist=0.63m (depth) target_ball=red ball carrying=red target_bucket=red msg=-0.08, 0.00, 0, 0, 0
[detect_bucket] dist=0.63m (depth) target_ball=red ball carrying=red target_bucket=red msg=-0.08, 0.00, 0, 0, 0
[detect_bucket] dist=0.62m (depth) target_ball=red ball carrying=red target_bucket=red msg=-0.08, 0.00, 0, 0, 0
[detect_bucket] dist=0.62m (depth) target_ball=red ball carrying=red target_bucket=red msg=-0.08, 0.00, 0, 0, 0
[detect_bucket] dist=0.62m (depth) target_ball=red ball carrying=red target_bucket=red msg=-0.08, 0.00, 0, 0, 0
[detect_bucket] dist=0.62m (depth) target_ball=red ball carrying=red target_bucket=red msg=-0.08, 0.00, 0, 0, 0
[detect_bucket] dist=0.61m (depth) target_ball=red ball carrying=red target_bucket=red msg=-0.08, 0.00, 0, 0, 0
[detect_bucket] dist=0.61m (depth) target_ball=red ball carrying=red target_bucket=red msg=-0.08, 0.00, 0, 0, 0
[detect_bucket] dist=0.61m (depth) target_ball=red ball carrying=red target_bucket=red msg=-0.08, 0.00, 0, 0, 0
[detect_bucket] dist=0.61m (depth) target_ball=red ball carrying=red target_bucket=red msg=-0.08, 0.00, 0, 0, 0
[detect_bucket] dist=0.60m (depth) target_ball=red ball carrying=red target_bucket=red msg=-0.08, 0.00, 0, 0, 0
[detect_bucket] dist=0.60m (depth) target_ball=red ball carrying=red target_bucket=red msg=-0.08, 0.00, 0, 0, 0
[detect_bucket] dist=0.60m (depth) target_ball=red ball carrying=red target_bucket=red msg=-0.08, 0.00, 0, 0, 0
[detect_bucket] dist=0.59m (depth) target_ball=red ball carrying=red target_bucket=red msg=-0.08, 0.00, 0, 0, 0
[detect_bucket] dist=0.59m (depth) target_ball=red ball carrying=red target_bucket=red msg=-0.08, 0.00, 0, 0, 0
[detect_bucket] dist=0.59m (depth) target_ball=red ball carrying=red target_bucket=red msg=-0.08, 0.00, 0, 0, 0
[detect_bucket] dist=0.59m (depth) target_ball=red ball carrying=red target_bucket=red msg=-0.08, 0.00, 0, 0, 0
[detect_bucket] dist=0.58m (depth) target_ball=red ball carrying=red target_bucket=red msg=-0.08, 0.00, 0, 0, 0
[detect_bucket] dist=0.58m (depth) target_ball=red ball carrying=red target_bucket=red msg=-0.08, 0.00, 0, 0, 0
[detect_bucket] dist=0.58m (depth) target_ball=red ball carrying=red target_bucket=red msg=-0.08, 0.00, 0, 0, 0
[detect_bucket] dist=0.58m (depth) target_ball=red ball carrying=red target_bucket=red msg=-0.08, 0.00, 0, 0, 0
[detect_bucket] dist=0.57m (depth) target_ball=red ball carrying=red target_bucket=red msg=-0.08, 0.00, 0, 0, 0
[detect_bucket] dist=0.57m (depth) target_ball=red ball carrying=red target_bucket=red msg=-0.08, 0.00, 0, 0, 0
[detect_bucket] dist=0.57m (depth) target_ball=red ball carrying=red target_bucket=red msg=-0.08, 0.00, 0, 0, 0
[detect_bucket] dist=0.56m (depth) target_ball=red ball carrying=red target_bucket=red msg=-0.08, 0.00, 0, 0, 0
[detect_bucket] dist=0.56m (depth) target_ball=red ball carrying=red target_bucket=red msg=-0.08, 0.00, 0, 0, 0
[detect_bucket] dist=0.56m (depth) target_ball=red ball carrying=red target_bucket=red msg=-0.08, 0.00, 0, 0, 0
[detect_bucket] dist=0.55m (depth) target_ball=red ball carrying=red target_bucket=red msg=-0.08, 0.00, 0, 0, 0
[detect_bucket] dist=0.55m (depth) target_ball=red ball carrying=red target_bucket=red msg=0.00, 0.00, 0, 0, 0
[detect_bucket] dist=0.55m (depth) target_ball=red ball carrying=red target_bucket=red msg=0.00, 0.00, 0, 0, 0
[detect] dist=0.54m (depth) target_ball=red ball carrying=None target_bucket=None msg=0.00, 0.00, 0, 0, 10
[detect] dist=0.54m (depth) target_ball=red ball carrying=None target_bucket=None msg=0.00, 0.00, 0, 0, 0
[detect] dist=0.54m (depth) target_ball=red ball carrying=None target_bucket=None msg=0.00, 0.00, 0, 0, 0
[detect] dist=0.54m (depth) target_ball=red ball carrying=None target_bucket=None msg=0.00, 0.00, 0, 0, 0
[detect] dist=0.54m (depth) target_ball=red ball carrying=None target_bucket=None msg=0.00, 0.00, 0, 0, 0
[detect] dist=0.54m (depth) target_ball=red ball carrying=None target_bucket=None msg=0.00, 0.00, 0, 0, 0
[detect] dist=0.54m (depth) target_ball=red ball carrying=None target_bucket=None msg=0.00, 0.00, 0, 0, 0
[detect] dist=0.54m (depth) target_ball=red ball carrying=None target_bucket=None msg=0.00, 0.00, 0, 0, 0
[detect] dist=0.54m (depth) target_ball=red ball carrying=None target_bucket=None msg=0.00, -0.22, 0, 0, 0
[detect] dist=0.54m (depth) target_ball=red ball carrying=None target_bucket=None msg=0.00, -0.22, 0, 0, 0
[detect] dist=0.54m (depth) target_ball=red ball carrying=None target_bucket=None msg=0.00, -0.22, 0, 0, 0
[detect] dist=0.54m (depth) target_ball=red ball carrying=None target_bucket=None msg=0.00, -0.22, 0, 0, 0
[detect] dist=0.54m (depth) target_ball=red ball carrying=None target_bucket=None msg=0.00, -0.22, 0, 0, 0
[detect] dist=0.54m (depth) target_ball=red ball carrying=None target_bucket=None msg=0.00, -0.22, 0, 0, 0
[detect] dist=0.54m (depth) target_ball=red ball carrying=None target_bucket=None msg=0.00, -0.22, 0, 0, 0
[detect] dist=0.54m (depth) target_ball=red ball carrying=None target_bucket=None msg=0.00, -0.22, 0, 0, 0
[detect] dist=0.54m (depth) target_ball=red ball carrying=None target_bucket=None msg=0.00, -0.22, 0, 0, 0
[detect] dist=0.54m (depth) target_ball=red ball carrying=None target_bucket=None msg=0.00, -0.22, 0, 0, 0
[detect] dist=0.54m (depth) target_ball=red ball carrying=None target_bucket=None msg=0.00, -0.22, 0, 0, 0
[detect] dist=0.54m (depth) target_ball=red ball carrying=None target_bucket=None msg=0.00, -0.22, 0, 0, 0
[detect] dist=0.54m (depth) target_ball=red ball carrying=None target_bucket=None msg=0.00, -0.22, 0, 0, 0
[detect] dist=0.54m (depth) target_ball=red ball carrying=None target_bucket=None msg=0.00, -0.22, 0, 0, 0
[detect] dist=0.54m (depth) target_ball=red ball carrying=None target_bucket=None msg=0.00, -0.22, 0, 0, 0
[detect] dist=0.54m (depth) target_ball=red ball carrying=None target_bucket=None msg=0.00, -0.22, 0, 0, 0
[detect] dist=0.54m (depth) target_ball=red ball carrying=None target_bucket=None msg=0.00, -0.22, 0, 0, 0
[detect] dist=0.54m (depth) target_ball=red ball carrying=None target_bucket=None msg=0.00, -0.22, 0, 0, 0
[detect] dist=0.54m (depth) target_ball=red ball carrying=None target_bucket=None msg=0.00, -0.22, 0, 0, 0
[detect] dist=0.54m (depth) target_ball=red ball carrying=None target_bucket=None msg=0.00, -0.22, 0, 0, 0
[detect] dist=0.54m (depth) target_ball=red ball carrying=None target_bucket=None msg=0.00, -0.22, 0, 0, 0
[detect] dist=0.54m (depth) target_ball=red ball carrying=None target_bucket=None msg=0.00, -0.22, 0, 0, 0
[detect] dist=0.54m (depth) target_ball=red ball carrying=None target_bucket=None msg=0.00, -0.22, 0, 0, 0
[detect] dist=0.54m (depth) target_ball=red ball carrying=None target_bucket=None msg=0.00, -0.22, 0, 0, 0
[detect] dist=0.54m (depth) target_ball=red ball carrying=None target_bucket=None msg=0.00, 0.32, 0, 0, 0
[detect] dist=0.54m (depth) target_ball=red ball carrying=None target_bucket=None msg=0.00, 0.32, 0, 0, 0
[detect] dist=0.54m (depth) target_ball=red ball carrying=None target_bucket=None msg=0.00, 0.32, 0, 0, 0
[detect] dist=0.54m (depth) target_ball=red ball carrying=None target_bucket=None msg=0.00, 0.32, 0, 0, 0
[detect] dist=0.54m (depth) target_ball=red ball carrying=None target_bucket=None msg=0.00, 0.32, 0, 0, 0
[detect] dist=0.54m (depth) target_ball=red ball carrying=None target_bucket=None msg=0.00, 0.32, 0, 0, 0
[detect] dist=0.54m (depth) target_ball=red ball carrying=None target_bucket=None msg=0.00, 0.32, 0, 0, 0
[detect] dist=0.54m (depth) target_ball=red ball carrying=None target_bucket=None msg=0.00, 0.32, 0, 0, 0
[detect] dist=0.54m (depth) target_ball=red ball carrying=None target_bucket=None msg=0.00, 0.32, 0, 0, 0
[detect] dist=0.54m (depth) target_ball=red ball carrying=None target_bucket=None msg=0.00, 0.32, 0, 0, 0
[detect] dist=0.54m (depth) target_ball=red ball carrying=None target_bucket=None msg=0.00, 0.32, 0, 0, 0
[detect] dist=0.54m (depth) target_ball=red ball carrying=None target_bucket=None msg=0.00, 0.32, 0, 0, 0
[detect] dist=0.54m (depth) target_ball=red ball carrying=None target_bucket=None msg=0.00, 0.32, 0, 0, 0
[detect] dist=0.54m (depth) target_ball=red ball carrying=None target_bucket=None msg=0.00, 0.32, 0, 0, 0
[detect] dist=0.54m (depth) target_ball=red ball carrying=None target_bucket=None msg=0.00, 0.32, 0, 0, 0
[detect] dist=0.54m (depth) target_ball=red ball carrying=None target_bucket=None msg=0.00, 0.32, 0, 0, 0
[detect] dist=0.54m (depth) target_ball=red ball carrying=None target_bucket=None msg=0.00, 0.32, 0, 0, 0
[detect] dist=0.54m (depth) target_ball=red ball carrying=None target_bucket=None msg=0.00, 0.32, 0, 0, 0
[detect] dist=0.54m (depth) target_ball=red ball carrying=None target_bucket=None msg=0.00, 0.32, 0, 0, 0
[detect] dist=0.54m (depth) target_ball=red ball carrying=None target_bucket=None msg=0.00, 0.32, 0, 0, 0
[detect] dist=0.54m (depth) target_ball=red ball carrying=None target_bucket=None msg=0.00, 0.32, 0, 0, 0
[detect] dist=0.54m (depth) target_ball=red ball carrying=None target_bucket=None msg=0.00, 0.32, 0, 0, 0
[detect] dist=0.54m (depth) target_ball=red ball carrying=None target_bucket=None msg=-0.10, -0.12, 0, 0, 0
[detect] dist=0.54m (depth) target_ball=red ball carrying=None target_bucket=None msg=-0.10, -0.12, 0, 0, 0
[detect] dist=0.54m (depth) target_ball=red ball carrying=None target_bucket=None msg=-0.10, -0.12, 0, 0, 0
[detect] dist=0.54m (depth) target_ball=red ball carrying=None target_bucket=None msg=-0.10, -0.12, 0, 0, 0
[detect] dist=0.54m (depth) target_ball=red ball carrying=None target_bucket=None msg=-0.10, -0.12, 0, 0, 0
[detect] dist=0.54m (depth) target_ball=red ball carrying=None target_bucket=None msg=-0.10, -0.12, 0, 0, 0
[detect] dist=0.54m (depth) target_ball=red ball carrying=None target_bucket=None msg=-0.10, -0.12, 0, 0, 0
[detect] dist=0.54m (depth) target_ball=red ball carrying=None target_bucket=None msg=-0.10, -0.12, 0, 0, 0
[detect] dist=0.54m (depth) target_ball=red ball carrying=None target_bucket=None msg=-0.10, -0.12, 0, 0, 0
[detect] dist=0.54m (depth) target_ball=red ball carrying=None target_bucket=None msg=-0.10, -0.12, 0, 0, 0
[detect] dist=0.54m (depth) target_ball=red ball carrying=None target_bucket=None msg=-0.10, -0.12, 0, 0, 0
[detect] dist=0.54m (depth) target_ball=red ball carrying=None target_bucket=None msg=-0.10, -0.12, 0, 0, 0
[detect] dist=0.54m (depth) target_ball=red ball carrying=None target_bucket=None msg=-0.10, -0.12, 0, 0, 0
[detect] dist=0.54m (depth) target_ball=red ball carrying=None target_bucket=None msg=-0.10, -0.12, 0, 0, 0
[detect] dist=0.54m (depth) target_ball=red ball carrying=None target_bucket=None msg=-0.10, -0.12, 0, 0, 0
[detect] dist=0.54m (depth) target_ball=red ball carrying=None target_bucket=None msg=-0.10, -0.12, 0, 0, 0
[detect] dist=0.54m (depth) target_ball=red ball carrying=None target_bucket=None msg=-0.10, -0.12, 0, 0, 0
[detect] dist=0.54m (depth) target_ball=red ball carrying=None target_bucket=None msg=-0.10, -0.12, 0, 0, 0
[detect] dist=0.54m (depth) target_ball=red ball carrying=None target_bucket=None msg=-0.10, -0.12, 0, 0, 0
[detect] dist=0.54m (depth) target_ball=red ball carrying=None target_bucket=None msg=-0.10, -0.12, 0, 0, 0
[detect] dist=0.54m (depth) target_ball=red ball carrying=None target_bucket=None msg=-0.10, -0.12, 0, 0, 0
[detect] dist=0.54m (depth) target_ball=red ball carrying=None target_bucket=None msg=-0.10, -0.12, 0, 0, 0
[detect] dist=0.54m (depth) target_ball=red ball carrying=None target_bucket=None msg=-0.10, -0.12, 0, 0, 0
[detect] dist=0.54m (depth) target_ball=red ball carrying=None target_bucket=None msg=-0.10, -0.12, 0, 0, 0
Stopping.
Run artifacts saved to: /home/ball-e/ball-e/python_scripts/run_logs/20260304_103830
Done.
