Run artifact capture enabled: /home/ball-e/ball-e/python_scripts/run_logs/20260401_004107
[WARN] Label-order contract mismatch between runtime labels JSON and expected class order. expected=['blue ball', 'blue bucket', 'green ball', 'green bucket', 'red ball', 'red bucket', 'yellow ball', 'yellow bucket'] actual=['yellow bucket', 'blue ball', 'blue bucket', 'green ball', 'green bucket', 'red ball', 'red bucket', 'yellow ball']
HEF path: /home/ball-e/ball-e/models/3-12-caleb.hef
HEF sha256: 987366ffa8e59d1361df775af5803c2328c5da10fab7c956b755fa1af6b8ed8f
Labels path: /home/ball-e/ball-e/models/ball_bucket.json
Labels sha256: 169c59298e13dd1f449498216aec975daf498e826182cbe9984a272f6cc03bb7
Labels order: ['yellow bucket', 'blue ball', 'blue bucket', 'green ball', 'green bucket', 'red ball', 'red bucket', 'yellow ball']
Hailo inference started.
RealSense D455 started (color + depth).
Pico messenger: /dev/ttyACM0
Main loop running. Use Ctrl+C to stop.
POV video recording: /home/ball-e/ball-e/python_scripts/run_logs/20260401_004107/pov_annotated.mp4
[detect] dist=0.00m (geom) target_ball=red ball carrying=None target_bucket=None msg=-0.00, 0.00, 0, 0, 0
[detect] dist=0.00m (geom) target_ball=red ball carrying=None target_bucket=None msg=-0.00, 0.00, 0, 0, 0
[detect] dist=0.00m (geom) target_ball=red ball carrying=None target_bucket=None msg=-0.00, 0.00, 0, 0, 0
[detect] dist=0.00m (geom) target_ball=red ball carrying=None target_bucket=None msg=-0.00, 0.22, 0, 0, 0
[detect] dist=0.00m (geom) target_ball=red ball carrying=None target_bucket=None msg=-0.00, 0.22, 0, 0, 0
[detect] dist=0.00m (geom) target_ball=red ball carrying=None target_bucket=None msg=-0.00, 0.22, 0, 0, 0
[detect] dist=0.00m (geom) target_ball=red ball carrying=None target_bucket=None msg=-0.00, 0.00, 0, 0, 0
[detect] dist=0.00m (geom) target_ball=red ball carrying=None target_bucket=None msg=-0.00, 0.00, 0, 0, 0
[detect] dist=0.00m (geom) target_ball=red ball carrying=None target_bucket=None msg=-0.00, 0.00, 0, 0, 0
[detect] dist=0.00m (geom) target_ball=red ball carrying=None target_bucket=None msg=-0.00, 0.00, 0, 0, 0
[detect] dist=0.00m (geom) target_ball=red ball carrying=None target_bucket=None msg=-0.00, 0.00, 0, 0, 0
[detect] dist=39.47m (geom) target_ball=red ball carrying=None target_bucket=None msg=0.35, 0.00, 0, 0, 0
[detect] dist=36.64m (geom) target_ball=red ball carrying=None target_bucket=None msg=0.35, 0.00, 0, 0, 0
[detect] dist=36.93m (geom) target_ball=red ball carrying=None target_bucket=None msg=0.35, 0.00, 0, 0, 0
[detect] dist=65.54m (depth) target_ball=red ball carrying=None target_bucket=None msg=0.30, 0.01, 0, 0, 0
[detect] dist=65.54m (depth) target_ball=red ball carrying=None target_bucket=None msg=0.30, 0.01, 0, 0, 0
[detect] dist=65.54m (depth) target_ball=red ball carrying=None target_bucket=None msg=0.30, 0.01, 0, 0, 0
[detect] dist=6.57m (depth) target_ball=red ball carrying=None target_bucket=None msg=0.30, 0.01, 0, 0, 0
[detect] dist=6.68m (depth) target_ball=red ball carrying=None target_bucket=None msg=0.30, 0.01, 0, 0, 0
[detect] dist=7.07m (depth) target_ball=red ball carrying=None target_bucket=None msg=0.30, 0.01, 0, 0, 0
[detect] dist=6.43m (depth) target_ball=red ball carrying=None target_bucket=None msg=0.30, 0.00, 0, 0, 0
[detect] dist=6.43m (depth) target_ball=red ball carrying=None target_bucket=None msg=0.30, -0.00, 0, 0, 0
[detect] dist=6.50m (depth) target_ball=red ball carrying=None target_bucket=None msg=0.30, -0.01, 0, 0, 0
[detect] dist=6.60m (depth) target_ball=red ball carrying=None target_bucket=None msg=0.30, -0.01, 0, 0, 0
[detect] dist=6.53m (depth) target_ball=red ball carrying=None target_bucket=None msg=0.30, -0.02, 0, 0, 0
[detect] dist=6.53m (depth) target_ball=red ball carrying=None target_bucket=None msg=0.30, -0.02, 0, 0, 0
[detect] dist=6.43m (depth) target_ball=red ball carrying=None target_bucket=None msg=0.30, -0.03, 0, 0, 0
[detect] dist=6.64m (depth) target_ball=red ball carrying=None target_bucket=None msg=0.30, -0.03, 0, 0, 0
[detect] dist=6.10m (depth) target_ball=red ball carrying=None target_bucket=None msg=0.30, -0.04, 0, 0, 0
[detect] dist=6.19m (depth) target_ball=red ball carrying=None target_bucket=None msg=0.30, -0.04, 0, 0, 0
[detect] dist=6.29m (depth) target_ball=red ball carrying=None target_bucket=None msg=0.30, -0.05, 0, 0, 0
[detect] dist=6.26m (depth) target_ball=red ball carrying=None target_bucket=None msg=0.30, -0.05, 0, 0, 0
[detect] dist=6.29m (depth) target_ball=red ball carrying=None target_bucket=None msg=0.30, -0.05, 0, 0, 0
[detect] dist=6.19m (depth) target_ball=red ball carrying=None target_bucket=None msg=0.30, -0.06, 0, 0, 0
[detect] dist=6.07m (depth) target_ball=red ball carrying=None target_bucket=None msg=0.30, -0.06, 0, 0, 0
[detect] dist=6.29m (depth) target_ball=red ball carrying=None target_bucket=None msg=0.30, -0.06, 0, 0, 0
[detect] dist=6.26m (depth) target_ball=red ball carrying=None target_bucket=None msg=0.30, -0.06, 0, 0, 0
[detect] dist=6.10m (depth) target_ball=red ball carrying=None target_bucket=None msg=0.30, -0.06, 0, 0, 0
[detect] dist=6.26m (depth) target_ball=red ball carrying=None target_bucket=None msg=0.30, -0.06, 0, 0, 0
[detect] dist=6.19m (depth) target_ball=red ball carrying=None target_bucket=None msg=0.30, -0.06, 0, 0, 0
[detect] dist=6.29m (depth) target_ball=red ball carrying=None target_bucket=None msg=0.30, -0.06, 0, 0, 0
[detect] dist=6.26m (depth) target_ball=red ball carrying=None target_bucket=None msg=0.30, -0.06, 0, 0, 0
[detect] dist=6.10m (depth) target_ball=red ball carrying=None target_bucket=None msg=0.30, -0.05, 0, 0, 0
[detect] dist=6.19m (depth) target_ball=red ball carrying=None target_bucket=None msg=0.30, -0.05, 0, 0, 0
[detect] dist=6.16m (depth) target_ball=red ball carrying=None target_bucket=None msg=0.30, -0.05, 0, 0, 0
[detect] dist=6.19m (depth) target_ball=red ball carrying=None target_bucket=None msg=0.30, -0.05, 0, 0, 0
[detect] dist=6.16m (depth) target_ball=red ball carrying=None target_bucket=None msg=0.30, -0.05, 0, 0, 0
[detect] dist=6.07m (depth) target_ball=red ball carrying=None target_bucket=None msg=0.30, -0.05, 0, 0, 0
[detect] dist=6.07m (depth) target_ball=red ball carrying=None target_bucket=None msg=0.30, -0.05, 0, 0, 0
[detect] dist=6.07m (depth) target_ball=red ball carrying=None target_bucket=None msg=-0.00, 0.00, 0, 0, 0
[detect] dist=6.07m (depth) target_ball=red ball carrying=None target_bucket=None msg=-0.00, 0.00, 0, 0, 0
[detect] dist=6.07m (depth) target_ball=red ball carrying=None target_bucket=None msg=0.30, -0.04, 0, 0, 0
[detect] dist=6.01m (depth) target_ball=red ball carrying=None target_bucket=None msg=0.30, -0.04, 0, 0, 0
[detect] dist=6.16m (depth) target_ball=red ball carrying=None target_bucket=None msg=0.30, -0.04, 0, 0, 0
[detect] dist=6.10m (depth) target_ball=red ball carrying=None target_bucket=None msg=0.30, -0.04, 0, 0, 0
[detect] dist=6.01m (depth) target_ball=red ball carrying=None target_bucket=None msg=0.30, -0.04, 0, 0, 0
[detect] dist=6.07m (depth) target_ball=red ball carrying=None target_bucket=None msg=0.30, -0.04, 0, 0, 0
[detect] dist=6.01m (depth) target_ball=red ball carrying=None target_bucket=None msg=0.30, -0.04, 0, 0, 0
[detect] dist=5.92m (depth) target_ball=red ball carrying=None target_bucket=None msg=0.30, -0.04, 0, 0, 0
[detect] dist=5.95m (depth) target_ball=red ball carrying=None target_bucket=None msg=0.30, -0.04, 0, 0, 0
[detect] dist=6.01m (depth) target_ball=red ball carrying=None target_bucket=None msg=0.30, -0.05, 0, 0, 0
[detect] dist=5.92m (depth) target_ball=red ball carrying=None target_bucket=None msg=0.30, -0.05, 0, 0, 0
[detect] dist=5.89m (depth) target_ball=red ball carrying=None target_bucket=None msg=0.30, -0.06, 0, 0, 0
[detect] dist=5.95m (depth) target_ball=red ball carrying=None target_bucket=None msg=0.30, -0.06, 0, 0, 0
[detect] dist=5.95m (depth) target_ball=red ball carrying=None target_bucket=None msg=0.30, -0.06, 0, 0, 0
[detect] dist=5.83m (depth) target_ball=red ball carrying=None target_bucket=None msg=0.30, -0.06, 0, 0, 0
[detect] dist=5.86m (depth) target_ball=red ball carrying=None target_bucket=None msg=0.30, -0.06, 0, 0, 0
[detect] dist=5.86m (depth) target_ball=red ball carrying=None target_bucket=None msg=0.30, -0.06, 0, 0, 0
[detect] dist=5.83m (depth) target_ball=red ball carrying=None target_bucket=None msg=0.30, -0.06, 0, 0, 0
[detect] dist=5.83m (depth) target_ball=red ball carrying=None target_bucket=None msg=0.30, -0.06, 0, 0, 0
[detect] dist=5.83m (depth) target_ball=red ball carrying=None target_bucket=None msg=0.30, -0.06, 0, 0, 0
[detect] dist=5.83m (depth) target_ball=red ball carrying=None target_bucket=None msg=0.30, -0.06, 0, 0, 0
[detect] dist=5.86m (depth) target_ball=red ball carrying=None target_bucket=None msg=0.30, -0.06, 0, 0, 0
[detect] dist=5.83m (depth) target_ball=red ball carrying=None target_bucket=None msg=0.30, -0.06, 0, 0, 0
[detect] dist=5.83m (depth) target_ball=red ball carrying=None target_bucket=None msg=0.30, -0.06, 0, 0, 0
[detect] dist=5.80m (depth) target_ball=red ball carrying=None target_bucket=None msg=0.30, -0.06, 0, 0, 0
[detect] dist=5.80m (depth) target_ball=red ball carrying=None target_bucket=None msg=0.30, -0.06, 0, 0, 0
[detect] dist=5.75m (depth) target_ball=red ball carrying=None target_bucket=None msg=0.30, -0.05, 0, 0, 0
[detect] dist=5.75m (depth) target_ball=red ball carrying=None target_bucket=None msg=0.30, -0.06, 0, 0, 0
[detect] dist=5.72m (depth) target_ball=red ball carrying=None target_bucket=None msg=0.30, -0.05, 0, 0, 0
[detect] dist=5.77m (depth) target_ball=red ball carrying=None target_bucket=None msg=0.30, -0.05, 0, 0, 0
[detect] dist=5.75m (depth) target_ball=red ball carrying=None target_bucket=None msg=0.30, -0.05, 0, 0, 0
[detect] dist=5.75m (depth) target_ball=red ball carrying=None target_bucket=None msg=0.30, -0.05, 0, 0, 0
[detect] dist=5.77m (depth) target_ball=red ball carrying=None target_bucket=None msg=0.30, -0.05, 0, 0, 0
[detect] dist=5.72m (depth) target_ball=red ball carrying=None target_bucket=None msg=0.30, -0.05, 0, 0, 0
[detect] dist=5.72m (depth) target_ball=red ball carrying=None target_bucket=None msg=0.30, -0.05, 0, 0, 0
[detect] dist=5.75m (depth) target_ball=red ball carrying=None target_bucket=None msg=0.30, -0.05, 0, 0, 0
[detect] dist=5.75m (depth) target_ball=red ball carrying=None target_bucket=None msg=0.30, -0.04, 0, 0, 0
[detect] dist=5.72m (depth) target_ball=red ball carrying=None target_bucket=None msg=0.30, -0.05, 0, 0, 0
[detect] dist=5.72m (depth) target_ball=red ball carrying=None target_bucket=None msg=0.30, -0.04, 0, 0, 0
[detect] dist=5.69m (depth) target_ball=red ball carrying=None target_bucket=None msg=0.30, -0.04, 0, 0, 0
[detect] dist=5.69m (depth) target_ball=red ball carrying=None target_bucket=None msg=0.30, -0.04, 0, 0, 0
[detect] dist=5.66m (depth) target_ball=red ball carrying=None target_bucket=None msg=0.30, -0.04, 0, 0, 0
[detect] dist=5.64m (depth) target_ball=red ball carrying=None target_bucket=None msg=0.30, -0.04, 0, 0, 0
[detect] dist=5.64m (depth) target_ball=red ball carrying=None target_bucket=None msg=0.30, -0.04, 0, 0, 0
[detect] dist=5.64m (depth) target_ball=red ball carrying=None target_bucket=None msg=-0.00, 0.00, 0, 0, 0
[detect] dist=5.64m (depth) target_ball=red ball carrying=None target_bucket=None msg=-0.00, 0.00, 0, 0, 0
[detect] dist=5.64m (depth) target_ball=red ball carrying=None target_bucket=None msg=-0.00, 0.00, 0, 0, 0
[detect] dist=5.58m (depth) target_ball=red ball carrying=None target_bucket=None msg=0.30, -0.04, 0, 0, 0
[detect] dist=5.56m (depth) target_ball=red ball carrying=None target_bucket=None msg=0.30, -0.04, 0, 0, 0
[detect] dist=5.58m (depth) target_ball=red ball carrying=None target_bucket=None msg=0.30, -0.04, 0, 0, 0
[detect] dist=5.56m (depth) target_ball=red ball carrying=None target_bucket=None msg=0.30, -0.04, 0, 0, 0
[detect] dist=5.58m (depth) target_ball=red ball carrying=None target_bucket=None msg=0.30, -0.04, 0, 0, 0
[detect] dist=5.58m (depth) target_ball=red ball carrying=None target_bucket=None msg=0.30, -0.04, 0, 0, 0
[detect] dist=5.48m (depth) target_ball=red ball carrying=None target_bucket=None msg=0.30, -0.04, 0, 0, 0
[detect] dist=5.48m (depth) target_ball=red ball carrying=None target_bucket=None msg=0.30, -0.05, 0, 0, 0
[detect] dist=5.48m (depth) target_ball=red ball carrying=None target_bucket=None msg=0.30, -0.04, 0, 0, 0
[detect] dist=5.46m (depth) target_ball=red ball carrying=None target_bucket=None msg=0.30, -0.04, 0, 0, 0
[detect] dist=5.53m (depth) target_ball=red ball carrying=None target_bucket=None msg=0.30, -0.05, 0, 0, 0
[detect] dist=5.41m (depth) target_ball=red ball carrying=None target_bucket=None msg=0.30, -0.05, 0, 0, 0
[detect] dist=5.41m (depth) target_ball=red ball carrying=None target_bucket=None msg=0.30, -0.05, 0, 0, 0
[detect] dist=5.46m (depth) target_ball=red ball carrying=None target_bucket=None msg=0.30, -0.05, 0, 0, 0
[detect] dist=5.36m (depth) target_ball=red ball carrying=None target_bucket=None msg=0.30, -0.05, 0, 0, 0
[detect] dist=5.41m (depth) target_ball=red ball carrying=None target_bucket=None msg=0.30, -0.05, 0, 0, 0
[detect] dist=5.46m (depth) target_ball=red ball carrying=None target_bucket=None msg=0.30, -0.05, 0, 0, 0
[detect] dist=5.29m (depth) target_ball=red ball carrying=None target_bucket=None msg=0.30, -0.05, 0, 0, 0
[detect] dist=5.36m (depth) target_ball=red ball carrying=None target_bucket=None msg=0.30, -0.05, 0, 0, 0
[detect] dist=5.29m (depth) target_ball=red ball carrying=None target_bucket=None msg=0.30, -0.05, 0, 0, 0
[detect] dist=5.31m (depth) target_ball=red ball carrying=None target_bucket=None msg=0.30, -0.05, 0, 0, 0
[detect] dist=5.36m (depth) target_ball=red ball carrying=None target_bucket=None msg=0.30, -0.05, 0, 0, 0
[detect] dist=5.24m (depth) target_ball=red ball carrying=None target_bucket=None msg=0.30, -0.04, 0, 0, 0
[detect] dist=5.38m (depth) target_ball=red ball carrying=None target_bucket=None msg=0.30, -0.04, 0, 0, 0
[detect] dist=5.29m (depth) target_ball=red ball carrying=None target_bucket=None msg=0.30, -0.04, 0, 0, 0
[detect] dist=5.15m (depth) target_ball=red ball carrying=None target_bucket=None msg=0.30, -0.04, 0, 0, 0
[detect] dist=5.31m (depth) target_ball=red ball carrying=None target_bucket=None msg=0.30, -0.04, 0, 0, 0
[detect] dist=5.29m (depth) target_ball=red ball carrying=None target_bucket=None msg=0.30, -0.03, 0, 0, 0
[detect] dist=5.17m (depth) target_ball=red ball carrying=None target_bucket=None msg=0.30, -0.03, 0, 0, 0
[detect] dist=5.17m (depth) target_ball=red ball carrying=None target_bucket=None msg=0.30, -0.03, 0, 0, 0
[detect] dist=5.13m (depth) target_ball=red ball carrying=None target_bucket=None msg=0.30, -0.03, 0, 0, 0
[detect] dist=5.15m (depth) target_ball=red ball carrying=None target_bucket=None msg=0.30, -0.03, 0, 0, 0
[detect] dist=5.17m (depth) target_ball=red ball carrying=None target_bucket=None msg=0.30, -0.03, 0, 0, 0
[detect] dist=5.11m (depth) target_ball=red ball carrying=None target_bucket=None msg=0.30, -0.03, 0, 0, 0
[detect] dist=5.15m (depth) target_ball=red ball carrying=None target_bucket=None msg=0.30, -0.03, 0, 0, 0
[detect] dist=5.11m (depth) target_ball=red ball carrying=None target_bucket=None msg=0.30, -0.03, 0, 0, 0
[detect] dist=5.11m (depth) target_ball=red ball carrying=None target_bucket=None msg=0.30, -0.03, 0, 0, 0
[detect] dist=5.11m (depth) target_ball=red ball carrying=None target_bucket=None msg=0.30, -0.03, 0, 0, 0
[detect] dist=5.06m (depth) target_ball=red ball carrying=None target_bucket=None msg=0.30, -0.03, 0, 0, 0
[detect] dist=5.06m (depth) target_ball=red ball carrying=None target_bucket=None msg=0.30, -0.03, 0, 0, 0
[detect] dist=5.09m (depth) target_ball=red ball carrying=None target_bucket=None msg=0.30, -0.03, 0, 0, 0
[detect] dist=5.04m (depth) target_ball=red ball carrying=None target_bucket=None msg=0.30, -0.02, 0, 0, 0
[detect] dist=5.04m (depth) target_ball=red ball carrying=None target_bucket=None msg=0.30, -0.02, 0, 0, 0
[detect] dist=5.04m (depth) target_ball=red ball carrying=None target_bucket=None msg=0.30, -0.02, 0, 0, 0
[detect] dist=5.04m (depth) target_ball=red ball carrying=None target_bucket=None msg=0.30, -0.02, 0, 0, 0
[detect] dist=5.02m (depth) target_ball=red ball carrying=None target_bucket=None msg=0.30, -0.02, 0, 0, 0
[detect] dist=5.04m (depth) target_ball=red ball carrying=None target_bucket=None msg=0.30, -0.02, 0, 0, 0
[detect] dist=4.98m (depth) target_ball=red ball carrying=None target_bucket=None msg=0.30, -0.02, 0, 0, 0
[detect] dist=5.00m (depth) target_ball=red ball carrying=None target_bucket=None msg=0.30, -0.02, 0, 0, 0
[detect] dist=5.00m (depth) target_ball=red ball carrying=None target_bucket=None msg=0.30, -0.02, 0, 0, 0
[detect] dist=4.98m (depth) target_ball=red ball carrying=None target_bucket=None msg=0.30, -0.02, 0, 0, 0
[detect] dist=4.96m (depth) target_ball=red ball carrying=None target_bucket=None msg=0.30, -0.02, 0, 0, 0
[detect] dist=4.94m (depth) target_ball=red ball carrying=None target_bucket=None msg=0.30, -0.02, 0, 0, 0
[detect] dist=4.96m (depth) target_ball=red ball carrying=None target_bucket=None msg=0.30, -0.02, 0, 0, 0
[detect] dist=4.94m (depth) target_ball=red ball carrying=None target_bucket=None msg=0.30, -0.02, 0, 0, 0
[detect] dist=4.94m (depth) target_ball=red ball carrying=None target_bucket=None msg=0.30, -0.01, 0, 0, 0
[detect] dist=4.92m (depth) target_ball=red ball carrying=None target_bucket=None msg=0.30, -0.01, 0, 0, 0
[detect] dist=4.92m (depth) target_ball=red ball carrying=None target_bucket=None msg=0.30, -0.01, 0, 0, 0
[detect] dist=4.90m (depth) target_ball=red ball carrying=None target_bucket=None msg=0.30, -0.01, 0, 0, 0
[detect] dist=4.92m (depth) target_ball=red ball carrying=None target_bucket=None msg=0.30, -0.02, 0, 0, 0
[detect] dist=4.90m (depth) target_ball=red ball carrying=None target_bucket=None msg=0.30, -0.02, 0, 0, 0
[detect] dist=4.94m (depth) target_ball=red ball carrying=None target_bucket=None msg=0.30, -0.01, 0, 0, 0
[detect] dist=4.84m (depth) target_ball=red ball carrying=None target_bucket=None msg=0.30, -0.01, 0, 0, 0
[detect] dist=4.84m (depth) target_ball=red ball carrying=None target_bucket=None msg=0.30, -0.01, 0, 0, 0
[detect] dist=4.84m (depth) target_ball=red ball carrying=None target_bucket=None msg=0.30, -0.01, 0, 0, 0
[detect] dist=4.84m (depth) target_ball=red ball carrying=None target_bucket=None msg=0.30, -0.01, 0, 0, 0
[detect] dist=4.82m (depth) target_ball=red ball carrying=None target_bucket=None msg=0.30, -0.01, 0, 0, 0
[detect] dist=4.76m (depth) target_ball=red ball carrying=None target_bucket=None msg=0.30, -0.01, 0, 0, 0
[detect] dist=4.76m (depth) target_ball=red ball carrying=None target_bucket=None msg=0.30, -0.01, 0, 0, 0
[detect] dist=4.82m (depth) target_ball=red ball carrying=None target_bucket=None msg=0.30, -0.01, 0, 0, 0
[detect] dist=4.72m (depth) target_ball=red ball carrying=None target_bucket=None msg=0.30, -0.01, 0, 0, 0
[detect] dist=4.78m (depth) target_ball=red ball carrying=None target_bucket=None msg=0.30, -0.01, 0, 0, 0
[detect] dist=4.72m (depth) target_ball=red ball carrying=None target_bucket=None msg=0.30, -0.01, 0, 0, 0
[detect] dist=4.71m (depth) target_ball=red ball carrying=None target_bucket=None msg=0.30, -0.01, 0, 0, 0
[detect] dist=4.71m (depth) target_ball=red ball carrying=None target_bucket=None msg=0.30, -0.01, 0, 0, 0
[detect] dist=4.65m (depth) target_ball=red ball carrying=None target_bucket=None msg=0.30, -0.01, 0, 0, 0
[detect] dist=4.65m (depth) target_ball=red ball carrying=None target_bucket=None msg=0.30, -0.01, 0, 0, 0
[detect] dist=4.60m (depth) target_ball=red ball carrying=None target_bucket=None msg=0.30, -0.01, 0, 0, 0
[detect] dist=4.63m (depth) target_ball=red ball carrying=None target_bucket=None msg=0.30, -0.01, 0, 0, 0
[detect] dist=4.58m (depth) target_ball=red ball carrying=None target_bucket=None msg=0.30, -0.02, 0, 0, 0
[detect] dist=4.58m (depth) target_ball=red ball carrying=None target_bucket=None msg=0.30, -0.02, 0, 0, 0
[detect] dist=4.53m (depth) target_ball=red ball carrying=None target_bucket=None msg=0.30, -0.02, 0, 0, 0
[detect] dist=4.49m (depth) target_ball=red ball carrying=None target_bucket=None msg=0.30, -0.02, 0, 0, 0
[detect] dist=4.53m (depth) target_ball=red ball carrying=None target_bucket=None msg=0.30, -0.02, 0, 0, 0
[detect] dist=4.51m (depth) target_ball=red ball carrying=None target_bucket=None msg=0.30, -0.02, 0, 0, 0
[detect] dist=4.48m (depth) target_ball=red ball carrying=None target_bucket=None msg=0.30, -0.02, 0, 0, 0
[detect] dist=4.46m (depth) target_ball=red ball carrying=None target_bucket=None msg=0.30, -0.02, 0, 0, 0
[detect] dist=4.48m (depth) target_ball=red ball carrying=None target_bucket=None msg=0.30, -0.02, 0, 0, 0
[detect] dist=4.44m (depth) target_ball=red ball carrying=None target_bucket=None msg=0.30, -0.02, 0, 0, 0
[detect] dist=4.43m (depth) target_ball=red ball carrying=None target_bucket=None msg=0.30, -0.02, 0, 0, 0
[detect] dist=4.44m (depth) target_ball=red ball carrying=None target_bucket=None msg=0.30, -0.03, 0, 0, 0
[detect] dist=4.43m (depth) target_ball=red ball carrying=None target_bucket=None msg=0.30, -0.02, 0, 0, 0
[detect] dist=4.44m (depth) target_ball=red ball carrying=None target_bucket=None msg=0.30, -0.02, 0, 0, 0
[detect] dist=4.43m (depth) target_ball=red ball carrying=None target_bucket=None msg=0.30, -0.02, 0, 0, 0
[detect] dist=4.41m (depth) target_ball=red ball carrying=None target_bucket=None msg=0.30, -0.02, 0, 0, 0
[detect] dist=4.39m (depth) target_ball=red ball carrying=None target_bucket=None msg=0.30, -0.02, 0, 0, 0
[detect] dist=4.39m (depth) target_ball=red ball carrying=None target_bucket=None msg=0.30, -0.02, 0, 0, 0
[detect] dist=4.38m (depth) target_ball=red ball carrying=None target_bucket=None msg=0.30, -0.02, 0, 0, 0
[detect] dist=4.38m (depth) target_ball=red ball carrying=None target_bucket=None msg=0.30, -0.02, 0, 0, 0
[detect] dist=4.36m (depth) target_ball=red ball carrying=None target_bucket=None msg=0.30, -0.02, 0, 0, 0
[detect] dist=4.35m (depth) target_ball=red ball carrying=None target_bucket=None msg=0.30, -0.02, 0, 0, 0
[detect] dist=4.36m (depth) target_ball=red ball carrying=None target_bucket=None msg=0.30, -0.01, 0, 0, 0
[detect] dist=4.35m (depth) target_ball=red ball carrying=None target_bucket=None msg=0.30, -0.01, 0, 0, 0
[detect] dist=4.33m (depth) target_ball=red ball carrying=None target_bucket=None msg=0.30, -0.01, 0, 0, 0
[detect] dist=4.33m (depth) target_ball=red ball carrying=None target_bucket=None msg=0.30, -0.02, 0, 0, 0
[detect] dist=4.30m (depth) target_ball=red ball carrying=None target_bucket=None msg=0.30, -0.02, 0, 0, 0
[detect] dist=4.27m (depth) target_ball=red ball carrying=None target_bucket=None msg=0.30, -0.01, 0, 0, 0
[detect] dist=4.24m (depth) target_ball=red ball carrying=None target_bucket=None msg=0.30, -0.02, 0, 0, 0
[detect] dist=4.22m (depth) target_ball=red ball carrying=None target_bucket=None msg=0.30, -0.01, 0, 0, 0
[detect] dist=4.24m (depth) target_ball=red ball carrying=None target_bucket=None msg=0.30, -0.01, 0, 0, 0
[detect] dist=4.18m (depth) target_ball=red ball carrying=None target_bucket=None msg=0.30, -0.01, 0, 0, 0
[detect] dist=4.22m (depth) target_ball=red ball carrying=None target_bucket=None msg=0.30, -0.01, 0, 0, 0
[detect] dist=4.19m (depth) target_ball=red ball carrying=None target_bucket=None msg=0.30, -0.02, 0, 0, 0
[detect] dist=4.09m (depth) target_ball=red ball carrying=None target_bucket=None msg=0.30, -0.01, 0, 0, 0
[detect] dist=4.14m (depth) target_ball=red ball carrying=None target_bucket=None msg=0.30, -0.01, 0, 0, 0
[detect] dist=4.12m (depth) target_ball=red ball carrying=None target_bucket=None msg=0.30, -0.01, 0, 0, 0
[detect] dist=4.14m (depth) target_ball=red ball carrying=None target_bucket=None msg=0.30, -0.02, 0, 0, 0
[detect] dist=4.12m (depth) target_ball=red ball carrying=None target_bucket=None msg=0.30, -0.02, 0, 0, 0
[detect] dist=4.08m (depth) target_ball=red ball carrying=None target_bucket=None msg=0.30, -0.01, 0, 0, 0
[detect] dist=4.04m (depth) target_ball=red ball carrying=None target_bucket=None msg=0.30, -0.02, 0, 0, 0
[detect] dist=4.08m (depth) target_ball=red ball carrying=None target_bucket=None msg=0.30, -0.02, 0, 0, 0
[detect] dist=4.05m (depth) target_ball=red ball carrying=None target_bucket=None msg=0.30, -0.02, 0, 0, 0
[detect] dist=4.08m (depth) target_ball=red ball carrying=None target_bucket=None msg=0.30, -0.02, 0, 0, 0
[detect] dist=4.02m (depth) target_ball=red ball carrying=None target_bucket=None msg=0.30, -0.02, 0, 0, 0
[detect] dist=4.00m (depth) target_ball=red ball carrying=None target_bucket=None msg=0.30, -0.01, 0, 0, 0
[detect] dist=4.00m (depth) target_ball=red ball carrying=None target_bucket=None msg=0.30, -0.01, 0, 0, 0
[detect] dist=3.97m (depth) target_ball=red ball carrying=None target_bucket=None msg=0.30, -0.01, 0, 0, 0
[detect] dist=3.97m (depth) target_ball=red ball carrying=None target_bucket=None msg=0.30, -0.01, 0, 0, 0
[detect] dist=4.00m (depth) target_ball=red ball carrying=None target_bucket=None msg=0.30, -0.01, 0, 0, 0
[detect] dist=3.96m (depth) target_ball=red ball carrying=None target_bucket=None msg=0.30, -0.01, 0, 0, 0
[detect] dist=3.96m (depth) target_ball=red ball carrying=None target_bucket=None msg=0.30, -0.01, 0, 0, 0
[detect] dist=3.94m (depth) target_ball=red ball carrying=None target_bucket=None msg=0.30, -0.01, 0, 0, 0
[detect] dist=3.94m (depth) target_ball=red ball carrying=None target_bucket=None msg=0.30, -0.01, 0, 0, 0
[detect] dist=3.93m (depth) target_ball=red ball carrying=None target_bucket=None msg=0.30, -0.01, 0, 0, 0
[detect] dist=3.93m (depth) target_ball=red ball carrying=None target_bucket=None msg=0.30, -0.01, 0, 0, 0
[detect] dist=3.92m (depth) target_ball=red ball carrying=None target_bucket=None msg=0.30, -0.01, 0, 0, 0
[detect] dist=3.92m (depth) target_ball=red ball carrying=None target_bucket=None msg=0.30, -0.01, 0, 0, 0
[detect] dist=3.92m (depth) target_ball=red ball carrying=None target_bucket=None msg=0.30, -0.00, 0, 0, 0
[detect] dist=3.88m (depth) target_ball=red ball carrying=None target_bucket=None msg=0.30, -0.00, 0, 0, 0
[detect] dist=3.89m (depth) target_ball=red ball carrying=None target_bucket=None msg=0.30, -0.00, 0, 0, 0
[detect] dist=3.87m (depth) target_ball=red ball carrying=None target_bucket=None msg=0.30, -0.00, 0, 0, 0
[detect] dist=3.86m (depth) target_ball=red ball carrying=None target_bucket=None msg=0.30, -0.00, 0, 0, 0
[detect] dist=3.84m (depth) target_ball=red ball carrying=None target_bucket=None msg=0.30, -0.00, 0, 0, 0
[detect] dist=3.81m (depth) target_ball=red ball carrying=None target_bucket=None msg=0.30, -0.00, 0, 0, 0
[detect] dist=3.77m (depth) target_ball=red ball carrying=None target_bucket=None msg=0.30, -0.00, 0, 0, 0
[detect] dist=3.76m (depth) target_ball=red ball carrying=None target_bucket=None msg=0.30, -0.00, 0, 0, 0
[detect] dist=3.76m (depth) target_ball=red ball carrying=None target_bucket=None msg=0.30, -0.00, 0, 0, 0
[detect] dist=3.75m (depth) target_ball=red ball carrying=None target_bucket=None msg=0.30, -0.00, 0, 0, 0
[detect] dist=3.75m (depth) target_ball=red ball carrying=None target_bucket=None msg=0.30, -0.00, 0, 0, 0
[detect] dist=3.71m (depth) target_ball=red ball carrying=None target_bucket=None msg=0.30, -0.00, 0, 0, 0
[detect] dist=3.68m (depth) target_ball=red ball carrying=None target_bucket=None msg=0.30, -0.01, 0, 0, 0
[detect] dist=3.66m (depth) target_ball=red ball carrying=None target_bucket=None msg=0.30, -0.01, 0, 0, 0
[detect] dist=3.69m (depth) target_ball=red ball carrying=None target_bucket=None msg=0.30, -0.01, 0, 0, 0
[detect] dist=3.64m (depth) target_ball=red ball carrying=None target_bucket=None msg=0.30, -0.01, 0, 0, 0
[detect] dist=3.66m (depth) target_ball=red ball carrying=None target_bucket=None msg=0.30, -0.01, 0, 0, 0
[detect] dist=3.63m (depth) target_ball=red ball carrying=None target_bucket=None msg=0.30, -0.01, 0, 0, 0
[detect] dist=3.60m (depth) target_ball=red ball carrying=None target_bucket=None msg=0.30, -0.01, 0, 0, 0
[detect] dist=3.62m (depth) target_ball=red ball carrying=None target_bucket=None msg=0.30, -0.00, 0, 0, 0
[detect] dist=3.59m (depth) target_ball=red ball carrying=None target_bucket=None msg=0.30, -0.00, 0, 0, 0
[detect] dist=3.60m (depth) target_ball=red ball carrying=None target_bucket=None msg=0.30, -0.00, 0, 0, 0
[detect] dist=3.59m (depth) target_ball=red ball carrying=None target_bucket=None msg=0.30, -0.00, 0, 0, 0
[detect] dist=3.58m (depth) target_ball=red ball carrying=None target_bucket=None msg=0.30, -0.00, 0, 0, 0
[detect] dist=3.58m (depth) target_ball=red ball carrying=None target_bucket=None msg=0.30, -0.00, 0, 0, 0
[detect] dist=3.56m (depth) target_ball=red ball carrying=None target_bucket=None msg=0.30, -0.00, 0, 0, 0
[detect] dist=3.56m (depth) target_ball=red ball carrying=None target_bucket=None msg=0.30, -0.00, 0, 0, 0
[detect] dist=3.54m (depth) target_ball=red ball carrying=None target_bucket=None msg=0.30, -0.00, 0, 0, 0
[detect] dist=3.52m (depth) target_ball=red ball carrying=None target_bucket=None msg=0.30, -0.00, 0, 0, 0
[detect] dist=3.50m (depth) target_ball=red ball carrying=None target_bucket=None msg=0.30, -0.00, 0, 0, 0
[detect] dist=3.50m (depth) target_ball=red ball carrying=None target_bucket=None msg=0.30, -0.00, 0, 0, 0
[detect] dist=3.47m (depth) target_ball=red ball carrying=None target_bucket=None msg=0.30, -0.00, 0, 0, 0
[detect] dist=3.47m (depth) target_ball=red ball carrying=None target_bucket=None msg=0.30, -0.00, 0, 0, 0
[detect] dist=3.47m (depth) target_ball=red ball carrying=None target_bucket=None msg=0.30, -0.00, 0, 0, 0
[detect] dist=3.45m (depth) target_ball=red ball carrying=None target_bucket=None msg=0.30, -0.00, 0, 0, 0
[detect] dist=3.41m (depth) target_ball=red ball carrying=None target_bucket=None msg=0.30, -0.00, 0, 0, 0
[detect] dist=3.39m (depth) target_ball=red ball carrying=None target_bucket=None msg=0.30, -0.01, 0, 0, 0
[detect] dist=3.36m (depth) target_ball=red ball carrying=None target_bucket=None msg=0.30, -0.01, 0, 0, 0
[detect] dist=3.35m (depth) target_ball=red ball carrying=None target_bucket=None msg=0.30, -0.01, 0, 0, 0
[detect] dist=3.38m (depth) target_ball=red ball carrying=None target_bucket=None msg=0.30, -0.02, 0, 0, 0
[detect] dist=3.35m (depth) target_ball=red ball carrying=None target_bucket=None msg=0.30, -0.02, 0, 0, 0
[detect] dist=3.33m (depth) target_ball=red ball carrying=None target_bucket=None msg=0.30, -0.02, 0, 0, 0
[detect] dist=3.31m (depth) target_ball=red ball carrying=None target_bucket=None msg=0.30, -0.02, 0, 0, 0
[detect] dist=3.27m (depth) target_ball=red ball carrying=None target_bucket=None msg=0.30, -0.02, 0, 0, 0
[detect] dist=3.27m (depth) target_ball=red ball carrying=None target_bucket=None msg=0.30, -0.02, 0, 0, 0
[detect] dist=3.26m (depth) target_ball=red ball carrying=None target_bucket=None msg=0.30, -0.02, 0, 0, 0
[detect] dist=3.25m (depth) target_ball=red ball carrying=None target_bucket=None msg=0.30, -0.02, 0, 0, 0
[detect] dist=3.26m (depth) target_ball=red ball carrying=None target_bucket=None msg=0.30, -0.02, 0, 0, 0
[detect] dist=3.22m (depth) target_ball=red ball carrying=None target_bucket=None msg=0.30, -0.02, 0, 0, 0
[detect] dist=3.25m (depth) target_ball=red ball carrying=None target_bucket=None msg=0.30, -0.02, 0, 0, 0
[detect] dist=3.23m (depth) target_ball=red ball carrying=None target_bucket=None msg=0.30, -0.02, 0, 0, 0
[detect] dist=3.20m (depth) target_ball=red ball carrying=None target_bucket=None msg=0.30, -0.02, 0, 0, 0
[detect] dist=3.22m (depth) target_ball=red ball carrying=None target_bucket=None msg=0.30, -0.02, 0, 0, 0
[detect] dist=3.21m (depth) target_ball=red ball carrying=None target_bucket=None msg=0.30, -0.02, 0, 0, 0
[detect] dist=3.20m (depth) target_ball=red ball carrying=None target_bucket=None msg=0.30, -0.02, 0, 0, 0
[detect] dist=3.19m (depth) target_ball=red ball carrying=None target_bucket=None msg=0.30, -0.02, 0, 0, 0
[detect] dist=3.16m (depth) target_ball=red ball carrying=None target_bucket=None msg=0.30, -0.02, 0, 0, 0
[detect] dist=3.14m (depth) target_ball=red ball carrying=None target_bucket=None msg=0.30, -0.02, 0, 0, 0
[detect] dist=3.13m (depth) target_ball=red ball carrying=None target_bucket=None msg=0.30, -0.02, 0, 0, 0
[detect] dist=3.12m (depth) target_ball=red ball carrying=None target_bucket=None msg=0.30, -0.02, 0, 0, 0
[detect] dist=3.10m (depth) target_ball=red ball carrying=None target_bucket=None msg=0.30, -0.02, 0, 0, 0
[detect] dist=3.12m (depth) target_ball=red ball carrying=None target_bucket=None msg=0.30, -0.02, 0, 0, 0
[detect] dist=3.07m (depth) target_ball=red ball carrying=None target_bucket=None msg=0.30, -0.02, 0, 0, 0
[detect] dist=3.07m (depth) target_ball=red ball carrying=None target_bucket=None msg=0.30, -0.01, 0, 0, 0
[detect] dist=3.05m (depth) target_ball=red ball carrying=None target_bucket=None msg=0.30, -0.01, 0, 0, 0
[detect] dist=3.03m (depth) target_ball=red ball carrying=None target_bucket=None msg=0.30, -0.01, 0, 0, 0
[detect] dist=3.00m (depth) target_ball=red ball carrying=None target_bucket=None msg=0.30, -0.01, 0, 0, 0
[detect] dist=3.00m (depth) target_ball=red ball carrying=None target_bucket=None msg=0.30, -0.01, 0, 0, 0
[detect] dist=3.00m (depth) target_ball=red ball carrying=None target_bucket=None msg=0.30, -0.01, 0, 0, 0
[detect] dist=2.99m (depth) target_ball=red ball carrying=None target_bucket=None msg=0.30, -0.01, 0, 0, 0
[detect] dist=2.98m (depth) target_ball=red ball carrying=None target_bucket=None msg=0.30, -0.01, 0, 0, 0
[detect] dist=2.97m (depth) target_ball=red ball carrying=None target_bucket=None msg=0.30, -0.01, 0, 0, 0
[detect] dist=2.96m (depth) target_ball=red ball carrying=None target_bucket=None msg=0.30, -0.01, 0, 0, 0
[detect] dist=2.95m (depth) target_ball=red ball carrying=None target_bucket=None msg=0.30, -0.01, 0, 0, 0
[detect] dist=2.92m (depth) target_ball=red ball carrying=None target_bucket=None msg=0.30, -0.01, 0, 0, 0
[detect] dist=2.93m (depth) target_ball=red ball carrying=None target_bucket=None msg=0.30, -0.01, 0, 0, 0
[detect] dist=2.89m (depth) target_ball=red ball carrying=None target_bucket=None msg=0.30, -0.01, 0, 0, 0
[detect] dist=2.91m (depth) target_ball=red ball carrying=None target_bucket=None msg=0.30, -0.01, 0, 0, 0
[detect] dist=2.89m (depth) target_ball=red ball carrying=None target_bucket=None msg=0.30, -0.01, 0, 0, 0
[detect] dist=2.86m (depth) target_ball=red ball carrying=None target_bucket=None msg=0.30, -0.01, 0, 0, 0
[detect] dist=2.85m (depth) target_ball=red ball carrying=None target_bucket=None msg=0.30, -0.01, 0, 0, 0
[detect] dist=2.83m (depth) target_ball=red ball carrying=None target_bucket=None msg=0.30, -0.01, 0, 0, 0
[detect] dist=2.86m (depth) target_ball=red ball carrying=None target_bucket=None msg=0.30, -0.01, 0, 0, 0
[detect] dist=2.79m (depth) target_ball=red ball carrying=None target_bucket=None msg=0.30, -0.01, 0, 0, 0
[detect] dist=2.79m (depth) target_ball=red ball carrying=None target_bucket=None msg=0.30, -0.01, 0, 0, 0
[detect] dist=2.77m (depth) target_ball=red ball carrying=None target_bucket=None msg=0.30, -0.01, 0, 0, 0
[detect] dist=2.78m (depth) target_ball=red ball carrying=None target_bucket=None msg=0.30, -0.01, 0, 0, 0
[detect] dist=2.77m (depth) target_ball=red ball carrying=None target_bucket=None msg=0.30, -0.01, 0, 0, 0
[detect] dist=2.75m (depth) target_ball=red ball carrying=None target_bucket=None msg=0.30, -0.01, 0, 0, 0
[detect] dist=2.75m (depth) target_ball=red ball carrying=None target_bucket=None msg=0.30, -0.01, 0, 0, 0
[detect] dist=2.74m (depth) target_ball=red ball carrying=None target_bucket=None msg=0.30, -0.01, 0, 0, 0
[detect] dist=2.72m (depth) target_ball=red ball carrying=None target_bucket=None msg=0.30, -0.01, 0, 0, 0
[detect] dist=2.72m (depth) target_ball=red ball carrying=None target_bucket=None msg=0.30, -0.01, 0, 0, 0
[detect] dist=2.72m (depth) target_ball=red ball carrying=None target_bucket=None msg=-0.00, 0.00, 0, 0, 0
[detect] dist=2.72m (depth) target_ball=red ball carrying=None target_bucket=None msg=-0.00, 0.00, 0, 0, 0
[detect] dist=2.72m (depth) target_ball=red ball carrying=None target_bucket=None msg=-0.00, 0.00, 0, 0, 0
[detect] dist=2.64m (depth) target_ball=red ball carrying=None target_bucket=None msg=0.30, -0.01, 0, 0, 0
[detect] dist=2.67m (depth) target_ball=red ball carrying=None target_bucket=None msg=0.30, -0.01, 0, 0, 0
[detect] dist=2.64m (depth) target_ball=red ball carrying=None target_bucket=None msg=0.30, -0.01, 0, 0, 0
[detect] dist=2.64m (depth) target_ball=red ball carrying=None target_bucket=None msg=0.30, -0.01, 0, 0, 0
[detect] dist=2.64m (depth) target_ball=red ball carrying=None target_bucket=None msg=0.30, -0.01, 0, 0, 0
[detect] dist=2.62m (depth) target_ball=red ball carrying=None target_bucket=None msg=0.30, -0.01, 0, 0, 0
[detect] dist=2.62m (depth) target_ball=red ball carrying=None target_bucket=None msg=-0.00, 0.00, 0, 0, 0
[detect] dist=2.62m (depth) target_ball=red ball carrying=None target_bucket=None msg=-0.00, 0.00, 0, 0, 0
[detect] dist=2.62m (depth) target_ball=red ball carrying=None target_bucket=None msg=-0.00, 0.00, 0, 0, 0
[detect] dist=2.59m (depth) target_ball=red ball carrying=None target_bucket=None msg=0.30, -0.02, 0, 0, 0
[detect] dist=2.58m (depth) target_ball=red ball carrying=None target_bucket=None msg=0.30, -0.02, 0, 0, 0
[detect] dist=2.59m (depth) target_ball=red ball carrying=None target_bucket=None msg=0.30, -0.02, 0, 0, 0
[detect] dist=2.58m (depth) target_ball=red ball carrying=None target_bucket=None msg=0.30, -0.02, 0, 0, 0
[detect] dist=2.59m (depth) target_ball=red ball carrying=None target_bucket=None msg=0.30, -0.02, 0, 0, 0
[detect] dist=2.59m (depth) target_ball=red ball carrying=None target_bucket=None msg=0.30, -0.02, 0, 0, 0
[detect] dist=2.58m (depth) target_ball=red ball carrying=None target_bucket=None msg=0.30, -0.02, 0, 0, 0
[detect] dist=2.56m (depth) target_ball=red ball carrying=None target_bucket=None msg=0.30, -0.02, 0, 0, 0
[detect] dist=2.57m (depth) target_ball=red ball carrying=None target_bucket=None msg=0.30, -0.02, 0, 0, 0
[detect] dist=2.54m (depth) target_ball=red ball carrying=None target_bucket=None msg=0.30, -0.02, 0, 0, 0
[detect] dist=2.52m (depth) target_ball=red ball carrying=None target_bucket=None msg=0.30, -0.02, 0, 0, 0
[detect] dist=2.52m (depth) target_ball=red ball carrying=None target_bucket=None msg=-0.00, 0.00, 0, 0, 0
[detect] dist=2.52m (depth) target_ball=red ball carrying=None target_bucket=None msg=-0.00, 0.00, 0, 0, 0
[detect] dist=2.52m (depth) target_ball=red ball carrying=None target_bucket=None msg=-0.00, 0.00, 0, 0, 0
[detect] dist=2.52m (depth) target_ball=red ball carrying=None target_bucket=None msg=-0.00, 0.00, 0, 0, 0
[detect] dist=2.52m (depth) target_ball=red ball carrying=None target_bucket=None msg=-0.00, 0.00, 0, 0, 0
[detect] dist=2.52m (depth) target_ball=red ball carrying=None target_bucket=None msg=-0.00, 0.00, 0, 0, 0
[detect] dist=2.52m (depth) target_ball=red ball carrying=None target_bucket=None msg=-0.00, 0.00, 0, 0, 0
[detect] dist=2.44m (depth) target_ball=red ball carrying=None target_bucket=None msg=0.30, -0.04, 0, 0, 0
[detect] dist=2.42m (depth) target_ball=red ball carrying=None target_bucket=None msg=0.30, -0.04, 0, 0, 0
[detect] dist=2.42m (depth) target_ball=red ball carrying=None target_bucket=None msg=0.30, -0.04, 0, 0, 0
[detect] dist=2.45m (depth) target_ball=red ball carrying=None target_bucket=None msg=0.30, -0.04, 0, 0, 0
[detect] dist=2.42m (depth) target_ball=red ball carrying=None target_bucket=None msg=0.30, -0.04, 0, 0, 0
[detect] dist=2.44m (depth) target_ball=red ball carrying=None target_bucket=None msg=0.30, -0.04, 0, 0, 0
[detect] dist=2.42m (depth) target_ball=red ball carrying=None target_bucket=None msg=0.30, -0.04, 0, 0, 0
[detect] dist=2.41m (depth) target_ball=red ball carrying=None target_bucket=None msg=0.30, -0.04, 0, 0, 0
[detect] dist=2.41m (depth) target_ball=red ball carrying=None target_bucket=None msg=0.30, -0.04, 0, 0, 0
[detect] dist=2.40m (depth) target_ball=red ball carrying=None target_bucket=None msg=0.30, -0.04, 0, 0, 0
[detect] dist=2.39m (depth) target_ball=red ball carrying=None target_bucket=None msg=0.30, -0.04, 0, 0, 0
[detect] dist=2.37m (depth) target_ball=red ball carrying=None target_bucket=None msg=0.30, -0.04, 0, 0, 0
[detect] dist=2.33m (depth) target_ball=red ball carrying=None target_bucket=None msg=0.30, -0.04, 0, 0, 0
[detect] dist=2.34m (depth) target_ball=red ball carrying=None target_bucket=None msg=0.30, -0.04, 0, 0, 0
[detect] dist=2.30m (depth) target_ball=red ball carrying=None target_bucket=None msg=0.30, -0.04, 0, 0, 0
[detect] dist=2.28m (depth) target_ball=red ball carrying=None target_bucket=None msg=0.30, -0.04, 0, 0, 0
[detect] dist=2.27m (depth) target_ball=red ball carrying=None target_bucket=None msg=0.30, -0.04, 0, 0, 0
[detect] dist=2.26m (depth) target_ball=red ball carrying=None target_bucket=None msg=0.30, -0.04, 0, 0, 0
[detect] dist=2.26m (depth) target_ball=red ball carrying=None target_bucket=None msg=0.30, -0.04, 0, 0, 0
[detect] dist=2.26m (depth) target_ball=red ball carrying=None target_bucket=None msg=0.30, -0.04, 0, 0, 0
[detect] dist=2.23m (depth) target_ball=red ball carrying=None target_bucket=None msg=0.30, -0.04, 0, 0, 0
[detect] dist=2.22m (depth) target_ball=red ball carrying=None target_bucket=None msg=0.30, -0.04, 0, 0, 0
[detect] dist=2.21m (depth) target_ball=red ball carrying=None target_bucket=None msg=0.30, -0.04, 0, 0, 0
[detect] dist=2.18m (depth) target_ball=red ball carrying=None target_bucket=None msg=0.30, -0.05, 0, 0, 0
[detect] dist=2.17m (depth) target_ball=red ball carrying=None target_bucket=None msg=0.30, -0.05, 0, 0, 0
[detect] dist=2.16m (depth) target_ball=red ball carrying=None target_bucket=None msg=0.30, -0.05, 0, 0, 0
[detect] dist=2.15m (depth) target_ball=red ball carrying=None target_bucket=None msg=0.30, -0.05, 0, 0, 0
[detect] dist=2.14m (depth) target_ball=red ball carrying=None target_bucket=None msg=0.30, -0.05, 0, 0, 0
[detect] dist=2.13m (depth) target_ball=red ball carrying=None target_bucket=None msg=0.30, -0.05, 0, 0, 0
[detect] dist=2.13m (depth) target_ball=red ball carrying=None target_bucket=None msg=0.30, -0.05, 0, 0, 0
[detect] dist=2.12m (depth) target_ball=red ball carrying=None target_bucket=None msg=0.30, -0.05, 0, 0, 0
[detect] dist=2.10m (depth) target_ball=red ball carrying=None target_bucket=None msg=0.30, -0.05, 0, 0, 0
[detect] dist=2.08m (depth) target_ball=red ball carrying=None target_bucket=None msg=0.30, -0.05, 0, 0, 0
[detect] dist=2.06m (depth) target_ball=red ball carrying=None target_bucket=None msg=0.30, -0.05, 0, 0, 0
[detect] dist=2.04m (depth) target_ball=red ball carrying=None target_bucket=None msg=0.30, -0.05, 0, 0, 0
[detect] dist=2.04m (depth) target_ball=red ball carrying=None target_bucket=None msg=0.30, -0.05, 0, 0, 0
[detect] dist=2.03m (depth) target_ball=red ball carrying=None target_bucket=None msg=0.30, -0.05, 0, 0, 0
[detect] dist=2.02m (depth) target_ball=red ball carrying=None target_bucket=None msg=0.30, -0.05, 0, 0, 0
[detect] dist=2.01m (depth) target_ball=red ball carrying=None target_bucket=None msg=0.30, -0.05, 0, 0, 0
[detect] dist=2.00m (depth) target_ball=red ball carrying=None target_bucket=None msg=0.30, -0.05, 0, 0, 0
[detect] dist=1.99m (depth) target_ball=red ball carrying=None target_bucket=None msg=0.30, -0.06, 0, 0, 0
[detect] dist=1.97m (depth) target_ball=red ball carrying=None target_bucket=None msg=0.30, -0.04, 0, 0, 0
[detect] dist=1.96m (depth) target_ball=red ball carrying=None target_bucket=None msg=0.30, -0.04, 0, 0, 0
[detect] dist=1.92m (depth) target_ball=red ball carrying=None target_bucket=None msg=0.30, -0.04, 0, 0, 0
[detect] dist=1.93m (depth) target_ball=red ball carrying=None target_bucket=None msg=0.30, -0.04, 0, 0, 0
[detect] dist=1.92m (depth) target_ball=red ball carrying=None target_bucket=None msg=0.30, -0.04, 0, 0, 0
[detect] dist=1.91m (depth) target_ball=red ball carrying=None target_bucket=None msg=0.30, -0.04, 0, 0, 0
[detect] dist=1.91m (depth) target_ball=red ball carrying=None target_bucket=None msg=0.30, -0.04, 0, 0, 0
[detect] dist=1.90m (depth) target_ball=red ball carrying=None target_bucket=None msg=0.30, -0.04, 0, 0, 0
[detect] dist=1.88m (depth) target_ball=red ball carrying=None target_bucket=None msg=0.30, -0.04, 0, 0, 0
[detect] dist=1.88m (depth) target_ball=red ball carrying=None target_bucket=None msg=-0.00, 0.00, 0, 0, 0
[detect] dist=1.88m (depth) target_ball=red ball carrying=None target_bucket=None msg=-0.00, 0.00, 0, 0, 0
[detect] dist=1.82m (depth) target_ball=red ball carrying=None target_bucket=None msg=0.30, -0.02, 0, 0, 0
[detect] dist=1.82m (depth) target_ball=red ball carrying=None target_bucket=None msg=0.30, -0.02, 0, 0, 0
[detect] dist=1.82m (depth) target_ball=red ball carrying=None target_bucket=None msg=0.30, -0.02, 0, 0, 0
[detect] dist=1.80m (depth) target_ball=red ball carrying=None target_bucket=None msg=0.30, -0.02, 0, 0, 0
[detect] dist=1.82m (depth) target_ball=red ball carrying=None target_bucket=None msg=0.30, -0.02, 0, 0, 0
[detect] dist=1.79m (depth) target_ball=red ball carrying=None target_bucket=None msg=0.30, -0.02, 0, 0, 0
[detect] dist=1.79m (depth) target_ball=red ball carrying=None target_bucket=None msg=0.30, -0.02, 0, 0, 0
[detect] dist=1.78m (depth) target_ball=red ball carrying=None target_bucket=None msg=0.30, -0.02, 0, 0, 0
[detect] dist=1.77m (depth) target_ball=red ball carrying=None target_bucket=None msg=0.30, -0.02, 0, 0, 0
[detect] dist=1.75m (depth) target_ball=red ball carrying=None target_bucket=None msg=0.30, -0.02, 0, 0, 0
[detect] dist=1.74m (depth) target_ball=red ball carrying=None target_bucket=None msg=0.30, -0.02, 0, 0, 0
[detect] dist=1.73m (depth) target_ball=red ball carrying=None target_bucket=None msg=0.30, -0.02, 0, 0, 0
[detect] dist=1.71m (depth) target_ball=red ball carrying=None target_bucket=None msg=0.30, -0.02, 0, 0, 0
[detect] dist=1.70m (depth) target_ball=red ball carrying=None target_bucket=None msg=0.30, -0.02, 0, 0, 0
[detect] dist=1.67m (depth) target_ball=red ball carrying=None target_bucket=None msg=0.30, -0.02, 0, 0, 0
[detect] dist=1.66m (depth) target_ball=red ball carrying=None target_bucket=None msg=0.30, -0.02, 0, 0, 0
[detect] dist=1.65m (depth) target_ball=red ball carrying=None target_bucket=None msg=0.30, -0.02, 0, 0, 0
[detect] dist=1.64m (depth) target_ball=red ball carrying=None target_bucket=None msg=0.30, -0.02, 0, 0, 0
[detect] dist=1.63m (depth) target_ball=red ball carrying=None target_bucket=None msg=0.30, -0.02, 0, 0, 0
[detect] dist=1.61m (depth) target_ball=red ball carrying=None target_bucket=None msg=0.30, -0.02, 0, 0, 0
[detect] dist=1.60m (depth) target_ball=red ball carrying=None target_bucket=None msg=0.30, -0.02, 0, 0, 0
[detect] dist=1.60m (depth) target_ball=red ball carrying=None target_bucket=None msg=0.30, -0.02, 0, 0, 0
[detect] dist=1.58m (depth) target_ball=red ball carrying=None target_bucket=None msg=0.30, -0.02, 0, 0, 0
[detect] dist=1.57m (depth) target_ball=red ball carrying=None target_bucket=None msg=0.30, -0.02, 0, 0, 0
[detect] dist=1.55m (depth) target_ball=red ball carrying=None target_bucket=None msg=0.30, -0.02, 0, 0, 0
[detect] dist=1.54m (depth) target_ball=red ball carrying=None target_bucket=None msg=0.30, -0.02, 0, 0, 0
[detect] dist=1.52m (depth) target_ball=red ball carrying=None target_bucket=None msg=0.30, -0.02, 0, 0, 0
[detect] dist=1.52m (depth) target_ball=red ball carrying=None target_bucket=None msg=0.30, -0.02, 0, 0, 0
[detect] dist=1.51m (depth) target_ball=red ball carrying=None target_bucket=None msg=0.30, -0.02, 0, 0, 0
[detect] dist=1.49m (depth) target_ball=red ball carrying=None target_bucket=None msg=0.30, -0.02, 0, 0, 0
[detect] dist=1.49m (depth) target_ball=red ball carrying=None target_bucket=None msg=0.30, -0.02, 0, 0, 0
[detect] dist=1.47m (depth) target_ball=red ball carrying=None target_bucket=None msg=0.30, -0.02, 0, 0, 0
[detect] dist=1.46m (depth) target_ball=red ball carrying=None target_bucket=None msg=0.30, -0.02, 0, 0, 0
[detect] dist=1.45m (depth) target_ball=red ball carrying=None target_bucket=None msg=0.30, -0.02, 0, 0, 0
[detect] dist=1.43m (depth) target_ball=red ball carrying=None target_bucket=None msg=0.30, -0.02, 0, 0, 0
[detect] dist=1.42m (depth) target_ball=red ball carrying=None target_bucket=None msg=0.30, -0.02, 0, 0, 0
[detect] dist=1.41m (depth) target_ball=red ball carrying=None target_bucket=None msg=0.30, -0.02, 0, 0, 0
[detect] dist=1.40m (depth) target_ball=red ball carrying=None target_bucket=None msg=0.30, -0.02, 0, 0, 0
[detect] dist=1.39m (depth) target_ball=red ball carrying=None target_bucket=None msg=0.30, -0.02, 0, 0, 0
[detect] dist=1.37m (depth) target_ball=red ball carrying=None target_bucket=None msg=0.30, -0.02, 0, 0, 0
[detect] dist=1.36m (depth) target_ball=red ball carrying=None target_bucket=None msg=0.30, -0.02, 0, 0, 0
[detect] dist=1.35m (depth) target_ball=red ball carrying=None target_bucket=None msg=0.30, -0.02, 0, 0, 0
[detect] dist=1.33m (depth) target_ball=red ball carrying=None target_bucket=None msg=0.30, -0.02, 0, 0, 0
[detect] dist=1.32m (depth) target_ball=red ball carrying=None target_bucket=None msg=0.30, -0.02, 0, 0, 0
[detect] dist=1.31m (depth) target_ball=red ball carrying=None target_bucket=None msg=0.30, -0.03, 0, 0, 0
[detect] dist=1.31m (depth) target_ball=red ball carrying=None target_bucket=None msg=0.30, -0.03, 0, 0, 0
[detect] dist=1.28m (depth) target_ball=red ball carrying=None target_bucket=None msg=0.30, -0.01, 0, 0, 0
[detect] dist=1.27m (depth) target_ball=red ball carrying=None target_bucket=None msg=0.30, -0.01, 0, 0, 0
[detect] dist=1.27m (depth) target_ball=red ball carrying=None target_bucket=None msg=0.30, -0.01, 0, 0, 0
[detect] dist=1.25m (depth) target_ball=red ball carrying=None target_bucket=None msg=0.30, -0.01, 0, 0, 0
[detect] dist=1.23m (depth) target_ball=red ball carrying=None target_bucket=None msg=0.30, -0.01, 0, 0, 0
[detect] dist=1.23m (depth) target_ball=red ball carrying=None target_bucket=None msg=0.29, -0.01, 0, 0, 0
[detect] dist=1.22m (depth) target_ball=red ball carrying=None target_bucket=None msg=0.29, -0.01, 0, 0, 0
[detect] dist=1.20m (depth) target_ball=red ball carrying=None target_bucket=None msg=0.28, -0.01, 0, 0, 0
[detect] dist=1.19m (depth) target_ball=red ball carrying=None target_bucket=None msg=0.28, -0.01, 0, 0, 0
[detect] dist=1.18m (depth) target_ball=red ball carrying=None target_bucket=None msg=0.27, -0.01, 0, 0, 0
[detect] dist=1.17m (depth) target_ball=red ball carrying=None target_bucket=None msg=0.26, -0.01, 0, 0, 0
[detect] dist=1.15m (depth) target_ball=red ball carrying=None target_bucket=None msg=0.26, -0.01, 0, 0, 0
[detect] dist=1.15m (depth) target_ball=red ball carrying=None target_bucket=None msg=-0.00, 0.00, 0, 0, 0
[detect] dist=1.15m (depth) target_ball=red ball carrying=None target_bucket=None msg=-0.00, 0.00, 0, 0, 0
[detect] dist=1.15m (depth) target_ball=red ball carrying=None target_bucket=None msg=-0.00, 0.00, 0, 0, 0
[detect] dist=1.11m (depth) target_ball=red ball carrying=None target_bucket=None msg=0.24, -0.01, 0, 0, 0
[detect] dist=1.11m (depth) target_ball=red ball carrying=None target_bucket=None msg=0.23, -0.01, 0, 0, 0
[detect] dist=1.11m (depth) target_ball=red ball carrying=None target_bucket=None msg=0.23, -0.01, 0, 0, 0
[detect] dist=1.11m (depth) target_ball=red ball carrying=None target_bucket=None msg=0.22, -0.01, 0, 0, 0
[detect] dist=1.10m (depth) target_ball=red ball carrying=None target_bucket=None msg=0.22, -0.01, 0, 0, 0
[detect] dist=1.09m (depth) target_ball=red ball carrying=None target_bucket=None msg=0.22, -0.01, 0, 0, 0
[detect] dist=1.08m (depth) target_ball=red ball carrying=None target_bucket=None msg=0.21, -0.02, 0, 0, 0
[detect] dist=1.08m (depth) target_ball=red ball carrying=None target_bucket=None msg=0.21, -0.02, 0, 0, 0
[detect] dist=1.07m (depth) target_ball=red ball carrying=None target_bucket=None msg=0.21, -0.02, 0, 0, 0
[detect] dist=1.06m (depth) target_ball=red ball carrying=None target_bucket=None msg=0.21, -0.02, 0, 0, 0
[detect] dist=1.05m (depth) target_ball=red ball carrying=None target_bucket=None msg=0.21, -0.02, 0, 0, 0
[detect] dist=1.04m (depth) target_ball=red ball carrying=None target_bucket=None msg=0.20, -0.02, 0, 0, 0
[detect] dist=1.02m (depth) target_ball=red ball carrying=None target_bucket=None msg=0.20, -0.02, 0, 0, 0
[detect] dist=1.02m (depth) target_ball=red ball carrying=None target_bucket=None msg=0.19, -0.02, 0, 0, 0
[detect] dist=1.00m (depth) target_ball=red ball carrying=None target_bucket=None msg=0.19, -0.02, 0, 0, 0
[detect] dist=1.00m (depth) target_ball=red ball carrying=None target_bucket=None msg=0.18, -0.02, 0, 0, 0
[detect] dist=0.99m (depth) target_ball=red ball carrying=None target_bucket=None msg=0.18, -0.02, 0, 0, 0
[detect] dist=0.97m (depth) target_ball=red ball carrying=None target_bucket=None msg=0.17, -0.03, 0, 0, 0
[detect] dist=0.97m (depth) target_ball=red ball carrying=None target_bucket=None msg=0.16, -0.03, 0, 0, 0
[detect] dist=0.96m (depth) target_ball=red ball carrying=None target_bucket=None msg=0.16, -0.03, 0, 0, 0
[detect] dist=0.96m (depth) target_ball=red ball carrying=None target_bucket=None msg=0.16, -0.03, 0, 0, 0
[detect] dist=0.95m (depth) target_ball=red ball carrying=None target_bucket=None msg=0.15, -0.03, 0, 0, 0
[detect] dist=0.94m (depth) target_ball=red ball carrying=None target_bucket=None msg=0.14, -0.04, 0, 0, 0
[detect] dist=0.94m (depth) target_ball=red ball carrying=None target_bucket=None msg=0.14, -0.04, 0, 0, 0
[detect] dist=0.92m (depth) target_ball=red ball carrying=None target_bucket=None msg=0.14, -0.04, 0, 0, 0
[detect] dist=0.91m (depth) target_ball=red ball carrying=None target_bucket=None msg=0.14, -0.04, 0, 0, 0
[detect] dist=0.90m (depth) target_ball=red ball carrying=None target_bucket=None msg=0.14, -0.04, 0, 0, 0
[detect] dist=0.91m (depth) target_ball=red ball carrying=None target_bucket=None msg=0.14, -0.04, 0, 0, 0
[detect] dist=0.90m (depth) target_ball=red ball carrying=None target_bucket=None msg=0.14, -0.04, 0, 0, 0
[detect] dist=0.88m (depth) target_ball=red ball carrying=None target_bucket=None msg=0.14, -0.04, 0, 0, 0
[detect] dist=0.88m (depth) target_ball=red ball carrying=None target_bucket=None msg=0.14, -0.04, 0, 0, 0
[detect] dist=0.86m (depth) target_ball=red ball carrying=None target_bucket=None msg=0.14, -0.04, 0, 0, 0
[detect] dist=0.86m (depth) target_ball=red ball carrying=None target_bucket=None msg=0.08, -0.07, 0, 0, 0
[detect] dist=0.85m (depth) target_ball=red ball carrying=None target_bucket=None msg=0.08, -0.07, 0, 0, 0
[detect] dist=0.84m (depth) target_ball=red ball carrying=None target_bucket=None msg=0.08, -0.07, 0, 0, 0
[detect] dist=0.84m (depth) target_ball=red ball carrying=None target_bucket=None msg=0.08, -0.07, 0, 0, 0
[detect] dist=0.83m (depth) target_ball=red ball carrying=None target_bucket=None msg=0.08, -0.07, 0, 0, 0
[detect] dist=0.82m (depth) target_ball=red ball carrying=None target_bucket=None msg=0.08, -0.07, 0, 0, 0
[detect] dist=0.81m (depth) target_ball=red ball carrying=None target_bucket=None msg=0.08, -0.07, 0, 0, 0
[detect] dist=0.81m (depth) target_ball=red ball carrying=None target_bucket=None msg=0.08, -0.07, 0, 0, 0
[detect] dist=0.80m (depth) target_ball=red ball carrying=None target_bucket=None msg=0.08, -0.07, 0, 0, 0
[detect] dist=0.79m (depth) target_ball=red ball carrying=None target_bucket=None msg=0.08, -0.07, 0, 0, 0
[detect] dist=0.79m (depth) target_ball=red ball carrying=None target_bucket=None msg=0.08, -0.07, 0, 0, 0
[detect] dist=0.78m (depth) target_ball=red ball carrying=None target_bucket=None msg=0.08, -0.07, 0, 0, 0
[detect] dist=0.77m (depth) target_ball=red ball carrying=None target_bucket=None msg=0.08, -0.07, 0, 0, 0
[detect] dist=0.76m (depth) target_ball=red ball carrying=None target_bucket=None msg=0.08, -0.07, 0, 0, 0
[detect] dist=0.75m (depth) target_ball=red ball carrying=None target_bucket=None msg=0.08, -0.07, 0, 0, 0
[detect] dist=0.75m (depth) target_ball=red ball carrying=None target_bucket=None msg=0.08, -0.07, 0, 0, 0
[detect] dist=0.74m (depth) target_ball=red ball carrying=None target_bucket=None msg=0.05, -0.06, 0, 0, 0
[detect] dist=0.73m (depth) target_ball=red ball carrying=None target_bucket=None msg=0.05, -0.06, 0, 0, 0
[detect] dist=0.73m (depth) target_ball=red ball carrying=None target_bucket=None msg=0.05, -0.06, 0, 0, 0
[detect] dist=0.72m (depth) target_ball=red ball carrying=None target_bucket=None msg=0.05, -0.06, 0, 0, 0
[detect] dist=0.71m (depth) target_ball=red ball carrying=None target_bucket=None msg=0.05, -0.06, 0, 0, 0
[detect] dist=0.71m (depth) target_ball=red ball carrying=None target_bucket=None msg=0.05, -0.06, 0, 0, 0
[detect] dist=0.70m (depth) target_ball=red ball carrying=None target_bucket=None msg=0.05, -0.06, 0, 0, 0
[detect] dist=0.69m (depth) target_ball=red ball carrying=None target_bucket=None msg=0.05, -0.06, 0, 0, 0
[detect] dist=0.68m (depth) target_ball=red ball carrying=None target_bucket=None msg=0.10, 0.00, 0, 0, 0
[detect] dist=0.68m (depth) target_ball=red ball carrying=None target_bucket=None msg=0.10, 0.00, 0, 0, 0
[detect] dist=0.67m (depth) target_ball=red ball carrying=None target_bucket=None msg=-0.00, 0.00, 0, 0, 0
[detect] dist=0.65m (depth) target_ball=red ball carrying=None target_bucket=None msg=-0.00, 0.00, 0, 0, 0
Stopping.
Run artifacts saved to: /home/ball-e/ball-e/python_scripts/run_logs/20260401_004107
Done.
