Run artifact capture enabled: /home/ball-e/ball-e/python_scripts/run_logs/20260326_203818
[WARN] Label-order contract mismatch between runtime labels JSON and expected class order. expected=['blue ball', 'blue bucket', 'green ball', 'green bucket', 'red ball', 'red bucket', 'yellow ball', 'yellow bucket'] actual=['yellow bucket', 'blue ball', 'blue bucket', 'green ball', 'green bucket', 'red ball', 'red bucket', 'yellow ball']
HEF path: /home/ball-e/ball-e/models/3-12-caleb.hef
HEF sha256: 987366ffa8e59d1361df775af5803c2328c5da10fab7c956b755fa1af6b8ed8f
Labels path: /home/ball-e/ball-e/models/ball_bucket.json
Labels sha256: 169c59298e13dd1f449498216aec975daf498e826182cbe9984a272f6cc03bb7
Labels order: ['yellow bucket', 'blue ball', 'blue bucket', 'green ball', 'green bucket', 'red ball', 'red bucket', 'yellow ball']
Hailo inference started.
RealSense D455 started (color + depth).
Pico messenger: /dev/ttyACM0
Main loop running. Use Ctrl+C to stop.
POV video recording: /home/ball-e/ball-e/python_scripts/run_logs/20260326_203818/pov_annotated.mp4
[detect] dist=0.00m (geom) target_ball=red ball carrying=None target_bucket=None msg=-0.00, 0.00, 0, 0, 0
[detect] dist=0.00m (geom) target_ball=red ball carrying=None target_bucket=None msg=-0.00, 0.00, 0, 0, 0
[detect] dist=0.00m (geom) target_ball=red ball carrying=None target_bucket=None msg=-0.00, 0.00, 0, 0, 0
[detect] dist=1.40m (depth) target_ball=red ball carrying=None target_bucket=None msg=0.30, 0.12, 0, 0, 0
[detect] dist=1.41m (depth) target_ball=red ball carrying=None target_bucket=None msg=0.30, 0.12, 0, 0, 0
[detect] dist=1.41m (depth) target_ball=red ball carrying=None target_bucket=None msg=0.30, 0.12, 0, 0, 0
[detect] dist=1.41m (depth) target_ball=red ball carrying=None target_bucket=None msg=0.30, 0.12, 0, 0, 0
[detect] dist=1.41m (depth) target_ball=red ball carrying=None target_bucket=None msg=0.30, 0.12, 0, 0, 0
[detect] dist=1.39m (depth) target_ball=red ball carrying=None target_bucket=None msg=0.30, 0.12, 0, 0, 0
[detect] dist=1.34m (depth) target_ball=red ball carrying=None target_bucket=None msg=0.30, 0.13, 0, 0, 0
[detect] dist=1.33m (depth) target_ball=red ball carrying=None target_bucket=None msg=0.30, 0.13, 0, 0, 0
[detect] dist=1.32m (depth) target_ball=red ball carrying=None target_bucket=None msg=0.30, 0.13, 0, 0, 0
[detect] dist=1.31m (depth) target_ball=red ball carrying=None target_bucket=None msg=0.30, 0.13, 0, 0, 0
[detect] dist=1.30m (depth) target_ball=red ball carrying=None target_bucket=None msg=0.30, 0.13, 0, 0, 0
[detect] dist=1.29m (depth) target_ball=red ball carrying=None target_bucket=None msg=0.30, 0.13, 0, 0, 0
[detect] dist=1.28m (depth) target_ball=red ball carrying=None target_bucket=None msg=0.30, 0.14, 0, 0, 0
[detect] dist=1.27m (depth) target_ball=red ball carrying=None target_bucket=None msg=0.30, 0.14, 0, 0, 0
[detect] dist=1.26m (depth) target_ball=red ball carrying=None target_bucket=None msg=0.30, 0.14, 0, 0, 0
[detect] dist=1.24m (depth) target_ball=red ball carrying=None target_bucket=None msg=0.30, 0.14, 0, 0, 0
[detect] dist=1.23m (depth) target_ball=red ball carrying=None target_bucket=None msg=0.30, 0.14, 0, 0, 0
[detect] dist=1.22m (depth) target_ball=red ball carrying=None target_bucket=None msg=0.30, 0.14, 0, 0, 0
[detect] dist=1.21m (depth) target_ball=red ball carrying=None target_bucket=None msg=0.28, 0.13, 0, 0, 0
[detect] dist=1.19m (depth) target_ball=red ball carrying=None target_bucket=None msg=0.28, 0.13, 0, 0, 0
[detect] dist=1.18m (depth) target_ball=red ball carrying=None target_bucket=None msg=0.28, 0.13, 0, 0, 0
[detect] dist=1.17m (depth) target_ball=red ball carrying=None target_bucket=None msg=0.28, 0.13, 0, 0, 0
[detect] dist=1.16m (depth) target_ball=red ball carrying=None target_bucket=None msg=0.28, 0.13, 0, 0, 0
[detect] dist=1.15m (depth) target_ball=red ball carrying=None target_bucket=None msg=0.25, 0.12, 0, 0, 0
[detect] dist=1.13m (depth) target_ball=red ball carrying=None target_bucket=None msg=0.25, 0.12, 0, 0, 0
[detect] dist=1.12m (depth) target_ball=red ball carrying=None target_bucket=None msg=0.25, 0.12, 0, 0, 0
[detect] dist=1.12m (depth) target_ball=red ball carrying=None target_bucket=None msg=0.25, 0.12, 0, 0, 0
[detect] dist=1.12m (depth) target_ball=red ball carrying=None target_bucket=None msg=-0.00, 0.00, 0, 0, 0
[detect] dist=1.12m (depth) target_ball=red ball carrying=None target_bucket=None msg=-0.00, 0.00, 0, 0, 0
[detect] dist=1.07m (depth) target_ball=red ball carrying=None target_bucket=None msg=0.21, 0.10, 0, 0, 0
[detect] dist=1.06m (depth) target_ball=red ball carrying=None target_bucket=None msg=0.21, 0.10, 0, 0, 0
[detect] dist=1.06m (depth) target_ball=red ball carrying=None target_bucket=None msg=0.21, 0.10, 0, 0, 0
[detect] dist=1.06m (depth) target_ball=red ball carrying=None target_bucket=None msg=0.21, 0.10, 0, 0, 0
[detect] dist=1.06m (depth) target_ball=red ball carrying=None target_bucket=None msg=0.21, 0.10, 0, 0, 0
[detect] dist=1.05m (depth) target_ball=red ball carrying=None target_bucket=None msg=0.21, 0.10, 0, 0, 0
[detect] dist=1.05m (depth) target_ball=red ball carrying=None target_bucket=None msg=0.21, 0.10, 0, 0, 0
[detect] dist=1.04m (depth) target_ball=red ball carrying=None target_bucket=None msg=0.21, 0.10, 0, 0, 0
[detect] dist=1.03m (depth) target_ball=red ball carrying=None target_bucket=None msg=0.21, 0.10, 0, 0, 0
[detect] dist=1.02m (depth) target_ball=red ball carrying=None target_bucket=None msg=0.21, 0.10, 0, 0, 0
[detect] dist=1.01m (depth) target_ball=red ball carrying=None target_bucket=None msg=0.18, 0.07, 0, 0, 0
[detect] dist=1.00m (depth) target_ball=red ball carrying=None target_bucket=None msg=0.18, 0.07, 0, 0, 0
[detect] dist=0.99m (depth) target_ball=red ball carrying=None target_bucket=None msg=0.18, 0.07, 0, 0, 0
[detect] dist=0.98m (depth) target_ball=red ball carrying=None target_bucket=None msg=0.18, 0.07, 0, 0, 0
[detect] dist=0.97m (depth) target_ball=red ball carrying=None target_bucket=None msg=0.18, 0.07, 0, 0, 0
[detect] dist=0.96m (depth) target_ball=red ball carrying=None target_bucket=None msg=0.18, 0.07, 0, 0, 0
[detect] dist=0.95m (depth) target_ball=red ball carrying=None target_bucket=None msg=0.18, 0.07, 0, 0, 0
[detect] dist=0.94m (depth) target_ball=red ball carrying=None target_bucket=None msg=0.18, 0.07, 0, 0, 0
[detect] dist=0.93m (depth) target_ball=red ball carrying=None target_bucket=None msg=0.15, 0.04, 0, 0, 0
[detect] dist=0.92m (depth) target_ball=red ball carrying=None target_bucket=None msg=0.14, 0.04, 0, 0, 0
[detect] dist=0.92m (depth) target_ball=red ball carrying=None target_bucket=None msg=0.14, 0.04, 0, 0, 0
[detect] dist=0.91m (depth) target_ball=red ball carrying=None target_bucket=None msg=0.14, 0.04, 0, 0, 0
[detect] dist=0.90m (depth) target_ball=red ball carrying=None target_bucket=None msg=0.13, 0.04, 0, 0, 0
[detect] dist=0.90m (depth) target_ball=red ball carrying=None target_bucket=None msg=0.13, 0.04, 0, 0, 0
[detect] dist=0.89m (depth) target_ball=red ball carrying=None target_bucket=None msg=0.12, 0.04, 0, 0, 0
[detect] dist=0.89m (depth) target_ball=red ball carrying=None target_bucket=None msg=0.12, 0.04, 0, 0, 0
[detect] dist=0.88m (depth) target_ball=red ball carrying=None target_bucket=None msg=0.12, 0.04, 0, 0, 0
[detect] dist=0.88m (depth) target_ball=red ball carrying=None target_bucket=None msg=0.12, 0.05, 0, 0, 0
[detect] dist=0.87m (depth) target_ball=red ball carrying=None target_bucket=None msg=0.11, 0.05, 0, 0, 0
[detect] dist=0.87m (depth) target_ball=red ball carrying=None target_bucket=None msg=0.11, 0.05, 0, 0, 0
[detect] dist=0.86m (depth) target_ball=red ball carrying=None target_bucket=None msg=0.10, 0.05, 0, 0, 0
[detect] dist=0.86m (depth) target_ball=red ball carrying=None target_bucket=None msg=0.10, 0.05, 0, 0, 0
[detect] dist=0.86m (depth) target_ball=red ball carrying=None target_bucket=None msg=0.09, 0.05, 0, 0, 0
[detect] dist=0.85m (depth) target_ball=red ball carrying=None target_bucket=None msg=0.09, 0.05, 0, 0, 0
[detect] dist=0.85m (depth) target_ball=red ball carrying=None target_bucket=None msg=0.08, 0.05, 0, 0, 0
[detect] dist=0.85m (depth) target_ball=red ball carrying=None target_bucket=None msg=0.10, -0.03, 0, 0, 0
[detect] dist=0.84m (depth) target_ball=red ball carrying=None target_bucket=None msg=0.10, -0.03, 0, 0, 0
[detect] dist=0.84m (depth) target_ball=red ball carrying=None target_bucket=None msg=0.09, -0.04, 0, 0, 0
[detect] dist=0.84m (depth) target_ball=red ball carrying=None target_bucket=None msg=0.09, -0.04, 0, 0, 0
[detect] dist=0.83m (depth) target_ball=red ball carrying=None target_bucket=None msg=0.08, -0.05, 0, 0, 0
[detect] dist=0.83m (depth) target_ball=red ball carrying=None target_bucket=None msg=0.08, -0.05, 0, 0, 0
[detect] dist=0.83m (depth) target_ball=red ball carrying=None target_bucket=None msg=0.07, -0.06, 0, 0, 0
[detect] dist=0.82m (depth) target_ball=red ball carrying=None target_bucket=None msg=0.07, -0.06, 0, 0, 0
[detect] dist=0.82m (depth) target_ball=red ball carrying=None target_bucket=None msg=0.09, -0.05, 0, 0, 0
[detect] dist=0.82m (depth) target_ball=red ball carrying=None target_bucket=None msg=0.09, -0.05, 0, 0, 0
[detect] dist=0.82m (depth) target_ball=red ball carrying=None target_bucket=None msg=0.08, -0.06, 0, 0, 0
[detect] dist=0.81m (depth) target_ball=red ball carrying=None target_bucket=None msg=0.08, -0.07, 0, 0, 0
[detect] dist=0.81m (depth) target_ball=red ball carrying=None target_bucket=None msg=0.07, -0.08, 0, 0, 0
[detect] dist=0.81m (depth) target_ball=red ball carrying=None target_bucket=None msg=0.07, -0.08, 0, 0, 0
[detect] dist=0.80m (depth) target_ball=red ball carrying=None target_bucket=None msg=0.06, -0.10, 0, 0, 0
[detect] dist=0.80m (depth) target_ball=red ball carrying=None target_bucket=None msg=0.06, -0.10, 0, 0, 0
[detect] dist=0.80m (depth) target_ball=red ball carrying=None target_bucket=None msg=0.05, -0.12, 0, 0, 0
[detect] dist=0.79m (depth) target_ball=red ball carrying=None target_bucket=None msg=0.08, -0.04, 0, 0, 0
[detect] dist=0.79m (depth) target_ball=red ball carrying=None target_bucket=None msg=0.08, -0.04, 0, 0, 0
[detect] dist=0.79m (depth) target_ball=red ball carrying=None target_bucket=None msg=0.07, -0.04, 0, 0, 0
[detect] dist=0.79m (depth) target_ball=red ball carrying=None target_bucket=None msg=0.07, -0.05, 0, 0, 0
[detect] dist=0.79m (depth) target_ball=red ball carrying=None target_bucket=None msg=0.07, -0.05, 0, 0, 0
[detect] dist=0.79m (depth) target_ball=red ball carrying=None target_bucket=None msg=0.07, -0.05, 0, 0, 0
[detect] dist=0.78m (depth) target_ball=red ball carrying=None target_bucket=None msg=0.06, -0.06, 0, 0, 0
[detect] dist=0.78m (depth) target_ball=red ball carrying=None target_bucket=None msg=0.06, -0.06, 0, 0, 0
[detect] dist=0.78m (depth) target_ball=red ball carrying=None target_bucket=None msg=0.06, -0.07, 0, 0, 0
[detect] dist=0.77m (depth) target_ball=red ball carrying=None target_bucket=None msg=0.05, -0.07, 0, 0, 0
[detect] dist=0.77m (depth) target_ball=red ball carrying=None target_bucket=None msg=0.05, -0.08, 0, 0, 0
[detect] dist=0.77m (depth) target_ball=red ball carrying=None target_bucket=None msg=0.04, -0.09, 0, 0, 0
[detect] dist=0.77m (depth) target_ball=red ball carrying=None target_bucket=None msg=0.04, -0.10, 0, 0, 0
[detect] dist=0.77m (depth) target_ball=red ball carrying=None target_bucket=None msg=0.06, 0.05, 0, 0, 0
[detect] dist=0.77m (depth) target_ball=red ball carrying=None target_bucket=None msg=0.06, 0.05, 0, 0, 0
[detect] dist=0.76m (depth) target_ball=red ball carrying=None target_bucket=None msg=0.06, 0.05, 0, 0, 0
[detect] dist=0.76m (depth) target_ball=red ball carrying=None target_bucket=None msg=0.05, 0.05, 0, 0, 0
[detect] dist=0.76m (depth) target_ball=red ball carrying=None target_bucket=None msg=0.05, 0.06, 0, 0, 0
[detect] dist=0.76m (depth) target_ball=red ball carrying=None target_bucket=None msg=0.04, 0.06, 0, 0, 0
[detect] dist=0.76m (depth) target_ball=red ball carrying=None target_bucket=None msg=0.04, 0.06, 0, 0, 0
[detect] dist=0.76m (depth) target_ball=red ball carrying=None target_bucket=None msg=0.03, 0.07, 0, 0, 0
[detect] dist=0.75m (depth) target_ball=red ball carrying=None target_bucket=None msg=0.03, 0.07, 0, 0, 0
[detect] dist=0.75m (depth) target_ball=red ball carrying=None target_bucket=None msg=0.03, 0.08, 0, 0, 0
[detect] dist=0.75m (depth) target_ball=red ball carrying=None target_bucket=None msg=0.05, 0.09, 0, 0, 0
[detect] dist=0.75m (depth) target_ball=red ball carrying=None target_bucket=None msg=0.05, 0.10, 0, 0, 0
[detect] dist=0.74m (depth) target_ball=red ball carrying=None target_bucket=None msg=0.05, 0.10, 0, 0, 0
[detect] dist=0.74m (depth) target_ball=red ball carrying=None target_bucket=None msg=0.04, 0.11, 0, 0, 0
[detect] dist=0.74m (depth) target_ball=red ball carrying=None target_bucket=None msg=0.04, 0.12, 0, 0, 0
[detect] dist=0.74m (depth) target_ball=red ball carrying=None target_bucket=None msg=0.04, 0.13, 0, 0, 0
[detect] dist=0.74m (depth) target_ball=red ball carrying=None target_bucket=None msg=0.03, 0.13, 0, 0, 0
[detect] dist=0.74m (depth) target_ball=red ball carrying=None target_bucket=None msg=0.03, 0.15, 0, 0, 0
[detect] dist=0.74m (depth) target_ball=red ball carrying=None target_bucket=None msg=0.03, 0.15, 0, 0, 0
[detect] dist=0.73m (depth) target_ball=red ball carrying=None target_bucket=None msg=0.03, 0.17, 0, 0, 0
[detect] dist=0.73m (depth) target_ball=red ball carrying=None target_bucket=None msg=0.10, 0.00, 0, 0, 0
[detect] dist=0.73m (depth) target_ball=red ball carrying=None target_bucket=None msg=0.04, 0.02, 0, 0, 0
[detect] dist=0.73m (depth) target_ball=red ball carrying=None target_bucket=None msg=0.04, 0.02, 0, 0, 0
[detect] dist=0.73m (depth) target_ball=red ball carrying=None target_bucket=None msg=0.04, 0.02, 0, 0, 0
[detect] dist=0.73m (depth) target_ball=red ball carrying=None target_bucket=None msg=0.04, 0.02, 0, 0, 0
[detect] dist=0.73m (depth) target_ball=red ball carrying=None target_bucket=None msg=0.03, 0.02, 0, 0, 0
[detect] dist=0.73m (depth) target_ball=red ball carrying=None target_bucket=None msg=-0.00, 0.00, 0, 0, 0
[detect] dist=0.73m (depth) target_ball=red ball carrying=None target_bucket=None msg=-0.00, 0.00, 0, 0, 0
[detect] dist=0.72m (depth) target_ball=red ball carrying=None target_bucket=None msg=0.04, -0.13, 0, 0, 0
[detect] dist=0.71m (depth) target_ball=red ball carrying=None target_bucket=None msg=0.04, -0.14, 0, 0, 0
[detect] dist=0.71m (depth) target_ball=red ball carrying=None target_bucket=None msg=0.03, -0.14, 0, 0, 0
[detect] dist=0.71m (depth) target_ball=red ball carrying=None target_bucket=None msg=0.03, -0.15, 0, 0, 0
[detect] dist=0.71m (depth) target_ball=red ball carrying=None target_bucket=None msg=0.03, -0.16, 0, 0, 0
[detect] dist=0.71m (depth) target_ball=red ball carrying=None target_bucket=None msg=0.03, -0.17, 0, 0, 0
[detect] dist=0.71m (depth) target_ball=red ball carrying=None target_bucket=None msg=0.03, -0.18, 0, 0, 0
[detect] dist=0.71m (depth) target_ball=red ball carrying=None target_bucket=None msg=0.03, -0.19, 0, 0, 0
[detect] dist=0.71m (depth) target_ball=red ball carrying=None target_bucket=None msg=0.02, -0.20, 0, 0, 0
[detect] dist=0.71m (depth) target_ball=red ball carrying=None target_bucket=None msg=0.10, 0.00, 0, 0, 0
[detect] dist=0.70m (depth) target_ball=red ball carrying=None target_bucket=None msg=0.03, -0.11, 0, 0, 0
[detect] dist=0.70m (depth) target_ball=red ball carrying=None target_bucket=None msg=0.03, -0.11, 0, 0, 0
[detect] dist=0.70m (depth) target_ball=red ball carrying=None target_bucket=None msg=0.03, -0.12, 0, 0, 0
[detect] dist=0.70m (depth) target_ball=red ball carrying=None target_bucket=None msg=0.03, -0.12, 0, 0, 0
[detect] dist=0.70m (depth) target_ball=red ball carrying=None target_bucket=None msg=0.03, -0.13, 0, 0, 0
[detect] dist=0.70m (depth) target_ball=red ball carrying=None target_bucket=None msg=0.03, -0.13, 0, 0, 0
[detect] dist=0.70m (depth) target_ball=red ball carrying=None target_bucket=None msg=0.10, 0.00, 0, 0, 0
[detect] dist=0.70m (depth) target_ball=red ball carrying=None target_bucket=None msg=0.03, 0.06, 0, 0, 0
[detect] dist=0.69m (depth) target_ball=red ball carrying=None target_bucket=None msg=0.03, 0.06, 0, 0, 0
[detect] dist=0.69m (depth) target_ball=red ball carrying=None target_bucket=None msg=0.10, 0.00, 0, 0, 0
[detect] dist=0.69m (depth) target_ball=red ball carrying=None target_bucket=None msg=0.10, 0.00, 0, 0, 0
[detect] dist=0.69m (depth) target_ball=red ball carrying=None target_bucket=None msg=0.10, 0.00, 0, 0, 0
[detect] dist=0.69m (depth) target_ball=red ball carrying=None target_bucket=None msg=0.10, 0.00, 0, 0, 0
[detect] dist=0.68m (depth) target_ball=red ball carrying=None target_bucket=None msg=0.10, 0.00, 0, 0, 0
[detect] dist=0.68m (depth) target_ball=red ball carrying=None target_bucket=None msg=0.10, 0.00, 0, 0, 0
[detect] dist=0.68m (depth) target_ball=red ball carrying=None target_bucket=None msg=0.10, 0.00, 0, 0, 0
[detect] dist=0.68m (depth) target_ball=red ball carrying=None target_bucket=None msg=0.10, 0.00, 0, 0, 0
[detect] dist=0.67m (depth) target_ball=red ball carrying=None target_bucket=None msg=0.10, 0.00, 0, 0, 0
[detect] dist=0.67m (depth) target_ball=red ball carrying=None target_bucket=None msg=0.10, 0.00, 0, 0, 0
[detect] dist=0.67m (depth) target_ball=red ball carrying=None target_bucket=None msg=-0.00, 0.00, 0, 0, 0
[detect] dist=0.66m (depth) target_ball=red ball carrying=None target_bucket=None msg=-0.00, 0.00, 0, 0, 0
Stopping.
Run artifacts saved to: /home/ball-e/ball-e/python_scripts/run_logs/20260326_203818
Done.
