Run artifact capture enabled: /home/ball-e/ball-e/python_scripts/run_logs/20260326_191143
[WARN] Label-order contract mismatch between runtime labels JSON and expected class order. expected=['blue ball', 'blue bucket', 'green ball', 'green bucket', 'red ball', 'red bucket', 'yellow ball', 'yellow bucket'] actual=['yellow bucket', 'blue ball', 'blue bucket', 'green ball', 'green bucket', 'red ball', 'red bucket', 'yellow ball']
HEF path: /home/ball-e/ball-e/models/3_16_CY_EL.hef
HEF sha256: dbe42baba0cd933805129c174b594e04118139c5399d94f8f063d28c768142cb
Labels path: /home/ball-e/ball-e/models/ball_bucket.json
Labels sha256: 169c59298e13dd1f449498216aec975daf498e826182cbe9984a272f6cc03bb7
Labels order: ['yellow bucket', 'blue ball', 'blue bucket', 'green ball', 'green bucket', 'red ball', 'red bucket', 'yellow ball']
Hailo inference started.
RealSense D455 started (color + depth).
Pico messenger: /dev/ttyACM0
Main loop running. Use Ctrl+C to stop.
POV video recording: /home/ball-e/ball-e/python_scripts/run_logs/20260326_191143/pov_annotated.mp4
[detect] dist=0.00m (geom) target_ball=red ball carrying=None target_bucket=None msg=0.00, 0.00, 0, 0, 0
[detect] dist=0.00m (geom) target_ball=red ball carrying=None target_bucket=None msg=0.00, 0.00, 0, 0, 0
[detect] dist=0.00m (geom) target_ball=red ball carrying=None target_bucket=None msg=0.00, 0.22, 0, 0, 0
[detect] dist=0.00m (geom) target_ball=red ball carrying=None target_bucket=None msg=0.00, 0.22, 0, 0, 0
[detect] dist=0.00m (geom) target_ball=red ball carrying=None target_bucket=None msg=0.00, 0.22, 0, 0, 0
[detect] dist=0.00m (geom) target_ball=red ball carrying=None target_bucket=None msg=0.00, 0.22, 0, 0, 0
[detect] dist=0.00m (geom) target_ball=red ball carrying=None target_bucket=None msg=0.00, 0.22, 0, 0, 0
[detect] dist=0.00m (geom) target_ball=red ball carrying=None target_bucket=None msg=0.00, 0.22, 0, 0, 0
[detect] dist=0.00m (geom) target_ball=red ball carrying=None target_bucket=None msg=0.00, 0.22, 0, 0, 0
[detect] dist=0.00m (geom) target_ball=red ball carrying=None target_bucket=None msg=0.00, 0.22, 0, 0, 0
[detect] dist=0.00m (geom) target_ball=red ball carrying=None target_bucket=None msg=0.00, 0.22, 0, 0, 0
[detect] dist=0.00m (geom) target_ball=red ball carrying=None target_bucket=None msg=0.00, 0.22, 0, 0, 0
[detect] dist=0.00m (geom) target_ball=red ball carrying=None target_bucket=None msg=0.00, 0.22, 0, 0, 0
[detect] dist=0.00m (geom) target_ball=red ball carrying=None target_bucket=None msg=0.00, 0.22, 0, 0, 0
[detect] dist=0.00m (geom) target_ball=red ball carrying=None target_bucket=None msg=0.00, 0.22, 0, 0, 0
[detect] dist=0.00m (geom) target_ball=red ball carrying=None target_bucket=None msg=0.00, 0.22, 0, 0, 0
[detect] dist=0.00m (geom) target_ball=red ball carrying=None target_bucket=None msg=0.00, 0.22, 0, 0, 0
[detect] dist=0.00m (geom) target_ball=red ball carrying=None target_bucket=None msg=0.00, 0.22, 0, 0, 0
[detect] dist=0.00m (geom) target_ball=red ball carrying=None target_bucket=None msg=0.00, -0.32, 0, 0, 0
[detect] dist=0.00m (geom) target_ball=red ball carrying=None target_bucket=None msg=0.00, -0.32, 0, 0, 0
[detect] dist=0.00m (geom) target_ball=red ball carrying=None target_bucket=None msg=0.00, -0.32, 0, 0, 0
[detect] dist=0.00m (geom) target_ball=red ball carrying=None target_bucket=None msg=0.00, -0.32, 0, 0, 0
[detect] dist=0.00m (geom) target_ball=red ball carrying=None target_bucket=None msg=0.00, -0.32, 0, 0, 0
[detect] dist=0.00m (geom) target_ball=red ball carrying=None target_bucket=None msg=0.00, -0.32, 0, 0, 0
[detect] dist=0.00m (geom) target_ball=red ball carrying=None target_bucket=None msg=0.00, -0.32, 0, 0, 0
[detect] dist=0.00m (geom) target_ball=red ball carrying=None target_bucket=None msg=0.00, -0.32, 0, 0, 0
[detect] dist=0.00m (geom) target_ball=red ball carrying=None target_bucket=None msg=0.00, -0.32, 0, 0, 0
[detect] dist=0.00m (geom) target_ball=red ball carrying=None target_bucket=None msg=0.00, -0.32, 0, 0, 0
[detect] dist=0.00m (geom) target_ball=red ball carrying=None target_bucket=None msg=0.00, -0.32, 0, 0, 0
[detect] dist=0.00m (geom) target_ball=red ball carrying=None target_bucket=None msg=0.00, -0.32, 0, 0, 0
[detect] dist=0.00m (geom) target_ball=red ball carrying=None target_bucket=None msg=0.00, 0.00, 0, 0, 0
[detect] dist=0.00m (geom) target_ball=red ball carrying=None target_bucket=None msg=0.00, 0.00, 0, 0, 0
[detect] dist=5.11m (depth) target_ball=red ball carrying=None target_bucket=None msg=-0.30, -0.14, 0, 0, 0
[detect] dist=4.65m (depth) target_ball=red ball carrying=None target_bucket=None msg=-0.30, -0.14, 0, 0, 0
[detect] dist=4.65m (depth) target_ball=red ball carrying=None target_bucket=None msg=0.00, 0.00, 0, 0, 0
[detect] dist=4.65m (depth) target_ball=red ball carrying=None target_bucket=None msg=0.00, 0.00, 0, 0, 0
[detect] dist=4.65m (depth) target_ball=red ball carrying=None target_bucket=None msg=0.00, 0.00, 0, 0, 0
[detect] dist=4.65m (depth) target_ball=red ball carrying=None target_bucket=None msg=0.00, 0.00, 0, 0, 0
[detect] dist=4.65m (depth) target_ball=red ball carrying=None target_bucket=None msg=0.00, 0.00, 0, 0, 0
[detect] dist=4.65m (depth) target_ball=red ball carrying=None target_bucket=None msg=0.00, 0.00, 0, 0, 0
[detect] dist=4.65m (depth) target_ball=red ball carrying=None target_bucket=None msg=0.00, 0.22, 0, 0, 0
[detect] dist=4.65m (depth) target_ball=red ball carrying=None target_bucket=None msg=0.00, 0.00, 0, 0, 0
[detect] dist=4.65m (depth) target_ball=red ball carrying=None target_bucket=None msg=0.00, 0.00, 0, 0, 0
[detect] dist=4.65m (depth) target_ball=red ball carrying=None target_bucket=None msg=0.00, 0.00, 0, 0, 0
[detect] dist=4.65m (depth) target_ball=red ball carrying=None target_bucket=None msg=0.00, 0.00, 0, 0, 0
[detect] dist=4.65m (depth) target_ball=red ball carrying=None target_bucket=None msg=0.00, 0.00, 0, 0, 0
[detect] dist=4.65m (depth) target_ball=red ball carrying=None target_bucket=None msg=0.00, 0.00, 0, 0, 0
[detect] dist=4.65m (depth) target_ball=red ball carrying=None target_bucket=None msg=0.00, 0.00, 0, 0, 0
[detect] dist=2.66m (depth) target_ball=red ball carrying=None target_bucket=None msg=-0.30, -0.00, 0, 0, 0
[detect] dist=2.64m (depth) target_ball=red ball carrying=None target_bucket=None msg=-0.30, -0.01, 0, 0, 0
[detect] dist=2.66m (depth) target_ball=red ball carrying=None target_bucket=None msg=-0.30, -0.02, 0, 0, 0
[detect] dist=2.67m (depth) target_ball=red ball carrying=None target_bucket=None msg=-0.30, -0.00, 0, 0, 0
[detect] dist=2.66m (depth) target_ball=red ball carrying=None target_bucket=None msg=-0.30, -0.01, 0, 0, 0
[detect] dist=2.77m (depth) target_ball=red ball carrying=None target_bucket=None msg=-0.30, 0.01, 0, 0, 0
[detect] dist=2.77m (depth) target_ball=red ball carrying=None target_bucket=None msg=0.00, 0.00, 0, 0, 0
[detect] dist=2.77m (depth) target_ball=red ball carrying=None target_bucket=None msg=0.00, 0.00, 0, 0, 0
[detect] dist=2.77m (depth) target_ball=red ball carrying=None target_bucket=None msg=0.00, 0.00, 0, 0, 0
[detect] dist=17.02m (geom) target_ball=red ball carrying=None target_bucket=None msg=-0.35, 0.00, 0, 0, 0
[detect] dist=24.90m (depth) target_ball=red ball carrying=None target_bucket=None msg=-0.30, 0.01, 0, 0, 0
[detect] dist=16.83m (depth) target_ball=red ball carrying=None target_bucket=None msg=-0.30, 0.01, 0, 0, 0
[detect] dist=16.83m (depth) target_ball=red ball carrying=None target_bucket=None msg=0.00, 0.00, 0, 0, 0
[detect] dist=16.83m (depth) target_ball=red ball carrying=None target_bucket=None msg=0.00, 0.00, 0, 0, 0
[detect] dist=16.83m (depth) target_ball=red ball carrying=None target_bucket=None msg=0.00, 0.00, 0, 0, 0
[detect] dist=16.83m (depth) target_ball=red ball carrying=None target_bucket=None msg=0.00, 0.00, 0, 0, 0
[detect] dist=16.83m (depth) target_ball=red ball carrying=None target_bucket=None msg=0.00, 0.00, 0, 0, 0
[detect] dist=16.83m (depth) target_ball=red ball carrying=None target_bucket=None msg=0.00, 0.00, 0, 0, 0
[detect] dist=16.83m (depth) target_ball=red ball carrying=None target_bucket=None msg=0.00, 0.00, 0, 0, 0
[detect] dist=16.83m (depth) target_ball=red ball carrying=None target_bucket=None msg=0.00, 0.00, 0, 0, 0
[detect] dist=16.83m (depth) target_ball=red ball carrying=None target_bucket=None msg=0.00, 0.00, 0, 0, 0
[detect] dist=16.83m (depth) target_ball=red ball carrying=None target_bucket=None msg=0.00, 0.00, 0, 0, 0
[detect] dist=18.97m (depth) target_ball=red ball carrying=None target_bucket=None msg=-0.30, 0.07, 0, 0, 0
[detect] dist=18.97m (depth) target_ball=red ball carrying=None target_bucket=None msg=0.00, 0.00, 0, 0, 0
[detect] dist=18.97m (depth) target_ball=red ball carrying=None target_bucket=None msg=0.00, 0.00, 0, 0, 0
[detect] dist=18.97m (depth) target_ball=red ball carrying=None target_bucket=None msg=0.00, 0.00, 0, 0, 0
[detect] dist=18.97m (depth) target_ball=red ball carrying=None target_bucket=None msg=0.00, 0.00, 0, 0, 0
[detect] dist=18.97m (depth) target_ball=red ball carrying=None target_bucket=None msg=0.00, 0.00, 0, 0, 0
[detect] dist=18.97m (depth) target_ball=red ball carrying=None target_bucket=None msg=0.00, 0.00, 0, 0, 0
[detect] dist=18.97m (depth) target_ball=red ball carrying=None target_bucket=None msg=0.00, 0.00, 0, 0, 0
[detect] dist=18.97m (depth) target_ball=red ball carrying=None target_bucket=None msg=0.00, 0.00, 0, 0, 0
[detect] dist=18.97m (depth) target_ball=red ball carrying=None target_bucket=None msg=0.00, 0.00, 0, 0, 0
[detect] dist=18.97m (depth) target_ball=red ball carrying=None target_bucket=None msg=0.00, 0.00, 0, 0, 0
[detect] dist=18.97m (depth) target_ball=red ball carrying=None target_bucket=None msg=0.00, 0.00, 0, 0, 0
[detect] dist=18.97m (depth) target_ball=red ball carrying=None target_bucket=None msg=0.00, 0.00, 0, 0, 0
[detect] dist=18.97m (depth) target_ball=red ball carrying=None target_bucket=None msg=0.00, -0.22, 0, 0, 0
[detect] dist=18.97m (depth) target_ball=red ball carrying=None target_bucket=None msg=0.00, -0.22, 0, 0, 0
[detect] dist=18.97m (depth) target_ball=red ball carrying=None target_bucket=None msg=0.00, -0.22, 0, 0, 0
[detect] dist=18.97m (depth) target_ball=red ball carrying=None target_bucket=None msg=0.00, -0.22, 0, 0, 0
[detect] dist=18.97m (depth) target_ball=red ball carrying=None target_bucket=None msg=0.00, -0.22, 0, 0, 0
[detect] dist=18.97m (depth) target_ball=red ball carrying=None target_bucket=None msg=0.00, -0.22, 0, 0, 0
[detect] dist=18.97m (depth) target_ball=red ball carrying=None target_bucket=None msg=0.00, -0.22, 0, 0, 0
[detect] dist=18.97m (depth) target_ball=red ball carrying=None target_bucket=None msg=0.00, -0.22, 0, 0, 0
[detect] dist=18.97m (depth) target_ball=red ball carrying=None target_bucket=None msg=0.00, 0.00, 0, 0, 0
[detect] dist=18.97m (depth) target_ball=red ball carrying=None target_bucket=None msg=0.00, 0.00, 0, 0, 0
[detect] dist=18.97m (depth) target_ball=red ball carrying=None target_bucket=None msg=0.00, 0.00, 0, 0, 0
[detect] dist=18.97m (depth) target_ball=red ball carrying=None target_bucket=None msg=0.00, 0.00, 0, 0, 0
[detect] dist=18.97m (depth) target_ball=red ball carrying=None target_bucket=None msg=0.00, 0.00, 0, 0, 0
[detect] dist=18.97m (depth) target_ball=red ball carrying=None target_bucket=None msg=0.00, 0.00, 0, 0, 0
[detect] dist=18.97m (depth) target_ball=red ball carrying=None target_bucket=None msg=0.00, -0.22, 0, 0, 0
[detect] dist=18.97m (depth) target_ball=red ball carrying=None target_bucket=None msg=0.00, -0.22, 0, 0, 0
[detect] dist=18.97m (depth) target_ball=red ball carrying=None target_bucket=None msg=0.00, -0.22, 0, 0, 0
[detect] dist=18.97m (depth) target_ball=red ball carrying=None target_bucket=None msg=0.00, -0.22, 0, 0, 0
[detect] dist=18.97m (depth) target_ball=red ball carrying=None target_bucket=None msg=0.00, -0.22, 0, 0, 0
[detect] dist=18.97m (depth) target_ball=red ball carrying=None target_bucket=None msg=0.00, -0.22, 0, 0, 0
[detect] dist=18.97m (depth) target_ball=red ball carrying=None target_bucket=None msg=0.00, -0.22, 0, 0, 0
[detect] dist=18.97m (depth) target_ball=red ball carrying=None target_bucket=None msg=0.00, -0.22, 0, 0, 0
[detect] dist=18.97m (depth) target_ball=red ball carrying=None target_bucket=None msg=0.00, -0.22, 0, 0, 0
[detect] dist=18.97m (depth) target_ball=red ball carrying=None target_bucket=None msg=0.00, -0.22, 0, 0, 0
[detect] dist=18.97m (depth) target_ball=red ball carrying=None target_bucket=None msg=0.00, -0.22, 0, 0, 0
[detect] dist=18.97m (depth) target_ball=red ball carrying=None target_bucket=None msg=0.00, -0.22, 0, 0, 0
[detect] dist=18.97m (depth) target_ball=red ball carrying=None target_bucket=None msg=0.00, -0.22, 0, 0, 0
[detect] dist=18.97m (depth) target_ball=red ball carrying=None target_bucket=None msg=0.00, -0.22, 0, 0, 0
[detect] dist=18.97m (depth) target_ball=red ball carrying=None target_bucket=None msg=0.00, -0.22, 0, 0, 0
[detect] dist=18.97m (depth) target_ball=red ball carrying=None target_bucket=None msg=0.00, -0.22, 0, 0, 0
[detect] dist=18.97m (depth) target_ball=red ball carrying=None target_bucket=None msg=0.00, -0.22, 0, 0, 0
[detect] dist=18.97m (depth) target_ball=red ball carrying=None target_bucket=None msg=0.00, -0.22, 0, 0, 0
[detect] dist=18.97m (depth) target_ball=red ball carrying=None target_bucket=None msg=0.00, -0.22, 0, 0, 0
[detect] dist=18.97m (depth) target_ball=red ball carrying=None target_bucket=None msg=0.00, 0.00, 0, 0, 0
[detect] dist=18.97m (depth) target_ball=red ball carrying=None target_bucket=None msg=0.00, 0.00, 0, 0, 0
[detect] dist=18.97m (depth) target_ball=red ball carrying=None target_bucket=None msg=0.00, 0.00, 0, 0, 0
[detect] dist=18.97m (depth) target_ball=red ball carrying=None target_bucket=None msg=0.00, 0.00, 0, 0, 0
[detect] dist=18.97m (depth) target_ball=red ball carrying=None target_bucket=None msg=0.00, 0.00, 0, 0, 0
[detect] dist=18.97m (depth) target_ball=red ball carrying=None target_bucket=None msg=0.00, 0.00, 0, 0, 0
[detect] dist=18.97m (depth) target_ball=red ball carrying=None target_bucket=None msg=0.00, 0.00, 0, 0, 0
[detect] dist=18.97m (depth) target_ball=red ball carrying=None target_bucket=None msg=0.00, 0.00, 0, 0, 0
[detect] dist=18.97m (depth) target_ball=red ball carrying=None target_bucket=None msg=0.00, 0.00, 0, 0, 0
[detect] dist=2.74m (depth) target_ball=red ball carrying=None target_bucket=None msg=-0.30, 0.14, 0, 0, 0
[detect] dist=2.74m (depth) target_ball=red ball carrying=None target_bucket=None msg=0.00, 0.00, 0, 0, 0
[detect] dist=2.74m (depth) target_ball=red ball carrying=None target_bucket=None msg=0.00, 0.00, 0, 0, 0
[detect] dist=2.74m (depth) target_ball=red ball carrying=None target_bucket=None msg=0.00, 0.00, 0, 0, 0
[detect] dist=2.74m (depth) target_ball=red ball carrying=None target_bucket=None msg=0.00, 0.00, 0, 0, 0
[detect] dist=2.74m (depth) target_ball=red ball carrying=None target_bucket=None msg=0.00, 0.00, 0, 0, 0
[detect] dist=2.74m (depth) target_ball=red ball carrying=None target_bucket=None msg=0.00, 0.00, 0, 0, 0
[detect] dist=2.74m (depth) target_ball=red ball carrying=None target_bucket=None msg=0.00, 0.00, 0, 0, 0
[detect] dist=2.74m (depth) target_ball=red ball carrying=None target_bucket=None msg=0.00, 0.00, 0, 0, 0
[detect] dist=2.74m (depth) target_ball=red ball carrying=None target_bucket=None msg=0.00, -0.22, 0, 0, 0
[detect] dist=2.74m (depth) target_ball=red ball carrying=None target_bucket=None msg=0.00, -0.22, 0, 0, 0
[detect] dist=2.74m (depth) target_ball=red ball carrying=None target_bucket=None msg=0.00, -0.22, 0, 0, 0
[detect] dist=2.74m (depth) target_ball=red ball carrying=None target_bucket=None msg=0.00, -0.22, 0, 0, 0
[detect] dist=2.74m (depth) target_ball=red ball carrying=None target_bucket=None msg=0.00, -0.22, 0, 0, 0
[detect] dist=2.74m (depth) target_ball=red ball carrying=None target_bucket=None msg=0.00, -0.22, 0, 0, 0
[detect] dist=2.74m (depth) target_ball=red ball carrying=None target_bucket=None msg=0.00, -0.22, 0, 0, 0
[detect] dist=2.74m (depth) target_ball=red ball carrying=None target_bucket=None msg=0.00, -0.22, 0, 0, 0
[detect] dist=2.74m (depth) target_ball=red ball carrying=None target_bucket=None msg=0.00, -0.22, 0, 0, 0
[detect] dist=2.74m (depth) target_ball=red ball carrying=None target_bucket=None msg=0.00, -0.22, 0, 0, 0
[detect] dist=2.74m (depth) target_ball=red ball carrying=None target_bucket=None msg=0.00, -0.22, 0, 0, 0
[detect] dist=2.74m (depth) target_ball=red ball carrying=None target_bucket=None msg=0.00, -0.22, 0, 0, 0
[detect] dist=2.74m (depth) target_ball=red ball carrying=None target_bucket=None msg=0.00, -0.22, 0, 0, 0
[detect] dist=2.74m (depth) target_ball=red ball carrying=None target_bucket=None msg=0.00, -0.22, 0, 0, 0
[detect] dist=2.74m (depth) target_ball=red ball carrying=None target_bucket=None msg=0.00, -0.22, 0, 0, 0
[detect] dist=2.74m (depth) target_ball=red ball carrying=None target_bucket=None msg=0.00, -0.22, 0, 0, 0
[detect] dist=2.74m (depth) target_ball=red ball carrying=None target_bucket=None msg=0.00, -0.22, 0, 0, 0
[detect] dist=2.74m (depth) target_ball=red ball carrying=None target_bucket=None msg=0.00, -0.22, 0, 0, 0
[detect] dist=2.74m (depth) target_ball=red ball carrying=None target_bucket=None msg=0.00, -0.22, 0, 0, 0
[detect] dist=2.74m (depth) target_ball=red ball carrying=None target_bucket=None msg=0.00, -0.22, 0, 0, 0
[detect] dist=2.74m (depth) target_ball=red ball carrying=None target_bucket=None msg=0.00, -0.22, 0, 0, 0
[detect] dist=2.74m (depth) target_ball=red ball carrying=None target_bucket=None msg=0.00, 0.32, 0, 0, 0
[detect] dist=2.74m (depth) target_ball=red ball carrying=None target_bucket=None msg=0.00, 0.32, 0, 0, 0
[detect] dist=2.74m (depth) target_ball=red ball carrying=None target_bucket=None msg=0.00, 0.32, 0, 0, 0
[detect] dist=2.74m (depth) target_ball=red ball carrying=None target_bucket=None msg=0.00, 0.32, 0, 0, 0
[detect] dist=2.74m (depth) target_ball=red ball carrying=None target_bucket=None msg=0.00, 0.32, 0, 0, 0
[detect] dist=2.74m (depth) target_ball=red ball carrying=None target_bucket=None msg=0.00, 0.32, 0, 0, 0
[detect] dist=2.74m (depth) target_ball=red ball carrying=None target_bucket=None msg=0.00, 0.32, 0, 0, 0
[detect] dist=2.74m (depth) target_ball=red ball carrying=None target_bucket=None msg=0.00, 0.32, 0, 0, 0
[detect] dist=2.74m (depth) target_ball=red ball carrying=None target_bucket=None msg=0.00, 0.32, 0, 0, 0
[detect] dist=2.74m (depth) target_ball=red ball carrying=None target_bucket=None msg=0.00, 0.32, 0, 0, 0
[detect] dist=2.74m (depth) target_ball=red ball carrying=None target_bucket=None msg=0.00, 0.32, 0, 0, 0
[detect] dist=2.74m (depth) target_ball=red ball carrying=None target_bucket=None msg=0.00, 0.32, 0, 0, 0
[detect] dist=2.74m (depth) target_ball=red ball carrying=None target_bucket=None msg=0.00, 0.32, 0, 0, 0
[detect] dist=2.74m (depth) target_ball=red ball carrying=None target_bucket=None msg=-0.10, -0.12, 0, 0, 0
[detect] dist=2.74m (depth) target_ball=red ball carrying=None target_bucket=None msg=-0.10, -0.12, 0, 0, 0
[detect] dist=2.74m (depth) target_ball=red ball carrying=None target_bucket=None msg=-0.10, -0.12, 0, 0, 0
[detect] dist=2.74m (depth) target_ball=red ball carrying=None target_bucket=None msg=-0.10, -0.12, 0, 0, 0
[detect] dist=2.74m (depth) target_ball=red ball carrying=None target_bucket=None msg=-0.10, -0.12, 0, 0, 0
[detect] dist=2.74m (depth) target_ball=red ball carrying=None target_bucket=None msg=-0.10, -0.12, 0, 0, 0
[detect] dist=2.74m (depth) target_ball=red ball carrying=None target_bucket=None msg=-0.10, -0.12, 0, 0, 0
[detect] dist=2.74m (depth) target_ball=red ball carrying=None target_bucket=None msg=-0.10, -0.12, 0, 0, 0
[detect] dist=2.74m (depth) target_ball=red ball carrying=None target_bucket=None msg=-0.10, -0.12, 0, 0, 0
[detect] dist=2.74m (depth) target_ball=red ball carrying=None target_bucket=None msg=-0.10, -0.12, 0, 0, 0
[detect] dist=2.74m (depth) target_ball=red ball carrying=None target_bucket=None msg=-0.10, -0.12, 0, 0, 0
[detect] dist=2.74m (depth) target_ball=red ball carrying=None target_bucket=None msg=-0.10, -0.12, 0, 0, 0
[detect] dist=2.74m (depth) target_ball=red ball carrying=None target_bucket=None msg=-0.10, -0.12, 0, 0, 0
[detect] dist=2.74m (depth) target_ball=red ball carrying=None target_bucket=None msg=-0.10, -0.12, 0, 0, 0
[detect] dist=2.74m (depth) target_ball=red ball carrying=None target_bucket=None msg=-0.10, -0.12, 0, 0, 0
[detect] dist=2.74m (depth) target_ball=red ball carrying=None target_bucket=None msg=-0.10, -0.12, 0, 0, 0
[detect] dist=2.74m (depth) target_ball=red ball carrying=None target_bucket=None msg=-0.10, -0.12, 0, 0, 0
[detect] dist=2.74m (depth) target_ball=red ball carrying=None target_bucket=None msg=-0.10, -0.12, 0, 0, 0
[detect] dist=2.74m (depth) target_ball=red ball carrying=None target_bucket=None msg=-0.10, -0.12, 0, 0, 0
[detect] dist=2.74m (depth) target_ball=red ball carrying=None target_bucket=None msg=-0.10, -0.12, 0, 0, 0
[detect] dist=2.74m (depth) target_ball=red ball carrying=None target_bucket=None msg=-0.10, -0.12, 0, 0, 0
[detect] dist=2.74m (depth) target_ball=red ball carrying=None target_bucket=None msg=-0.10, -0.12, 0, 0, 0
[detect] dist=2.74m (depth) target_ball=red ball carrying=None target_bucket=None msg=-0.10, -0.12, 0, 0, 0
[detect] dist=2.74m (depth) target_ball=red ball carrying=None target_bucket=None msg=-0.10, 0.12, 0, 0, 0
[detect] dist=2.74m (depth) target_ball=red ball carrying=None target_bucket=None msg=-0.10, 0.12, 0, 0, 0
[detect] dist=2.74m (depth) target_ball=red ball carrying=None target_bucket=None msg=-0.10, 0.12, 0, 0, 0
[detect] dist=2.74m (depth) target_ball=red ball carrying=None target_bucket=None msg=-0.10, 0.12, 0, 0, 0
[detect] dist=2.74m (depth) target_ball=red ball carrying=None target_bucket=None msg=-0.10, 0.12, 0, 0, 0
[detect] dist=2.74m (depth) target_ball=red ball carrying=None target_bucket=None msg=-0.10, 0.12, 0, 0, 0
[detect] dist=2.74m (depth) target_ball=red ball carrying=None target_bucket=None msg=-0.10, 0.12, 0, 0, 0
[detect] dist=2.74m (depth) target_ball=red ball carrying=None target_bucket=None msg=-0.10, 0.12, 0, 0, 0
[detect] dist=2.74m (depth) target_ball=red ball carrying=None target_bucket=None msg=-0.10, 0.12, 0, 0, 0
[detect] dist=2.74m (depth) target_ball=red ball carrying=None target_bucket=None msg=-0.10, 0.12, 0, 0, 0
[detect] dist=2.74m (depth) target_ball=red ball carrying=None target_bucket=None msg=-0.10, 0.12, 0, 0, 0
[detect] dist=2.74m (depth) target_ball=red ball carrying=None target_bucket=None msg=-0.10, 0.12, 0, 0, 0
[detect] dist=2.74m (depth) target_ball=red ball carrying=None target_bucket=None msg=-0.10, 0.12, 0, 0, 0
[detect] dist=2.74m (depth) target_ball=red ball carrying=None target_bucket=None msg=-0.10, 0.12, 0, 0, 0
[detect] dist=2.74m (depth) target_ball=red ball carrying=None target_bucket=None msg=-0.10, 0.12, 0, 0, 0
[detect] dist=2.74m (depth) target_ball=red ball carrying=None target_bucket=None msg=-0.10, 0.12, 0, 0, 0
[detect] dist=2.74m (depth) target_ball=red ball carrying=None target_bucket=None msg=-0.10, 0.12, 0, 0, 0
[detect] dist=2.74m (depth) target_ball=red ball carrying=None target_bucket=None msg=-0.10, 0.12, 0, 0, 0
[detect] dist=2.74m (depth) target_ball=red ball carrying=None target_bucket=None msg=-0.10, 0.12, 0, 0, 0
[detect] dist=2.74m (depth) target_ball=red ball carrying=None target_bucket=None msg=-0.10, 0.12, 0, 0, 0
[detect] dist=2.74m (depth) target_ball=red ball carrying=None target_bucket=None msg=-0.10, 0.12, 0, 0, 0
[detect] dist=2.74m (depth) target_ball=red ball carrying=None target_bucket=None msg=-0.10, 0.12, 0, 0, 0
[detect] dist=2.74m (depth) target_ball=red ball carrying=None target_bucket=None msg=-0.10, 0.12, 0, 0, 0
[detect] dist=2.74m (depth) target_ball=red ball carrying=None target_bucket=None msg=-0.10, 0.12, 0, 0, 0
[detect] dist=2.74m (depth) target_ball=red ball carrying=None target_bucket=None msg=0.00, -0.22, 0, 0, 0
[detect] dist=2.74m (depth) target_ball=red ball carrying=None target_bucket=None msg=0.00, -0.22, 0, 0, 0
[detect] dist=2.74m (depth) target_ball=red ball carrying=None target_bucket=None msg=0.00, -0.22, 0, 0, 0
[detect] dist=2.74m (depth) target_ball=red ball carrying=None target_bucket=None msg=0.00, -0.22, 0, 0, 0
[detect] dist=2.74m (depth) target_ball=red ball carrying=None target_bucket=None msg=0.00, -0.22, 0, 0, 0
[detect] dist=2.74m (depth) target_ball=red ball carrying=None target_bucket=None msg=0.00, -0.22, 0, 0, 0
[detect] dist=2.74m (depth) target_ball=red ball carrying=None target_bucket=None msg=0.00, -0.22, 0, 0, 0
[detect] dist=2.74m (depth) target_ball=red ball carrying=None target_bucket=None msg=0.00, -0.22, 0, 0, 0
[detect] dist=2.74m (depth) target_ball=red ball carrying=None target_bucket=None msg=0.00, -0.22, 0, 0, 0
[detect] dist=2.74m (depth) target_ball=red ball carrying=None target_bucket=None msg=0.00, -0.22, 0, 0, 0
[detect] dist=2.74m (depth) target_ball=red ball carrying=None target_bucket=None msg=0.00, -0.22, 0, 0, 0
[detect] dist=2.74m (depth) target_ball=red ball carrying=None target_bucket=None msg=0.00, -0.22, 0, 0, 0
[detect] dist=2.74m (depth) target_ball=red ball carrying=None target_bucket=None msg=0.00, -0.22, 0, 0, 0
[detect] dist=2.74m (depth) target_ball=red ball carrying=None target_bucket=None msg=0.00, -0.22, 0, 0, 0
[detect] dist=2.74m (depth) target_ball=red ball carrying=None target_bucket=None msg=0.00, -0.22, 0, 0, 0
[detect] dist=2.74m (depth) target_ball=red ball carrying=None target_bucket=None msg=0.00, -0.22, 0, 0, 0
[detect] dist=2.74m (depth) target_ball=red ball carrying=None target_bucket=None msg=0.00, -0.22, 0, 0, 0
[detect] dist=2.74m (depth) target_ball=red ball carrying=None target_bucket=None msg=0.00, -0.22, 0, 0, 0
[detect] dist=2.74m (depth) target_ball=red ball carrying=None target_bucket=None msg=0.00, -0.22, 0, 0, 0
[detect] dist=2.74m (depth) target_ball=red ball carrying=None target_bucket=None msg=0.00, -0.22, 0, 0, 0
[detect] dist=2.74m (depth) target_ball=red ball carrying=None target_bucket=None msg=0.00, 0.32, 0, 0, 0
[detect] dist=2.74m (depth) target_ball=red ball carrying=None target_bucket=None msg=0.00, 0.32, 0, 0, 0
[detect] dist=2.74m (depth) target_ball=red ball carrying=None target_bucket=None msg=0.00, 0.32, 0, 0, 0
[detect] dist=2.74m (depth) target_ball=red ball carrying=None target_bucket=None msg=0.00, 0.32, 0, 0, 0
[detect] dist=2.74m (depth) target_ball=red ball carrying=None target_bucket=None msg=0.00, 0.00, 0, 0, 0
[detect] dist=2.74m (depth) target_ball=red ball carrying=None target_bucket=None msg=0.00, 0.00, 0, 0, 0
[detect] dist=2.74m (depth) target_ball=red ball carrying=None target_bucket=None msg=0.00, 0.00, 0, 0, 0
[detect] dist=2.74m (depth) target_ball=red ball carrying=None target_bucket=None msg=0.00, 0.00, 0, 0, 0
[detect] dist=2.74m (depth) target_ball=red ball carrying=None target_bucket=None msg=0.00, 0.00, 0, 0, 0
[detect] dist=2.74m (depth) target_ball=red ball carrying=None target_bucket=None msg=0.00, 0.00, 0, 0, 0
[detect] dist=2.74m (depth) target_ball=red ball carrying=None target_bucket=None msg=0.00, 0.00, 0, 0, 0
[detect] dist=2.74m (depth) target_ball=red ball carrying=None target_bucket=None msg=0.00, 0.00, 0, 0, 0
[detect] dist=2.74m (depth) target_ball=red ball carrying=None target_bucket=None msg=0.00, 0.00, 0, 0, 0
[detect] dist=2.74m (depth) target_ball=red ball carrying=None target_bucket=None msg=0.00, 0.00, 0, 0, 0
[detect] dist=2.74m (depth) target_ball=red ball carrying=None target_bucket=None msg=0.00, -0.22, 0, 0, 0
[detect] dist=2.74m (depth) target_ball=red ball carrying=None target_bucket=None msg=0.00, -0.22, 0, 0, 0
[detect] dist=2.74m (depth) target_ball=red ball carrying=None target_bucket=None msg=0.00, -0.22, 0, 0, 0
[detect] dist=2.74m (depth) target_ball=red ball carrying=None target_bucket=None msg=0.00, -0.22, 0, 0, 0
[detect] dist=2.74m (depth) target_ball=red ball carrying=None target_bucket=None msg=0.00, -0.22, 0, 0, 0
[detect] dist=2.74m (depth) target_ball=red ball carrying=None target_bucket=None msg=0.00, -0.22, 0, 0, 0
[detect] dist=2.74m (depth) target_ball=red ball carrying=None target_bucket=None msg=0.00, -0.22, 0, 0, 0
[detect] dist=2.74m (depth) target_ball=red ball carrying=None target_bucket=None msg=0.00, 0.00, 0, 0, 0
[detect] dist=2.74m (depth) target_ball=red ball carrying=None target_bucket=None msg=0.00, 0.00, 0, 0, 0
[detect] dist=2.74m (depth) target_ball=red ball carrying=None target_bucket=None msg=0.00, 0.00, 0, 0, 0
[detect] dist=2.74m (depth) target_ball=red ball carrying=None target_bucket=None msg=0.00, 0.00, 0, 0, 0
[detect] dist=1.74m (depth) target_ball=red ball carrying=None target_bucket=None msg=-0.30, 0.07, 0, 0, 0
[detect] dist=1.54m (depth) target_ball=red ball carrying=None target_bucket=None msg=-0.30, 0.08, 0, 0, 0
[detect] dist=0.73m (depth) target_ball=red ball carrying=None target_bucket=None msg=-0.04, 0.38, 0, 0, 0
[detect] dist=0.73m (depth) target_ball=red ball carrying=None target_bucket=None msg=-0.04, 0.38, 0, 0, 0
[detect] dist=0.73m (depth) target_ball=red ball carrying=None target_bucket=None msg=-0.04, 0.38, 0, 0, 0
[detect] dist=0.77m (depth) target_ball=red ball carrying=None target_bucket=None msg=-0.04, 0.38, 0, 0, 0
[detect] dist=0.79m (depth) target_ball=red ball carrying=None target_bucket=None msg=-0.07, 0.33, 0, 0, 0
[detect] dist=9.95m (geom) target_ball=red ball carrying=None target_bucket=None msg=-0.07, 0.33, 0, 0, 0
[detect] dist=10.86m (geom) target_ball=red ball carrying=None target_bucket=None msg=-0.07, 0.33, 0, 0, 0
[detect] dist=11.06m (geom) target_ball=red ball carrying=None target_bucket=None msg=-0.07, 0.33, 0, 0, 0
[detect] dist=9.41m (geom) target_ball=red ball carrying=None target_bucket=None msg=-0.07, 0.33, 0, 0, 0
[detect] dist=10.01m (geom) target_ball=red ball carrying=None target_bucket=None msg=-0.07, 0.33, 0, 0, 0
[detect] dist=10.68m (geom) target_ball=red ball carrying=None target_bucket=None msg=-0.07, 0.33, 0, 0, 0
[detect] dist=10.81m (geom) target_ball=red ball carrying=None target_bucket=None msg=-0.07, 0.33, 0, 0, 0
[detect] dist=3.27m (depth) target_ball=red ball carrying=None target_bucket=None msg=-0.30, 0.09, 0, 0, 0
[detect] dist=0.92m (depth) target_ball=red ball carrying=None target_bucket=None msg=-0.14, 0.17, 0, 0, 0
[detect] dist=0.77m (depth) target_ball=red ball carrying=None target_bucket=None msg=-0.07, 0.17, 0, 0, 0
[detect] dist=0.75m (depth) target_ball=red ball carrying=None target_bucket=None msg=-0.07, 0.17, 0, 0, 0
[detect] dist=0.75m (depth) target_ball=red ball carrying=None target_bucket=None msg=-0.07, 0.17, 0, 0, 0
[detect] dist=0.77m (depth) target_ball=red ball carrying=None target_bucket=None msg=-0.07, 0.17, 0, 0, 0
[detect] dist=0.79m (depth) target_ball=red ball carrying=None target_bucket=None msg=-0.07, -0.04, 0, 0, 0
[detect] dist=0.79m (depth) target_ball=red ball carrying=None target_bucket=None msg=0.00, 0.00, 0, 0, 0
[detect] dist=0.79m (depth) target_ball=red ball carrying=None target_bucket=None msg=0.00, 0.00, 0, 0, 0
[detect] dist=0.79m (depth) target_ball=red ball carrying=None target_bucket=None msg=0.00, 0.00, 0, 0, 0
[detect] dist=0.92m (depth) target_ball=red ball carrying=None target_bucket=None msg=-0.14, -0.10, 0, 0, 0
[detect] dist=0.97m (depth) target_ball=red ball carrying=None target_bucket=None msg=-0.14, -0.10, 0, 0, 0
[detect] dist=0.98m (depth) target_ball=red ball carrying=None target_bucket=None msg=-0.14, -0.10, 0, 0, 0
[detect] dist=1.00m (depth) target_ball=red ball carrying=None target_bucket=None msg=-0.18, -0.08, 0, 0, 0
[detect] dist=1.00m (depth) target_ball=red ball carrying=None target_bucket=None msg=-0.18, -0.08, 0, 0, 0
[detect] dist=1.04m (depth) target_ball=red ball carrying=None target_bucket=None msg=-0.18, -0.08, 0, 0, 0
[detect] dist=1.04m (depth) target_ball=red ball carrying=None target_bucket=None msg=0.00, 0.00, 0, 0, 0
[detect] dist=1.04m (depth) target_ball=red ball carrying=None target_bucket=None msg=0.00, 0.00, 0, 0, 0
[detect] dist=1.09m (depth) target_ball=red ball carrying=None target_bucket=None msg=-0.22, -0.05, 0, 0, 0
[detect] dist=1.09m (depth) target_ball=red ball carrying=None target_bucket=None msg=0.00, 0.00, 0, 0, 0
[detect] dist=1.09m (depth) target_ball=red ball carrying=None target_bucket=None msg=0.00, 0.00, 0, 0, 0
[detect] dist=1.09m (depth) target_ball=red ball carrying=None target_bucket=None msg=0.00, 0.00, 0, 0, 0
[detect] dist=1.17m (depth) target_ball=red ball carrying=None target_bucket=None msg=-0.26, -0.04, 0, 0, 0
[detect] dist=1.21m (depth) target_ball=red ball carrying=None target_bucket=None msg=-0.26, -0.04, 0, 0, 0
[detect] dist=1.21m (depth) target_ball=red ball carrying=None target_bucket=None msg=-0.26, -0.04, 0, 0, 0
[detect] dist=1.21m (depth) target_ball=red ball carrying=None target_bucket=None msg=0.00, 0.00, 0, 0, 0
[detect] dist=1.21m (depth) target_ball=red ball carrying=None target_bucket=None msg=0.00, 0.00, 0, 0, 0
[detect] dist=1.25m (depth) target_ball=red ball carrying=None target_bucket=None msg=-0.30, -0.01, 0, 0, 0
[detect] dist=1.27m (depth) target_ball=red ball carrying=None target_bucket=None msg=-0.30, -0.01, 0, 0, 0
[detect] dist=1.27m (depth) target_ball=red ball carrying=None target_bucket=None msg=0.00, 0.00, 0, 0, 0
[detect] dist=1.27m (depth) target_ball=red ball carrying=None target_bucket=None msg=0.00, 0.00, 0, 0, 0
[detect] dist=1.27m (depth) target_ball=red ball carrying=None target_bucket=None msg=0.00, 0.00, 0, 0, 0
[detect] dist=1.27m (depth) target_ball=red ball carrying=None target_bucket=None msg=0.00, 0.00, 0, 0, 0
[detect] dist=1.27m (depth) target_ball=red ball carrying=None target_bucket=None msg=0.00, 0.00, 0, 0, 0
[detect] dist=1.27m (depth) target_ball=red ball carrying=None target_bucket=None msg=0.00, 0.00, 0, 0, 0
[detect] dist=1.27m (depth) target_ball=red ball carrying=None target_bucket=None msg=0.00, 0.00, 0, 0, 0
[detect] dist=1.27m (depth) target_ball=red ball carrying=None target_bucket=None msg=0.00, 0.00, 0, 0, 0
[detect] dist=1.27m (depth) target_ball=red ball carrying=None target_bucket=None msg=0.00, 0.00, 0, 0, 0
[detect] dist=1.27m (depth) target_ball=red ball carrying=None target_bucket=None msg=0.00, 0.00, 0, 0, 0
[detect] dist=1.27m (depth) target_ball=red ball carrying=None target_bucket=None msg=0.00, 0.00, 0, 0, 0
[detect] dist=1.27m (depth) target_ball=red ball carrying=None target_bucket=None msg=0.00, 0.22, 0, 0, 0
[detect] dist=1.27m (depth) target_ball=red ball carrying=None target_bucket=None msg=0.00, 0.22, 0, 0, 0
[detect] dist=1.27m (depth) target_ball=red ball carrying=None target_bucket=None msg=0.00, 0.22, 0, 0, 0
[detect] dist=1.27m (depth) target_ball=red ball carrying=None target_bucket=None msg=0.00, 0.22, 0, 0, 0
[detect] dist=1.27m (depth) target_ball=red ball carrying=None target_bucket=None msg=0.00, 0.22, 0, 0, 0
[detect] dist=1.27m (depth) target_ball=red ball carrying=None target_bucket=None msg=0.00, 0.22, 0, 0, 0
[detect] dist=1.27m (depth) target_ball=red ball carrying=None target_bucket=None msg=0.00, 0.22, 0, 0, 0
[detect] dist=1.27m (depth) target_ball=red ball carrying=None target_bucket=None msg=0.00, 0.22, 0, 0, 0
[detect] dist=1.27m (depth) target_ball=red ball carrying=None target_bucket=None msg=0.00, 0.00, 0, 0, 0
[detect] dist=1.27m (depth) target_ball=red ball carrying=None target_bucket=None msg=0.00, 0.00, 0, 0, 0
[detect] dist=2.28m (depth) target_ball=red ball carrying=None target_bucket=None msg=-0.30, 0.01, 0, 0, 0
[detect] dist=1.75m (depth) target_ball=red ball carrying=None target_bucket=None msg=-0.30, 0.00, 0, 0, 0
[detect] dist=1.36m (depth) target_ball=red ball carrying=None target_bucket=None msg=-0.30, -0.03, 0, 0, 0
[detect] dist=1.14m (depth) target_ball=red ball carrying=None target_bucket=None msg=-0.25, -0.04, 0, 0, 0
[detect] dist=1.12m (depth) target_ball=red ball carrying=None target_bucket=None msg=-0.25, -0.04, 0, 0, 0
[detect] dist=1.12m (depth) target_ball=red ball carrying=None target_bucket=None msg=-0.25, -0.04, 0, 0, 0
[detect] dist=1.12m (depth) target_ball=red ball carrying=None target_bucket=None msg=0.00, 0.00, 0, 0, 0
[detect] dist=1.12m (depth) target_ball=red ball carrying=None target_bucket=None msg=0.00, 0.00, 0, 0, 0
[detect] dist=1.19m (depth) target_ball=red ball carrying=None target_bucket=None msg=-0.27, 0.07, 0, 0, 0
[detect] dist=1.19m (depth) target_ball=red ball carrying=None target_bucket=None msg=-0.27, 0.07, 0, 0, 0
[detect] dist=1.07m (depth) target_ball=red ball carrying=None target_bucket=None msg=-0.22, 0.15, 0, 0, 0
[detect] dist=1.12m (depth) target_ball=red ball carrying=None target_bucket=None msg=-0.22, 0.15, 0, 0, 0
[detect] dist=1.71m (depth) target_ball=red ball carrying=None target_bucket=None msg=-0.30, 0.12, 0, 0, 0
[detect] dist=1.80m (depth) target_ball=red ball carrying=None target_bucket=None msg=-0.30, 0.12, 0, 0, 0
[detect] dist=1.90m (depth) target_ball=red ball carrying=None target_bucket=None msg=-0.30, 0.13, 0, 0, 0
[detect] dist=1.84m (depth) target_ball=red ball carrying=None target_bucket=None msg=-0.30, 0.13, 0, 0, 0
[detect] dist=1.85m (depth) target_ball=red ball carrying=None target_bucket=None msg=-0.30, 0.13, 0, 0, 0
[detect] dist=1.67m (depth) target_ball=red ball carrying=None target_bucket=None msg=-0.30, 0.12, 0, 0, 0
[detect] dist=1.59m (depth) target_ball=red ball carrying=None target_bucket=None msg=-0.30, 0.10, 0, 0, 0
[detect] dist=1.59m (depth) target_ball=red ball carrying=None target_bucket=None msg=0.00, 0.00, 0, 0, 0
[detect] dist=1.59m (depth) target_ball=red ball carrying=None target_bucket=None msg=0.00, 0.00, 0, 0, 0
[detect] dist=1.59m (depth) target_ball=red ball carrying=None target_bucket=None msg=0.00, 0.00, 0, 0, 0
[detect] dist=1.59m (depth) target_ball=red ball carrying=None target_bucket=None msg=0.00, 0.00, 0, 0, 0
[detect] dist=0.69m (depth) target_ball=red ball carrying=None target_bucket=None msg=-0.10, 0.00, 0, 0, 0
[detect] dist=0.69m (depth) target_ball=red ball carrying=None target_bucket=None msg=0.00, 0.00, 0, 0, 0
[detect] dist=0.69m (depth) target_ball=red ball carrying=None target_bucket=None msg=0.00, 0.00, 0, 0, 0
[detect] dist=0.69m (depth) target_ball=red ball carrying=None target_bucket=None msg=0.00, 0.00, 0, 0, 0
[detect] dist=0.69m (depth) target_ball=red ball carrying=None target_bucket=None msg=0.00, 0.00, 0, 0, 0
[detect] dist=0.67m (depth) target_ball=red ball carrying=None target_bucket=None msg=-0.10, 0.00, 0, 0, 0
[detect] dist=0.66m (depth) target_ball=red ball carrying=None target_bucket=None msg=0.00, 0.00, 0, 0, 0
[detect] dist=0.65m (depth) target_ball=red ball carrying=None target_bucket=None msg=0.00, 0.00, 0, 0, 0
[detect_bucket] dist=0.64m (depth) target_ball=red ball carrying=red target_bucket=red msg=0.00, 0.00, 0, 0, 0
[detect_bucket] dist=0.64m (depth) target_ball=red ball carrying=red target_bucket=red msg=0.00, 0.00, 0, 0, 0
[detect_bucket] dist=0.64m (depth) target_ball=red ball carrying=red target_bucket=red msg=0.00, 0.00, 0, 0, 0
[detect_bucket] dist=0.64m (depth) target_ball=red ball carrying=red target_bucket=red msg=0.00, 0.00, 0, 0, 0
[detect_bucket] dist=0.64m (depth) target_ball=red ball carrying=red target_bucket=red msg=0.00, 0.00, 0, 0, 0
[detect_bucket] dist=0.64m (depth) target_ball=red ball carrying=red target_bucket=red msg=0.00, 0.00, 0, 0, 0
[detect_bucket] dist=0.64m (depth) target_ball=red ball carrying=red target_bucket=red msg=0.00, 0.00, 0, 0, 0
[detect_bucket] dist=0.64m (depth) target_ball=red ball carrying=red target_bucket=red msg=0.00, 0.22, 0, 0, 0
[detect_bucket] dist=0.64m (depth) target_ball=red ball carrying=red target_bucket=red msg=0.00, 0.22, 0, 0, 0
[detect_bucket] dist=0.64m (depth) target_ball=red ball carrying=red target_bucket=red msg=0.00, 0.22, 0, 0, 0
[detect_bucket] dist=0.64m (depth) target_ball=red ball carrying=red target_bucket=red msg=0.00, 0.22, 0, 0, 0
[detect_bucket] dist=0.64m (depth) target_ball=red ball carrying=red target_bucket=red msg=0.00, 0.22, 0, 0, 0
[detect_bucket] dist=0.64m (depth) target_ball=red ball carrying=red target_bucket=red msg=0.00, 0.22, 0, 0, 0
[detect_bucket] dist=0.64m (depth) target_ball=red ball carrying=red target_bucket=red msg=0.00, 0.22, 0, 0, 0
[detect_bucket] dist=0.64m (depth) target_ball=red ball carrying=red target_bucket=red msg=0.00, 0.22, 0, 0, 0
[detect_bucket] dist=0.64m (depth) target_ball=red ball carrying=red target_bucket=red msg=0.00, 0.22, 0, 0, 0
[detect_bucket] dist=0.64m (depth) target_ball=red ball carrying=red target_bucket=red msg=0.00, 0.22, 0, 0, 0
[detect_bucket] dist=0.64m (depth) target_ball=red ball carrying=red target_bucket=red msg=0.00, 0.22, 0, 0, 0
[detect_bucket] dist=0.64m (depth) target_ball=red ball carrying=red target_bucket=red msg=0.00, 0.22, 0, 0, 0
[detect_bucket] dist=0.64m (depth) target_ball=red ball carrying=red target_bucket=red msg=0.00, 0.22, 0, 0, 0
[detect_bucket] dist=0.64m (depth) target_ball=red ball carrying=red target_bucket=red msg=0.00, 0.22, 0, 0, 0
[detect_bucket] dist=0.64m (depth) target_ball=red ball carrying=red target_bucket=red msg=0.00, 0.22, 0, 0, 0
[detect_bucket] dist=0.64m (depth) target_ball=red ball carrying=red target_bucket=red msg=0.00, 0.22, 0, 0, 0
[detect_bucket] dist=0.64m (depth) target_ball=red ball carrying=red target_bucket=red msg=0.00, 0.22, 0, 0, 0
[detect_bucket] dist=0.64m (depth) target_ball=red ball carrying=red target_bucket=red msg=0.00, 0.22, 0, 0, 0
[detect_bucket] dist=0.64m (depth) target_ball=red ball carrying=red target_bucket=red msg=0.00, 0.22, 0, 0, 0
[detect_bucket] dist=0.64m (depth) target_ball=red ball carrying=red target_bucket=red msg=0.00, 0.22, 0, 0, 0
[detect_bucket] dist=0.64m (depth) target_ball=red ball carrying=red target_bucket=red msg=0.00, 0.22, 0, 0, 0
[detect_bucket] dist=0.64m (depth) target_ball=red ball carrying=red target_bucket=red msg=0.00, -0.32, 0, 0, 0
[detect_bucket] dist=0.64m (depth) target_ball=red ball carrying=red target_bucket=red msg=0.00, -0.32, 0, 0, 0
[detect_bucket] dist=0.64m (depth) target_ball=red ball carrying=red target_bucket=red msg=0.00, -0.32, 0, 0, 0
[detect_bucket] dist=0.64m (depth) target_ball=red ball carrying=red target_bucket=red msg=0.00, -0.32, 0, 0, 0
[detect_bucket] dist=0.64m (depth) target_ball=red ball carrying=red target_bucket=red msg=0.00, -0.32, 0, 0, 0
[detect_bucket] dist=0.64m (depth) target_ball=red ball carrying=red target_bucket=red msg=0.00, -0.32, 0, 0, 0
[detect_bucket] dist=0.64m (depth) target_ball=red ball carrying=red target_bucket=red msg=0.00, -0.32, 0, 0, 0
[detect_bucket] dist=0.64m (depth) target_ball=red ball carrying=red target_bucket=red msg=0.00, -0.32, 0, 0, 0
[detect_bucket] dist=0.64m (depth) target_ball=red ball carrying=red target_bucket=red msg=0.00, -0.32, 0, 0, 0
[detect_bucket] dist=0.64m (depth) target_ball=red ball carrying=red target_bucket=red msg=0.00, -0.32, 0, 0, 0
[detect_bucket] dist=0.64m (depth) target_ball=red ball carrying=red target_bucket=red msg=0.00, -0.32, 0, 0, 0
[detect_bucket] dist=0.64m (depth) target_ball=red ball carrying=red target_bucket=red msg=0.00, -0.32, 0, 0, 0
[detect_bucket] dist=0.64m (depth) target_ball=red ball carrying=red target_bucket=red msg=0.00, -0.32, 0, 0, 0
[detect_bucket] dist=0.64m (depth) target_ball=red ball carrying=red target_bucket=red msg=0.00, -0.32, 0, 0, 0
[detect_bucket] dist=0.64m (depth) target_ball=red ball carrying=red target_bucket=red msg=0.00, -0.32, 0, 0, 0
[detect_bucket] dist=0.64m (depth) target_ball=red ball carrying=red target_bucket=red msg=0.00, -0.32, 0, 0, 0
[detect_bucket] dist=0.64m (depth) target_ball=red ball carrying=red target_bucket=red msg=0.00, -0.32, 0, 0, 0
[detect_bucket] dist=0.64m (depth) target_ball=red ball carrying=red target_bucket=red msg=0.00, -0.32, 0, 0, 0
[detect_bucket] dist=0.64m (depth) target_ball=red ball carrying=red target_bucket=red msg=0.00, -0.32, 0, 0, 0
[detect_bucket] dist=0.64m (depth) target_ball=red ball carrying=red target_bucket=red msg=0.00, -0.32, 0, 0, 0
[detect_bucket] dist=0.64m (depth) target_ball=red ball carrying=red target_bucket=red msg=0.00, -0.32, 0, 0, 0
[detect_bucket] dist=0.64m (depth) target_ball=red ball carrying=red target_bucket=red msg=-0.10, 0.12, 0, 0, 0
[detect_bucket] dist=0.64m (depth) target_ball=red ball carrying=red target_bucket=red msg=-0.10, 0.12, 0, 0, 0
[detect_bucket] dist=0.64m (depth) target_ball=red ball carrying=red target_bucket=red msg=-0.10, 0.12, 0, 0, 0
[detect_bucket] dist=0.64m (depth) target_ball=red ball carrying=red target_bucket=red msg=-0.10, 0.12, 0, 0, 0
[detect_bucket] dist=0.64m (depth) target_ball=red ball carrying=red target_bucket=red msg=-0.10, 0.12, 0, 0, 0
[detect_bucket] dist=0.64m (depth) target_ball=red ball carrying=red target_bucket=red msg=-0.10, 0.12, 0, 0, 0
[detect_bucket] dist=0.64m (depth) target_ball=red ball carrying=red target_bucket=red msg=-0.10, 0.12, 0, 0, 0
[detect_bucket] dist=0.64m (depth) target_ball=red ball carrying=red target_bucket=red msg=-0.10, 0.12, 0, 0, 0
[detect_bucket] dist=0.64m (depth) target_ball=red ball carrying=red target_bucket=red msg=-0.10, 0.12, 0, 0, 0
[detect_bucket] dist=0.64m (depth) target_ball=red ball carrying=red target_bucket=red msg=-0.10, 0.12, 0, 0, 0
[detect_bucket] dist=0.64m (depth) target_ball=red ball carrying=red target_bucket=red msg=-0.10, 0.12, 0, 0, 0
[detect_bucket] dist=0.64m (depth) target_ball=red ball carrying=red target_bucket=red msg=-0.10, 0.12, 0, 0, 0
[detect_bucket] dist=0.64m (depth) target_ball=red ball carrying=red target_bucket=red msg=-0.10, 0.12, 0, 0, 0
[detect_bucket] dist=0.64m (depth) target_ball=red ball carrying=red target_bucket=red msg=-0.10, 0.12, 0, 0, 0
[detect_bucket] dist=0.64m (depth) target_ball=red ball carrying=red target_bucket=red msg=-0.10, 0.12, 0, 0, 0
[detect_bucket] dist=0.64m (depth) target_ball=red ball carrying=red target_bucket=red msg=-0.10, 0.12, 0, 0, 0
[detect_bucket] dist=0.64m (depth) target_ball=red ball carrying=red target_bucket=red msg=-0.10, 0.12, 0, 0, 0
[detect_bucket] dist=0.64m (depth) target_ball=red ball carrying=red target_bucket=red msg=-0.10, 0.12, 0, 0, 0
[detect_bucket] dist=0.64m (depth) target_ball=red ball carrying=red target_bucket=red msg=-0.10, 0.12, 0, 0, 0
[detect_bucket] dist=0.64m (depth) target_ball=red ball carrying=red target_bucket=red msg=-0.10, 0.12, 0, 0, 0
[detect_bucket] dist=0.64m (depth) target_ball=red ball carrying=red target_bucket=red msg=-0.10, 0.12, 0, 0, 0
[detect_bucket] dist=0.64m (depth) target_ball=red ball carrying=red target_bucket=red msg=-0.10, 0.12, 0, 0, 0
[detect_bucket] dist=0.64m (depth) target_ball=red ball carrying=red target_bucket=red msg=-0.10, 0.12, 0, 0, 0
[detect_bucket] dist=0.64m (depth) target_ball=red ball carrying=red target_bucket=red msg=-0.10, -0.12, 0, 0, 0
[detect_bucket] dist=0.64m (depth) target_ball=red ball carrying=red target_bucket=red msg=-0.10, -0.12, 0, 0, 0
[detect_bucket] dist=0.64m (depth) target_ball=red ball carrying=red target_bucket=red msg=-0.10, -0.12, 0, 0, 0
[detect_bucket] dist=0.64m (depth) target_ball=red ball carrying=red target_bucket=red msg=-0.10, -0.12, 0, 0, 0
[detect_bucket] dist=0.64m (depth) target_ball=red ball carrying=red target_bucket=red msg=-0.10, -0.12, 0, 0, 0
[detect_bucket] dist=0.64m (depth) target_ball=red ball carrying=red target_bucket=red msg=-0.10, -0.12, 0, 0, 0
[detect_bucket] dist=0.64m (depth) target_ball=red ball carrying=red target_bucket=red msg=-0.10, -0.12, 0, 0, 0
[detect_bucket] dist=0.64m (depth) target_ball=red ball carrying=red target_bucket=red msg=-0.10, -0.12, 0, 0, 0
[detect_bucket] dist=0.64m (depth) target_ball=red ball carrying=red target_bucket=red msg=-0.10, -0.12, 0, 0, 0
[detect_bucket] dist=0.64m (depth) target_ball=red ball carrying=red target_bucket=red msg=-0.10, -0.12, 0, 0, 0
[detect_bucket] dist=0.64m (depth) target_ball=red ball carrying=red target_bucket=red msg=-0.10, -0.12, 0, 0, 0
[detect_bucket] dist=0.64m (depth) target_ball=red ball carrying=red target_bucket=red msg=-0.10, -0.12, 0, 0, 0
[detect_bucket] dist=0.64m (depth) target_ball=red ball carrying=red target_bucket=red msg=-0.10, -0.12, 0, 0, 0
[detect_bucket] dist=0.64m (depth) target_ball=red ball carrying=red target_bucket=red msg=-0.10, -0.12, 0, 0, 0
[detect_bucket] dist=0.64m (depth) target_ball=red ball carrying=red target_bucket=red msg=-0.10, -0.12, 0, 0, 0
[detect_bucket] dist=0.64m (depth) target_ball=red ball carrying=red target_bucket=red msg=-0.10, -0.12, 0, 0, 0
[detect_bucket] dist=0.64m (depth) target_ball=red ball carrying=red target_bucket=red msg=-0.10, -0.12, 0, 0, 0
[detect_bucket] dist=0.64m (depth) target_ball=red ball carrying=red target_bucket=red msg=-0.10, -0.12, 0, 0, 0
[detect_bucket] dist=0.64m (depth) target_ball=red ball carrying=red target_bucket=red msg=-0.10, -0.12, 0, 0, 0
[detect_bucket] dist=0.64m (depth) target_ball=red ball carrying=red target_bucket=red msg=-0.10, -0.12, 0, 0, 0
[detect_bucket] dist=0.64m (depth) target_ball=red ball carrying=red target_bucket=red msg=-0.10, -0.12, 0, 0, 0
[detect_bucket] dist=0.64m (depth) target_ball=red ball carrying=red target_bucket=red msg=-0.10, -0.12, 0, 0, 0
[detect_bucket] dist=0.64m (depth) target_ball=red ball carrying=red target_bucket=red msg=-0.10, -0.12, 0, 0, 0
[detect_bucket] dist=0.64m (depth) target_ball=red ball carrying=red target_bucket=red msg=-0.10, -0.12, 0, 0, 0
[detect_bucket] dist=0.64m (depth) target_ball=red ball carrying=red target_bucket=red msg=0.00, 0.22, 0, 0, 0
[detect_bucket] dist=0.64m (depth) target_ball=red ball carrying=red target_bucket=red msg=0.00, 0.22, 0, 0, 0
[detect_bucket] dist=0.64m (depth) target_ball=red ball carrying=red target_bucket=red msg=0.00, 0.22, 0, 0, 0
[detect_bucket] dist=0.64m (depth) target_ball=red ball carrying=red target_bucket=red msg=0.00, 0.22, 0, 0, 0
[detect_bucket] dist=0.64m (depth) target_ball=red ball carrying=red target_bucket=red msg=0.00, 0.22, 0, 0, 0
[detect_bucket] dist=0.64m (depth) target_ball=red ball carrying=red target_bucket=red msg=0.00, 0.22, 0, 0, 0
[detect_bucket] dist=0.64m (depth) target_ball=red ball carrying=red target_bucket=red msg=0.00, 0.22, 0, 0, 0
[detect_bucket] dist=0.64m (depth) target_ball=red ball carrying=red target_bucket=red msg=0.00, 0.22, 0, 0, 0
[detect_bucket] dist=0.64m (depth) target_ball=red ball carrying=red target_bucket=red msg=0.00, 0.22, 0, 0, 0
[detect_bucket] dist=0.64m (depth) target_ball=red ball carrying=red target_bucket=red msg=0.00, 0.22, 0, 0, 0
[detect_bucket] dist=0.64m (depth) target_ball=red ball carrying=red target_bucket=red msg=0.00, 0.22, 0, 0, 0
[detect_bucket] dist=0.64m (depth) target_ball=red ball carrying=red target_bucket=red msg=0.00, 0.22, 0, 0, 0
[detect_bucket] dist=0.64m (depth) target_ball=red ball carrying=red target_bucket=red msg=0.00, 0.22, 0, 0, 0
[detect_bucket] dist=0.64m (depth) target_ball=red ball carrying=red target_bucket=red msg=0.00, 0.22, 0, 0, 0
[detect_bucket] dist=0.64m (depth) target_ball=red ball carrying=red target_bucket=red msg=0.00, 0.22, 0, 0, 0
[detect_bucket] dist=0.64m (depth) target_ball=red ball carrying=red target_bucket=red msg=0.00, 0.22, 0, 0, 0
[detect_bucket] dist=0.64m (depth) target_ball=red ball carrying=red target_bucket=red msg=0.00, 0.22, 0, 0, 0
[detect_bucket] dist=0.64m (depth) target_ball=red ball carrying=red target_bucket=red msg=0.00, 0.22, 0, 0, 0
[detect_bucket] dist=0.64m (depth) target_ball=red ball carrying=red target_bucket=red msg=0.00, 0.22, 0, 0, 0
[detect_bucket] dist=0.64m (depth) target_ball=red ball carrying=red target_bucket=red msg=0.00, 0.22, 0, 0, 0
[detect_bucket] dist=0.64m (depth) target_ball=red ball carrying=red target_bucket=red msg=0.00, 0.22, 0, 0, 0
[detect_bucket] dist=0.64m (depth) target_ball=red ball carrying=red target_bucket=red msg=0.00, 0.22, 0, 0, 0
[detect_bucket] dist=0.64m (depth) target_ball=red ball carrying=red target_bucket=red msg=0.00, 0.22, 0, 0, 0
[detect_bucket] dist=0.64m (depth) target_ball=red ball carrying=red target_bucket=red msg=0.00, -0.32, 0, 0, 0
[detect_bucket] dist=0.64m (depth) target_ball=red ball carrying=red target_bucket=red msg=0.00, -0.32, 0, 0, 0
[detect_bucket] dist=0.64m (depth) target_ball=red ball carrying=red target_bucket=red msg=0.00, -0.32, 0, 0, 0
[detect_bucket] dist=0.64m (depth) target_ball=red ball carrying=red target_bucket=red msg=0.00, -0.32, 0, 0, 0
[detect_bucket] dist=0.64m (depth) target_ball=red ball carrying=red target_bucket=red msg=0.00, -0.32, 0, 0, 0
[detect_bucket] dist=0.64m (depth) target_ball=red ball carrying=red target_bucket=red msg=0.00, -0.32, 0, 0, 0
[detect_bucket] dist=0.64m (depth) target_ball=red ball carrying=red target_bucket=red msg=0.00, -0.32, 0, 0, 0
[detect_bucket] dist=0.64m (depth) target_ball=red ball carrying=red target_bucket=red msg=0.00, -0.32, 0, 0, 0
[detect_bucket] dist=0.64m (depth) target_ball=red ball carrying=red target_bucket=red msg=0.00, -0.32, 0, 0, 0
[detect_bucket] dist=0.64m (depth) target_ball=red ball carrying=red target_bucket=red msg=0.00, -0.32, 0, 0, 0
[detect_bucket] dist=0.64m (depth) target_ball=red ball carrying=red target_bucket=red msg=0.00, -0.32, 0, 0, 0
[detect_bucket] dist=0.64m (depth) target_ball=red ball carrying=red target_bucket=red msg=0.00, -0.32, 0, 0, 0
[detect_bucket] dist=0.64m (depth) target_ball=red ball carrying=red target_bucket=red msg=0.00, -0.32, 0, 0, 0
[detect_bucket] dist=0.64m (depth) target_ball=red ball carrying=red target_bucket=red msg=0.00, -0.32, 0, 0, 0
[detect_bucket] dist=0.64m (depth) target_ball=red ball carrying=red target_bucket=red msg=0.00, -0.32, 0, 0, 0
[detect_bucket] dist=0.64m (depth) target_ball=red ball carrying=red target_bucket=red msg=0.00, -0.32, 0, 0, 0
[detect_bucket] dist=0.64m (depth) target_ball=red ball carrying=red target_bucket=red msg=0.00, -0.32, 0, 0, 0
[detect_bucket] dist=0.64m (depth) target_ball=red ball carrying=red target_bucket=red msg=0.00, -0.32, 0, 0, 0
[detect_bucket] dist=0.64m (depth) target_ball=red ball carrying=red target_bucket=red msg=0.00, -0.32, 0, 0, 0
[detect_bucket] dist=0.64m (depth) target_ball=red ball carrying=red target_bucket=red msg=0.00, -0.32, 0, 0, 0
[detect_bucket] dist=0.64m (depth) target_ball=red ball carrying=red target_bucket=red msg=0.00, -0.32, 0, 0, 0
[detect_bucket] dist=0.64m (depth) target_ball=red ball carrying=red target_bucket=red msg=0.00, -0.32, 0, 0, 0
[detect_bucket] dist=0.64m (depth) target_ball=red ball carrying=red target_bucket=red msg=-0.10, 0.12, 0, 0, 0
[detect_bucket] dist=0.64m (depth) target_ball=red ball carrying=red target_bucket=red msg=-0.10, 0.12, 0, 0, 0
[detect_bucket] dist=0.64m (depth) target_ball=red ball carrying=red target_bucket=red msg=-0.10, 0.12, 0, 0, 0
[detect_bucket] dist=0.64m (depth) target_ball=red ball carrying=red target_bucket=red msg=-0.10, 0.12, 0, 0, 0
[detect_bucket] dist=0.64m (depth) target_ball=red ball carrying=red target_bucket=red msg=-0.10, 0.12, 0, 0, 0
[detect_bucket] dist=0.64m (depth) target_ball=red ball carrying=red target_bucket=red msg=-0.10, 0.12, 0, 0, 0
[detect_bucket] dist=0.64m (depth) target_ball=red ball carrying=red target_bucket=red msg=-0.10, 0.12, 0, 0, 0
[detect_bucket] dist=0.64m (depth) target_ball=red ball carrying=red target_bucket=red msg=-0.10, 0.12, 0, 0, 0
[detect_bucket] dist=0.64m (depth) target_ball=red ball carrying=red target_bucket=red msg=-0.10, 0.12, 0, 0, 0
[detect_bucket] dist=0.64m (depth) target_ball=red ball carrying=red target_bucket=red msg=-0.10, 0.12, 0, 0, 0
[detect_bucket] dist=0.64m (depth) target_ball=red ball carrying=red target_bucket=red msg=-0.10, 0.12, 0, 0, 0
[detect_bucket] dist=0.64m (depth) target_ball=red ball carrying=red target_bucket=red msg=-0.10, 0.12, 0, 0, 0
[detect_bucket] dist=0.64m (depth) target_ball=red ball carrying=red target_bucket=red msg=-0.10, 0.12, 0, 0, 0
[detect_bucket] dist=0.64m (depth) target_ball=red ball carrying=red target_bucket=red msg=-0.10, 0.12, 0, 0, 0
[detect_bucket] dist=0.64m (depth) target_ball=red ball carrying=red target_bucket=red msg=-0.10, 0.12, 0, 0, 0
[detect_bucket] dist=0.64m (depth) target_ball=red ball carrying=red target_bucket=red msg=-0.10, 0.12, 0, 0, 0
[detect_bucket] dist=0.64m (depth) target_ball=red ball carrying=red target_bucket=red msg=-0.10, 0.12, 0, 0, 0
[detect_bucket] dist=0.64m (depth) target_ball=red ball carrying=red target_bucket=red msg=-0.10, 0.12, 0, 0, 0
[detect_bucket] dist=0.64m (depth) target_ball=red ball carrying=red target_bucket=red msg=-0.10, 0.12, 0, 0, 0
[detect_bucket] dist=0.64m (depth) target_ball=red ball carrying=red target_bucket=red msg=-0.10, -0.12, 0, 0, 0
[detect_bucket] dist=0.64m (depth) target_ball=red ball carrying=red target_bucket=red msg=-0.10, -0.12, 0, 0, 0
[detect_bucket] dist=0.64m (depth) target_ball=red ball carrying=red target_bucket=red msg=-0.10, -0.12, 0, 0, 0
[detect_bucket] dist=0.64m (depth) target_ball=red ball carrying=red target_bucket=red msg=-0.10, -0.12, 0, 0, 0
[detect_bucket] dist=0.64m (depth) target_ball=red ball carrying=red target_bucket=red msg=-0.10, -0.12, 0, 0, 0
[detect_bucket] dist=0.64m (depth) target_ball=red ball carrying=red target_bucket=red msg=-0.10, -0.12, 0, 0, 0
[detect_bucket] dist=0.64m (depth) target_ball=red ball carrying=red target_bucket=red msg=-0.10, -0.12, 0, 0, 0
[detect_bucket] dist=0.64m (depth) target_ball=red ball carrying=red target_bucket=red msg=-0.10, -0.12, 0, 0, 0
[detect_bucket] dist=0.64m (depth) target_ball=red ball carrying=red target_bucket=red msg=-0.10, -0.12, 0, 0, 0
[detect_bucket] dist=0.64m (depth) target_ball=red ball carrying=red target_bucket=red msg=-0.10, -0.12, 0, 0, 0
[detect_bucket] dist=0.64m (depth) target_ball=red ball carrying=red target_bucket=red msg=-0.10, -0.12, 0, 0, 0
[detect_bucket] dist=0.64m (depth) target_ball=red ball carrying=red target_bucket=red msg=-0.10, -0.12, 0, 0, 0
[detect_bucket] dist=0.64m (depth) target_ball=red ball carrying=red target_bucket=red msg=-0.10, -0.12, 0, 0, 0
[detect_bucket] dist=0.64m (depth) target_ball=red ball carrying=red target_bucket=red msg=-0.10, -0.12, 0, 0, 0
[DEBUG] Mystery Object Detected! Raw Label: '' | Class ID: 8


[detect_bucket] dist=0.64m (depth) target_ball=red ball carrying=red target_bucket=red msg=-0.10, -0.12, 0, 0, 0
[DEBUG] Mystery Object Detected! Raw Label: '' | Class ID: 8


[detect_bucket] dist=0.64m (depth) target_ball=red ball carrying=red target_bucket=red msg=-0.10, -0.12, 0, 0, 0
[DEBUG] Mystery Object Detected! Raw Label: '' | Class ID: 8


[detect_bucket] dist=0.64m (depth) target_ball=red ball carrying=red target_bucket=red msg=-0.10, -0.12, 0, 0, 0
[DEBUG] Mystery Object Detected! Raw Label: '' | Class ID: 8


[detect_bucket] dist=0.64m (depth) target_ball=red ball carrying=red target_bucket=red msg=-0.10, -0.12, 0, 0, 0
[DEBUG] Mystery Object Detected! Raw Label: '' | Class ID: 8


[detect_bucket] dist=0.64m (depth) target_ball=red ball carrying=red target_bucket=red msg=-0.10, -0.12, 0, 0, 0
[DEBUG] Mystery Object Detected! Raw Label: '' | Class ID: 8



[DEBUG] Mystery Object Detected! Raw Label: '' | Class ID: 8


[DEBUG] Mystery Object Detected! Raw Label: '' | Class ID: 8
[detect_bucket] dist=0.64m (depth) target_ball=red ball carrying=red target_bucket=red msg=0.00, 0.22, 0, 0, 0


[DEBUG] Mystery Object Detected! Raw Label: '' | Class ID: 8

[detect_bucket] dist=0.64m (depth) target_ball=red ball carrying=red target_bucket=red msg=0.00, 0.22, 0, 0, 0
[DEBUG] Mystery Object Detected! Raw Label: '' | Class ID: 8



[DEBUG] Mystery Object Detected! Raw Label: '' | Class ID: 8

[detect_bucket] dist=0.64m (depth) target_ball=red ball carrying=red target_bucket=red msg=0.00, 0.22, 0, 0, 0
[DEBUG] Mystery Object Detected! Raw Label: '' | Class ID: 8



[DEBUG] Mystery Object Detected! Raw Label: '' | Class ID: 8

[detect_bucket] dist=0.64m (depth) target_ball=red ball carrying=red target_bucket=red msg=0.00, 0.22, 0, 0, 0
[DEBUG] Mystery Object Detected! Raw Label: '' | Class ID: 8



[DEBUG] Mystery Object Detected! Raw Label: '' | Class ID: 8

[detect_bucket] dist=0.64m (depth) target_ball=red ball carrying=red target_bucket=red msg=0.00, 0.22, 0, 0, 0
[DEBUG] Mystery Object Detected! Raw Label: '' | Class ID: 8



[DEBUG] Mystery Object Detected! Raw Label: '' | Class ID: 8

[detect_bucket] dist=0.64m (depth) target_ball=red ball carrying=red target_bucket=red msg=0.00, 0.22, 0, 0, 0
[DEBUG] Mystery Object Detected! Raw Label: '' | Class ID: 8



[DEBUG] Mystery Object Detected! Raw Label: '' | Class ID: 8

[detect_bucket] dist=0.64m (depth) target_ball=red ball carrying=red target_bucket=red msg=0.00, 0.22, 0, 0, 0
[DEBUG] Mystery Object Detected! Raw Label: '' | Class ID: 8



[DEBUG] Mystery Object Detected! Raw Label: '' | Class ID: 8

[detect_bucket] dist=0.64m (depth) target_ball=red ball carrying=red target_bucket=red msg=0.00, 0.22, 0, 0, 0
[DEBUG] Mystery Object Detected! Raw Label: '' | Class ID: 8



[DEBUG] Mystery Object Detected! Raw Label: '' | Class ID: 8

[detect_bucket] dist=0.64m (depth) target_ball=red ball carrying=red target_bucket=red msg=0.00, 0.22, 0, 0, 0
[DEBUG] Mystery Object Detected! Raw Label: '' | Class ID: 8



[DEBUG] Mystery Object Detected! Raw Label: '' | Class ID: 8

[detect_bucket] dist=0.64m (depth) target_ball=red ball carrying=red target_bucket=red msg=0.00, 0.22, 0, 0, 0
[DEBUG] Mystery Object Detected! Raw Label: '' | Class ID: 8


[DEBUG] Mystery Object Detected! Raw Label: '' | Class ID: 8


[detect_bucket] dist=0.64m (depth) target_ball=red ball carrying=red target_bucket=red msg=0.00, 0.22, 0, 0, 0
[DEBUG] Mystery Object Detected! Raw Label: '' | Class ID: 8



[DEBUG] Mystery Object Detected! Raw Label: '' | Class ID: 8

[detect_bucket] dist=0.64m (depth) target_ball=red ball carrying=red target_bucket=red msg=0.00, 0.22, 0, 0, 0
[DEBUG] Mystery Object Detected! Raw Label: '' | Class ID: 8



[DEBUG] Mystery Object Detected! Raw Label: '' | Class ID: 8

[detect_bucket] dist=0.64m (depth) target_ball=red ball carrying=red target_bucket=red msg=0.00, 0.22, 0, 0, 0
[DEBUG] Mystery Object Detected! Raw Label: '' | Class ID: 8


[detect_bucket] dist=0.64m (depth) target_ball=red ball carrying=red target_bucket=red msg=0.00, 0.00, 0, 0, 0
[DEBUG] Mystery Object Detected! Raw Label: '' | Class ID: 8


[detect_bucket] dist=0.64m (depth) target_ball=red ball carrying=red target_bucket=red msg=0.00, 0.00, 0, 0, 0
[DEBUG] Mystery Object Detected! Raw Label: '' | Class ID: 8


[detect_bucket] dist=6.06m (geom) target_ball=red ball carrying=red target_bucket=red msg=-0.23, 0.55, 0, 0, 0
[DEBUG] Mystery Object Detected! Raw Label: '' | Class ID: 8


[detect_bucket] dist=6.07m (geom) target_ball=red ball carrying=red target_bucket=red msg=-0.23, 0.55, 0, 0, 0
[DEBUG] Mystery Object Detected! Raw Label: '' | Class ID: 8


[detect_bucket] dist=6.05m (geom) target_ball=red ball carrying=red target_bucket=red msg=-0.23, 0.55, 0, 0, 0
[DEBUG] Mystery Object Detected! Raw Label: '' | Class ID: 8



[DEBUG] Mystery Object Detected! Raw Label: '' | Class ID: 8

[WARN] Received detections with empty labels. This usually indicates model/labels JSON mismatch. unlabeled=2
[DEBUG] Mystery Object Detected! Raw Label: '' | Class ID: 8

[detect_bucket] dist=6.13m (geom) target_ball=red ball carrying=red target_bucket=red msg=-0.23, 0.55, 0, 0, 0

[DEBUG] Mystery Object Detected! Raw Label: '' | Class ID: 8


[detect_bucket] dist=5.20m (geom) target_ball=red ball carrying=red target_bucket=red msg=-0.23, 0.55, 0, 0, 0
[DEBUG] Mystery Object Detected! Raw Label: '' | Class ID: 8



[DEBUG] Mystery Object Detected! Raw Label: '' | Class ID: 8

[detect_bucket] dist=5.05m (geom) target_ball=red ball carrying=red target_bucket=red msg=-0.23, 0.55, 0, 0, 0
[DEBUG] Mystery Object Detected! Raw Label: '' | Class ID: 8



[DEBUG] Mystery Object Detected! Raw Label: '' | Class ID: 8

[detect_bucket] dist=5.03m (geom) target_ball=red ball carrying=red target_bucket=red msg=-0.23, 0.55, 0, 0, 0
[DEBUG] Mystery Object Detected! Raw Label: '' | Class ID: 8



[DEBUG] Mystery Object Detected! Raw Label: '' | Class ID: 8

[detect_bucket] dist=5.04m (geom) target_ball=red ball carrying=red target_bucket=red msg=-0.23, 0.55, 0, 0, 0
[DEBUG] Mystery Object Detected! Raw Label: '' | Class ID: 8



[DEBUG] Mystery Object Detected! Raw Label: '' | Class ID: 8

[detect_bucket] dist=5.08m (geom) target_ball=red ball carrying=red target_bucket=red msg=-0.23, 0.55, 0, 0, 0
[DEBUG] Mystery Object Detected! Raw Label: '' | Class ID: 8



[DEBUG] Mystery Object Detected! Raw Label: '' | Class ID: 8

[detect_bucket] dist=5.13m (geom) target_ball=red ball carrying=red target_bucket=red msg=-0.23, 0.55, 0, 0, 0
[DEBUG] Mystery Object Detected! Raw Label: '' | Class ID: 8


[detect_bucket] dist=5.24m (geom) target_ball=red ball carrying=red target_bucket=red msg=-0.23, 0.55, 0, 0, 0
[DEBUG] Mystery Object Detected! Raw Label: '' | Class ID: 8


[detect_bucket] dist=5.39m (geom) target_ball=red ball carrying=red target_bucket=red msg=-0.23, 0.55, 0, 0, 0
[DEBUG] Mystery Object Detected! Raw Label: '' | Class ID: 8


[detect_bucket] dist=5.54m (geom) target_ball=red ball carrying=red target_bucket=red msg=-0.23, 0.55, 0, 0, 0
[DEBUG] Mystery Object Detected! Raw Label: '' | Class ID: 8



[DEBUG] Mystery Object Detected! Raw Label: '' | Class ID: 8

[detect_bucket] dist=5.67m (geom) target_ball=red ball carrying=red target_bucket=red msg=-0.23, 0.55, 0, 0, 0
[DEBUG] Mystery Object Detected! Raw Label: '' | Class ID: 8



[DEBUG] Mystery Object Detected! Raw Label: '' | Class ID: 8


[DEBUG] Mystery Object Detected! Raw Label: '' | Class ID: 8

[detect_bucket] dist=5.73m (geom) target_ball=red ball carrying=red target_bucket=red msg=-0.23, 0.55, 0, 0, 0
[DEBUG] Mystery Object Detected! Raw Label: '' | Class ID: 8



[DEBUG] Mystery Object Detected! Raw Label: '' | Class ID: 8


[DEBUG] Mystery Object Detected! Raw Label: '' | Class ID: 8

[detect_bucket] dist=5.73m (geom) target_ball=red ball carrying=red target_bucket=red msg=0.00, 0.00, 0, 0, 0
[DEBUG] Mystery Object Detected! Raw Label: '' | Class ID: 8



[DEBUG] Mystery Object Detected! Raw Label: '' | Class ID: 8

[detect_bucket] dist=5.73m (geom) target_ball=red ball carrying=red target_bucket=red msg=0.00, 0.00, 0, 0, 0
[DEBUG] Mystery Object Detected! Raw Label: '' | Class ID: 8



[DEBUG] Mystery Object Detected! Raw Label: '' | Class ID: 8

[detect_bucket] dist=5.73m (geom) target_ball=red ball carrying=red target_bucket=red msg=0.00, 0.00, 0, 0, 0

[DEBUG] Mystery Object Detected! Raw Label: '' | Class ID: 8


[DEBUG] Mystery Object Detected! Raw Label: '' | Class ID: 8

[detect_bucket] dist=1.26m (depth) target_ball=red ball carrying=red target_bucket=red msg=-0.30, -0.29, 0, 0, 0
[DEBUG] Mystery Object Detected! Raw Label: '' | Class ID: 8



[DEBUG] Mystery Object Detected! Raw Label: '' | Class ID: 8

[detect_bucket] dist=1.28m (depth) target_ball=red ball carrying=red target_bucket=red msg=-0.30, -0.29, 0, 0, 0

[DEBUG] Mystery Object Detected! Raw Label: '' | Class ID: 8


[DEBUG] Mystery Object Detected! Raw Label: '' | Class ID: 8

[detect_bucket] dist=1.27m (depth) target_ball=red ball carrying=red target_bucket=red msg=-0.30, -0.29, 0, 0, 0
[DEBUG] Mystery Object Detected! Raw Label: '' | Class ID: 8



[DEBUG] Mystery Object Detected! Raw Label: '' | Class ID: 8

[detect_bucket] dist=1.26m (depth) target_ball=red ball carrying=red target_bucket=red msg=-0.30, -0.29, 0, 0, 0
[DEBUG] Mystery Object Detected! Raw Label: '' | Class ID: 8



[DEBUG] Mystery Object Detected! Raw Label: '' | Class ID: 8

[detect_bucket] dist=1.27m (depth) target_ball=red ball carrying=red target_bucket=red msg=-0.30, -0.29, 0, 0, 0

[DEBUG] Mystery Object Detected! Raw Label: '' | Class ID: 8

[detect_bucket] dist=1.27m (depth) target_ball=red ball carrying=red target_bucket=red msg=-0.30, -0.23, 0, 0, 0
[DEBUG] Mystery Object Detected! Raw Label: '' | Class ID: 8


[detect_bucket] dist=1.29m (depth) target_ball=red ball carrying=red target_bucket=red msg=-0.30, -0.24, 0, 0, 0
[DEBUG] Mystery Object Detected! Raw Label: '' | Class ID: 8



[DEBUG] Mystery Object Detected! Raw Label: '' | Class ID: 8

[detect_bucket] dist=1.31m (depth) target_ball=red ball carrying=red target_bucket=red msg=-0.30, -0.17, 0, 0, 0
[DEBUG] Mystery Object Detected! Raw Label: '' | Class ID: 8


[DEBUG] Mystery Object Detected! Raw Label: '' | Class ID: 8


[detect_bucket] dist=1.32m (depth) target_ball=red ball carrying=red target_bucket=red msg=-0.30, -0.17, 0, 0, 0
[DEBUG] Mystery Object Detected! Raw Label: '' | Class ID: 8



[DEBUG] Mystery Object Detected! Raw Label: '' | Class ID: 8

[detect_bucket] dist=1.31m (depth) target_ball=red ball carrying=red target_bucket=red msg=-0.30, -0.17, 0, 0, 0
[DEBUG] Mystery Object Detected! Raw Label: '' | Class ID: 8



[DEBUG] Mystery Object Detected! Raw Label: '' | Class ID: 8

[detect_bucket] dist=1.32m (depth) target_ball=red ball carrying=red target_bucket=red msg=-0.30, -0.12, 0, 0, 0
[DEBUG] Mystery Object Detected! Raw Label: '' | Class ID: 8



[DEBUG] Mystery Object Detected! Raw Label: '' | Class ID: 8

[detect_bucket] dist=1.33m (depth) target_ball=red ball carrying=red target_bucket=red msg=-0.30, -0.12, 0, 0, 0
[DEBUG] Mystery Object Detected! Raw Label: '' | Class ID: 8


[detect_bucket] dist=1.36m (depth) target_ball=red ball carrying=red target_bucket=red msg=-0.30, -0.06, 0, 0, 0
[DEBUG] Mystery Object Detected! Raw Label: '' | Class ID: 8



[DEBUG] Mystery Object Detected! Raw Label: '' | Class ID: 8

[detect_bucket] dist=1.36m (depth) target_ball=red ball carrying=red target_bucket=red msg=-0.30, -0.06, 0, 0, 0

[DEBUG] Mystery Object Detected! Raw Label: '' | Class ID: 8


[DEBUG] Mystery Object Detected! Raw Label: '' | Class ID: 8

[detect_bucket] dist=1.39m (depth) target_ball=red ball carrying=red target_bucket=red msg=-0.30, -0.01, 0, 0, 0
[DEBUG] Mystery Object Detected! Raw Label: '' | Class ID: 8



[DEBUG] Mystery Object Detected! Raw Label: '' | Class ID: 8

[WARN] Received detections with empty labels. This usually indicates model/labels JSON mismatch. unlabeled=2
[DEBUG] Mystery Object Detected! Raw Label: '' | Class ID: 8

[detect_bucket] dist=1.41m (depth) target_ball=red ball carrying=red target_bucket=red msg=-0.30, -0.01, 0, 0, 0


[DEBUG] Mystery Object Detected! Raw Label: '' | Class ID: 8

[detect_bucket] dist=1.43m (depth) target_ball=red ball carrying=red target_bucket=red msg=-0.30, 0.02, 0, 0, 0
[DEBUG] Mystery Object Detected! Raw Label: '' | Class ID: 8



[DEBUG] Mystery Object Detected! Raw Label: '' | Class ID: 8

[detect_bucket] dist=1.46m (depth) target_ball=red ball carrying=red target_bucket=red msg=-0.30, 0.02, 0, 0, 0
[DEBUG] Mystery Object Detected! Raw Label: '' | Class ID: 8



[DEBUG] Mystery Object Detected! Raw Label: '' | Class ID: 8

[detect_bucket] dist=1.21m (depth) target_ball=red ball carrying=red target_bucket=red msg=-0.28, 0.09, 0, 0, 0
[DEBUG] Mystery Object Detected! Raw Label: '' | Class ID: 8


[detect_bucket] dist=1.19m (depth) target_ball=red ball carrying=red target_bucket=red msg=-0.28, 0.09, 0, 0, 0
[DEBUG] Mystery Object Detected! Raw Label: '' | Class ID: 8


[detect_bucket] dist=1.18m (depth) target_ball=red ball carrying=red target_bucket=red msg=-0.27, 0.15, 0, 0, 0
[detect_bucket] dist=1.19m (depth) target_ball=red ball carrying=red target_bucket=red msg=-0.27, 0.15, 0, 0, 0
[detect_bucket] dist=1.20m (depth) target_ball=red ball carrying=red target_bucket=red msg=-0.27, 0.15, 0, 0, 0
[detect_bucket] dist=1.24m (depth) target_ball=red ball carrying=red target_bucket=red msg=-0.30, 0.21, 0, 0, 0
[detect_bucket] dist=1.26m (depth) target_ball=red ball carrying=red target_bucket=red msg=-0.30, 0.21, 0, 0, 0

[DEBUG] Mystery Object Detected! Raw Label: '' | Class ID: 8


[DEBUG] Mystery Object Detected! Raw Label: '' | Class ID: 8

[detect_bucket] dist=1.26m (depth) target_ball=red ball carrying=red target_bucket=red msg=0.00, 0.00, 0, 0, 0
[DEBUG] Mystery Object Detected! Raw Label: '' | Class ID: 8


[detect_bucket] dist=1.26m (depth) target_ball=red ball carrying=red target_bucket=red msg=0.00, 0.00, 0, 0, 0
[detect_bucket] dist=1.36m (depth) target_ball=red ball carrying=red target_bucket=red msg=-0.30, 0.21, 0, 0, 0
[detect_bucket] dist=1.39m (depth) target_ball=red ball carrying=red target_bucket=red msg=-0.30, 0.21, 0, 0, 0
[detect_bucket] dist=1.40m (depth) target_ball=red ball carrying=red target_bucket=red msg=-0.30, 0.21, 0, 0, 0
[detect_bucket] dist=1.42m (depth) target_ball=red ball carrying=red target_bucket=red msg=-0.30, 0.21, 0, 0, 0
[detect_bucket] dist=1.44m (depth) target_ball=red ball carrying=red target_bucket=red msg=-0.30, 0.21, 0, 0, 0
[detect_bucket] dist=1.46m (depth) target_ball=red ball carrying=red target_bucket=red msg=-0.30, 0.21, 0, 0, 0
[detect_bucket] dist=1.46m (depth) target_ball=red ball carrying=red target_bucket=red msg=-0.30, 0.21, 0, 0, 0
[DEBUG] Mystery Object Detected! Raw Label: '' | Class ID: 8


[detect_bucket] dist=1.49m (depth) target_ball=red ball carrying=red target_bucket=red msg=-0.30, 0.18, 0, 0, 0
[detect_bucket] dist=1.51m (depth) target_ball=red ball carrying=red target_bucket=red msg=-0.30, 0.18, 0, 0, 0
[detect_bucket] dist=1.52m (depth) target_ball=red ball carrying=red target_bucket=red msg=-0.30, 0.18, 0, 0, 0
[detect_bucket] dist=1.54m (depth) target_ball=red ball carrying=red target_bucket=red msg=-0.30, 0.18, 0, 0, 0
[detect_bucket] dist=1.55m (depth) target_ball=red ball carrying=red target_bucket=red msg=-0.30, 0.17, 0, 0, 0

[DEBUG] Mystery Object Detected! Raw Label: '' | Class ID: 8

[detect_bucket] dist=1.58m (depth) target_ball=red ball carrying=red target_bucket=red msg=-0.30, 0.17, 0, 0, 0
[DEBUG] Mystery Object Detected! Raw Label: '' | Class ID: 8


[detect_bucket] dist=1.59m (depth) target_ball=red ball carrying=red target_bucket=red msg=-0.30, 0.17, 0, 0, 0
[DEBUG] Mystery Object Detected! Raw Label: '' | Class ID: 8


[detect_bucket] dist=1.62m (depth) target_ball=red ball carrying=red target_bucket=red msg=-0.30, 0.16, 0, 0, 0
[DEBUG] Mystery Object Detected! Raw Label: '' | Class ID: 8


[detect_bucket] dist=1.64m (depth) target_ball=red ball carrying=red target_bucket=red msg=-0.30, 0.16, 0, 0, 0

[DEBUG] Mystery Object Detected! Raw Label: '' | Class ID: 8

[detect_bucket] dist=1.66m (depth) target_ball=red ball carrying=red target_bucket=red msg=-0.30, 0.16, 0, 0, 0
[DEBUG] Mystery Object Detected! Raw Label: '' | Class ID: 8



[DEBUG] Mystery Object Detected! Raw Label: '' | Class ID: 8

[WARN] Received detections with empty labels. This usually indicates model/labels JSON mismatch. unlabeled=2
[DEBUG] Mystery Object Detected! Raw Label: '' | Class ID: 8


[detect_bucket] dist=9.17m (geom) target_ball=red ball carrying=red target_bucket=red msg=-0.30, 0.16, 0, 0, 0
[detect_bucket] dist=9.31m (geom) target_ball=red ball carrying=red target_bucket=red msg=-0.30, 0.16, 0, 0, 0
[DEBUG] Mystery Object Detected! Raw Label: '' | Class ID: 8


[detect_bucket] dist=9.34m (geom) target_ball=red ball carrying=red target_bucket=red msg=-0.30, 0.16, 0, 0, 0
[DEBUG] Mystery Object Detected! Raw Label: '' | Class ID: 8


[detect_bucket] dist=9.47m (geom) target_ball=red ball carrying=red target_bucket=red msg=-0.30, 0.16, 0, 0, 0
[DEBUG] Mystery Object Detected! Raw Label: '' | Class ID: 8


[detect_bucket] dist=9.55m (geom) target_ball=red ball carrying=red target_bucket=red msg=-0.30, 0.16, 0, 0, 0
[detect_bucket] dist=9.64m (geom) target_ball=red ball carrying=red target_bucket=red msg=-0.30, 0.16, 0, 0, 0
[DEBUG] Mystery Object Detected! Raw Label: '' | Class ID: 8


[detect_bucket] dist=9.61m (geom) target_ball=red ball carrying=red target_bucket=red msg=-0.30, 0.16, 0, 0, 0
[DEBUG] Mystery Object Detected! Raw Label: '' | Class ID: 8


[detect_bucket] dist=9.68m (geom) target_ball=red ball carrying=red target_bucket=red msg=-0.30, 0.16, 0, 0, 0
[DEBUG] Mystery Object Detected! Raw Label: '' | Class ID: 8


[detect_bucket] dist=9.74m (geom) target_ball=red ball carrying=red target_bucket=red msg=-0.30, 0.16, 0, 0, 0
[DEBUG] Mystery Object Detected! Raw Label: '' | Class ID: 8


[detect_bucket] dist=9.87m (geom) target_ball=red ball carrying=red target_bucket=red msg=-0.30, 0.16, 0, 0, 0
[DEBUG] Mystery Object Detected! Raw Label: '' | Class ID: 8


[detect_bucket] dist=9.94m (geom) target_ball=red ball carrying=red target_bucket=red msg=-0.30, 0.16, 0, 0, 0
[detect_bucket] dist=1.97m (depth) target_ball=red ball carrying=red target_bucket=red msg=-0.30, 0.10, 0, 0, 0
[detect_bucket] dist=1.97m (depth) target_ball=red ball carrying=red target_bucket=red msg=0.00, 0.00, 0, 0, 0
[detect_bucket] dist=1.97m (depth) target_ball=red ball carrying=red target_bucket=red msg=0.00, 0.00, 0, 0, 0
[detect_bucket] dist=1.97m (depth) target_ball=red ball carrying=red target_bucket=red msg=0.00, 0.00, 0, 0, 0
[detect_bucket] dist=1.91m (depth) target_ball=red ball carrying=red target_bucket=red msg=-0.30, 0.10, 0, 0, 0
[detect_bucket] dist=1.90m (depth) target_ball=red ball carrying=red target_bucket=red msg=-0.30, 0.10, 0, 0, 0
[detect_bucket] dist=1.86m (depth) target_ball=red ball carrying=red target_bucket=red msg=-0.30, 0.13, 0, 0, 0
[detect_bucket] dist=1.82m (depth) target_ball=red ball carrying=red target_bucket=red msg=-0.30, 0.13, 0, 0, 0
[detect_bucket] dist=9.78m (geom) target_ball=red ball carrying=red target_bucket=red msg=-0.30, 0.13, 0, 0, 0
[detect_bucket] dist=9.57m (geom) target_ball=red ball carrying=red target_bucket=red msg=-0.30, 0.13, 0, 0, 0
[detect_bucket] dist=9.14m (geom) target_ball=red ball carrying=red target_bucket=red msg=-0.30, 0.13, 0, 0, 0
[detect_bucket] dist=9.64m (geom) target_ball=red ball carrying=red target_bucket=red msg=-0.30, 0.13, 0, 0, 0
[detect_bucket] dist=9.64m (geom) target_ball=red ball carrying=red target_bucket=red msg=0.00, 0.00, 0, 0, 0
[detect_bucket] dist=9.64m (geom) target_ball=red ball carrying=red target_bucket=red msg=0.00, 0.00, 0, 0, 0
[detect_bucket] dist=9.64m (geom) target_ball=red ball carrying=red target_bucket=red msg=0.00, 0.00, 0, 0, 0
[detect_bucket] dist=9.64m (geom) target_ball=red ball carrying=red target_bucket=red msg=0.00, 0.00, 0, 0, 0
[detect_bucket] dist=9.64m (geom) target_ball=red ball carrying=red target_bucket=red msg=0.00, 0.00, 0, 0, 0
[detect_bucket] dist=9.64m (geom) target_ball=red ball carrying=red target_bucket=red msg=0.00, 0.00, 0, 0, 0
[detect_bucket] dist=9.64m (geom) target_ball=red ball carrying=red target_bucket=red msg=0.00, 0.00, 0, 0, 0
[detect_bucket] dist=9.64m (geom) target_ball=red ball carrying=red target_bucket=red msg=0.00, 0.00, 0, 0, 0
[detect_bucket] dist=9.64m (geom) target_ball=red ball carrying=red target_bucket=red msg=0.00, 0.00, 0, 0, 0
[detect_bucket] dist=9.64m (geom) target_ball=red ball carrying=red target_bucket=red msg=0.00, 0.00, 0, 0, 0
[detect_bucket] dist=9.64m (geom) target_ball=red ball carrying=red target_bucket=red msg=0.00, 0.00, 0, 0, 0
[detect_bucket] dist=9.64m (geom) target_ball=red ball carrying=red target_bucket=red msg=0.00, -0.22, 0, 0, 0
[detect_bucket] dist=9.64m (geom) target_ball=red ball carrying=red target_bucket=red msg=0.00, -0.22, 0, 0, 0
[detect_bucket] dist=9.64m (geom) target_ball=red ball carrying=red target_bucket=red msg=0.00, -0.22, 0, 0, 0
[detect_bucket] dist=9.64m (geom) target_ball=red ball carrying=red target_bucket=red msg=0.00, -0.22, 0, 0, 0
[detect_bucket] dist=9.64m (geom) target_ball=red ball carrying=red target_bucket=red msg=0.00, -0.22, 0, 0, 0
[detect_bucket] dist=9.64m (geom) target_ball=red ball carrying=red target_bucket=red msg=0.00, -0.22, 0, 0, 0
[detect_bucket] dist=9.64m (geom) target_ball=red ball carrying=red target_bucket=red msg=0.00, -0.22, 0, 0, 0
[detect_bucket] dist=9.64m (geom) target_ball=red ball carrying=red target_bucket=red msg=0.00, -0.22, 0, 0, 0
[detect_bucket] dist=9.64m (geom) target_ball=red ball carrying=red target_bucket=red msg=0.00, -0.22, 0, 0, 0
[detect_bucket] dist=9.64m (geom) target_ball=red ball carrying=red target_bucket=red msg=0.00, -0.22, 0, 0, 0
[detect_bucket] dist=9.64m (geom) target_ball=red ball carrying=red target_bucket=red msg=0.00, 0.00, 0, 0, 0
[detect_bucket] dist=9.64m (geom) target_ball=red ball carrying=red target_bucket=red msg=0.00, 0.00, 0, 0, 0
[detect_bucket] dist=9.64m (geom) target_ball=red ball carrying=red target_bucket=red msg=0.00, 0.00, 0, 0, 0
[detect_bucket] dist=9.64m (geom) target_ball=red ball carrying=red target_bucket=red msg=0.00, 0.00, 0, 0, 0
[detect_bucket] dist=8.49m (geom) target_ball=red ball carrying=red target_bucket=red msg=-0.35, -0.09, 0, 0, 0
[detect_bucket] dist=8.50m (geom) target_ball=red ball carrying=red target_bucket=red msg=-0.35, 0.00, 0, 0, 0
[detect_bucket] dist=2.60m (depth) target_ball=red ball carrying=red target_bucket=red msg=-0.30, -0.08, 0, 0, 0
[detect_bucket] dist=1.46m (depth) target_ball=red ball carrying=red target_bucket=red msg=-0.30, -0.20, 0, 0, 0
[DEBUG] Mystery Object Detected! Raw Label: '' | Class ID: 8


[detect_bucket] dist=1.36m (depth) target_ball=red ball carrying=red target_bucket=red msg=-0.30, -0.28, 0, 0, 0
[DEBUG] Mystery Object Detected! Raw Label: '' | Class ID: 8


[detect_bucket] dist=1.36m (depth) target_ball=red ball carrying=red target_bucket=red msg=0.00, 0.00, 0, 0, 0
[DEBUG] Mystery Object Detected! Raw Label: '' | Class ID: 8


[detect_bucket] dist=1.36m (depth) target_ball=red ball carrying=red target_bucket=red msg=0.00, 0.00, 0, 0, 0
[DEBUG] Mystery Object Detected! Raw Label: '' | Class ID: 8


[detect_bucket] dist=1.36m (depth) target_ball=red ball carrying=red target_bucket=red msg=0.00, 0.00, 0, 0, 0
[DEBUG] Mystery Object Detected! Raw Label: '' | Class ID: 8


[detect_bucket] dist=6.39m (geom) target_ball=red ball carrying=red target_bucket=red msg=-0.23, 0.55, 0, 0, 0
[detect_bucket] dist=7.06m (geom) target_ball=red ball carrying=red target_bucket=red msg=-0.23, 0.55, 0, 0, 0

[DEBUG] Mystery Object Detected! Raw Label: '' | Class ID: 8


[DEBUG] Mystery Object Detected! Raw Label: '' | Class ID: 8
[detect_bucket] dist=7.06m (geom) target_ball=red ball carrying=red target_bucket=red msg=0.00, 0.00, 0, 0, 0

[detect_bucket] dist=7.06m (geom) target_ball=red ball carrying=red target_bucket=red msg=0.00, 0.00, 0, 0, 0
[DEBUG] Mystery Object Detected! Raw Label: '' | Class ID: 8


[detect_bucket] dist=7.06m (geom) target_ball=red ball carrying=red target_bucket=red msg=0.00, 0.00, 0, 0, 0

[DEBUG] Mystery Object Detected! Raw Label: '' | Class ID: 8

[detect_bucket] dist=7.06m (geom) target_ball=red ball carrying=red target_bucket=red msg=0.00, 0.00, 0, 0, 0

[DEBUG] Mystery Object Detected! Raw Label: '' | Class ID: 8

[detect_bucket] dist=7.06m (geom) target_ball=red ball carrying=red target_bucket=red msg=0.00, 0.00, 0, 0, 0

[DEBUG] Mystery Object Detected! Raw Label: '' | Class ID: 8


[DEBUG] Mystery Object Detected! Raw Label: '' | Class ID: 8

[detect_bucket] dist=7.06m (geom) target_ball=red ball carrying=red target_bucket=red msg=0.00, 0.00, 0, 0, 0
[DEBUG] Mystery Object Detected! Raw Label: '' | Class ID: 8



[DEBUG] Mystery Object Detected! Raw Label: '' | Class ID: 8

[detect_bucket] dist=7.06m (geom) target_ball=red ball carrying=red target_bucket=red msg=0.00, 0.00, 0, 0, 0
[DEBUG] Mystery Object Detected! Raw Label: '' | Class ID: 8



[DEBUG] Mystery Object Detected! Raw Label: '' | Class ID: 8

[detect_bucket] dist=7.06m (geom) target_ball=red ball carrying=red target_bucket=red msg=0.00, 0.22, 0, 0, 0
[DEBUG] Mystery Object Detected! Raw Label: '' | Class ID: 8



[DEBUG] Mystery Object Detected! Raw Label: '' | Class ID: 8

[detect_bucket] dist=7.06m (geom) target_ball=red ball carrying=red target_bucket=red msg=0.00, 0.22, 0, 0, 0
[DEBUG] Mystery Object Detected! Raw Label: '' | Class ID: 8



[DEBUG] Mystery Object Detected! Raw Label: '' | Class ID: 8

[detect_bucket] dist=7.06m (geom) target_ball=red ball carrying=red target_bucket=red msg=0.00, 0.22, 0, 0, 0

[DEBUG] Mystery Object Detected! Raw Label: '' | Class ID: 8


[DEBUG] Mystery Object Detected! Raw Label: '' | Class ID: 8

[detect_bucket] dist=7.06m (geom) target_ball=red ball carrying=red target_bucket=red msg=0.00, 0.22, 0, 0, 0

[DEBUG] Mystery Object Detected! Raw Label: '' | Class ID: 8


[DEBUG] Mystery Object Detected! Raw Label: '' | Class ID: 8

[detect_bucket] dist=7.06m (geom) target_ball=red ball carrying=red target_bucket=red msg=0.00, 0.22, 0, 0, 0
[DEBUG] Mystery Object Detected! Raw Label: '' | Class ID: 8


[detect_bucket] dist=7.06m (geom) target_ball=red ball carrying=red target_bucket=red msg=0.00, 0.22, 0, 0, 0
[DEBUG] Mystery Object Detected! Raw Label: '' | Class ID: 8



[DEBUG] Mystery Object Detected! Raw Label: '' | Class ID: 8

[detect_bucket] dist=7.06m (geom) target_ball=red ball carrying=red target_bucket=red msg=0.00, 0.22, 0, 0, 0
[DEBUG] Mystery Object Detected! Raw Label: '' | Class ID: 8



[DEBUG] Mystery Object Detected! Raw Label: '' | Class ID: 8

[detect_bucket] dist=7.06m (geom) target_ball=red ball carrying=red target_bucket=red msg=0.00, 0.22, 0, 0, 0

[DEBUG] Mystery Object Detected! Raw Label: '' | Class ID: 8


[DEBUG] Mystery Object Detected! Raw Label: '' | Class ID: 8

[detect_bucket] dist=7.06m (geom) target_ball=red ball carrying=red target_bucket=red msg=0.00, 0.22, 0, 0, 0

[DEBUG] Mystery Object Detected! Raw Label: '' | Class ID: 8


[DEBUG] Mystery Object Detected! Raw Label: '' | Class ID: 8

[detect_bucket] dist=7.06m (geom) target_ball=red ball carrying=red target_bucket=red msg=0.00, 0.22, 0, 0, 0

[DEBUG] Mystery Object Detected! Raw Label: '' | Class ID: 8


[DEBUG] Mystery Object Detected! Raw Label: '' | Class ID: 8

[detect_bucket] dist=7.06m (geom) target_ball=red ball carrying=red target_bucket=red msg=0.00, 0.22, 0, 0, 0
[DEBUG] Mystery Object Detected! Raw Label: '' | Class ID: 8



[DEBUG] Mystery Object Detected! Raw Label: '' | Class ID: 8

[detect_bucket] dist=7.06m (geom) target_ball=red ball carrying=red target_bucket=red msg=0.00, 0.22, 0, 0, 0
[DEBUG] Mystery Object Detected! Raw Label: '' | Class ID: 8



[DEBUG] Mystery Object Detected! Raw Label: '' | Class ID: 8

[detect_bucket] dist=7.06m (geom) target_ball=red ball carrying=red target_bucket=red msg=0.00, 0.22, 0, 0, 0
[DEBUG] Mystery Object Detected! Raw Label: '' | Class ID: 8



[DEBUG] Mystery Object Detected! Raw Label: '' | Class ID: 8

[detect_bucket] dist=7.06m (geom) target_ball=red ball carrying=red target_bucket=red msg=0.00, 0.22, 0, 0, 0
[DEBUG] Mystery Object Detected! Raw Label: '' | Class ID: 8



[DEBUG] Mystery Object Detected! Raw Label: '' | Class ID: 8

[detect_bucket] dist=7.06m (geom) target_ball=red ball carrying=red target_bucket=red msg=0.00, 0.22, 0, 0, 0
[DEBUG] Mystery Object Detected! Raw Label: '' | Class ID: 8



[DEBUG] Mystery Object Detected! Raw Label: '' | Class ID: 8

[detect_bucket] dist=7.06m (geom) target_ball=red ball carrying=red target_bucket=red msg=0.00, 0.22, 0, 0, 0
[DEBUG] Mystery Object Detected! Raw Label: '' | Class ID: 8



[DEBUG] Mystery Object Detected! Raw Label: '' | Class ID: 8

[detect_bucket] dist=7.06m (geom) target_ball=red ball carrying=red target_bucket=red msg=0.00, 0.22, 0, 0, 0
[DEBUG] Mystery Object Detected! Raw Label: '' | Class ID: 8



[DEBUG] Mystery Object Detected! Raw Label: '' | Class ID: 8

[detect_bucket] dist=7.06m (geom) target_ball=red ball carrying=red target_bucket=red msg=0.00, 0.22, 0, 0, 0
[DEBUG] Mystery Object Detected! Raw Label: '' | Class ID: 8



[DEBUG] Mystery Object Detected! Raw Label: '' | Class ID: 8

[detect_bucket] dist=7.06m (geom) target_ball=red ball carrying=red target_bucket=red msg=0.00, 0.22, 0, 0, 0
[DEBUG] Mystery Object Detected! Raw Label: '' | Class ID: 8


[detect_bucket] dist=7.06m (geom) target_ball=red ball carrying=red target_bucket=red msg=0.00, 0.22, 0, 0, 0
[DEBUG] Mystery Object Detected! Raw Label: '' | Class ID: 8


[detect_bucket] dist=7.06m (geom) target_ball=red ball carrying=red target_bucket=red msg=0.00, 0.22, 0, 0, 0
[DEBUG] Mystery Object Detected! Raw Label: '' | Class ID: 8


[detect_bucket] dist=7.06m (geom) target_ball=red ball carrying=red target_bucket=red msg=0.00, 0.22, 0, 0, 0
[DEBUG] Mystery Object Detected! Raw Label: '' | Class ID: 8


[WARN] Received detections with empty labels. This usually indicates model/labels JSON mismatch. unlabeled=1
[DEBUG] Mystery Object Detected! Raw Label: '' | Class ID: 8


[detect_bucket] dist=7.06m (geom) target_ball=red ball carrying=red target_bucket=red msg=0.00, 0.00, 0, 0, 0
[detect_bucket] dist=7.06m (geom) target_ball=red ball carrying=red target_bucket=red msg=0.00, 0.00, 0, 0, 0
[DEBUG] Mystery Object Detected! Raw Label: '' | Class ID: 8


[detect_bucket] dist=7.06m (geom) target_ball=red ball carrying=red target_bucket=red msg=0.00, 0.00, 0, 0, 0
[DEBUG] Mystery Object Detected! Raw Label: '' | Class ID: 8


[detect_bucket] dist=7.06m (geom) target_ball=red ball carrying=red target_bucket=red msg=0.00, 0.00, 0, 0, 0
[DEBUG] Mystery Object Detected! Raw Label: '' | Class ID: 8


[detect_bucket] dist=7.06m (geom) target_ball=red ball carrying=red target_bucket=red msg=0.00, 0.00, 0, 0, 0
[DEBUG] Mystery Object Detected! Raw Label: '' | Class ID: 8


[detect_bucket] dist=7.06m (geom) target_ball=red ball carrying=red target_bucket=red msg=0.00, 0.00, 0, 0, 0
[DEBUG] Mystery Object Detected! Raw Label: '' | Class ID: 8


[detect_bucket] dist=7.06m (geom) target_ball=red ball carrying=red target_bucket=red msg=0.00, 0.00, 0, 0, 0
[DEBUG] Mystery Object Detected! Raw Label: '' | Class ID: 8


[detect_bucket] dist=8.40m (geom) target_ball=red ball carrying=red target_bucket=red msg=-0.23, 0.55, 0, 0, 0
[DEBUG] Mystery Object Detected! Raw Label: '' | Class ID: 8


[detect_bucket] dist=8.48m (geom) target_ball=red ball carrying=red target_bucket=red msg=-0.23, 0.55, 0, 0, 0
[DEBUG] Mystery Object Detected! Raw Label: '' | Class ID: 8


[detect_bucket] dist=8.26m (geom) target_ball=red ball carrying=red target_bucket=red msg=-0.23, 0.55, 0, 0, 0
[DEBUG] Mystery Object Detected! Raw Label: '' | Class ID: 8


[detect_bucket] dist=8.04m (geom) target_ball=red ball carrying=red target_bucket=red msg=-0.23, 0.55, 0, 0, 0
[DEBUG] Mystery Object Detected! Raw Label: '' | Class ID: 8


Stopping.
[DEBUG] Mystery Object Detected! Raw Label: '' | Class ID: 8



[DEBUG] Mystery Object Detected! Raw Label: '' | Class ID: 8


[DEBUG] Mystery Object Detected! Raw Label: '' | Class ID: 8


[DEBUG] Mystery Object Detected! Raw Label: '' | Class ID: 8


[DEBUG] Mystery Object Detected! Raw Label: '' | Class ID: 8


[DEBUG] Mystery Object Detected! Raw Label: '' | Class ID: 8


[DEBUG] Mystery Object Detected! Raw Label: '' | Class ID: 8


[DEBUG] Mystery Object Detected! Raw Label: '' | Class ID: 8


[DEBUG] Mystery Object Detected! Raw Label: '' | Class ID: 8


[DEBUG] Mystery Object Detected! Raw Label: '' | Class ID: 8

Run artifacts saved to: /home/ball-e/ball-e/python_scripts/run_logs/20260326_191143
Done.
