Run artifact capture enabled: /home/ball-e/ball-e/python_scripts/run_logs/20260307_190412
Hailo inference started.
RealSense D455 started (color + depth).
Pico messenger: /dev/ttyACM0
Main loop running. Use Ctrl+C to stop.
POV video recording: /home/ball-e/ball-e/python_scripts/run_logs/20260307_190412/pov_annotated.mp4
[detect] dist=0.00m (geom) target_ball=red ball carrying=None target_bucket=None msg=0.00, 0.00, 0, 0, 0
[detect] dist=0.00m (geom) target_ball=red ball carrying=None target_bucket=None msg=0.00, 0.00, 0, 0, 0
[detect] dist=0.00m (geom) target_ball=red ball carrying=None target_bucket=None msg=0.00, 0.00, 0, 0, 0
[detect] dist=0.00m (geom) target_ball=red ball carrying=None target_bucket=None msg=0.00, 0.00, 0, 0, 0
[detect] dist=0.00m (geom) target_ball=red ball carrying=None target_bucket=None msg=0.00, 0.00, 0, 0, 0
[detect] dist=0.00m (geom) target_ball=red ball carrying=None target_bucket=None msg=0.00, 0.22, 0, 0, 0
[detect] dist=0.00m (geom) target_ball=red ball carrying=None target_bucket=None msg=0.00, 0.22, 0, 0, 0
[detect] dist=0.00m (geom) target_ball=red ball carrying=None target_bucket=None msg=0.00, 0.22, 0, 0, 0
[detect] dist=0.00m (geom) target_ball=red ball carrying=None target_bucket=None msg=0.00, 0.22, 0, 0, 0
[detect] dist=0.00m (geom) target_ball=red ball carrying=None target_bucket=None msg=0.00, 0.22, 0, 0, 0
[detect] dist=0.00m (geom) target_ball=red ball carrying=None target_bucket=None msg=0.00, 0.22, 0, 0, 0
[detect] dist=0.00m (geom) target_ball=red ball carrying=None target_bucket=None msg=0.00, 0.22, 0, 0, 0
[detect] dist=0.00m (geom) target_ball=red ball carrying=None target_bucket=None msg=0.00, 0.22, 0, 0, 0
[detect] dist=0.00m (geom) target_ball=red ball carrying=None target_bucket=None msg=0.00, 0.22, 0, 0, 0
[detect] dist=0.00m (geom) target_ball=red ball carrying=None target_bucket=None msg=0.00, -0.32, 0, 0, 0
[detect] dist=0.00m (geom) target_ball=red ball carrying=None target_bucket=None msg=0.00, -0.32, 0, 0, 0
[detect] dist=0.00m (geom) target_ball=red ball carrying=None target_bucket=None msg=0.00, -0.32, 0, 0, 0
[detect] dist=0.00m (geom) target_ball=red ball carrying=None target_bucket=None msg=0.00, -0.32, 0, 0, 0
[detect] dist=0.00m (geom) target_ball=red ball carrying=None target_bucket=None msg=0.00, 0.00, 0, 0, 0
[detect] dist=0.00m (geom) target_ball=red ball carrying=None target_bucket=None msg=0.00, 0.00, 0, 0, 0
[detect] dist=0.00m (geom) target_ball=red ball carrying=None target_bucket=None msg=0.00, 0.00, 0, 0, 0
[detect] dist=0.00m (geom) target_ball=red ball carrying=None target_bucket=None msg=0.00, 0.00, 0, 0, 0
[detect] dist=0.00m (geom) target_ball=red ball carrying=None target_bucket=None msg=0.00, 0.00, 0, 0, 0
[detect] dist=0.00m (geom) target_ball=red ball carrying=None target_bucket=None msg=0.00, 0.00, 0, 0, 0
[detect] dist=0.00m (geom) target_ball=red ball carrying=None target_bucket=None msg=0.00, 0.00, 0, 0, 0
[detect] dist=0.00m (geom) target_ball=red ball carrying=None target_bucket=None msg=0.00, 0.00, 0, 0, 0
[detect] dist=0.00m (geom) target_ball=red ball carrying=None target_bucket=None msg=0.00, 0.00, 0, 0, 0
[detect] dist=6.79m (depth) target_ball=red ball carrying=None target_bucket=None msg=-0.35, -0.20, 0, 0, 0
[detect] dist=6.79m (depth) target_ball=red ball carrying=None target_bucket=None msg=0.00, 0.00, 0, 0, 0
[detect] dist=6.79m (depth) target_ball=red ball carrying=None target_bucket=None msg=0.00, 0.00, 0, 0, 0
[detect] dist=6.79m (depth) target_ball=red ball carrying=None target_bucket=None msg=0.00, 0.00, 0, 0, 0
[detect] dist=6.79m (depth) target_ball=red ball carrying=None target_bucket=None msg=0.00, 0.00, 0, 0, 0
[detect] dist=6.79m (depth) target_ball=red ball carrying=None target_bucket=None msg=0.00, 0.00, 0, 0, 0
[detect] dist=6.79m (depth) target_ball=red ball carrying=None target_bucket=None msg=0.00, 0.00, 0, 0, 0
[detect] dist=6.79m (depth) target_ball=red ball carrying=None target_bucket=None msg=0.00, 0.00, 0, 0, 0
[detect] dist=6.79m (depth) target_ball=red ball carrying=None target_bucket=None msg=0.00, 0.00, 0, 0, 0
[detect] dist=6.79m (depth) target_ball=red ball carrying=None target_bucket=None msg=0.00, 0.00, 0, 0, 0
[detect] dist=6.79m (depth) target_ball=red ball carrying=None target_bucket=None msg=0.00, 0.00, 0, 0, 0
[detect] dist=6.79m (depth) target_ball=red ball carrying=None target_bucket=None msg=0.00, 0.00, 0, 0, 0
[detect] dist=6.79m (depth) target_ball=red ball carrying=None target_bucket=None msg=0.00, 0.00, 0, 0, 0
[detect] dist=6.79m (depth) target_ball=red ball carrying=None target_bucket=None msg=0.00, 0.00, 0, 0, 0
[detect] dist=6.79m (depth) target_ball=red ball carrying=None target_bucket=None msg=0.00, 0.00, 0, 0, 0
[detect] dist=6.79m (depth) target_ball=red ball carrying=None target_bucket=None msg=0.00, 0.00, 0, 0, 0
[detect] dist=6.79m (depth) target_ball=red ball carrying=None target_bucket=None msg=0.00, 0.00, 0, 0, 0
[detect] dist=6.79m (depth) target_ball=red ball carrying=None target_bucket=None msg=0.00, 0.00, 0, 0, 0
[detect] dist=6.91m (depth) target_ball=red ball carrying=None target_bucket=None msg=-0.35, 0.08, 0, 0, 0
[detect] dist=6.91m (depth) target_ball=red ball carrying=None target_bucket=None msg=0.00, 0.00, 0, 0, 0
[detect] dist=6.91m (depth) target_ball=red ball carrying=None target_bucket=None msg=0.00, 0.00, 0, 0, 0
[detect] dist=6.83m (depth) target_ball=red ball carrying=None target_bucket=None msg=-0.35, 0.08, 0, 0, 0
[detect] dist=6.87m (depth) target_ball=red ball carrying=None target_bucket=None msg=-0.35, 0.08, 0, 0, 0
[detect] dist=6.79m (depth) target_ball=red ball carrying=None target_bucket=None msg=-0.35, 0.08, 0, 0, 0
[detect] dist=6.87m (depth) target_ball=red ball carrying=None target_bucket=None msg=-0.35, 0.08, 0, 0, 0
[detect] dist=6.68m (depth) target_ball=red ball carrying=None target_bucket=None msg=-0.35, 0.08, 0, 0, 0
[detect] dist=6.64m (depth) target_ball=red ball carrying=None target_bucket=None msg=-0.35, 0.08, 0, 0, 0
[detect] dist=6.79m (depth) target_ball=red ball carrying=None target_bucket=None msg=-0.35, 0.08, 0, 0, 0
[detect] dist=6.87m (depth) target_ball=red ball carrying=None target_bucket=None msg=-0.35, 0.08, 0, 0, 0
[detect] dist=6.71m (depth) target_ball=red ball carrying=None target_bucket=None msg=-0.35, 0.08, 0, 0, 0
[detect] dist=6.79m (depth) target_ball=red ball carrying=None target_bucket=None msg=-0.35, 0.08, 0, 0, 0
[detect] dist=6.79m (depth) target_ball=red ball carrying=None target_bucket=None msg=0.00, 0.00, 0, 0, 0
[detect] dist=6.79m (depth) target_ball=red ball carrying=None target_bucket=None msg=0.00, 0.00, 0, 0, 0
[detect] dist=6.79m (depth) target_ball=red ball carrying=None target_bucket=None msg=0.00, 0.00, 0, 0, 0
[detect] dist=6.79m (depth) target_ball=red ball carrying=None target_bucket=None msg=0.00, 0.00, 0, 0, 0
[detect] dist=6.60m (depth) target_ball=red ball carrying=None target_bucket=None msg=-0.35, 0.14, 0, 0, 0
[detect] dist=6.87m (depth) target_ball=red ball carrying=None target_bucket=None msg=-0.35, 0.14, 0, 0, 0
[detect] dist=6.87m (depth) target_ball=red ball carrying=None target_bucket=None msg=0.00, 0.00, 0, 0, 0
[detect] dist=6.87m (depth) target_ball=red ball carrying=None target_bucket=None msg=0.00, 0.00, 0, 0, 0
[detect] dist=6.87m (depth) target_ball=red ball carrying=None target_bucket=None msg=0.00, 0.00, 0, 0, 0
[detect] dist=6.87m (depth) target_ball=red ball carrying=None target_bucket=None msg=0.00, 0.00, 0, 0, 0
[detect] dist=6.87m (depth) target_ball=red ball carrying=None target_bucket=None msg=0.00, 0.00, 0, 0, 0
[detect] dist=6.87m (depth) target_ball=red ball carrying=None target_bucket=None msg=0.00, 0.00, 0, 0, 0
[detect] dist=6.87m (depth) target_ball=red ball carrying=None target_bucket=None msg=0.00, 0.00, 0, 0, 0
[detect] dist=6.87m (depth) target_ball=red ball carrying=None target_bucket=None msg=0.00, 0.00, 0, 0, 0
[detect] dist=6.83m (depth) target_ball=red ball carrying=None target_bucket=None msg=-0.35, 0.00, 0, 0, 0
[detect] dist=6.83m (depth) target_ball=red ball carrying=None target_bucket=None msg=0.00, 0.00, 0, 0, 0
[detect] dist=6.83m (depth) target_ball=red ball carrying=None target_bucket=None msg=0.00, 0.00, 0, 0, 0
[detect] dist=6.83m (depth) target_ball=red ball carrying=None target_bucket=None msg=0.00, 0.00, 0, 0, 0
[detect] dist=6.83m (depth) target_ball=red ball carrying=None target_bucket=None msg=0.00, 0.00, 0, 0, 0
[detect] dist=6.83m (depth) target_ball=red ball carrying=None target_bucket=None msg=0.00, 0.00, 0, 0, 0
[detect] dist=6.83m (depth) target_ball=red ball carrying=None target_bucket=None msg=0.00, 0.00, 0, 0, 0
[detect] dist=6.71m (depth) target_ball=red ball carrying=None target_bucket=None msg=-0.35, 0.00, 0, 0, 0
[detect] dist=6.87m (depth) target_ball=red ball carrying=None target_bucket=None msg=-0.35, 0.00, 0, 0, 0
[detect] dist=6.68m (depth) target_ball=red ball carrying=None target_bucket=None msg=-0.35, 0.00, 0, 0, 0
[detect] dist=6.75m (depth) target_ball=red ball carrying=None target_bucket=None msg=-0.35, 0.00, 0, 0, 0
[detect] dist=6.75m (depth) target_ball=red ball carrying=None target_bucket=None msg=0.00, 0.00, 0, 0, 0
[detect] dist=6.75m (depth) target_ball=red ball carrying=None target_bucket=None msg=0.00, 0.00, 0, 0, 0
[detect] dist=6.79m (depth) target_ball=red ball carrying=None target_bucket=None msg=-0.35, 0.00, 0, 0, 0
[detect] dist=6.68m (depth) target_ball=red ball carrying=None target_bucket=None msg=-0.35, 0.00, 0, 0, 0
[detect] dist=6.57m (depth) target_ball=red ball carrying=None target_bucket=None msg=-0.35, 0.00, 0, 0, 0
[detect] dist=6.83m (depth) target_ball=red ball carrying=None target_bucket=None msg=-0.35, 0.00, 0, 0, 0
[detect] dist=6.68m (depth) target_ball=red ball carrying=None target_bucket=None msg=-0.35, 0.00, 0, 0, 0
[detect] dist=6.79m (depth) target_ball=red ball carrying=None target_bucket=None msg=-0.35, 0.00, 0, 0, 0
[detect] dist=6.79m (depth) target_ball=red ball carrying=None target_bucket=None msg=-0.35, 0.00, 0, 0, 0
[detect] dist=6.53m (depth) target_ball=red ball carrying=None target_bucket=None msg=-0.35, 0.00, 0, 0, 0
[detect] dist=6.53m (depth) target_ball=red ball carrying=None target_bucket=None msg=0.00, 0.00, 0, 0, 0
[detect] dist=6.53m (depth) target_ball=red ball carrying=None target_bucket=None msg=0.00, 0.00, 0, 0, 0
[detect] dist=6.53m (depth) target_ball=red ball carrying=None target_bucket=None msg=0.00, 0.00, 0, 0, 0
[detect] dist=6.53m (depth) target_ball=red ball carrying=None target_bucket=None msg=0.00, 0.00, 0, 0, 0
[detect] dist=6.53m (depth) target_ball=red ball carrying=None target_bucket=None msg=0.00, 0.00, 0, 0, 0
[detect] dist=6.32m (depth) target_ball=red ball carrying=None target_bucket=None msg=-0.35, 0.14, 0, 0, 0
[detect] dist=6.68m (depth) target_ball=red ball carrying=None target_bucket=None msg=-0.35, 0.14, 0, 0, 0
[detect] dist=6.57m (depth) target_ball=red ball carrying=None target_bucket=None msg=-0.35, 0.14, 0, 0, 0
[detect] dist=6.57m (depth) target_ball=red ball carrying=None target_bucket=None msg=0.00, 0.00, 0, 0, 0
[detect] dist=6.57m (depth) target_ball=red ball carrying=None target_bucket=None msg=0.00, 0.00, 0, 0, 0
[detect] dist=6.57m (depth) target_ball=red ball carrying=None target_bucket=None msg=0.00, 0.00, 0, 0, 0
[detect] dist=6.57m (depth) target_ball=red ball carrying=None target_bucket=None msg=0.00, 0.00, 0, 0, 0
[detect] dist=14.40m (depth) target_ball=red ball carrying=None target_bucket=None msg=-0.35, 0.14, 0, 0, 0
[detect] dist=14.40m (depth) target_ball=red ball carrying=None target_bucket=None msg=0.00, 0.00, 0, 0, 0
[detect] dist=14.40m (depth) target_ball=red ball carrying=None target_bucket=None msg=0.00, 0.00, 0, 0, 0
[detect] dist=14.40m (depth) target_ball=red ball carrying=None target_bucket=None msg=0.00, 0.00, 0, 0, 0
[detect] dist=14.40m (depth) target_ball=red ball carrying=None target_bucket=None msg=0.00, 0.00, 0, 0, 0
[detect] dist=14.40m (depth) target_ball=red ball carrying=None target_bucket=None msg=0.00, 0.00, 0, 0, 0
[detect] dist=14.40m (depth) target_ball=red ball carrying=None target_bucket=None msg=0.00, 0.00, 0, 0, 0
[detect] dist=14.40m (depth) target_ball=red ball carrying=None target_bucket=None msg=0.00, 0.00, 0, 0, 0
[detect] dist=14.40m (depth) target_ball=red ball carrying=None target_bucket=None msg=0.00, 0.00, 0, 0, 0
[detect] dist=5.98m (depth) target_ball=red ball carrying=None target_bucket=None msg=-0.18, 0.22, 0, 0, 0
[detect] dist=6.32m (depth) target_ball=red ball carrying=None target_bucket=None msg=-0.35, 0.22, 0, 0, 0
[detect] dist=6.32m (depth) target_ball=red ball carrying=None target_bucket=None msg=0.00, 0.00, 0, 0, 0
[detect] dist=6.32m (depth) target_ball=red ball carrying=None target_bucket=None msg=0.00, 0.00, 0, 0, 0
[detect] dist=6.53m (depth) target_ball=red ball carrying=None target_bucket=None msg=-0.35, 0.22, 0, 0, 0
[detect] dist=6.32m (depth) target_ball=red ball carrying=None target_bucket=None msg=-0.35, 0.22, 0, 0, 0
[detect] dist=6.32m (depth) target_ball=red ball carrying=None target_bucket=None msg=0.00, 0.00, 0, 0, 0
[detect] dist=6.32m (depth) target_ball=red ball carrying=None target_bucket=None msg=0.00, 0.00, 0, 0, 0
[detect] dist=6.32m (depth) target_ball=red ball carrying=None target_bucket=None msg=0.00, 0.00, 0, 0, 0
[detect] dist=6.32m (depth) target_ball=red ball carrying=None target_bucket=None msg=0.00, 0.00, 0, 0, 0
[detect] dist=6.10m (depth) target_ball=red ball carrying=None target_bucket=None msg=-0.35, 0.22, 0, 0, 0
[detect] dist=6.10m (depth) target_ball=red ball carrying=None target_bucket=None msg=0.00, 0.00, 0, 0, 0
[detect] dist=6.10m (depth) target_ball=red ball carrying=None target_bucket=None msg=0.00, 0.00, 0, 0, 0
[detect] dist=6.10m (depth) target_ball=red ball carrying=None target_bucket=None msg=-0.35, 0.22, 0, 0, 0
[detect] dist=6.10m (depth) target_ball=red ball carrying=None target_bucket=None msg=0.00, 0.00, 0, 0, 0
[detect] dist=6.10m (depth) target_ball=red ball carrying=None target_bucket=None msg=0.00, 0.00, 0, 0, 0
[detect] dist=6.10m (depth) target_ball=red ball carrying=None target_bucket=None msg=0.00, 0.00, 0, 0, 0
[detect] dist=6.10m (depth) target_ball=red ball carrying=None target_bucket=None msg=0.00, 0.00, 0, 0, 0
[detect] dist=6.10m (depth) target_ball=red ball carrying=None target_bucket=None msg=0.00, 0.00, 0, 0, 0
[detect] dist=6.10m (depth) target_ball=red ball carrying=None target_bucket=None msg=0.00, 0.00, 0, 0, 0
[detect] dist=6.10m (depth) target_ball=red ball carrying=None target_bucket=None msg=0.00, 0.00, 0, 0, 0
[detect] dist=6.10m (depth) target_ball=red ball carrying=None target_bucket=None msg=0.00, 0.00, 0, 0, 0
[detect] dist=6.10m (depth) target_ball=red ball carrying=None target_bucket=None msg=0.00, 0.00, 0, 0, 0
[detect] dist=6.10m (depth) target_ball=red ball carrying=None target_bucket=None msg=0.00, 0.00, 0, 0, 0
[detect] dist=6.10m (depth) target_ball=red ball carrying=None target_bucket=None msg=0.00, 0.00, 0, 0, 0
[detect] dist=6.43m (depth) target_ball=red ball carrying=None target_bucket=None msg=-0.35, 0.22, 0, 0, 0
[detect] dist=6.50m (depth) target_ball=red ball carrying=None target_bucket=None msg=-0.35, 0.22, 0, 0, 0
[detect] dist=6.50m (depth) target_ball=red ball carrying=None target_bucket=None msg=-0.35, 0.22, 0, 0, 0
[detect] dist=6.50m (depth) target_ball=red ball carrying=None target_bucket=None msg=0.00, 0.00, 0, 0, 0
[detect] dist=6.50m (depth) target_ball=red ball carrying=None target_bucket=None msg=0.00, 0.00, 0, 0, 0
[detect] dist=6.50m (depth) target_ball=red ball carrying=None target_bucket=None msg=0.00, 0.00, 0, 0, 0
[detect] dist=6.50m (depth) target_ball=red ball carrying=None target_bucket=None msg=0.00, 0.00, 0, 0, 0
[detect] dist=6.50m (depth) target_ball=red ball carrying=None target_bucket=None msg=0.00, 0.00, 0, 0, 0
[detect] dist=6.50m (depth) target_ball=red ball carrying=None target_bucket=None msg=0.00, 0.00, 0, 0, 0
[detect] dist=6.50m (depth) target_ball=red ball carrying=None target_bucket=None msg=0.00, 0.00, 0, 0, 0
[detect] dist=6.50m (depth) target_ball=red ball carrying=None target_bucket=None msg=0.00, 0.00, 0, 0, 0
[detect] dist=6.50m (depth) target_ball=red ball carrying=None target_bucket=None msg=0.00, 0.00, 0, 0, 0
[detect] dist=6.50m (depth) target_ball=red ball carrying=None target_bucket=None msg=0.00, 0.00, 0, 0, 0
[detect] dist=6.50m (depth) target_ball=red ball carrying=None target_bucket=None msg=0.00, 0.00, 0, 0, 0
[detect] dist=6.50m (depth) target_ball=red ball carrying=None target_bucket=None msg=0.00, 0.00, 0, 0, 0
[detect] dist=6.50m (depth) target_ball=red ball carrying=None target_bucket=None msg=0.00, 0.00, 0, 0, 0
[detect] dist=6.50m (depth) target_ball=red ball carrying=None target_bucket=None msg=0.00, 0.00, 0, 0, 0
[detect] dist=6.50m (depth) target_ball=red ball carrying=None target_bucket=None msg=0.00, 0.00, 0, 0, 0
[detect] dist=6.50m (depth) target_ball=red ball carrying=None target_bucket=None msg=0.00, 0.00, 0, 0, 0
[detect] dist=6.50m (depth) target_ball=red ball carrying=None target_bucket=None msg=0.00, 0.00, 0, 0, 0
[detect] dist=6.50m (depth) target_ball=red ball carrying=None target_bucket=None msg=0.00, 0.00, 0, 0, 0
[detect] dist=6.50m (depth) target_ball=red ball carrying=None target_bucket=None msg=0.00, 0.00, 0, 0, 0
[detect] dist=6.50m (depth) target_ball=red ball carrying=None target_bucket=None msg=0.00, 0.22, 0, 0, 0
[detect] dist=6.50m (depth) target_ball=red ball carrying=None target_bucket=None msg=0.00, 0.22, 0, 0, 0
[detect] dist=6.50m (depth) target_ball=red ball carrying=None target_bucket=None msg=0.00, 0.22, 0, 0, 0
[detect] dist=6.50m (depth) target_ball=red ball carrying=None target_bucket=None msg=0.00, 0.22, 0, 0, 0
[detect] dist=6.50m (depth) target_ball=red ball carrying=None target_bucket=None msg=0.00, 0.22, 0, 0, 0
[detect] dist=6.50m (depth) target_ball=red ball carrying=None target_bucket=None msg=0.00, 0.22, 0, 0, 0
[detect] dist=6.50m (depth) target_ball=red ball carrying=None target_bucket=None msg=0.00, -0.32, 0, 0, 0
[detect] dist=6.50m (depth) target_ball=red ball carrying=None target_bucket=None msg=0.00, -0.32, 0, 0, 0
[detect] dist=6.50m (depth) target_ball=red ball carrying=None target_bucket=None msg=0.00, -0.32, 0, 0, 0
[detect] dist=6.50m (depth) target_ball=red ball carrying=None target_bucket=None msg=0.00, -0.32, 0, 0, 0
[detect] dist=6.50m (depth) target_ball=red ball carrying=None target_bucket=None msg=0.00, -0.32, 0, 0, 0
[detect] dist=6.50m (depth) target_ball=red ball carrying=None target_bucket=None msg=0.00, -0.32, 0, 0, 0
[detect] dist=6.50m (depth) target_ball=red ball carrying=None target_bucket=None msg=0.00, -0.32, 0, 0, 0
[detect] dist=6.50m (depth) target_ball=red ball carrying=None target_bucket=None msg=0.00, -0.32, 0, 0, 0
[detect] dist=6.50m (depth) target_ball=red ball carrying=None target_bucket=None msg=0.00, -0.32, 0, 0, 0
[detect] dist=6.50m (depth) target_ball=red ball carrying=None target_bucket=None msg=0.00, -0.32, 0, 0, 0
[detect] dist=6.50m (depth) target_ball=red ball carrying=None target_bucket=None msg=0.00, -0.32, 0, 0, 0
[detect] dist=6.50m (depth) target_ball=red ball carrying=None target_bucket=None msg=0.00, -0.32, 0, 0, 0
[detect] dist=6.50m (depth) target_ball=red ball carrying=None target_bucket=None msg=0.00, -0.32, 0, 0, 0
[detect] dist=6.50m (depth) target_ball=red ball carrying=None target_bucket=None msg=0.00, -0.32, 0, 0, 0
[detect] dist=6.50m (depth) target_ball=red ball carrying=None target_bucket=None msg=0.00, -0.32, 0, 0, 0
[detect] dist=6.50m (depth) target_ball=red ball carrying=None target_bucket=None msg=0.00, -0.32, 0, 0, 0
[detect] dist=6.50m (depth) target_ball=red ball carrying=None target_bucket=None msg=0.00, -0.32, 0, 0, 0
[detect] dist=6.50m (depth) target_ball=red ball carrying=None target_bucket=None msg=0.00, -0.32, 0, 0, 0
[detect] dist=6.50m (depth) target_ball=red ball carrying=None target_bucket=None msg=0.00, -0.32, 0, 0, 0
[detect] dist=6.50m (depth) target_ball=red ball carrying=None target_bucket=None msg=0.00, -0.32, 0, 0, 0
[detect] dist=6.50m (depth) target_ball=red ball carrying=None target_bucket=None msg=0.00, -0.32, 0, 0, 0
[detect] dist=6.50m (depth) target_ball=red ball carrying=None target_bucket=None msg=0.00, -0.32, 0, 0, 0
[detect] dist=6.50m (depth) target_ball=red ball carrying=None target_bucket=None msg=-0.10, 0.12, 0, 0, 0
[detect] dist=6.50m (depth) target_ball=red ball carrying=None target_bucket=None msg=-0.10, 0.12, 0, 0, 0
[detect] dist=6.50m (depth) target_ball=red ball carrying=None target_bucket=None msg=-0.10, 0.12, 0, 0, 0
[detect] dist=6.50m (depth) target_ball=red ball carrying=None target_bucket=None msg=-0.10, 0.12, 0, 0, 0
[detect] dist=6.50m (depth) target_ball=red ball carrying=None target_bucket=None msg=-0.10, 0.12, 0, 0, 0
[detect] dist=6.50m (depth) target_ball=red ball carrying=None target_bucket=None msg=-0.10, 0.12, 0, 0, 0
[detect] dist=6.50m (depth) target_ball=red ball carrying=None target_bucket=None msg=-0.10, 0.12, 0, 0, 0
[detect] dist=6.50m (depth) target_ball=red ball carrying=None target_bucket=None msg=-0.10, 0.12, 0, 0, 0
[detect] dist=6.50m (depth) target_ball=red ball carrying=None target_bucket=None msg=-0.10, 0.12, 0, 0, 0
[detect] dist=6.50m (depth) target_ball=red ball carrying=None target_bucket=None msg=-0.10, 0.12, 0, 0, 0
[detect] dist=6.50m (depth) target_ball=red ball carrying=None target_bucket=None msg=-0.10, 0.12, 0, 0, 0
[detect] dist=6.50m (depth) target_ball=red ball carrying=None target_bucket=None msg=-0.10, 0.12, 0, 0, 0
[detect] dist=6.50m (depth) target_ball=red ball carrying=None target_bucket=None msg=-0.10, 0.12, 0, 0, 0
[detect] dist=6.50m (depth) target_ball=red ball carrying=None target_bucket=None msg=-0.10, 0.12, 0, 0, 0
[detect] dist=6.50m (depth) target_ball=red ball carrying=None target_bucket=None msg=-0.10, 0.12, 0, 0, 0
[detect] dist=6.50m (depth) target_ball=red ball carrying=None target_bucket=None msg=-0.10, 0.12, 0, 0, 0
[detect] dist=6.50m (depth) target_ball=red ball carrying=None target_bucket=None msg=-0.10, 0.12, 0, 0, 0
[detect] dist=6.50m (depth) target_ball=red ball carrying=None target_bucket=None msg=-0.10, 0.12, 0, 0, 0
[detect] dist=6.50m (depth) target_ball=red ball carrying=None target_bucket=None msg=-0.10, 0.12, 0, 0, 0
[detect] dist=6.50m (depth) target_ball=red ball carrying=None target_bucket=None msg=-0.10, 0.12, 0, 0, 0
[detect] dist=6.50m (depth) target_ball=red ball carrying=None target_bucket=None msg=-0.10, 0.12, 0, 0, 0
[detect] dist=6.50m (depth) target_ball=red ball carrying=None target_bucket=None msg=-0.10, 0.12, 0, 0, 0
[detect] dist=6.50m (depth) target_ball=red ball carrying=None target_bucket=None msg=-0.10, -0.12, 0, 0, 0
[detect] dist=6.50m (depth) target_ball=red ball carrying=None target_bucket=None msg=-0.10, -0.12, 0, 0, 0
[detect] dist=6.50m (depth) target_ball=red ball carrying=None target_bucket=None msg=-0.10, -0.12, 0, 0, 0
[detect] dist=6.50m (depth) target_ball=red ball carrying=None target_bucket=None msg=-0.10, -0.12, 0, 0, 0
[detect] dist=6.50m (depth) target_ball=red ball carrying=None target_bucket=None msg=-0.10, -0.12, 0, 0, 0
[detect] dist=6.50m (depth) target_ball=red ball carrying=None target_bucket=None msg=-0.10, -0.12, 0, 0, 0
[detect] dist=6.50m (depth) target_ball=red ball carrying=None target_bucket=None msg=-0.10, -0.12, 0, 0, 0
[detect] dist=6.50m (depth) target_ball=red ball carrying=None target_bucket=None msg=-0.10, -0.12, 0, 0, 0
[detect] dist=6.50m (depth) target_ball=red ball carrying=None target_bucket=None msg=-0.10, -0.12, 0, 0, 0
[detect] dist=6.50m (depth) target_ball=red ball carrying=None target_bucket=None msg=-0.10, -0.12, 0, 0, 0
[detect] dist=6.50m (depth) target_ball=red ball carrying=None target_bucket=None msg=-0.10, -0.12, 0, 0, 0
[detect] dist=6.50m (depth) target_ball=red ball carrying=None target_bucket=None msg=-0.10, -0.12, 0, 0, 0
[detect] dist=6.50m (depth) target_ball=red ball carrying=None target_bucket=None msg=-0.10, -0.12, 0, 0, 0
[detect] dist=6.50m (depth) target_ball=red ball carrying=None target_bucket=None msg=-0.10, -0.12, 0, 0, 0
[detect] dist=6.50m (depth) target_ball=red ball carrying=None target_bucket=None msg=-0.10, -0.12, 0, 0, 0
[detect] dist=6.50m (depth) target_ball=red ball carrying=None target_bucket=None msg=-0.10, -0.12, 0, 0, 0
[detect] dist=6.50m (depth) target_ball=red ball carrying=None target_bucket=None msg=-0.10, -0.12, 0, 0, 0
[detect] dist=6.50m (depth) target_ball=red ball carrying=None target_bucket=None msg=-0.10, -0.12, 0, 0, 0
[detect] dist=6.50m (depth) target_ball=red ball carrying=None target_bucket=None msg=-0.10, -0.12, 0, 0, 0
[detect] dist=6.50m (depth) target_ball=red ball carrying=None target_bucket=None msg=-0.10, -0.12, 0, 0, 0
[detect] dist=6.50m (depth) target_ball=red ball carrying=None target_bucket=None msg=0.00, 0.22, 0, 0, 0
[detect] dist=6.50m (depth) target_ball=red ball carrying=None target_bucket=None msg=0.00, 0.22, 0, 0, 0
[detect] dist=6.50m (depth) target_ball=red ball carrying=None target_bucket=None msg=0.00, 0.22, 0, 0, 0
[detect] dist=6.50m (depth) target_ball=red ball carrying=None target_bucket=None msg=0.00, 0.22, 0, 0, 0
[detect] dist=6.50m (depth) target_ball=red ball carrying=None target_bucket=None msg=0.00, 0.22, 0, 0, 0
[detect] dist=6.50m (depth) target_ball=red ball carrying=None target_bucket=None msg=0.00, 0.22, 0, 0, 0
[detect] dist=6.50m (depth) target_ball=red ball carrying=None target_bucket=None msg=0.00, 0.22, 0, 0, 0
[detect] dist=6.50m (depth) target_ball=red ball carrying=None target_bucket=None msg=0.00, 0.22, 0, 0, 0
[detect] dist=6.50m (depth) target_ball=red ball carrying=None target_bucket=None msg=0.00, 0.22, 0, 0, 0
[detect] dist=6.50m (depth) target_ball=red ball carrying=None target_bucket=None msg=0.00, 0.22, 0, 0, 0
[detect] dist=6.50m (depth) target_ball=red ball carrying=None target_bucket=None msg=0.00, 0.22, 0, 0, 0
[detect] dist=6.50m (depth) target_ball=red ball carrying=None target_bucket=None msg=0.00, 0.22, 0, 0, 0
[detect] dist=6.50m (depth) target_ball=red ball carrying=None target_bucket=None msg=0.00, 0.22, 0, 0, 0
[detect] dist=6.50m (depth) target_ball=red ball carrying=None target_bucket=None msg=0.00, 0.22, 0, 0, 0
[detect] dist=6.50m (depth) target_ball=red ball carrying=None target_bucket=None msg=0.00, 0.22, 0, 0, 0
[detect] dist=6.50m (depth) target_ball=red ball carrying=None target_bucket=None msg=0.00, 0.22, 0, 0, 0
[detect] dist=6.50m (depth) target_ball=red ball carrying=None target_bucket=None msg=0.00, 0.22, 0, 0, 0
[detect] dist=6.50m (depth) target_ball=red ball carrying=None target_bucket=None msg=0.00, 0.22, 0, 0, 0
[detect] dist=6.50m (depth) target_ball=red ball carrying=None target_bucket=None msg=0.00, 0.22, 0, 0, 0
[detect] dist=6.50m (depth) target_ball=red ball carrying=None target_bucket=None msg=0.00, 0.22, 0, 0, 0
[detect] dist=6.50m (depth) target_ball=red ball carrying=None target_bucket=None msg=0.00, -0.32, 0, 0, 0
[detect] dist=6.50m (depth) target_ball=red ball carrying=None target_bucket=None msg=0.00, -0.32, 0, 0, 0
[detect] dist=6.50m (depth) target_ball=red ball carrying=None target_bucket=None msg=0.00, -0.32, 0, 0, 0
[detect] dist=6.50m (depth) target_ball=red ball carrying=None target_bucket=None msg=0.00, -0.32, 0, 0, 0
[detect] dist=6.50m (depth) target_ball=red ball carrying=None target_bucket=None msg=0.00, -0.32, 0, 0, 0
[detect] dist=6.50m (depth) target_ball=red ball carrying=None target_bucket=None msg=0.00, -0.32, 0, 0, 0
[detect] dist=6.50m (depth) target_ball=red ball carrying=None target_bucket=None msg=0.00, -0.32, 0, 0, 0
[detect] dist=6.50m (depth) target_ball=red ball carrying=None target_bucket=None msg=0.00, -0.32, 0, 0, 0
[detect] dist=6.50m (depth) target_ball=red ball carrying=None target_bucket=None msg=0.00, -0.32, 0, 0, 0
[detect] dist=6.50m (depth) target_ball=red ball carrying=None target_bucket=None msg=0.00, -0.32, 0, 0, 0
[detect] dist=6.50m (depth) target_ball=red ball carrying=None target_bucket=None msg=0.00, -0.32, 0, 0, 0
[detect] dist=6.50m (depth) target_ball=red ball carrying=None target_bucket=None msg=0.00, -0.32, 0, 0, 0
[detect] dist=6.50m (depth) target_ball=red ball carrying=None target_bucket=None msg=0.00, -0.32, 0, 0, 0
[detect] dist=6.50m (depth) target_ball=red ball carrying=None target_bucket=None msg=0.00, -0.32, 0, 0, 0
[detect] dist=6.50m (depth) target_ball=red ball carrying=None target_bucket=None msg=0.00, -0.32, 0, 0, 0
[detect] dist=6.50m (depth) target_ball=red ball carrying=None target_bucket=None msg=0.00, -0.32, 0, 0, 0
[detect] dist=6.50m (depth) target_ball=red ball carrying=None target_bucket=None msg=0.00, -0.32, 0, 0, 0
[detect] dist=6.50m (depth) target_ball=red ball carrying=None target_bucket=None msg=0.00, -0.32, 0, 0, 0
[detect] dist=6.50m (depth) target_ball=red ball carrying=None target_bucket=None msg=0.00, -0.32, 0, 0, 0
[detect] dist=6.50m (depth) target_ball=red ball carrying=None target_bucket=None msg=0.00, -0.32, 0, 0, 0
[detect] dist=6.50m (depth) target_ball=red ball carrying=None target_bucket=None msg=0.00, -0.32, 0, 0, 0
[detect] dist=6.50m (depth) target_ball=red ball carrying=None target_bucket=None msg=-0.10, 0.12, 0, 0, 0
[detect] dist=6.50m (depth) target_ball=red ball carrying=None target_bucket=None msg=-0.10, 0.12, 0, 0, 0
[detect] dist=6.50m (depth) target_ball=red ball carrying=None target_bucket=None msg=-0.10, 0.12, 0, 0, 0
[detect] dist=6.50m (depth) target_ball=red ball carrying=None target_bucket=None msg=-0.10, 0.12, 0, 0, 0
[detect] dist=6.50m (depth) target_ball=red ball carrying=None target_bucket=None msg=-0.10, 0.12, 0, 0, 0
[detect] dist=6.50m (depth) target_ball=red ball carrying=None target_bucket=None msg=-0.10, 0.12, 0, 0, 0
[detect] dist=6.50m (depth) target_ball=red ball carrying=None target_bucket=None msg=-0.10, 0.12, 0, 0, 0
[detect] dist=6.50m (depth) target_ball=red ball carrying=None target_bucket=None msg=-0.10, 0.12, 0, 0, 0
[detect] dist=6.50m (depth) target_ball=red ball carrying=None target_bucket=None msg=-0.10, 0.12, 0, 0, 0
[detect] dist=6.50m (depth) target_ball=red ball carrying=None target_bucket=None msg=-0.10, 0.12, 0, 0, 0
[detect] dist=6.50m (depth) target_ball=red ball carrying=None target_bucket=None msg=-0.10, 0.12, 0, 0, 0
[detect] dist=6.50m (depth) target_ball=red ball carrying=None target_bucket=None msg=-0.10, 0.12, 0, 0, 0
[detect] dist=6.50m (depth) target_ball=red ball carrying=None target_bucket=None msg=-0.10, 0.12, 0, 0, 0
[detect] dist=6.50m (depth) target_ball=red ball carrying=None target_bucket=None msg=-0.10, 0.12, 0, 0, 0
[detect] dist=6.50m (depth) target_ball=red ball carrying=None target_bucket=None msg=-0.10, 0.12, 0, 0, 0
[detect] dist=6.50m (depth) target_ball=red ball carrying=None target_bucket=None msg=-0.10, 0.12, 0, 0, 0
[detect] dist=6.50m (depth) target_ball=red ball carrying=None target_bucket=None msg=-0.10, 0.12, 0, 0, 0
[detect] dist=6.50m (depth) target_ball=red ball carrying=None target_bucket=None msg=-0.10, 0.12, 0, 0, 0
[detect] dist=6.50m (depth) target_ball=red ball carrying=None target_bucket=None msg=-0.10, 0.12, 0, 0, 0
[detect] dist=6.50m (depth) target_ball=red ball carrying=None target_bucket=None msg=-0.10, 0.12, 0, 0, 0
[detect] dist=6.50m (depth) target_ball=red ball carrying=None target_bucket=None msg=-0.10, 0.12, 0, 0, 0
[detect] dist=6.50m (depth) target_ball=red ball carrying=None target_bucket=None msg=-0.10, -0.12, 0, 0, 0
[detect] dist=6.50m (depth) target_ball=red ball carrying=None target_bucket=None msg=-0.10, -0.12, 0, 0, 0
[detect] dist=6.50m (depth) target_ball=red ball carrying=None target_bucket=None msg=-0.10, -0.12, 0, 0, 0
[detect] dist=6.50m (depth) target_ball=red ball carrying=None target_bucket=None msg=-0.10, -0.12, 0, 0, 0
[detect] dist=6.50m (depth) target_ball=red ball carrying=None target_bucket=None msg=-0.10, -0.12, 0, 0, 0
[detect] dist=6.50m (depth) target_ball=red ball carrying=None target_bucket=None msg=-0.10, -0.12, 0, 0, 0
[detect] dist=6.50m (depth) target_ball=red ball carrying=None target_bucket=None msg=-0.10, -0.12, 0, 0, 0
[detect] dist=6.50m (depth) target_ball=red ball carrying=None target_bucket=None msg=-0.10, -0.12, 0, 0, 0
[detect] dist=6.50m (depth) target_ball=red ball carrying=None target_bucket=None msg=-0.10, -0.12, 0, 0, 0
[detect] dist=6.50m (depth) target_ball=red ball carrying=None target_bucket=None msg=-0.10, -0.12, 0, 0, 0
[detect] dist=6.50m (depth) target_ball=red ball carrying=None target_bucket=None msg=-0.10, -0.12, 0, 0, 0
[detect] dist=6.50m (depth) target_ball=red ball carrying=None target_bucket=None msg=-0.10, -0.12, 0, 0, 0
[detect] dist=6.50m (depth) target_ball=red ball carrying=None target_bucket=None msg=-0.10, -0.12, 0, 0, 0
[detect] dist=6.50m (depth) target_ball=red ball carrying=None target_bucket=None msg=-0.10, -0.12, 0, 0, 0
[detect] dist=6.50m (depth) target_ball=red ball carrying=None target_bucket=None msg=-0.10, -0.12, 0, 0, 0
[detect] dist=6.50m (depth) target_ball=red ball carrying=None target_bucket=None msg=-0.10, -0.12, 0, 0, 0
[detect] dist=6.50m (depth) target_ball=red ball carrying=None target_bucket=None msg=-0.10, -0.12, 0, 0, 0
[detect] dist=6.50m (depth) target_ball=red ball carrying=None target_bucket=None msg=-0.10, -0.12, 0, 0, 0
[detect] dist=6.50m (depth) target_ball=red ball carrying=None target_bucket=None msg=-0.10, -0.12, 0, 0, 0
[detect] dist=6.50m (depth) target_ball=red ball carrying=None target_bucket=None msg=-0.10, -0.12, 0, 0, 0
[detect] dist=6.50m (depth) target_ball=red ball carrying=None target_bucket=None msg=-0.10, -0.12, 0, 0, 0
[detect] dist=6.50m (depth) target_ball=red ball carrying=None target_bucket=None msg=-0.10, -0.12, 0, 0, 0
[detect] dist=6.50m (depth) target_ball=red ball carrying=None target_bucket=None msg=0.00, 0.22, 0, 0, 0
[detect] dist=6.50m (depth) target_ball=red ball carrying=None target_bucket=None msg=0.00, 0.22, 0, 0, 0
[detect] dist=6.50m (depth) target_ball=red ball carrying=None target_bucket=None msg=0.00, 0.22, 0, 0, 0
[detect] dist=6.50m (depth) target_ball=red ball carrying=None target_bucket=None msg=0.00, 0.22, 0, 0, 0
[detect] dist=6.50m (depth) target_ball=red ball carrying=None target_bucket=None msg=0.00, 0.22, 0, 0, 0
[detect] dist=6.50m (depth) target_ball=red ball carrying=None target_bucket=None msg=0.00, 0.22, 0, 0, 0
[detect] dist=6.50m (depth) target_ball=red ball carrying=None target_bucket=None msg=0.00, 0.22, 0, 0, 0
[detect] dist=6.50m (depth) target_ball=red ball carrying=None target_bucket=None msg=0.00, 0.22, 0, 0, 0
[detect] dist=6.50m (depth) target_ball=red ball carrying=None target_bucket=None msg=0.00, 0.22, 0, 0, 0
[detect] dist=6.50m (depth) target_ball=red ball carrying=None target_bucket=None msg=0.00, 0.22, 0, 0, 0
[detect] dist=6.50m (depth) target_ball=red ball carrying=None target_bucket=None msg=0.00, 0.22, 0, 0, 0
[detect] dist=6.50m (depth) target_ball=red ball carrying=None target_bucket=None msg=0.00, 0.22, 0, 0, 0
[detect] dist=6.50m (depth) target_ball=red ball carrying=None target_bucket=None msg=0.00, 0.22, 0, 0, 0
[detect] dist=6.50m (depth) target_ball=red ball carrying=None target_bucket=None msg=0.00, 0.22, 0, 0, 0
[detect] dist=6.50m (depth) target_ball=red ball carrying=None target_bucket=None msg=0.00, 0.22, 0, 0, 0
[detect] dist=6.50m (depth) target_ball=red ball carrying=None target_bucket=None msg=0.00, 0.22, 0, 0, 0
[detect] dist=6.50m (depth) target_ball=red ball carrying=None target_bucket=None msg=0.00, 0.22, 0, 0, 0
[detect] dist=6.50m (depth) target_ball=red ball carrying=None target_bucket=None msg=0.00, 0.22, 0, 0, 0
[detect] dist=6.50m (depth) target_ball=red ball carrying=None target_bucket=None msg=0.00, 0.22, 0, 0, 0
[detect] dist=6.50m (depth) target_ball=red ball carrying=None target_bucket=None msg=0.00, 0.22, 0, 0, 0
[detect] dist=6.50m (depth) target_ball=red ball carrying=None target_bucket=None msg=0.00, 0.22, 0, 0, 0
[detect] dist=6.50m (depth) target_ball=red ball carrying=None target_bucket=None msg=0.00, 0.22, 0, 0, 0
[detect] dist=6.50m (depth) target_ball=red ball carrying=None target_bucket=None msg=0.00, 0.22, 0, 0, 0
[detect] dist=6.50m (depth) target_ball=red ball carrying=None target_bucket=None msg=0.00, -0.32, 0, 0, 0
[detect] dist=6.50m (depth) target_ball=red ball carrying=None target_bucket=None msg=0.00, -0.32, 0, 0, 0
[detect] dist=6.50m (depth) target_ball=red ball carrying=None target_bucket=None msg=0.00, -0.32, 0, 0, 0
[detect] dist=6.50m (depth) target_ball=red ball carrying=None target_bucket=None msg=0.00, -0.32, 0, 0, 0
[detect] dist=6.50m (depth) target_ball=red ball carrying=None target_bucket=None msg=0.00, -0.32, 0, 0, 0
[detect] dist=6.50m (depth) target_ball=red ball carrying=None target_bucket=None msg=0.00, -0.32, 0, 0, 0
[detect] dist=6.50m (depth) target_ball=red ball carrying=None target_bucket=None msg=0.00, -0.32, 0, 0, 0
[detect] dist=6.50m (depth) target_ball=red ball carrying=None target_bucket=None msg=0.00, -0.32, 0, 0, 0
[detect] dist=6.50m (depth) target_ball=red ball carrying=None target_bucket=None msg=0.00, -0.32, 0, 0, 0
[detect] dist=6.50m (depth) target_ball=red ball carrying=None target_bucket=None msg=0.00, -0.32, 0, 0, 0
[detect] dist=6.50m (depth) target_ball=red ball carrying=None target_bucket=None msg=0.00, -0.32, 0, 0, 0
[detect] dist=6.50m (depth) target_ball=red ball carrying=None target_bucket=None msg=0.00, -0.32, 0, 0, 0
[detect] dist=6.50m (depth) target_ball=red ball carrying=None target_bucket=None msg=0.00, -0.32, 0, 0, 0
[detect] dist=6.50m (depth) target_ball=red ball carrying=None target_bucket=None msg=0.00, -0.32, 0, 0, 0
[detect] dist=6.50m (depth) target_ball=red ball carrying=None target_bucket=None msg=0.00, -0.32, 0, 0, 0
[detect] dist=6.50m (depth) target_ball=red ball carrying=None target_bucket=None msg=0.00, -0.32, 0, 0, 0
[detect] dist=6.50m (depth) target_ball=red ball carrying=None target_bucket=None msg=0.00, -0.32, 0, 0, 0
[detect] dist=6.50m (depth) target_ball=red ball carrying=None target_bucket=None msg=0.00, -0.32, 0, 0, 0
[detect] dist=6.50m (depth) target_ball=red ball carrying=None target_bucket=None msg=0.00, -0.32, 0, 0, 0
[detect] dist=6.50m (depth) target_ball=red ball carrying=None target_bucket=None msg=0.00, -0.32, 0, 0, 0
[detect] dist=6.50m (depth) target_ball=red ball carrying=None target_bucket=None msg=0.00, -0.32, 0, 0, 0
[detect] dist=6.50m (depth) target_ball=red ball carrying=None target_bucket=None msg=0.00, -0.32, 0, 0, 0
[detect] dist=6.50m (depth) target_ball=red ball carrying=None target_bucket=None msg=-0.10, 0.12, 0, 0, 0
[detect] dist=6.50m (depth) target_ball=red ball carrying=None target_bucket=None msg=-0.10, 0.12, 0, 0, 0
[detect] dist=6.50m (depth) target_ball=red ball carrying=None target_bucket=None msg=-0.10, 0.12, 0, 0, 0
[detect] dist=6.50m (depth) target_ball=red ball carrying=None target_bucket=None msg=-0.10, 0.12, 0, 0, 0
[detect] dist=6.50m (depth) target_ball=red ball carrying=None target_bucket=None msg=-0.10, 0.12, 0, 0, 0
[detect] dist=6.50m (depth) target_ball=red ball carrying=None target_bucket=None msg=-0.10, 0.12, 0, 0, 0
[detect] dist=6.50m (depth) target_ball=red ball carrying=None target_bucket=None msg=-0.10, 0.12, 0, 0, 0
[detect] dist=6.50m (depth) target_ball=red ball carrying=None target_bucket=None msg=-0.10, 0.12, 0, 0, 0
[detect] dist=6.50m (depth) target_ball=red ball carrying=None target_bucket=None msg=-0.10, 0.12, 0, 0, 0
[detect] dist=6.50m (depth) target_ball=red ball carrying=None target_bucket=None msg=-0.10, 0.12, 0, 0, 0
[detect] dist=6.50m (depth) target_ball=red ball carrying=None target_bucket=None msg=-0.10, 0.12, 0, 0, 0
[detect] dist=6.50m (depth) target_ball=red ball carrying=None target_bucket=None msg=-0.10, 0.12, 0, 0, 0
[detect] dist=6.50m (depth) target_ball=red ball carrying=None target_bucket=None msg=-0.10, 0.12, 0, 0, 0
[detect] dist=6.50m (depth) target_ball=red ball carrying=None target_bucket=None msg=-0.10, 0.12, 0, 0, 0
[detect] dist=6.50m (depth) target_ball=red ball carrying=None target_bucket=None msg=-0.10, 0.12, 0, 0, 0
[detect] dist=6.50m (depth) target_ball=red ball carrying=None target_bucket=None msg=-0.10, 0.12, 0, 0, 0
[detect] dist=6.50m (depth) target_ball=red ball carrying=None target_bucket=None msg=-0.10, 0.12, 0, 0, 0
[detect] dist=6.50m (depth) target_ball=red ball carrying=None target_bucket=None msg=-0.10, 0.12, 0, 0, 0
[detect] dist=6.50m (depth) target_ball=red ball carrying=None target_bucket=None msg=-0.10, 0.12, 0, 0, 0
[detect] dist=6.50m (depth) target_ball=red ball carrying=None target_bucket=None msg=-0.10, 0.12, 0, 0, 0
[detect] dist=6.50m (depth) target_ball=red ball carrying=None target_bucket=None msg=-0.10, 0.12, 0, 0, 0
[detect] dist=6.50m (depth) target_ball=red ball carrying=None target_bucket=None msg=-0.10, 0.12, 0, 0, 0
[detect] dist=6.50m (depth) target_ball=red ball carrying=None target_bucket=None msg=-0.10, 0.12, 0, 0, 0
[detect] dist=6.50m (depth) target_ball=red ball carrying=None target_bucket=None msg=-0.10, -0.12, 0, 0, 0
[detect] dist=6.50m (depth) target_ball=red ball carrying=None target_bucket=None msg=-0.10, -0.12, 0, 0, 0
[detect] dist=6.50m (depth) target_ball=red ball carrying=None target_bucket=None msg=-0.10, -0.12, 0, 0, 0
[detect] dist=6.50m (depth) target_ball=red ball carrying=None target_bucket=None msg=-0.10, -0.12, 0, 0, 0
[detect] dist=6.50m (depth) target_ball=red ball carrying=None target_bucket=None msg=-0.10, -0.12, 0, 0, 0
[detect] dist=6.50m (depth) target_ball=red ball carrying=None target_bucket=None msg=-0.10, -0.12, 0, 0, 0
[detect] dist=6.50m (depth) target_ball=red ball carrying=None target_bucket=None msg=-0.10, -0.12, 0, 0, 0
[detect] dist=6.50m (depth) target_ball=red ball carrying=None target_bucket=None msg=-0.10, -0.12, 0, 0, 0
[detect] dist=6.50m (depth) target_ball=red ball carrying=None target_bucket=None msg=-0.10, -0.12, 0, 0, 0
[detect] dist=6.50m (depth) target_ball=red ball carrying=None target_bucket=None msg=-0.10, -0.12, 0, 0, 0
[detect] dist=6.50m (depth) target_ball=red ball carrying=None target_bucket=None msg=-0.10, -0.12, 0, 0, 0
[detect] dist=6.50m (depth) target_ball=red ball carrying=None target_bucket=None msg=-0.10, -0.12, 0, 0, 0
[detect] dist=6.50m (depth) target_ball=red ball carrying=None target_bucket=None msg=-0.10, -0.12, 0, 0, 0
[detect] dist=6.50m (depth) target_ball=red ball carrying=None target_bucket=None msg=-0.10, -0.12, 0, 0, 0
[detect] dist=6.50m (depth) target_ball=red ball carrying=None target_bucket=None msg=-0.10, -0.12, 0, 0, 0
[detect] dist=6.50m (depth) target_ball=red ball carrying=None target_bucket=None msg=-0.10, -0.12, 0, 0, 0
[detect] dist=6.50m (depth) target_ball=red ball carrying=None target_bucket=None msg=-0.10, -0.12, 0, 0, 0
[detect] dist=6.50m (depth) target_ball=red ball carrying=None target_bucket=None msg=-0.10, -0.12, 0, 0, 0
[detect] dist=6.50m (depth) target_ball=red ball carrying=None target_bucket=None msg=-0.10, -0.12, 0, 0, 0
[detect] dist=6.50m (depth) target_ball=red ball carrying=None target_bucket=None msg=-0.10, -0.12, 0, 0, 0
[detect] dist=6.50m (depth) target_ball=red ball carrying=None target_bucket=None msg=-0.10, -0.12, 0, 0, 0
[detect] dist=6.50m (depth) target_ball=red ball carrying=None target_bucket=None msg=-0.10, -0.12, 0, 0, 0
[detect] dist=6.50m (depth) target_ball=red ball carrying=None target_bucket=None msg=-0.10, -0.12, 0, 0, 0
[detect] dist=6.50m (depth) target_ball=red ball carrying=None target_bucket=None msg=0.00, 0.22, 0, 0, 0
[detect] dist=6.50m (depth) target_ball=red ball carrying=None target_bucket=None msg=0.00, 0.22, 0, 0, 0
[detect] dist=6.50m (depth) target_ball=red ball carrying=None target_bucket=None msg=0.00, 0.22, 0, 0, 0
[detect] dist=6.50m (depth) target_ball=red ball carrying=None target_bucket=None msg=0.00, 0.22, 0, 0, 0
[detect] dist=6.50m (depth) target_ball=red ball carrying=None target_bucket=None msg=0.00, 0.22, 0, 0, 0
[detect] dist=6.50m (depth) target_ball=red ball carrying=None target_bucket=None msg=0.00, 0.22, 0, 0, 0
[detect] dist=6.50m (depth) target_ball=red ball carrying=None target_bucket=None msg=0.00, 0.22, 0, 0, 0
[detect] dist=6.50m (depth) target_ball=red ball carrying=None target_bucket=None msg=0.00, 0.22, 0, 0, 0
[detect] dist=6.50m (depth) target_ball=red ball carrying=None target_bucket=None msg=0.00, 0.22, 0, 0, 0
[detect] dist=6.50m (depth) target_ball=red ball carrying=None target_bucket=None msg=0.00, 0.22, 0, 0, 0
[detect] dist=6.50m (depth) target_ball=red ball carrying=None target_bucket=None msg=0.00, 0.22, 0, 0, 0
[detect] dist=6.50m (depth) target_ball=red ball carrying=None target_bucket=None msg=0.00, 0.22, 0, 0, 0
[detect] dist=6.50m (depth) target_ball=red ball carrying=None target_bucket=None msg=0.00, 0.22, 0, 0, 0
[detect] dist=6.50m (depth) target_ball=red ball carrying=None target_bucket=None msg=0.00, 0.22, 0, 0, 0
[detect] dist=6.50m (depth) target_ball=red ball carrying=None target_bucket=None msg=0.00, 0.22, 0, 0, 0
[detect] dist=6.50m (depth) target_ball=red ball carrying=None target_bucket=None msg=0.00, 0.22, 0, 0, 0
[detect] dist=6.50m (depth) target_ball=red ball carrying=None target_bucket=None msg=0.00, 0.22, 0, 0, 0
[detect] dist=6.50m (depth) target_ball=red ball carrying=None target_bucket=None msg=0.00, 0.22, 0, 0, 0
[detect] dist=6.50m (depth) target_ball=red ball carrying=None target_bucket=None msg=0.00, 0.22, 0, 0, 0
[detect] dist=6.50m (depth) target_ball=red ball carrying=None target_bucket=None msg=0.00, 0.22, 0, 0, 0
[detect] dist=6.50m (depth) target_ball=red ball carrying=None target_bucket=None msg=0.00, 0.22, 0, 0, 0
[detect] dist=6.50m (depth) target_ball=red ball carrying=None target_bucket=None msg=0.00, 0.22, 0, 0, 0
[detect] dist=6.50m (depth) target_ball=red ball carrying=None target_bucket=None msg=0.00, -0.32, 0, 0, 0
[detect] dist=6.50m (depth) target_ball=red ball carrying=None target_bucket=None msg=0.00, -0.32, 0, 0, 0
[detect] dist=6.50m (depth) target_ball=red ball carrying=None target_bucket=None msg=0.00, -0.32, 0, 0, 0
[detect] dist=6.50m (depth) target_ball=red ball carrying=None target_bucket=None msg=0.00, -0.32, 0, 0, 0
[detect] dist=6.50m (depth) target_ball=red ball carrying=None target_bucket=None msg=0.00, -0.32, 0, 0, 0
[detect] dist=6.50m (depth) target_ball=red ball carrying=None target_bucket=None msg=0.00, -0.32, 0, 0, 0
[detect] dist=6.50m (depth) target_ball=red ball carrying=None target_bucket=None msg=0.00, -0.32, 0, 0, 0
[detect] dist=6.50m (depth) target_ball=red ball carrying=None target_bucket=None msg=0.00, -0.32, 0, 0, 0
[detect] dist=6.50m (depth) target_ball=red ball carrying=None target_bucket=None msg=0.00, -0.32, 0, 0, 0
[detect] dist=6.50m (depth) target_ball=red ball carrying=None target_bucket=None msg=0.00, -0.32, 0, 0, 0
[detect] dist=6.50m (depth) target_ball=red ball carrying=None target_bucket=None msg=0.00, -0.32, 0, 0, 0
[detect] dist=6.50m (depth) target_ball=red ball carrying=None target_bucket=None msg=0.00, -0.32, 0, 0, 0
[detect] dist=6.50m (depth) target_ball=red ball carrying=None target_bucket=None msg=0.00, -0.32, 0, 0, 0
[detect] dist=6.50m (depth) target_ball=red ball carrying=None target_bucket=None msg=0.00, -0.32, 0, 0, 0
[detect] dist=6.50m (depth) target_ball=red ball carrying=None target_bucket=None msg=0.00, -0.32, 0, 0, 0
[detect] dist=6.50m (depth) target_ball=red ball carrying=None target_bucket=None msg=0.00, -0.32, 0, 0, 0
[detect] dist=6.50m (depth) target_ball=red ball carrying=None target_bucket=None msg=0.00, -0.32, 0, 0, 0
[detect] dist=6.50m (depth) target_ball=red ball carrying=None target_bucket=None msg=0.00, -0.32, 0, 0, 0
[detect] dist=6.50m (depth) target_ball=red ball carrying=None target_bucket=None msg=0.00, -0.32, 0, 0, 0
[detect] dist=6.50m (depth) target_ball=red ball carrying=None target_bucket=None msg=0.00, -0.32, 0, 0, 0
[detect] dist=6.50m (depth) target_ball=red ball carrying=None target_bucket=None msg=0.00, -0.32, 0, 0, 0
[detect] dist=6.50m (depth) target_ball=red ball carrying=None target_bucket=None msg=0.00, -0.32, 0, 0, 0
[detect] dist=6.50m (depth) target_ball=red ball carrying=None target_bucket=None msg=-0.10, 0.12, 0, 0, 0
[detect] dist=6.50m (depth) target_ball=red ball carrying=None target_bucket=None msg=-0.10, 0.12, 0, 0, 0
[detect] dist=6.50m (depth) target_ball=red ball carrying=None target_bucket=None msg=-0.10, 0.12, 0, 0, 0
[detect] dist=6.50m (depth) target_ball=red ball carrying=None target_bucket=None msg=-0.10, 0.12, 0, 0, 0
[detect] dist=6.50m (depth) target_ball=red ball carrying=None target_bucket=None msg=-0.10, 0.12, 0, 0, 0
[detect] dist=6.50m (depth) target_ball=red ball carrying=None target_bucket=None msg=-0.10, 0.12, 0, 0, 0
[detect] dist=6.50m (depth) target_ball=red ball carrying=None target_bucket=None msg=-0.10, 0.12, 0, 0, 0
[detect] dist=6.50m (depth) target_ball=red ball carrying=None target_bucket=None msg=-0.10, 0.12, 0, 0, 0
[detect] dist=6.50m (depth) target_ball=red ball carrying=None target_bucket=None msg=-0.10, 0.12, 0, 0, 0
[detect] dist=6.50m (depth) target_ball=red ball carrying=None target_bucket=None msg=-0.10, 0.12, 0, 0, 0
[detect] dist=6.50m (depth) target_ball=red ball carrying=None target_bucket=None msg=-0.10, 0.12, 0, 0, 0
[detect] dist=6.50m (depth) target_ball=red ball carrying=None target_bucket=None msg=-0.10, 0.12, 0, 0, 0
[detect] dist=6.50m (depth) target_ball=red ball carrying=None target_bucket=None msg=-0.10, 0.12, 0, 0, 0
[detect] dist=6.50m (depth) target_ball=red ball carrying=None target_bucket=None msg=-0.10, 0.12, 0, 0, 0
[detect] dist=6.50m (depth) target_ball=red ball carrying=None target_bucket=None msg=-0.10, 0.12, 0, 0, 0
[detect] dist=6.50m (depth) target_ball=red ball carrying=None target_bucket=None msg=-0.10, 0.12, 0, 0, 0
[detect] dist=6.50m (depth) target_ball=red ball carrying=None target_bucket=None msg=-0.10, 0.12, 0, 0, 0
[detect] dist=6.50m (depth) target_ball=red ball carrying=None target_bucket=None msg=-0.10, 0.12, 0, 0, 0
[detect] dist=6.50m (depth) target_ball=red ball carrying=None target_bucket=None msg=-0.10, 0.12, 0, 0, 0
[detect] dist=6.50m (depth) target_ball=red ball carrying=None target_bucket=None msg=-0.10, 0.12, 0, 0, 0
[detect] dist=6.50m (depth) target_ball=red ball carrying=None target_bucket=None msg=-0.10, 0.12, 0, 0, 0
[detect] dist=6.50m (depth) target_ball=red ball carrying=None target_bucket=None msg=-0.10, 0.12, 0, 0, 0
[detect] dist=6.50m (depth) target_ball=red ball carrying=None target_bucket=None msg=-0.10, -0.12, 0, 0, 0
[detect] dist=6.50m (depth) target_ball=red ball carrying=None target_bucket=None msg=-0.10, -0.12, 0, 0, 0
[detect] dist=6.50m (depth) target_ball=red ball carrying=None target_bucket=None msg=-0.10, -0.12, 0, 0, 0
[detect] dist=6.50m (depth) target_ball=red ball carrying=None target_bucket=None msg=-0.10, -0.12, 0, 0, 0
[detect] dist=6.50m (depth) target_ball=red ball carrying=None target_bucket=None msg=-0.10, -0.12, 0, 0, 0
[detect] dist=6.50m (depth) target_ball=red ball carrying=None target_bucket=None msg=-0.10, -0.12, 0, 0, 0
[detect] dist=6.50m (depth) target_ball=red ball carrying=None target_bucket=None msg=-0.10, -0.12, 0, 0, 0
[detect] dist=6.50m (depth) target_ball=red ball carrying=None target_bucket=None msg=-0.10, -0.12, 0, 0, 0
[detect] dist=6.50m (depth) target_ball=red ball carrying=None target_bucket=None msg=-0.10, -0.12, 0, 0, 0
[detect] dist=6.50m (depth) target_ball=red ball carrying=None target_bucket=None msg=-0.10, -0.12, 0, 0, 0
[detect] dist=6.50m (depth) target_ball=red ball carrying=None target_bucket=None msg=-0.10, -0.12, 0, 0, 0
[detect] dist=6.50m (depth) target_ball=red ball carrying=None target_bucket=None msg=-0.10, -0.12, 0, 0, 0
[detect] dist=6.50m (depth) target_ball=red ball carrying=None target_bucket=None msg=-0.10, -0.12, 0, 0, 0
[detect] dist=6.50m (depth) target_ball=red ball carrying=None target_bucket=None msg=-0.10, -0.12, 0, 0, 0
[detect] dist=6.50m (depth) target_ball=red ball carrying=None target_bucket=None msg=-0.10, -0.12, 0, 0, 0
[detect] dist=6.50m (depth) target_ball=red ball carrying=None target_bucket=None msg=-0.10, -0.12, 0, 0, 0
[detect] dist=6.50m (depth) target_ball=red ball carrying=None target_bucket=None msg=-0.10, -0.12, 0, 0, 0
[detect] dist=6.50m (depth) target_ball=red ball carrying=None target_bucket=None msg=-0.10, -0.12, 0, 0, 0
[detect] dist=6.50m (depth) target_ball=red ball carrying=None target_bucket=None msg=-0.10, -0.12, 0, 0, 0
[detect] dist=6.50m (depth) target_ball=red ball carrying=None target_bucket=None msg=-0.10, -0.12, 0, 0, 0
[detect] dist=6.50m (depth) target_ball=red ball carrying=None target_bucket=None msg=-0.10, -0.12, 0, 0, 0
[detect] dist=6.50m (depth) target_ball=red ball carrying=None target_bucket=None msg=-0.10, -0.12, 0, 0, 0
[detect] dist=6.50m (depth) target_ball=red ball carrying=None target_bucket=None msg=-0.10, -0.12, 0, 0, 0
[detect] dist=6.50m (depth) target_ball=red ball carrying=None target_bucket=None msg=0.00, 0.22, 0, 0, 0
[detect] dist=6.50m (depth) target_ball=red ball carrying=None target_bucket=None msg=0.00, 0.22, 0, 0, 0
[detect] dist=6.50m (depth) target_ball=red ball carrying=None target_bucket=None msg=0.00, 0.22, 0, 0, 0
[detect] dist=6.50m (depth) target_ball=red ball carrying=None target_bucket=None msg=0.00, 0.22, 0, 0, 0
[detect] dist=6.50m (depth) target_ball=red ball carrying=None target_bucket=None msg=0.00, 0.22, 0, 0, 0
[detect] dist=6.50m (depth) target_ball=red ball carrying=None target_bucket=None msg=0.00, 0.22, 0, 0, 0
[detect] dist=6.50m (depth) target_ball=red ball carrying=None target_bucket=None msg=0.00, 0.22, 0, 0, 0
[detect] dist=6.50m (depth) target_ball=red ball carrying=None target_bucket=None msg=0.00, 0.22, 0, 0, 0
[detect] dist=6.50m (depth) target_ball=red ball carrying=None target_bucket=None msg=0.00, 0.22, 0, 0, 0
[detect] dist=6.50m (depth) target_ball=red ball carrying=None target_bucket=None msg=0.00, 0.22, 0, 0, 0
[detect] dist=6.50m (depth) target_ball=red ball carrying=None target_bucket=None msg=0.00, 0.22, 0, 0, 0
[detect] dist=6.50m (depth) target_ball=red ball carrying=None target_bucket=None msg=0.00, 0.22, 0, 0, 0
[detect] dist=6.50m (depth) target_ball=red ball carrying=None target_bucket=None msg=0.00, 0.22, 0, 0, 0
[detect] dist=6.50m (depth) target_ball=red ball carrying=None target_bucket=None msg=0.00, 0.22, 0, 0, 0
[detect] dist=6.50m (depth) target_ball=red ball carrying=None target_bucket=None msg=0.00, 0.22, 0, 0, 0
[detect] dist=6.50m (depth) target_ball=red ball carrying=None target_bucket=None msg=0.00, 0.22, 0, 0, 0
[detect] dist=6.50m (depth) target_ball=red ball carrying=None target_bucket=None msg=0.00, 0.22, 0, 0, 0
[detect] dist=6.50m (depth) target_ball=red ball carrying=None target_bucket=None msg=0.00, 0.22, 0, 0, 0
[detect] dist=6.50m (depth) target_ball=red ball carrying=None target_bucket=None msg=0.00, 0.22, 0, 0, 0
[detect] dist=6.50m (depth) target_ball=red ball carrying=None target_bucket=None msg=0.00, 0.22, 0, 0, 0
[detect] dist=6.50m (depth) target_ball=red ball carrying=None target_bucket=None msg=0.00, -0.32, 0, 0, 0
[detect] dist=6.50m (depth) target_ball=red ball carrying=None target_bucket=None msg=0.00, -0.32, 0, 0, 0
[detect] dist=6.50m (depth) target_ball=red ball carrying=None target_bucket=None msg=0.00, -0.32, 0, 0, 0
[detect] dist=6.50m (depth) target_ball=red ball carrying=None target_bucket=None msg=0.00, -0.32, 0, 0, 0
[detect] dist=6.50m (depth) target_ball=red ball carrying=None target_bucket=None msg=0.00, -0.32, 0, 0, 0
[detect] dist=6.50m (depth) target_ball=red ball carrying=None target_bucket=None msg=0.00, -0.32, 0, 0, 0
[detect] dist=6.50m (depth) target_ball=red ball carrying=None target_bucket=None msg=0.00, -0.32, 0, 0, 0
[detect] dist=6.50m (depth) target_ball=red ball carrying=None target_bucket=None msg=0.00, -0.32, 0, 0, 0
[detect] dist=6.50m (depth) target_ball=red ball carrying=None target_bucket=None msg=0.00, -0.32, 0, 0, 0
[detect] dist=6.50m (depth) target_ball=red ball carrying=None target_bucket=None msg=0.00, -0.32, 0, 0, 0
[detect] dist=6.50m (depth) target_ball=red ball carrying=None target_bucket=None msg=0.00, -0.32, 0, 0, 0
[detect] dist=6.50m (depth) target_ball=red ball carrying=None target_bucket=None msg=0.00, -0.32, 0, 0, 0
[detect] dist=6.50m (depth) target_ball=red ball carrying=None target_bucket=None msg=0.00, -0.32, 0, 0, 0
[detect] dist=6.50m (depth) target_ball=red ball carrying=None target_bucket=None msg=0.00, -0.32, 0, 0, 0
[detect] dist=6.50m (depth) target_ball=red ball carrying=None target_bucket=None msg=0.00, -0.32, 0, 0, 0
[detect] dist=6.50m (depth) target_ball=red ball carrying=None target_bucket=None msg=0.00, -0.32, 0, 0, 0
[detect] dist=6.50m (depth) target_ball=red ball carrying=None target_bucket=None msg=0.00, -0.32, 0, 0, 0
[detect] dist=6.50m (depth) target_ball=red ball carrying=None target_bucket=None msg=0.00, -0.32, 0, 0, 0
[detect] dist=6.50m (depth) target_ball=red ball carrying=None target_bucket=None msg=0.00, -0.32, 0, 0, 0
[detect] dist=6.50m (depth) target_ball=red ball carrying=None target_bucket=None msg=0.00, -0.32, 0, 0, 0
[detect] dist=6.50m (depth) target_ball=red ball carrying=None target_bucket=None msg=0.00, -0.32, 0, 0, 0
[detect] dist=6.50m (depth) target_ball=red ball carrying=None target_bucket=None msg=-0.10, 0.12, 0, 0, 0
[detect] dist=6.50m (depth) target_ball=red ball carrying=None target_bucket=None msg=-0.10, 0.12, 0, 0, 0
[detect] dist=6.50m (depth) target_ball=red ball carrying=None target_bucket=None msg=-0.10, 0.12, 0, 0, 0
[detect] dist=6.50m (depth) target_ball=red ball carrying=None target_bucket=None msg=-0.10, 0.12, 0, 0, 0
[detect] dist=6.50m (depth) target_ball=red ball carrying=None target_bucket=None msg=-0.10, 0.12, 0, 0, 0
[detect] dist=6.50m (depth) target_ball=red ball carrying=None target_bucket=None msg=-0.10, 0.12, 0, 0, 0
[detect] dist=6.50m (depth) target_ball=red ball carrying=None target_bucket=None msg=-0.10, 0.12, 0, 0, 0
[detect] dist=6.50m (depth) target_ball=red ball carrying=None target_bucket=None msg=-0.10, 0.12, 0, 0, 0
[detect] dist=6.50m (depth) target_ball=red ball carrying=None target_bucket=None msg=-0.10, 0.12, 0, 0, 0
[detect] dist=6.50m (depth) target_ball=red ball carrying=None target_bucket=None msg=-0.10, 0.12, 0, 0, 0
[detect] dist=6.50m (depth) target_ball=red ball carrying=None target_bucket=None msg=-0.10, 0.12, 0, 0, 0
[detect] dist=6.50m (depth) target_ball=red ball carrying=None target_bucket=None msg=-0.10, 0.12, 0, 0, 0
[detect] dist=6.50m (depth) target_ball=red ball carrying=None target_bucket=None msg=-0.10, 0.12, 0, 0, 0
[detect] dist=6.50m (depth) target_ball=red ball carrying=None target_bucket=None msg=-0.10, 0.12, 0, 0, 0
[detect] dist=6.50m (depth) target_ball=red ball carrying=None target_bucket=None msg=-0.10, 0.12, 0, 0, 0
[detect] dist=6.50m (depth) target_ball=red ball carrying=None target_bucket=None msg=-0.10, 0.12, 0, 0, 0
[detect] dist=6.50m (depth) target_ball=red ball carrying=None target_bucket=None msg=-0.10, 0.12, 0, 0, 0
[detect] dist=6.50m (depth) target_ball=red ball carrying=None target_bucket=None msg=0.00, 0.00, 0, 0, 0
[detect] dist=6.50m (depth) target_ball=red ball carrying=None target_bucket=None msg=0.00, 0.00, 0, 0, 0
[detect] dist=6.50m (depth) target_ball=red ball carrying=None target_bucket=None msg=0.00, 0.00, 0, 0, 0
[detect] dist=6.50m (depth) target_ball=red ball carrying=None target_bucket=None msg=0.00, 0.00, 0, 0, 0
[detect] dist=6.50m (depth) target_ball=red ball carrying=None target_bucket=None msg=0.00, 0.00, 0, 0, 0
[detect] dist=6.50m (depth) target_ball=red ball carrying=None target_bucket=None msg=0.00, 0.00, 0, 0, 0
[detect] dist=6.50m (depth) target_ball=red ball carrying=None target_bucket=None msg=0.00, 0.00, 0, 0, 0
[detect] dist=6.50m (depth) target_ball=red ball carrying=None target_bucket=None msg=0.00, 0.00, 0, 0, 0
[detect] dist=6.50m (depth) target_ball=red ball carrying=None target_bucket=None msg=0.00, 0.00, 0, 0, 0
[detect] dist=6.50m (depth) target_ball=red ball carrying=None target_bucket=None msg=0.00, 0.00, 0, 0, 0
[detect] dist=6.50m (depth) target_ball=red ball carrying=None target_bucket=None msg=0.00, 0.00, 0, 0, 0
[detect] dist=6.53m (depth) target_ball=red ball carrying=None target_bucket=None msg=-0.35, 0.00, 0, 0, 0
[detect] dist=6.43m (depth) target_ball=red ball carrying=None target_bucket=None msg=-0.35, 0.00, 0, 0, 0
[detect] dist=6.43m (depth) target_ball=red ball carrying=None target_bucket=None msg=0.00, 0.00, 0, 0, 0
[detect] dist=6.43m (depth) target_ball=red ball carrying=None target_bucket=None msg=0.00, 0.00, 0, 0, 0
[detect] dist=6.43m (depth) target_ball=red ball carrying=None target_bucket=None msg=0.00, 0.00, 0, 0, 0
[detect] dist=6.43m (depth) target_ball=red ball carrying=None target_bucket=None msg=0.00, 0.00, 0, 0, 0
[detect] dist=6.43m (depth) target_ball=red ball carrying=None target_bucket=None msg=0.00, 0.00, 0, 0, 0
[detect] dist=6.16m (depth) target_ball=red ball carrying=None target_bucket=None msg=-0.35, 0.00, 0, 0, 0
[detect] dist=6.32m (depth) target_ball=red ball carrying=None target_bucket=None msg=-0.35, 0.00, 0, 0, 0
[detect] dist=6.29m (depth) target_ball=red ball carrying=None target_bucket=None msg=-0.35, 0.00, 0, 0, 0
[detect] dist=6.26m (depth) target_ball=red ball carrying=None target_bucket=None msg=-0.35, 0.00, 0, 0, 0
[detect] dist=6.26m (depth) target_ball=red ball carrying=None target_bucket=None msg=0.00, 0.00, 0, 0, 0
[detect] dist=6.26m (depth) target_ball=red ball carrying=None target_bucket=None msg=0.00, 0.00, 0, 0, 0
[detect] dist=6.64m (depth) target_ball=red ball carrying=None target_bucket=None msg=-0.35, 0.00, 0, 0, 0
[detect] dist=8.42m (depth) target_ball=red ball carrying=None target_bucket=None msg=-0.35, 0.00, 0, 0, 0
[detect] dist=12.19m (depth) target_ball=red ball carrying=None target_bucket=None msg=-0.35, 0.00, 0, 0, 0
[detect] dist=12.19m (depth) target_ball=red ball carrying=None target_bucket=None msg=0.00, 0.00, 0, 0, 0
[detect] dist=12.19m (depth) target_ball=red ball carrying=None target_bucket=None msg=0.00, 0.00, 0, 0, 0
[detect] dist=12.19m (depth) target_ball=red ball carrying=None target_bucket=None msg=0.00, 0.00, 0, 0, 0
[detect] dist=6.39m (depth) target_ball=red ball carrying=None target_bucket=None msg=-0.35, 0.00, 0, 0, 0
[detect] dist=6.39m (depth) target_ball=red ball carrying=None target_bucket=None msg=0.00, 0.00, 0, 0, 0
[detect] dist=6.39m (depth) target_ball=red ball carrying=None target_bucket=None msg=0.00, 0.00, 0, 0, 0
[detect] dist=6.39m (depth) target_ball=red ball carrying=None target_bucket=None msg=0.00, 0.00, 0, 0, 0
[detect] dist=6.39m (depth) target_ball=red ball carrying=None target_bucket=None msg=0.00, 0.00, 0, 0, 0
[detect] dist=6.39m (depth) target_ball=red ball carrying=None target_bucket=None msg=0.00, 0.00, 0, 0, 0
[detect] dist=6.39m (depth) target_ball=red ball carrying=None target_bucket=None msg=0.00, 0.00, 0, 0, 0
[detect] dist=6.39m (depth) target_ball=red ball carrying=None target_bucket=None msg=0.00, 0.00, 0, 0, 0
[detect] dist=6.39m (depth) target_ball=red ball carrying=None target_bucket=None msg=0.00, 0.00, 0, 0, 0
[detect] dist=6.39m (depth) target_ball=red ball carrying=None target_bucket=None msg=0.00, 0.00, 0, 0, 0
[detect] dist=6.39m (depth) target_ball=red ball carrying=None target_bucket=None msg=0.00, 0.00, 0, 0, 0
[detect] dist=6.39m (depth) target_ball=red ball carrying=None target_bucket=None msg=-0.10, -0.12, 0, 0, 0
[detect] dist=6.39m (depth) target_ball=red ball carrying=None target_bucket=None msg=-0.10, -0.12, 0, 0, 0
[detect] dist=6.39m (depth) target_ball=red ball carrying=None target_bucket=None msg=-0.10, -0.12, 0, 0, 0
[detect] dist=6.39m (depth) target_ball=red ball carrying=None target_bucket=None msg=-0.10, -0.12, 0, 0, 0
[detect] dist=6.39m (depth) target_ball=red ball carrying=None target_bucket=None msg=-0.10, -0.12, 0, 0, 0
[detect] dist=6.39m (depth) target_ball=red ball carrying=None target_bucket=None msg=-0.10, -0.12, 0, 0, 0
[detect] dist=6.39m (depth) target_ball=red ball carrying=None target_bucket=None msg=-0.10, -0.12, 0, 0, 0
[detect] dist=6.39m (depth) target_ball=red ball carrying=None target_bucket=None msg=-0.10, -0.12, 0, 0, 0
[detect] dist=6.39m (depth) target_ball=red ball carrying=None target_bucket=None msg=-0.10, -0.12, 0, 0, 0
[detect] dist=6.39m (depth) target_ball=red ball carrying=None target_bucket=None msg=-0.10, -0.12, 0, 0, 0
[detect] dist=6.39m (depth) target_ball=red ball carrying=None target_bucket=None msg=-0.10, -0.12, 0, 0, 0
[detect] dist=6.39m (depth) target_ball=red ball carrying=None target_bucket=None msg=-0.10, -0.12, 0, 0, 0
[detect] dist=6.39m (depth) target_ball=red ball carrying=None target_bucket=None msg=0.00, 0.22, 0, 0, 0
[detect] dist=6.39m (depth) target_ball=red ball carrying=None target_bucket=None msg=0.00, 0.22, 0, 0, 0
[detect] dist=6.39m (depth) target_ball=red ball carrying=None target_bucket=None msg=0.00, 0.22, 0, 0, 0
[detect] dist=6.39m (depth) target_ball=red ball carrying=None target_bucket=None msg=0.00, 0.22, 0, 0, 0
[detect] dist=6.39m (depth) target_ball=red ball carrying=None target_bucket=None msg=0.00, 0.22, 0, 0, 0
[detect] dist=6.39m (depth) target_ball=red ball carrying=None target_bucket=None msg=0.00, 0.22, 0, 0, 0
[detect] dist=6.39m (depth) target_ball=red ball carrying=None target_bucket=None msg=0.00, 0.22, 0, 0, 0
[detect] dist=6.39m (depth) target_ball=red ball carrying=None target_bucket=None msg=0.00, 0.22, 0, 0, 0
[detect] dist=6.39m (depth) target_ball=red ball carrying=None target_bucket=None msg=0.00, 0.22, 0, 0, 0
[detect] dist=6.39m (depth) target_ball=red ball carrying=None target_bucket=None msg=0.00, 0.22, 0, 0, 0
[detect] dist=6.39m (depth) target_ball=red ball carrying=None target_bucket=None msg=0.00, 0.22, 0, 0, 0
[detect] dist=6.39m (depth) target_ball=red ball carrying=None target_bucket=None msg=0.00, 0.22, 0, 0, 0
[detect] dist=6.39m (depth) target_ball=red ball carrying=None target_bucket=None msg=0.00, 0.22, 0, 0, 0
[detect] dist=6.39m (depth) target_ball=red ball carrying=None target_bucket=None msg=0.00, 0.22, 0, 0, 0
[detect] dist=6.39m (depth) target_ball=red ball carrying=None target_bucket=None msg=0.00, 0.22, 0, 0, 0
[detect] dist=6.39m (depth) target_ball=red ball carrying=None target_bucket=None msg=0.00, 0.22, 0, 0, 0
[detect] dist=6.39m (depth) target_ball=red ball carrying=None target_bucket=None msg=0.00, 0.22, 0, 0, 0
[detect] dist=6.39m (depth) target_ball=red ball carrying=None target_bucket=None msg=0.00, 0.22, 0, 0, 0
[detect] dist=6.39m (depth) target_ball=red ball carrying=None target_bucket=None msg=0.00, 0.22, 0, 0, 0
[detect] dist=6.39m (depth) target_ball=red ball carrying=None target_bucket=None msg=0.00, 0.22, 0, 0, 0
[detect] dist=6.39m (depth) target_ball=red ball carrying=None target_bucket=None msg=0.00, 0.22, 0, 0, 0
[detect] dist=6.39m (depth) target_ball=red ball carrying=None target_bucket=None msg=0.00, 0.22, 0, 0, 0
[detect] dist=6.39m (depth) target_ball=red ball carrying=None target_bucket=None msg=0.00, 0.22, 0, 0, 0
[detect] dist=6.39m (depth) target_ball=red ball carrying=None target_bucket=None msg=0.00, -0.32, 0, 0, 0
[detect] dist=6.39m (depth) target_ball=red ball carrying=None target_bucket=None msg=0.00, -0.32, 0, 0, 0
[detect] dist=6.39m (depth) target_ball=red ball carrying=None target_bucket=None msg=0.00, -0.32, 0, 0, 0
[detect] dist=6.39m (depth) target_ball=red ball carrying=None target_bucket=None msg=0.00, -0.32, 0, 0, 0
[detect] dist=6.39m (depth) target_ball=red ball carrying=None target_bucket=None msg=0.00, -0.32, 0, 0, 0
[detect] dist=6.39m (depth) target_ball=red ball carrying=None target_bucket=None msg=0.00, -0.32, 0, 0, 0
[detect] dist=6.39m (depth) target_ball=red ball carrying=None target_bucket=None msg=0.00, -0.32, 0, 0, 0
[detect] dist=6.39m (depth) target_ball=red ball carrying=None target_bucket=None msg=0.00, -0.32, 0, 0, 0
[detect] dist=6.39m (depth) target_ball=red ball carrying=None target_bucket=None msg=0.00, -0.32, 0, 0, 0
[detect] dist=6.39m (depth) target_ball=red ball carrying=None target_bucket=None msg=0.00, -0.32, 0, 0, 0
[detect] dist=6.39m (depth) target_ball=red ball carrying=None target_bucket=None msg=0.00, -0.32, 0, 0, 0
[detect] dist=6.39m (depth) target_ball=red ball carrying=None target_bucket=None msg=0.00, -0.32, 0, 0, 0
[detect] dist=6.39m (depth) target_ball=red ball carrying=None target_bucket=None msg=0.00, -0.32, 0, 0, 0
[detect] dist=6.39m (depth) target_ball=red ball carrying=None target_bucket=None msg=0.00, -0.32, 0, 0, 0
[detect] dist=6.39m (depth) target_ball=red ball carrying=None target_bucket=None msg=0.00, -0.32, 0, 0, 0
[detect] dist=6.39m (depth) target_ball=red ball carrying=None target_bucket=None msg=0.00, -0.32, 0, 0, 0
[detect] dist=6.39m (depth) target_ball=red ball carrying=None target_bucket=None msg=0.00, -0.32, 0, 0, 0
[detect] dist=6.39m (depth) target_ball=red ball carrying=None target_bucket=None msg=0.00, -0.32, 0, 0, 0
[detect] dist=6.39m (depth) target_ball=red ball carrying=None target_bucket=None msg=0.00, -0.32, 0, 0, 0
[detect] dist=6.39m (depth) target_ball=red ball carrying=None target_bucket=None msg=0.00, -0.32, 0, 0, 0
[detect] dist=6.39m (depth) target_ball=red ball carrying=None target_bucket=None msg=0.00, -0.32, 0, 0, 0
[detect] dist=6.39m (depth) target_ball=red ball carrying=None target_bucket=None msg=0.00, -0.32, 0, 0, 0
[detect] dist=6.39m (depth) target_ball=red ball carrying=None target_bucket=None msg=0.00, -0.32, 0, 0, 0
[detect] dist=6.39m (depth) target_ball=red ball carrying=None target_bucket=None msg=-0.10, 0.12, 0, 0, 0
[detect] dist=6.39m (depth) target_ball=red ball carrying=None target_bucket=None msg=-0.10, 0.12, 0, 0, 0
[detect] dist=6.39m (depth) target_ball=red ball carrying=None target_bucket=None msg=-0.10, 0.12, 0, 0, 0
[detect] dist=6.39m (depth) target_ball=red ball carrying=None target_bucket=None msg=-0.10, 0.12, 0, 0, 0
[detect] dist=6.39m (depth) target_ball=red ball carrying=None target_bucket=None msg=-0.10, 0.12, 0, 0, 0
[detect] dist=6.39m (depth) target_ball=red ball carrying=None target_bucket=None msg=-0.10, 0.12, 0, 0, 0
[detect] dist=6.39m (depth) target_ball=red ball carrying=None target_bucket=None msg=-0.10, 0.12, 0, 0, 0
[detect] dist=6.39m (depth) target_ball=red ball carrying=None target_bucket=None msg=-0.10, 0.12, 0, 0, 0
[detect] dist=6.39m (depth) target_ball=red ball carrying=None target_bucket=None msg=-0.10, 0.12, 0, 0, 0
[detect] dist=6.39m (depth) target_ball=red ball carrying=None target_bucket=None msg=-0.10, 0.12, 0, 0, 0
[detect] dist=6.39m (depth) target_ball=red ball carrying=None target_bucket=None msg=-0.10, 0.12, 0, 0, 0
[detect] dist=6.39m (depth) target_ball=red ball carrying=None target_bucket=None msg=-0.10, 0.12, 0, 0, 0
[detect] dist=6.39m (depth) target_ball=red ball carrying=None target_bucket=None msg=-0.10, 0.12, 0, 0, 0
[detect] dist=6.39m (depth) target_ball=red ball carrying=None target_bucket=None msg=-0.10, 0.12, 0, 0, 0
[detect] dist=6.39m (depth) target_ball=red ball carrying=None target_bucket=None msg=-0.10, 0.12, 0, 0, 0
[detect] dist=6.39m (depth) target_ball=red ball carrying=None target_bucket=None msg=-0.10, 0.12, 0, 0, 0
[detect] dist=6.39m (depth) target_ball=red ball carrying=None target_bucket=None msg=-0.10, 0.12, 0, 0, 0
[detect] dist=6.39m (depth) target_ball=red ball carrying=None target_bucket=None msg=-0.10, 0.12, 0, 0, 0
[detect] dist=6.39m (depth) target_ball=red ball carrying=None target_bucket=None msg=-0.10, 0.12, 0, 0, 0
[detect] dist=6.39m (depth) target_ball=red ball carrying=None target_bucket=None msg=-0.10, 0.12, 0, 0, 0
[detect] dist=6.39m (depth) target_ball=red ball carrying=None target_bucket=None msg=-0.10, 0.12, 0, 0, 0
[detect] dist=6.39m (depth) target_ball=red ball carrying=None target_bucket=None msg=-0.10, -0.12, 0, 0, 0
[detect] dist=6.39m (depth) target_ball=red ball carrying=None target_bucket=None msg=-0.10, -0.12, 0, 0, 0
[detect] dist=6.39m (depth) target_ball=red ball carrying=None target_bucket=None msg=-0.10, -0.12, 0, 0, 0
[detect] dist=6.39m (depth) target_ball=red ball carrying=None target_bucket=None msg=-0.10, -0.12, 0, 0, 0
[detect] dist=6.39m (depth) target_ball=red ball carrying=None target_bucket=None msg=-0.10, -0.12, 0, 0, 0
[detect] dist=6.39m (depth) target_ball=red ball carrying=None target_bucket=None msg=-0.10, -0.12, 0, 0, 0
[detect] dist=6.39m (depth) target_ball=red ball carrying=None target_bucket=None msg=-0.10, -0.12, 0, 0, 0
[detect] dist=6.39m (depth) target_ball=red ball carrying=None target_bucket=None msg=-0.10, -0.12, 0, 0, 0
[detect] dist=6.39m (depth) target_ball=red ball carrying=None target_bucket=None msg=-0.10, -0.12, 0, 0, 0
[detect] dist=6.39m (depth) target_ball=red ball carrying=None target_bucket=None msg=-0.10, -0.12, 0, 0, 0
[detect] dist=6.39m (depth) target_ball=red ball carrying=None target_bucket=None msg=-0.10, -0.12, 0, 0, 0
[detect] dist=6.39m (depth) target_ball=red ball carrying=None target_bucket=None msg=-0.10, -0.12, 0, 0, 0
[detect] dist=6.39m (depth) target_ball=red ball carrying=None target_bucket=None msg=-0.10, -0.12, 0, 0, 0
[detect] dist=6.39m (depth) target_ball=red ball carrying=None target_bucket=None msg=-0.10, -0.12, 0, 0, 0
[detect] dist=6.39m (depth) target_ball=red ball carrying=None target_bucket=None msg=-0.10, -0.12, 0, 0, 0
[detect] dist=6.39m (depth) target_ball=red ball carrying=None target_bucket=None msg=-0.10, -0.12, 0, 0, 0
[detect] dist=6.39m (depth) target_ball=red ball carrying=None target_bucket=None msg=-0.10, -0.12, 0, 0, 0
[detect] dist=6.39m (depth) target_ball=red ball carrying=None target_bucket=None msg=-0.10, -0.12, 0, 0, 0
[detect] dist=6.39m (depth) target_ball=red ball carrying=None target_bucket=None msg=-0.10, -0.12, 0, 0, 0
[detect] dist=6.39m (depth) target_ball=red ball carrying=None target_bucket=None msg=-0.10, -0.12, 0, 0, 0
[detect] dist=6.39m (depth) target_ball=red ball carrying=None target_bucket=None msg=-0.10, -0.12, 0, 0, 0
[detect] dist=6.39m (depth) target_ball=red ball carrying=None target_bucket=None msg=-0.10, -0.12, 0, 0, 0
[detect] dist=6.39m (depth) target_ball=red ball carrying=None target_bucket=None msg=0.00, 0.22, 0, 0, 0
[detect] dist=6.39m (depth) target_ball=red ball carrying=None target_bucket=None msg=0.00, 0.22, 0, 0, 0
[detect] dist=6.39m (depth) target_ball=red ball carrying=None target_bucket=None msg=0.00, 0.22, 0, 0, 0
[detect] dist=6.39m (depth) target_ball=red ball carrying=None target_bucket=None msg=0.00, 0.22, 0, 0, 0
[detect] dist=6.39m (depth) target_ball=red ball carrying=None target_bucket=None msg=0.00, 0.22, 0, 0, 0
[detect] dist=6.39m (depth) target_ball=red ball carrying=None target_bucket=None msg=0.00, 0.22, 0, 0, 0
[detect] dist=6.39m (depth) target_ball=red ball carrying=None target_bucket=None msg=0.00, 0.22, 0, 0, 0
[detect] dist=6.39m (depth) target_ball=red ball carrying=None target_bucket=None msg=0.00, 0.22, 0, 0, 0
[detect] dist=6.39m (depth) target_ball=red ball carrying=None target_bucket=None msg=0.00, 0.22, 0, 0, 0
[detect] dist=6.39m (depth) target_ball=red ball carrying=None target_bucket=None msg=0.00, 0.22, 0, 0, 0
[detect] dist=6.39m (depth) target_ball=red ball carrying=None target_bucket=None msg=0.00, 0.22, 0, 0, 0
[detect] dist=6.39m (depth) target_ball=red ball carrying=None target_bucket=None msg=0.00, 0.22, 0, 0, 0
[detect] dist=6.39m (depth) target_ball=red ball carrying=None target_bucket=None msg=0.00, 0.22, 0, 0, 0
[detect] dist=6.39m (depth) target_ball=red ball carrying=None target_bucket=None msg=0.00, 0.22, 0, 0, 0
[detect] dist=6.39m (depth) target_ball=red ball carrying=None target_bucket=None msg=0.00, 0.22, 0, 0, 0
[detect] dist=6.39m (depth) target_ball=red ball carrying=None target_bucket=None msg=0.00, 0.22, 0, 0, 0
[detect] dist=6.39m (depth) target_ball=red ball carrying=None target_bucket=None msg=0.00, 0.22, 0, 0, 0
[detect] dist=6.39m (depth) target_ball=red ball carrying=None target_bucket=None msg=0.00, 0.22, 0, 0, 0
[detect] dist=6.39m (depth) target_ball=red ball carrying=None target_bucket=None msg=0.00, 0.22, 0, 0, 0
[detect] dist=6.39m (depth) target_ball=red ball carrying=None target_bucket=None msg=0.00, 0.22, 0, 0, 0
[detect] dist=6.39m (depth) target_ball=red ball carrying=None target_bucket=None msg=0.00, 0.22, 0, 0, 0
[detect] dist=6.39m (depth) target_ball=red ball carrying=None target_bucket=None msg=0.00, 0.22, 0, 0, 0
[detect] dist=6.39m (depth) target_ball=red ball carrying=None target_bucket=None msg=0.00, 0.22, 0, 0, 0
[detect] dist=6.39m (depth) target_ball=red ball carrying=None target_bucket=None msg=0.00, -0.32, 0, 0, 0
[detect] dist=6.39m (depth) target_ball=red ball carrying=None target_bucket=None msg=0.00, -0.32, 0, 0, 0
[detect] dist=6.39m (depth) target_ball=red ball carrying=None target_bucket=None msg=0.00, -0.32, 0, 0, 0
[detect] dist=6.39m (depth) target_ball=red ball carrying=None target_bucket=None msg=0.00, -0.32, 0, 0, 0
[detect] dist=6.39m (depth) target_ball=red ball carrying=None target_bucket=None msg=0.00, -0.32, 0, 0, 0
[detect] dist=6.39m (depth) target_ball=red ball carrying=None target_bucket=None msg=0.00, -0.32, 0, 0, 0
[detect] dist=6.39m (depth) target_ball=red ball carrying=None target_bucket=None msg=0.00, -0.32, 0, 0, 0
[detect] dist=6.39m (depth) target_ball=red ball carrying=None target_bucket=None msg=0.00, -0.32, 0, 0, 0
[detect] dist=6.39m (depth) target_ball=red ball carrying=None target_bucket=None msg=0.00, -0.32, 0, 0, 0
[detect] dist=6.39m (depth) target_ball=red ball carrying=None target_bucket=None msg=0.00, -0.32, 0, 0, 0
[detect] dist=6.39m (depth) target_ball=red ball carrying=None target_bucket=None msg=0.00, -0.32, 0, 0, 0
[detect] dist=6.39m (depth) target_ball=red ball carrying=None target_bucket=None msg=0.00, -0.32, 0, 0, 0
[detect] dist=6.39m (depth) target_ball=red ball carrying=None target_bucket=None msg=0.00, -0.32, 0, 0, 0
[detect] dist=6.39m (depth) target_ball=red ball carrying=None target_bucket=None msg=0.00, -0.32, 0, 0, 0
[detect] dist=6.39m (depth) target_ball=red ball carrying=None target_bucket=None msg=0.00, -0.32, 0, 0, 0
[detect] dist=6.39m (depth) target_ball=red ball carrying=None target_bucket=None msg=0.00, -0.32, 0, 0, 0
[detect] dist=6.39m (depth) target_ball=red ball carrying=None target_bucket=None msg=0.00, -0.32, 0, 0, 0
[detect] dist=6.39m (depth) target_ball=red ball carrying=None target_bucket=None msg=0.00, -0.32, 0, 0, 0
[detect] dist=6.39m (depth) target_ball=red ball carrying=None target_bucket=None msg=0.00, -0.32, 0, 0, 0
[detect] dist=6.39m (depth) target_ball=red ball carrying=None target_bucket=None msg=0.00, -0.32, 0, 0, 0
[detect] dist=6.39m (depth) target_ball=red ball carrying=None target_bucket=None msg=0.00, -0.32, 0, 0, 0
[detect] dist=6.39m (depth) target_ball=red ball carrying=None target_bucket=None msg=0.00, -0.32, 0, 0, 0
[detect] dist=6.39m (depth) target_ball=red ball carrying=None target_bucket=None msg=0.00, -0.32, 0, 0, 0
[detect] dist=6.39m (depth) target_ball=red ball carrying=None target_bucket=None msg=0.00, -0.32, 0, 0, 0
[detect] dist=6.39m (depth) target_ball=red ball carrying=None target_bucket=None msg=-0.10, 0.12, 0, 0, 0
[detect] dist=6.39m (depth) target_ball=red ball carrying=None target_bucket=None msg=-0.10, 0.12, 0, 0, 0
[detect] dist=6.39m (depth) target_ball=red ball carrying=None target_bucket=None msg=-0.10, 0.12, 0, 0, 0
[detect] dist=6.39m (depth) target_ball=red ball carrying=None target_bucket=None msg=-0.10, 0.12, 0, 0, 0
[detect] dist=6.39m (depth) target_ball=red ball carrying=None target_bucket=None msg=-0.10, 0.12, 0, 0, 0
[detect] dist=6.39m (depth) target_ball=red ball carrying=None target_bucket=None msg=-0.10, 0.12, 0, 0, 0
[detect] dist=6.39m (depth) target_ball=red ball carrying=None target_bucket=None msg=-0.10, 0.12, 0, 0, 0
[detect] dist=6.39m (depth) target_ball=red ball carrying=None target_bucket=None msg=-0.10, 0.12, 0, 0, 0
[detect] dist=6.39m (depth) target_ball=red ball carrying=None target_bucket=None msg=-0.10, 0.12, 0, 0, 0
[detect] dist=6.39m (depth) target_ball=red ball carrying=None target_bucket=None msg=-0.10, 0.12, 0, 0, 0
[detect] dist=6.39m (depth) target_ball=red ball carrying=None target_bucket=None msg=-0.10, 0.12, 0, 0, 0
[detect] dist=6.39m (depth) target_ball=red ball carrying=None target_bucket=None msg=-0.10, 0.12, 0, 0, 0
[detect] dist=6.39m (depth) target_ball=red ball carrying=None target_bucket=None msg=-0.10, 0.12, 0, 0, 0
[detect] dist=6.39m (depth) target_ball=red ball carrying=None target_bucket=None msg=-0.10, 0.12, 0, 0, 0
[detect] dist=6.39m (depth) target_ball=red ball carrying=None target_bucket=None msg=-0.10, 0.12, 0, 0, 0
[detect] dist=6.39m (depth) target_ball=red ball carrying=None target_bucket=None msg=-0.10, 0.12, 0, 0, 0
[detect] dist=6.39m (depth) target_ball=red ball carrying=None target_bucket=None msg=-0.10, 0.12, 0, 0, 0
[detect] dist=6.39m (depth) target_ball=red ball carrying=None target_bucket=None msg=-0.10, 0.12, 0, 0, 0
[detect] dist=6.39m (depth) target_ball=red ball carrying=None target_bucket=None msg=-0.10, 0.12, 0, 0, 0
[detect] dist=6.39m (depth) target_ball=red ball carrying=None target_bucket=None msg=-0.10, 0.12, 0, 0, 0
[detect] dist=6.39m (depth) target_ball=red ball carrying=None target_bucket=None msg=-0.10, 0.12, 0, 0, 0
[detect] dist=6.39m (depth) target_ball=red ball carrying=None target_bucket=None msg=-0.10, 0.12, 0, 0, 0
[detect] dist=6.39m (depth) target_ball=red ball carrying=None target_bucket=None msg=-0.10, 0.12, 0, 0, 0
[detect] dist=6.39m (depth) target_ball=red ball carrying=None target_bucket=None msg=-0.10, 0.12, 0, 0, 0
[detect] dist=6.39m (depth) target_ball=red ball carrying=None target_bucket=None msg=-0.10, -0.12, 0, 0, 0
[detect] dist=6.39m (depth) target_ball=red ball carrying=None target_bucket=None msg=-0.10, -0.12, 0, 0, 0
[detect] dist=6.39m (depth) target_ball=red ball carrying=None target_bucket=None msg=-0.10, -0.12, 0, 0, 0
[detect] dist=6.39m (depth) target_ball=red ball carrying=None target_bucket=None msg=-0.10, -0.12, 0, 0, 0
[detect] dist=6.39m (depth) target_ball=red ball carrying=None target_bucket=None msg=-0.10, -0.12, 0, 0, 0
[detect] dist=6.39m (depth) target_ball=red ball carrying=None target_bucket=None msg=-0.10, -0.12, 0, 0, 0
[detect] dist=6.39m (depth) target_ball=red ball carrying=None target_bucket=None msg=-0.10, -0.12, 0, 0, 0
[detect] dist=6.39m (depth) target_ball=red ball carrying=None target_bucket=None msg=-0.10, -0.12, 0, 0, 0
[detect] dist=6.39m (depth) target_ball=red ball carrying=None target_bucket=None msg=-0.10, -0.12, 0, 0, 0
[detect] dist=6.39m (depth) target_ball=red ball carrying=None target_bucket=None msg=-0.10, -0.12, 0, 0, 0
[detect] dist=6.39m (depth) target_ball=red ball carrying=None target_bucket=None msg=-0.10, -0.12, 0, 0, 0
[detect] dist=6.39m (depth) target_ball=red ball carrying=None target_bucket=None msg=-0.10, -0.12, 0, 0, 0
[detect] dist=6.39m (depth) target_ball=red ball carrying=None target_bucket=None msg=-0.10, -0.12, 0, 0, 0
[detect] dist=6.39m (depth) target_ball=red ball carrying=None target_bucket=None msg=-0.10, -0.12, 0, 0, 0
[detect] dist=6.39m (depth) target_ball=red ball carrying=None target_bucket=None msg=-0.10, -0.12, 0, 0, 0
[detect] dist=6.39m (depth) target_ball=red ball carrying=None target_bucket=None msg=-0.10, -0.12, 0, 0, 0
[detect] dist=6.39m (depth) target_ball=red ball carrying=None target_bucket=None msg=-0.10, -0.12, 0, 0, 0
[detect] dist=6.39m (depth) target_ball=red ball carrying=None target_bucket=None msg=-0.10, -0.12, 0, 0, 0
[detect] dist=6.39m (depth) target_ball=red ball carrying=None target_bucket=None msg=-0.10, -0.12, 0, 0, 0
[detect] dist=6.39m (depth) target_ball=red ball carrying=None target_bucket=None msg=0.00, 0.22, 0, 0, 0
[detect] dist=6.39m (depth) target_ball=red ball carrying=None target_bucket=None msg=0.00, 0.22, 0, 0, 0
[detect] dist=6.39m (depth) target_ball=red ball carrying=None target_bucket=None msg=0.00, 0.22, 0, 0, 0
[detect] dist=6.39m (depth) target_ball=red ball carrying=None target_bucket=None msg=0.00, 0.22, 0, 0, 0
[detect] dist=6.39m (depth) target_ball=red ball carrying=None target_bucket=None msg=0.00, 0.22, 0, 0, 0
[detect] dist=6.39m (depth) target_ball=red ball carrying=None target_bucket=None msg=0.00, 0.22, 0, 0, 0
[detect] dist=6.39m (depth) target_ball=red ball carrying=None target_bucket=None msg=0.00, 0.22, 0, 0, 0
[detect] dist=6.39m (depth) target_ball=red ball carrying=None target_bucket=None msg=0.00, 0.22, 0, 0, 0
[detect] dist=6.39m (depth) target_ball=red ball carrying=None target_bucket=None msg=0.00, 0.22, 0, 0, 0
[detect] dist=6.39m (depth) target_ball=red ball carrying=None target_bucket=None msg=0.00, 0.22, 0, 0, 0
[detect] dist=6.39m (depth) target_ball=red ball carrying=None target_bucket=None msg=0.00, 0.22, 0, 0, 0
[detect] dist=6.39m (depth) target_ball=red ball carrying=None target_bucket=None msg=0.00, 0.22, 0, 0, 0
[detect] dist=6.39m (depth) target_ball=red ball carrying=None target_bucket=None msg=0.00, 0.22, 0, 0, 0
[detect] dist=6.39m (depth) target_ball=red ball carrying=None target_bucket=None msg=0.00, 0.22, 0, 0, 0
[detect] dist=6.39m (depth) target_ball=red ball carrying=None target_bucket=None msg=0.00, 0.22, 0, 0, 0
[detect] dist=6.39m (depth) target_ball=red ball carrying=None target_bucket=None msg=0.00, 0.22, 0, 0, 0
[detect] dist=6.39m (depth) target_ball=red ball carrying=None target_bucket=None msg=0.00, 0.22, 0, 0, 0
[detect] dist=6.39m (depth) target_ball=red ball carrying=None target_bucket=None msg=0.00, 0.22, 0, 0, 0
[detect] dist=6.39m (depth) target_ball=red ball carrying=None target_bucket=None msg=0.00, 0.22, 0, 0, 0
[detect] dist=6.39m (depth) target_ball=red ball carrying=None target_bucket=None msg=0.00, 0.22, 0, 0, 0
[detect] dist=6.39m (depth) target_ball=red ball carrying=None target_bucket=None msg=0.00, 0.22, 0, 0, 0
[detect] dist=6.39m (depth) target_ball=red ball carrying=None target_bucket=None msg=0.00, 0.22, 0, 0, 0
[detect] dist=6.39m (depth) target_ball=red ball carrying=None target_bucket=None msg=0.00, -0.32, 0, 0, 0
[detect] dist=6.39m (depth) target_ball=red ball carrying=None target_bucket=None msg=0.00, -0.32, 0, 0, 0
[detect] dist=6.39m (depth) target_ball=red ball carrying=None target_bucket=None msg=0.00, -0.32, 0, 0, 0
[detect] dist=6.39m (depth) target_ball=red ball carrying=None target_bucket=None msg=0.00, -0.32, 0, 0, 0
[detect] dist=6.39m (depth) target_ball=red ball carrying=None target_bucket=None msg=0.00, -0.32, 0, 0, 0
[detect] dist=6.39m (depth) target_ball=red ball carrying=None target_bucket=None msg=0.00, -0.32, 0, 0, 0
[detect] dist=6.39m (depth) target_ball=red ball carrying=None target_bucket=None msg=0.00, -0.32, 0, 0, 0
[detect] dist=6.39m (depth) target_ball=red ball carrying=None target_bucket=None msg=0.00, -0.32, 0, 0, 0
[detect] dist=6.39m (depth) target_ball=red ball carrying=None target_bucket=None msg=0.00, -0.32, 0, 0, 0
[detect] dist=6.39m (depth) target_ball=red ball carrying=None target_bucket=None msg=0.00, -0.32, 0, 0, 0
[detect] dist=6.39m (depth) target_ball=red ball carrying=None target_bucket=None msg=0.00, -0.32, 0, 0, 0
[detect] dist=6.39m (depth) target_ball=red ball carrying=None target_bucket=None msg=0.00, -0.32, 0, 0, 0
[detect] dist=6.39m (depth) target_ball=red ball carrying=None target_bucket=None msg=0.00, -0.32, 0, 0, 0
[detect] dist=6.39m (depth) target_ball=red ball carrying=None target_bucket=None msg=0.00, -0.32, 0, 0, 0
[detect] dist=6.39m (depth) target_ball=red ball carrying=None target_bucket=None msg=0.00, -0.32, 0, 0, 0
[detect] dist=6.39m (depth) target_ball=red ball carrying=None target_bucket=None msg=0.00, -0.32, 0, 0, 0
[detect] dist=6.39m (depth) target_ball=red ball carrying=None target_bucket=None msg=0.00, -0.32, 0, 0, 0
[detect] dist=6.39m (depth) target_ball=red ball carrying=None target_bucket=None msg=0.00, -0.32, 0, 0, 0
[detect] dist=6.39m (depth) target_ball=red ball carrying=None target_bucket=None msg=0.00, -0.32, 0, 0, 0
[detect] dist=6.39m (depth) target_ball=red ball carrying=None target_bucket=None msg=0.00, -0.32, 0, 0, 0
[detect] dist=6.39m (depth) target_ball=red ball carrying=None target_bucket=None msg=0.00, -0.32, 0, 0, 0
[detect] dist=6.39m (depth) target_ball=red ball carrying=None target_bucket=None msg=0.00, -0.32, 0, 0, 0
[detect] dist=6.39m (depth) target_ball=red ball carrying=None target_bucket=None msg=0.00, -0.32, 0, 0, 0
[detect] dist=6.39m (depth) target_ball=red ball carrying=None target_bucket=None msg=0.00, -0.32, 0, 0, 0
[detect] dist=6.39m (depth) target_ball=red ball carrying=None target_bucket=None msg=-0.10, 0.12, 0, 0, 0
[detect] dist=6.39m (depth) target_ball=red ball carrying=None target_bucket=None msg=-0.10, 0.12, 0, 0, 0
[detect] dist=6.39m (depth) target_ball=red ball carrying=None target_bucket=None msg=-0.10, 0.12, 0, 0, 0
[detect] dist=6.39m (depth) target_ball=red ball carrying=None target_bucket=None msg=0.00, 0.00, 0, 0, 0
[detect] dist=6.39m (depth) target_ball=red ball carrying=None target_bucket=None msg=0.00, 0.00, 0, 0, 0
[detect] dist=6.39m (depth) target_ball=red ball carrying=None target_bucket=None msg=0.00, 0.00, 0, 0, 0
[detect] dist=6.39m (depth) target_ball=red ball carrying=None target_bucket=None msg=0.00, 0.00, 0, 0, 0
[detect] dist=6.39m (depth) target_ball=red ball carrying=None target_bucket=None msg=0.00, 0.00, 0, 0, 0
[detect] dist=6.39m (depth) target_ball=red ball carrying=None target_bucket=None msg=0.00, 0.00, 0, 0, 0
[detect] dist=6.39m (depth) target_ball=red ball carrying=None target_bucket=None msg=0.00, 0.00, 0, 0, 0
[detect] dist=8.24m (depth) target_ball=red ball carrying=None target_bucket=None msg=-0.23, 0.27, 0, 0, 0
[detect] dist=8.72m (depth) target_ball=red ball carrying=None target_bucket=None msg=-0.23, 0.27, 0, 0, 0
[detect] dist=5.53m (depth) target_ball=red ball carrying=None target_bucket=None msg=-0.12, 0.34, 0, 0, 0
[detect] dist=5.58m (depth) target_ball=red ball carrying=None target_bucket=None msg=-0.12, 0.34, 0, 0, 0
[detect] dist=8.48m (depth) target_ball=red ball carrying=None target_bucket=None msg=-0.23, 0.27, 0, 0, 0
[detect] dist=8.54m (depth) target_ball=red ball carrying=None target_bucket=None msg=-0.23, 0.27, 0, 0, 0
[detect] dist=8.54m (depth) target_ball=red ball carrying=None target_bucket=None msg=-0.23, 0.27, 0, 0, 0
[detect] dist=8.66m (depth) target_ball=red ball carrying=None target_bucket=None msg=-0.23, 0.27, 0, 0, 0
Stopping.
